[ 2018-04-24T19:08:52+08:00 ] 127.0.0.1 127.0.0.1 GET /
[ log ] 127.0.0.1:815/ [运行时间：1.381000s][吞吐率：0.72req/s] [内存消耗：2,197.07kb] [文件加载：54]
[ info ] [ DB ] INIT mysql
[ info ] [ LANG ] E:\ceshi\dbgj\core\lang\zh-cn.php
[ info ] [ ROUTE ] array (
  'type' => 'module',
  'module' => 
  array (
    0 => '',
    1 => NULL,
    2 => NULL,
  ),
)
[ info ] [ HEADER ] array (
  'host' => '127.0.0.1:815',
  'connection' => 'keep-alive',
  'upgrade-insecure-requests' => '1',
  'user-agent' => 'Mozilla/5.0 (Windows NT 6.1; WOW64) AppleWebKit/537.36 (KHTML, like Gecko) Chrome/55.0.2883.87 Safari/537.36',
  'accept' => 'text/html,application/xhtml+xml,application/xml;q=0.9,image/webp,*/*;q=0.8',
  'accept-encoding' => 'gzip, deflate, sdch, br',
  'accept-language' => 'zh-CN,zh;q=0.8',
)
[ info ] [ PARAM ] array (
)
[ info ] [ LANG ] E:\ceshi\dbgj/application/index\lang\zh-cn.php
[ info ] [ SESSION ] INIT array (
  'prefix' => 'minishop',
  'type' => '',
  'auto_start' => true,
)
[ info ] [ LOG ] INIT file

---------------------------------------------------------------
[ 2018-04-24T19:08:52+08:00 ] 127.0.0.1 127.0.0.1 GET /index/base/login.html
[ log ] 127.0.0.1:815/index/base/login.html [运行时间：0.275000s][吞吐率：3.64req/s] [内存消耗：2,181.55kb] [文件加载：52]
[ info ] [ DB ] INIT mysql
[ info ] [ LANG ] E:\ceshi\dbgj\core\lang\zh-cn.php
[ info ] [ ROUTE ] array (
  'type' => 'module',
  'module' => 
  array (
    0 => 'index',
    1 => 'base',
    2 => 'login',
  ),
)
[ info ] [ HEADER ] array (
  'host' => '127.0.0.1:815',
  'connection' => 'keep-alive',
  'upgrade-insecure-requests' => '1',
  'user-agent' => 'Mozilla/5.0 (Windows NT 6.1; WOW64) AppleWebKit/537.36 (KHTML, like Gecko) Chrome/55.0.2883.87 Safari/537.36',
  'accept' => 'text/html,application/xhtml+xml,application/xml;q=0.9,image/webp,*/*;q=0.8',
  'accept-encoding' => 'gzip, deflate, sdch, br',
  'accept-language' => 'zh-CN,zh;q=0.8',
  'cookie' => 'think_var=zh-cn; PHPSESSID=j072qgr79jso0frnubv64o5577',
)
[ info ] [ PARAM ] array (
  'index/base/login_html' => '',
)
[ info ] [ LANG ] E:\ceshi\dbgj/application/index\lang\zh-cn.php
[ info ] [ SESSION ] INIT array (
  'prefix' => 'minishop',
  'type' => '',
  'auto_start' => true,
)
[ info ] [ RUN ] /**
     * 用户登录方法
     * @author  矢志bu渝 <745152620@qq.com>
     */
Method [ <user> public method login ] {
  @@ E:\ceshi\dbgj\application\index\controller\Base.php 57 - 83
}

[ info ] [ VIEW ] ./themes/default/index/login.html [ array (
  0 => 'userinfo',
) ]
[ info ] [ LOG ] INIT file

---------------------------------------------------------------
[ 2018-04-24T19:08:53+08:00 ] 127.0.0.1 127.0.0.1 GET /favicon.ico
[ log ] 127.0.0.1:815/favicon.ico [运行时间：0.214000s][吞吐率：4.67req/s] [内存消耗：1,774.21kb] [文件加载：41]
[ info ] [ DB ] INIT mysql
[ info ] [ LANG ] E:\ceshi\dbgj\core\lang\zh-cn.php
[ info ] [ ROUTE ] array (
  'type' => 'module',
  'module' => 
  array (
    0 => 'favicon.ico',
    1 => NULL,
    2 => NULL,
  ),
)
[ info ] [ HEADER ] array (
  'host' => '127.0.0.1:815',
  'connection' => 'keep-alive',
  'user-agent' => 'Mozilla/5.0 (Windows NT 6.1; WOW64) AppleWebKit/537.36 (KHTML, like Gecko) Chrome/55.0.2883.87 Safari/537.36',
  'accept' => 'image/webp,image/*,*/*;q=0.8',
  'referer' => 'http://127.0.0.1:815/index/base/login.html',
  'accept-encoding' => 'gzip, deflate, sdch, br',
  'accept-language' => 'zh-CN,zh;q=0.8',
  'cookie' => 'think_var=zh-cn; PHPSESSID=j072qgr79jso0frnubv64o5577; __guid=96992031.2837112470789757400.1524568133095.2324; monitor_count=1',
)
[ info ] [ PARAM ] array (
  'favicon_ico' => '',
)
[ info ] [ LOG ] INIT file

---------------------------------------------------------------
[ 2018-04-24T19:08:58+08:00 ] 127.0.0.1 127.0.0.1 GET /index.php
[ log ] 127.0.0.1:815/index.php [运行时间：0.130000s][吞吐率：7.69req/s] [内存消耗：2,197.02kb] [文件加载：54]
[ info ] [ DB ] INIT mysql
[ info ] [ LANG ] E:\ceshi\dbgj\core\lang\zh-cn.php
[ info ] [ ROUTE ] array (
  'type' => 'module',
  'module' => 
  array (
    0 => '',
    1 => NULL,
    2 => NULL,
  ),
)
[ info ] [ HEADER ] array (
  'host' => '127.0.0.1:815',
  'connection' => 'keep-alive',
  'upgrade-insecure-requests' => '1',
  'user-agent' => 'Mozilla/5.0 (Windows NT 6.1; WOW64) AppleWebKit/537.36 (KHTML, like Gecko) Chrome/55.0.2883.87 Safari/537.36',
  'accept' => 'text/html,application/xhtml+xml,application/xml;q=0.9,image/webp,*/*;q=0.8',
  'accept-encoding' => 'gzip, deflate, sdch, br',
  'accept-language' => 'zh-CN,zh;q=0.8',
  'cookie' => 'think_var=zh-cn; PHPSESSID=j072qgr79jso0frnubv64o5577; __guid=96992031.2837112470789757400.1524568133095.2324; monitor_count=1',
)
[ info ] [ PARAM ] array (
)
[ info ] [ LANG ] E:\ceshi\dbgj/application/index\lang\zh-cn.php
[ info ] [ SESSION ] INIT array (
  'prefix' => 'minishop',
  'type' => '',
  'auto_start' => true,
)
[ info ] [ LOG ] INIT file

---------------------------------------------------------------
[ 2018-04-24T19:08:58+08:00 ] 127.0.0.1 127.0.0.1 GET /index.php/index/base/login.html
[ log ] 127.0.0.1:815/index.php/index/base/login.html [运行时间：0.113000s][吞吐率：8.85req/s] [内存消耗：2,178.91kb] [文件加载：52]
[ info ] [ DB ] INIT mysql
[ info ] [ LANG ] E:\ceshi\dbgj\core\lang\zh-cn.php
[ info ] [ ROUTE ] array (
  'type' => 'module',
  'module' => 
  array (
    0 => 'index',
    1 => 'base',
    2 => 'login',
  ),
)
[ info ] [ HEADER ] array (
  'host' => '127.0.0.1:815',
  'connection' => 'keep-alive',
  'upgrade-insecure-requests' => '1',
  'user-agent' => 'Mozilla/5.0 (Windows NT 6.1; WOW64) AppleWebKit/537.36 (KHTML, like Gecko) Chrome/55.0.2883.87 Safari/537.36',
  'accept' => 'text/html,application/xhtml+xml,application/xml;q=0.9,image/webp,*/*;q=0.8',
  'accept-encoding' => 'gzip, deflate, sdch, br',
  'accept-language' => 'zh-CN,zh;q=0.8',
  'cookie' => 'think_var=zh-cn; PHPSESSID=j072qgr79jso0frnubv64o5577; __guid=96992031.2837112470789757400.1524568133095.2324; monitor_count=1',
)
[ info ] [ PARAM ] array (
)
[ info ] [ LANG ] E:\ceshi\dbgj/application/index\lang\zh-cn.php
[ info ] [ SESSION ] INIT array (
  'prefix' => 'minishop',
  'type' => '',
  'auto_start' => true,
)
[ info ] [ RUN ] /**
     * 用户登录方法
     * @author  矢志bu渝 <745152620@qq.com>
     */
Method [ <user> public method login ] {
  @@ E:\ceshi\dbgj\application\index\controller\Base.php 57 - 83
}

[ info ] [ VIEW ] ./themes/default/index/login.html [ array (
  0 => 'userinfo',
) ]
[ info ] [ LOG ] INIT file

---------------------------------------------------------------
[ 2018-04-24T19:09:08+08:00 ] 127.0.0.1 127.0.0.1 POST /index.php/index/base/login.html
[ log ] 127.0.0.1:815/index.php/index/base/login.html [运行时间：0.379000s][吞吐率：2.64req/s] [内存消耗：2,196.45kb] [文件加载：53]
[ info ] [ DB ] INIT mysql
[ info ] [ LANG ] E:\ceshi\dbgj\core\lang\zh-cn.php
[ info ] [ ROUTE ] array (
  'type' => 'module',
  'module' => 
  array (
    0 => 'index',
    1 => 'base',
    2 => 'login',
  ),
)
[ info ] [ HEADER ] array (
  'host' => '127.0.0.1:815',
  'connection' => 'keep-alive',
  'accept' => 'application/json, text/javascript, */*; q=0.01',
  'origin' => 'http://127.0.0.1:815',
  'x-requested-with' => 'XMLHttpRequest',
  'user-agent' => 'Mozilla/5.0 (Windows NT 6.1; WOW64) AppleWebKit/537.36 (KHTML, like Gecko) Chrome/55.0.2883.87 Safari/537.36',
  'referer' => 'http://127.0.0.1:815/index.php/index/base/login.html',
  'accept-encoding' => 'gzip, deflate, br',
  'accept-language' => 'zh-CN,zh;q=0.8',
  'cookie' => 'think_var=zh-cn; PHPSESSID=j072qgr79jso0frnubv64o5577; __guid=96992031.2837112470789757400.1524568133095.2324; monitor_count=2',
  'content-type' => 'application/x-www-form-urlencoded; charset=UTF-8',
  'content-length' => '31',
)
[ info ] [ PARAM ] array (
  'key' => '15666666666',
  'password' => '123456',
)
[ info ] [ LANG ] E:\ceshi\dbgj/application/index\lang\zh-cn.php
[ info ] [ SESSION ] INIT array (
  'prefix' => 'minishop',
  'type' => '',
  'auto_start' => true,
)
[ info ] [ RUN ] /**
     * 用户登录方法
     * @author  矢志bu渝 <745152620@qq.com>
     */
Method [ <user> public method login ] {
  @@ E:\ceshi\dbgj\application\index\controller\Base.php 57 - 83
}

[ info ] [ LOG ] INIT file

---------------------------------------------------------------
[ 2018-04-24T19:09:09+08:00 ] 127.0.0.1 127.0.0.1 GET /index.php/index/user/usercenter.html
[ log ] 127.0.0.1:815/index.php/index/user/usercenter.html [运行时间：0.425000s][吞吐率：2.35req/s] [内存消耗：2,458.16kb] [文件加载：56]
[ info ] [ DB ] INIT mysql
[ info ] [ LANG ] E:\ceshi\dbgj\core\lang\zh-cn.php
[ info ] [ ROUTE ] array (
  'type' => 'module',
  'module' => 
  array (
    0 => 'index',
    1 => 'user',
    2 => 'usercenter',
  ),
)
[ info ] [ HEADER ] array (
  'host' => '127.0.0.1:815',
  'connection' => 'keep-alive',
  'upgrade-insecure-requests' => '1',
  'user-agent' => 'Mozilla/5.0 (Windows NT 6.1; WOW64) AppleWebKit/537.36 (KHTML, like Gecko) Chrome/55.0.2883.87 Safari/537.36',
  'accept' => 'text/html,application/xhtml+xml,application/xml;q=0.9,image/webp,*/*;q=0.8',
  'referer' => 'http://127.0.0.1:815/index.php/index/base/login.html',
  'accept-encoding' => 'gzip, deflate, sdch, br',
  'accept-language' => 'zh-CN,zh;q=0.8',
  'cookie' => 'think_var=zh-cn; PHPSESSID=j072qgr79jso0frnubv64o5577; __guid=96992031.2837112470789757400.1524568133095.2324; monitor_count=2',
)
[ info ] [ PARAM ] array (
)
[ info ] [ LANG ] E:\ceshi\dbgj/application/index\lang\zh-cn.php
[ info ] [ SESSION ] INIT array (
  'prefix' => 'minishop',
  'type' => '',
  'auto_start' => true,
)
[ info ] [ RUN ] /**
     * 个人中心
     * @author  ILsunshine
     */
Method [ <user> public method userCenter ] {
  @@ E:\ceshi\dbgj\application\index\controller\User.php 39 - 67
}

[ info ] [ VIEW ] ./themes/default/index/user_center.html [ array (
  0 => 'userinfo',
  1 => 'tyjfmc',
  2 => 'zhscore',
  3 => 's_score',
  4 => 'ytixian',
  5 => 'tuijianren',
  6 => 'userInfo',
  7 => 'hys',
  8 => 'scoreorder',
) ]
[ info ] [ LOG ] INIT file

---------------------------------------------------------------
[ 2018-04-24T19:09:12+08:00 ] 127.0.0.1 127.0.0.1 GET /index.php/index/index/index.html
[ log ] 127.0.0.1:815/index.php/index/index/index.html [运行时间：0.223000s][吞吐率：4.48req/s] [内存消耗：2,214.19kb] [文件加载：53]
[ info ] [ DB ] INIT mysql
[ info ] [ LANG ] E:\ceshi\dbgj\core\lang\zh-cn.php
[ info ] [ ROUTE ] array (
  'type' => 'module',
  'module' => 
  array (
    0 => 'index',
    1 => 'index',
    2 => 'index',
  ),
)
[ info ] [ HEADER ] array (
  'host' => '127.0.0.1:815',
  'connection' => 'keep-alive',
  'upgrade-insecure-requests' => '1',
  'user-agent' => 'Mozilla/5.0 (Windows NT 6.1; WOW64) AppleWebKit/537.36 (KHTML, like Gecko) Chrome/55.0.2883.87 Safari/537.36',
  'accept' => 'text/html,application/xhtml+xml,application/xml;q=0.9,image/webp,*/*;q=0.8',
  'referer' => 'http://127.0.0.1:815/index.php/index/user/usercenter.html',
  'accept-encoding' => 'gzip, deflate, sdch, br',
  'accept-language' => 'zh-CN,zh;q=0.8',
  'cookie' => 'think_var=zh-cn; PHPSESSID=j072qgr79jso0frnubv64o5577; __guid=96992031.2837112470789757400.1524568133095.2324; monitor_count=3',
)
[ info ] [ PARAM ] array (
)
[ info ] [ LANG ] E:\ceshi\dbgj/application/index\lang\zh-cn.php
[ info ] [ SESSION ] INIT array (
  'prefix' => 'minishop',
  'type' => '',
  'auto_start' => true,
)
[ info ] [ RUN ] Method [ <user> public method index ] {
  @@ E:\ceshi\dbgj\application\index\controller\Index.php 21 - 28
}

[ info ] [ VIEW ] ./themes/default/index/index.html [ array (
  0 => 'userinfo',
  1 => 'goodslist',
) ]
[ info ] [ LOG ] INIT file

---------------------------------------------------------------
[ 2018-04-24T19:09:14+08:00 ] 127.0.0.1 127.0.0.1 GET /index.php/index/goods/detail.html?id=49
[ log ] 127.0.0.1:815/index.php/index/goods/detail.html?id=49 [运行时间：0.303000s][吞吐率：3.30req/s] [内存消耗：2,215.54kb] [文件加载：53]
[ info ] [ DB ] INIT mysql
[ info ] [ LANG ] E:\ceshi\dbgj\core\lang\zh-cn.php
[ info ] [ ROUTE ] array (
  'type' => 'module',
  'module' => 
  array (
    0 => 'index',
    1 => 'goods',
    2 => 'detail',
  ),
)
[ info ] [ HEADER ] array (
  'host' => '127.0.0.1:815',
  'connection' => 'keep-alive',
  'upgrade-insecure-requests' => '1',
  'user-agent' => 'Mozilla/5.0 (Windows NT 6.1; WOW64) AppleWebKit/537.36 (KHTML, like Gecko) Chrome/55.0.2883.87 Safari/537.36',
  'accept' => 'text/html,application/xhtml+xml,application/xml;q=0.9,image/webp,*/*;q=0.8',
  'referer' => 'http://127.0.0.1:815/index.php/index/index/index.html',
  'accept-encoding' => 'gzip, deflate, sdch, br',
  'accept-language' => 'zh-CN,zh;q=0.8',
  'cookie' => 'think_var=zh-cn; PHPSESSID=j072qgr79jso0frnubv64o5577; __guid=96992031.2837112470789757400.1524568133095.2324; monitor_count=4',
)
[ info ] [ PARAM ] array (
  'id' => '49',
)
[ info ] [ LANG ] E:\ceshi\dbgj/application/index\lang\zh-cn.php
[ info ] [ SESSION ] INIT array (
  'prefix' => 'minishop',
  'type' => '',
  'auto_start' => true,
)
[ info ] [ RUN ] Method [ <user> public method detail ] {
  @@ E:\ceshi\dbgj\application\index\controller\Goods.php 25 - 45
}

[ info ] [ VIEW ] ./themes/default/index/goods_detail.html [ array (
  0 => 'userinfo',
  1 => 'data',
) ]
[ info ] [ LOG ] INIT file

---------------------------------------------------------------
[ 2018-04-24T19:09:29+08:00 ] 127.0.0.1 127.0.0.1 GET /admin.php
[ log ] 127.0.0.1:815/admin.php [运行时间：0.134000s][吞吐率：7.46req/s] [内存消耗：2,168.00kb] [文件加载：51]
[ info ] [ DB ] INIT mysql
[ info ] [ LANG ] E:\ceshi\dbgj\core\lang\zh-cn.php
[ info ] [ ROUTE ] array (
  'type' => 'module',
  'module' => 
  array (
    0 => 'admin',
    1 => NULL,
    2 => NULL,
  ),
)
[ info ] [ HEADER ] array (
  'host' => '127.0.0.1:815',
  'connection' => 'keep-alive',
  'upgrade-insecure-requests' => '1',
  'user-agent' => 'Mozilla/5.0 (Windows NT 6.1; WOW64) AppleWebKit/537.36 (KHTML, like Gecko) Chrome/55.0.2883.87 Safari/537.36',
  'accept' => 'text/html,application/xhtml+xml,application/xml;q=0.9,image/webp,*/*;q=0.8',
  'accept-encoding' => 'gzip, deflate, sdch, br',
  'accept-language' => 'zh-CN,zh;q=0.8',
  'cookie' => 'think_var=zh-cn; PHPSESSID=j072qgr79jso0frnubv64o5577; __guid=96992031.2837112470789757400.1524568133095.2324; monitor_count=5',
)
[ info ] [ PARAM ] array (
)
[ info ] [ LANG ] E:\ceshi\dbgj/application/admin\lang\zh-cn.php
[ info ] [ SESSION ] INIT array (
  'id' => '',
  'var_session_id' => 'session_id',
  'prefix' => 'minishop',
  'type' => '',
  'auto_start' => true,
)
[ info ] [ LOG ] INIT file

---------------------------------------------------------------
[ 2018-04-24T19:09:29+08:00 ] 127.0.0.1 127.0.0.1 GET /admin.php/base/login.html
[ log ] 127.0.0.1:815/admin.php/base/login.html [运行时间：0.221000s][吞吐率：4.52req/s] [内存消耗：2,093.49kb] [文件加载：48]
[ info ] [ DB ] INIT mysql
[ info ] [ LANG ] E:\ceshi\dbgj\core\lang\zh-cn.php
[ info ] [ ROUTE ] array (
  'type' => 'module',
  'module' => 
  array (
    0 => 'admin',
    1 => 'base',
    2 => 'login',
  ),
)
[ info ] [ HEADER ] array (
  'host' => '127.0.0.1:815',
  'connection' => 'keep-alive',
  'upgrade-insecure-requests' => '1',
  'user-agent' => 'Mozilla/5.0 (Windows NT 6.1; WOW64) AppleWebKit/537.36 (KHTML, like Gecko) Chrome/55.0.2883.87 Safari/537.36',
  'accept' => 'text/html,application/xhtml+xml,application/xml;q=0.9,image/webp,*/*;q=0.8',
  'accept-encoding' => 'gzip, deflate, sdch, br',
  'accept-language' => 'zh-CN,zh;q=0.8',
  'cookie' => 'think_var=zh-cn; PHPSESSID=j072qgr79jso0frnubv64o5577; __guid=96992031.2837112470789757400.1524568133095.2324; monitor_count=5',
)
[ info ] [ PARAM ] array (
)
[ info ] [ LANG ] E:\ceshi\dbgj/application/admin\lang\zh-cn.php
[ info ] [ RUN ] /**
     * 用户登录方法
     * @author  tangtanglove <dai_hang_love@126.com>
     */
Method [ <user> public method login ] {
  @@ E:\ceshi\dbgj\application\admin\controller\Base.php 37 - 71
}

[ info ] [ VIEW ] E:\ceshi\dbgj/application/admin\view\base\login.html [ array (
  0 => 'tyjfmc',
) ]
[ info ] [ LOG ] INIT file

---------------------------------------------------------------
[ 2018-04-24T19:09:29+08:00 ] 127.0.0.1 127.0.0.1 GET /static/plugins/iCheck/square/blue.css
[ log ] 127.0.0.1:815/static/plugins/iCheck/square/blue.css [运行时间：0.126000s][吞吐率：7.94req/s] [内存消耗：1,774.75kb] [文件加载：41]
[ info ] [ DB ] INIT mysql
[ info ] [ LANG ] E:\ceshi\dbgj\core\lang\zh-cn.php
[ info ] [ ROUTE ] array (
  'type' => 'module',
  'module' => 
  array (
    0 => 'static',
    1 => 'plugins',
    2 => 'iCheck',
  ),
)
[ info ] [ HEADER ] array (
  'host' => '127.0.0.1:815',
  'connection' => 'keep-alive',
  'user-agent' => 'Mozilla/5.0 (Windows NT 6.1; WOW64) AppleWebKit/537.36 (KHTML, like Gecko) Chrome/55.0.2883.87 Safari/537.36',
  'accept' => 'text/css,*/*;q=0.1',
  'referer' => 'http://127.0.0.1:815/admin.php/base/login.html',
  'accept-encoding' => 'gzip, deflate, sdch, br',
  'accept-language' => 'zh-CN,zh;q=0.8',
  'cookie' => 'think_var=zh-cn; PHPSESSID=j072qgr79jso0frnubv64o5577; __guid=96992031.2837112470789757400.1524568133095.2324; monitor_count=5',
)
[ info ] [ PARAM ] array (
  'static/plugins/iCheck/square/blue_css' => '',
  'square' => 'blue.css',
)
[ info ] [ LOG ] INIT file

---------------------------------------------------------------
[ 2018-04-24T19:09:29+08:00 ] 127.0.0.1 127.0.0.1 GET /static/bootstrap/css/font-awesome.min.css
[ log ] 127.0.0.1:815/static/bootstrap/css/font-awesome.min.css [运行时间：0.110000s][吞吐率：9.09req/s] [内存消耗：1,774.50kb] [文件加载：41]
[ info ] [ DB ] INIT mysql
[ info ] [ LANG ] E:\ceshi\dbgj\core\lang\zh-cn.php
[ info ] [ ROUTE ] array (
  'type' => 'module',
  'module' => 
  array (
    0 => 'static',
    1 => 'bootstrap',
    2 => 'css',
  ),
)
[ info ] [ HEADER ] array (
  'host' => '127.0.0.1:815',
  'connection' => 'keep-alive',
  'user-agent' => 'Mozilla/5.0 (Windows NT 6.1; WOW64) AppleWebKit/537.36 (KHTML, like Gecko) Chrome/55.0.2883.87 Safari/537.36',
  'accept' => 'text/css,*/*;q=0.1',
  'referer' => 'http://127.0.0.1:815/admin.php/base/login.html',
  'accept-encoding' => 'gzip, deflate, sdch, br',
  'accept-language' => 'zh-CN,zh;q=0.8',
  'cookie' => 'think_var=zh-cn; PHPSESSID=j072qgr79jso0frnubv64o5577; __guid=96992031.2837112470789757400.1524568133095.2324; monitor_count=5',
)
[ info ] [ PARAM ] array (
  'static/bootstrap/css/font-awesome_min_css' => '',
)
[ info ] [ LOG ] INIT file

---------------------------------------------------------------
[ 2018-04-24T19:09:29+08:00 ] 127.0.0.1 127.0.0.1 GET /static/bootstrap/css/ionicons.min.css
[ log ] 127.0.0.1:815/static/bootstrap/css/ionicons.min.css [运行时间：0.132000s][吞吐率：7.58req/s] [内存消耗：1,774.53kb] [文件加载：41]
[ info ] [ DB ] INIT mysql
[ info ] [ LANG ] E:\ceshi\dbgj\core\lang\zh-cn.php
[ info ] [ ROUTE ] array (
  'type' => 'module',
  'module' => 
  array (
    0 => 'static',
    1 => 'bootstrap',
    2 => 'css',
  ),
)
[ info ] [ HEADER ] array (
  'host' => '127.0.0.1:815',
  'connection' => 'keep-alive',
  'user-agent' => 'Mozilla/5.0 (Windows NT 6.1; WOW64) AppleWebKit/537.36 (KHTML, like Gecko) Chrome/55.0.2883.87 Safari/537.36',
  'accept' => 'text/css,*/*;q=0.1',
  'referer' => 'http://127.0.0.1:815/admin.php/base/login.html',
  'accept-encoding' => 'gzip, deflate, sdch, br',
  'accept-language' => 'zh-CN,zh;q=0.8',
  'cookie' => 'think_var=zh-cn; PHPSESSID=j072qgr79jso0frnubv64o5577; __guid=96992031.2837112470789757400.1524568133095.2324; monitor_count=5',
)
[ info ] [ PARAM ] array (
  'static/bootstrap/css/ionicons_min_css' => '',
)
[ info ] [ LOG ] INIT file

---------------------------------------------------------------
[ 2018-04-24T19:09:29+08:00 ] 127.0.0.1 127.0.0.1 GET /admin.php/base/captcha.html
[ log ] 127.0.0.1:815/admin.php/base/captcha.html [运行时间：0.346000s][吞吐率：2.89req/s] [内存消耗：2,142.48kb] [文件加载：48]
[ info ] [ DB ] INIT mysql
[ info ] [ LANG ] E:\ceshi\dbgj\core\lang\zh-cn.php
[ info ] [ ROUTE ] array (
  'type' => 'module',
  'module' => 
  array (
    0 => 'admin',
    1 => 'base',
    2 => 'captcha',
  ),
)
[ info ] [ HEADER ] array (
  'host' => '127.0.0.1:815',
  'connection' => 'keep-alive',
  'user-agent' => 'Mozilla/5.0 (Windows NT 6.1; WOW64) AppleWebKit/537.36 (KHTML, like Gecko) Chrome/55.0.2883.87 Safari/537.36',
  'accept' => 'image/webp,image/*,*/*;q=0.8',
  'referer' => 'http://127.0.0.1:815/admin.php/base/login.html',
  'accept-encoding' => 'gzip, deflate, sdch, br',
  'accept-language' => 'zh-CN,zh;q=0.8',
  'cookie' => 'think_var=zh-cn; PHPSESSID=j072qgr79jso0frnubv64o5577; __guid=96992031.2837112470789757400.1524568133095.2324; monitor_count=6',
)
[ info ] [ PARAM ] array (
)
[ info ] [ LANG ] E:\ceshi\dbgj/application/admin\lang\zh-cn.php
[ info ] [ RUN ] /**
     * 系统验证码方法
     * @author  tangtanglove <dai_hang_love@126.com>
     */
Method [ <user> public method captcha ] {
  @@ E:\ceshi\dbgj\application\admin\controller\Base.php 77 - 81
}

[ info ] [ SESSION ] INIT array (
  'id' => '',
  'var_session_id' => 'session_id',
  'prefix' => 'minishop',
  'type' => '',
  'auto_start' => true,
)
[ info ] [ LOG ] INIT file

---------------------------------------------------------------
[ 2018-04-24T19:09:41+08:00 ] 127.0.0.1 127.0.0.1 POST /admin.php/base/login.html
[ log ] 127.0.0.1:815/admin.php/base/login.html [运行时间：0.119000s][吞吐率：8.40req/s] [内存消耗：2,380.99kb] [文件加载：53]
[ info ] [ DB ] INIT mysql
[ info ] [ LANG ] E:\ceshi\dbgj\core\lang\zh-cn.php
[ info ] [ ROUTE ] array (
  'type' => 'module',
  'module' => 
  array (
    0 => 'admin',
    1 => 'base',
    2 => 'login',
  ),
)
[ info ] [ HEADER ] array (
  'host' => '127.0.0.1:815',
  'connection' => 'keep-alive',
  'accept' => '*/*',
  'origin' => 'http://127.0.0.1:815',
  'x-requested-with' => 'XMLHttpRequest',
  'user-agent' => 'Mozilla/5.0 (Windows NT 6.1; WOW64) AppleWebKit/537.36 (KHTML, like Gecko) Chrome/55.0.2883.87 Safari/537.36',
  'referer' => 'http://127.0.0.1:815/admin.php/base/login.html',
  'accept-encoding' => 'gzip, deflate, br',
  'accept-language' => 'zh-CN,zh;q=0.8',
  'cookie' => 'think_var=zh-cn; PHPSESSID=j072qgr79jso0frnubv64o5577; __guid=96992031.2837112470789757400.1524568133095.2324; monitor_count=6',
  'content-type' => 'application/x-www-form-urlencoded; charset=UTF-8',
  'content-length' => '43',
)
[ info ] [ PARAM ] array (
  'username' => 'admin',
  'password' => '123456',
  'captcha' => 'xpyu',
)
[ info ] [ LANG ] E:\ceshi\dbgj/application/admin\lang\zh-cn.php
[ info ] [ RUN ] /**
     * 用户登录方法
     * @author  tangtanglove <dai_hang_love@126.com>
     */
Method [ <user> public method login ] {
  @@ E:\ceshi\dbgj\application\admin\controller\Base.php 37 - 71
}

[ info ] [ SESSION ] INIT array (
  'id' => '',
  'var_session_id' => 'session_id',
  'prefix' => 'minishop',
  'type' => '',
  'auto_start' => true,
)
[ info ] [ LOG ] INIT file

---------------------------------------------------------------
[ 2018-04-24T19:09:42+08:00 ] 127.0.0.1 127.0.0.1 GET /admin.php/index/index.html
[ log ] 127.0.0.1:815/admin.php/index/index.html [运行时间：0.470000s][吞吐率：2.13req/s] [内存消耗：2,267.33kb] [文件加载：53]
[ info ] [ DB ] INIT mysql
[ info ] [ LANG ] E:\ceshi\dbgj\core\lang\zh-cn.php
[ info ] [ ROUTE ] array (
  'type' => 'module',
  'module' => 
  array (
    0 => 'admin',
    1 => 'index',
    2 => 'index',
  ),
)
[ info ] [ HEADER ] array (
  'host' => '127.0.0.1:815',
  'connection' => 'keep-alive',
  'upgrade-insecure-requests' => '1',
  'user-agent' => 'Mozilla/5.0 (Windows NT 6.1; WOW64) AppleWebKit/537.36 (KHTML, like Gecko) Chrome/55.0.2883.87 Safari/537.36',
  'accept' => 'text/html,application/xhtml+xml,application/xml;q=0.9,image/webp,*/*;q=0.8',
  'referer' => 'http://127.0.0.1:815/admin.php/base/login.html',
  'accept-encoding' => 'gzip, deflate, sdch, br',
  'accept-language' => 'zh-CN,zh;q=0.8',
  'cookie' => 'think_var=zh-cn; PHPSESSID=j072qgr79jso0frnubv64o5577; __guid=96992031.2837112470789757400.1524568133095.2324; monitor_count=6',
)
[ info ] [ PARAM ] array (
)
[ info ] [ LANG ] E:\ceshi\dbgj/application/admin\lang\zh-cn.php
[ info ] [ SESSION ] INIT array (
  'id' => '',
  'var_session_id' => 'session_id',
  'prefix' => 'minishop',
  'type' => '',
  'auto_start' => true,
)
[ info ] [ RUN ] Method [ <user> public method index ] {
  @@ E:\ceshi\dbgj\application\admin\controller\Index.php 21 - 40
}

[ info ] [ VIEW ] E:\ceshi\dbgj/application/admin\view\index\index.html [ array (
  0 => 'menuTree',
  1 => 'order_num',
  2 => 'tixian',
  3 => 'jh_num',
  4 => 'wjh_num',
  5 => 'zjf_num',
  6 => 'user_num',
) ]
[ info ] [ CACHE ] INIT File
[ info ] [ LOG ] INIT file

---------------------------------------------------------------
[ 2018-04-24T19:09:52+08:00 ] 127.0.0.1 127.0.0.1 GET /admin.php/goods/index.html
[ log ] 127.0.0.1:815/admin.php/goods/index.html [运行时间：0.334000s][吞吐率：2.99req/s] [内存消耗：2,428.71kb] [文件加载：57]
[ info ] [ DB ] INIT mysql
[ info ] [ LANG ] E:\ceshi\dbgj\core\lang\zh-cn.php
[ info ] [ ROUTE ] array (
  'type' => 'module',
  'module' => 
  array (
    0 => 'admin',
    1 => 'goods',
    2 => 'index',
  ),
)
[ info ] [ HEADER ] array (
  'host' => '127.0.0.1:815',
  'connection' => 'keep-alive',
  'upgrade-insecure-requests' => '1',
  'user-agent' => 'Mozilla/5.0 (Windows NT 6.1; WOW64) AppleWebKit/537.36 (KHTML, like Gecko) Chrome/55.0.2883.87 Safari/537.36',
  'accept' => 'text/html,application/xhtml+xml,application/xml;q=0.9,image/webp,*/*;q=0.8',
  'referer' => 'http://127.0.0.1:815/admin.php/index/index.html',
  'accept-encoding' => 'gzip, deflate, sdch, br',
  'accept-language' => 'zh-CN,zh;q=0.8',
  'cookie' => 'think_var=zh-cn; PHPSESSID=j072qgr79jso0frnubv64o5577; __guid=96992031.2837112470789757400.1524568133095.2324; monitor_count=7',
)
[ info ] [ PARAM ] array (
)
[ info ] [ LANG ] E:\ceshi\dbgj/application/admin\lang\zh-cn.php
[ info ] [ SESSION ] INIT array (
  'id' => '',
  'var_session_id' => 'session_id',
  'prefix' => 'minishop',
  'type' => '',
  'auto_start' => true,
)
[ info ] [ RUN ] /**
     * 商品列表
     * @author tangtanglove
     */
Method [ <user> public method index ] {
  @@ E:\ceshi\dbgj\application\admin\controller\Goods.php 28 - 56
}

[ info ] [ VIEW ] E:\ceshi\dbgj/application/admin\view\goods\index.html [ array (
  0 => 'menuTree',
  1 => 'status',
  2 => 'goodsList',
) ]
[ info ] [ CACHE ] INIT File
[ info ] [ LOG ] INIT file

---------------------------------------------------------------
[ 2018-04-24T19:09:55+08:00 ] 127.0.0.1 127.0.0.1 GET /admin.php/goods/goodsadd.html
[ log ] 127.0.0.1:815/admin.php/goods/goodsadd.html [运行时间：0.196000s][吞吐率：5.10req/s] [内存消耗：2,296.05kb] [文件加载：53]
[ info ] [ DB ] INIT mysql
[ info ] [ LANG ] E:\ceshi\dbgj\core\lang\zh-cn.php
[ info ] [ ROUTE ] array (
  'type' => 'module',
  'module' => 
  array (
    0 => 'admin',
    1 => 'goods',
    2 => 'goodsadd',
  ),
)
[ info ] [ HEADER ] array (
  'host' => '127.0.0.1:815',
  'connection' => 'keep-alive',
  'upgrade-insecure-requests' => '1',
  'user-agent' => 'Mozilla/5.0 (Windows NT 6.1; WOW64) AppleWebKit/537.36 (KHTML, like Gecko) Chrome/55.0.2883.87 Safari/537.36',
  'accept' => 'text/html,application/xhtml+xml,application/xml;q=0.9,image/webp,*/*;q=0.8',
  'referer' => 'http://127.0.0.1:815/admin.php/goods/index.html',
  'accept-encoding' => 'gzip, deflate, sdch, br',
  'accept-language' => 'zh-CN,zh;q=0.8',
  'cookie' => 'think_var=zh-cn; PHPSESSID=j072qgr79jso0frnubv64o5577; __guid=96992031.2837112470789757400.1524568133095.2324; monitor_count=8',
)
[ info ] [ PARAM ] array (
)
[ info ] [ LANG ] E:\ceshi\dbgj/application/admin\lang\zh-cn.php
[ info ] [ SESSION ] INIT array (
  'id' => '',
  'var_session_id' => 'session_id',
  'prefix' => 'minishop',
  'type' => '',
  'auto_start' => true,
)
[ info ] [ RUN ] /**
     * 添加商品
     * @author tangtanglove
     */
Method [ <user> public method goodsadd ] {
  @@ E:\ceshi\dbgj\application\admin\controller\Goods.php 62 - 106
}

[ info ] [ VIEW ] E:\ceshi\dbgj/application/admin\view\goods\goodsadd.html [ array (
  0 => 'menuTree',
) ]
[ info ] [ CACHE ] INIT File
[ info ] [ LOG ] INIT file

---------------------------------------------------------------
[ 2018-04-24T19:10:01+08:00 ] 127.0.0.1 127.0.0.1 GET /admin.php/ueditor/index.html?action=config&&noCache=1524568201504
[ log ] 127.0.0.1:815/admin.php/ueditor/index.html?action=config&&noCache=1524568201504 [运行时间：0.170000s][吞吐率：5.88req/s] [内存消耗：2,157.94kb] [文件加载：48]
[ info ] [ DB ] INIT mysql
[ info ] [ LANG ] E:\ceshi\dbgj\core\lang\zh-cn.php
[ info ] [ ROUTE ] array (
  'type' => 'module',
  'module' => 
  array (
    0 => 'admin',
    1 => 'ueditor',
    2 => 'index',
  ),
)
[ info ] [ HEADER ] array (
  'host' => '127.0.0.1:815',
  'connection' => 'keep-alive',
  'user-agent' => 'Mozilla/5.0 (Windows NT 6.1; WOW64) AppleWebKit/537.36 (KHTML, like Gecko) Chrome/55.0.2883.87 Safari/537.36',
  'accept' => '*/*',
  'referer' => 'http://127.0.0.1:815/admin.php/goods/goodsadd.html',
  'accept-encoding' => 'gzip, deflate, sdch, br',
  'accept-language' => 'zh-CN,zh;q=0.8',
  'cookie' => 'think_var=zh-cn; PHPSESSID=j072qgr79jso0frnubv64o5577; __guid=96992031.2837112470789757400.1524568133095.2324; monitor_count=9',
)
[ info ] [ PARAM ] array (
  'action' => 'config',
  'noCache' => '1524568201504',
)
[ info ] [ LANG ] E:\ceshi\dbgj/application/admin\lang\zh-cn.php
[ info ] [ SESSION ] INIT array (
  'id' => '',
  'var_session_id' => 'session_id',
  'prefix' => 'minishop',
  'type' => '',
  'auto_start' => true,
)
[ info ] [ RUN ] /**
     * 上传文件
     * @author tangtanglove <dai_hang_love@126.com>
     */
Method [ <user> public method index ] {
  @@ E:\ceshi\dbgj\application\admin\controller\Ueditor.php 27 - 81
}

[ info ] [ LOG ] INIT file

---------------------------------------------------------------
[ 2018-04-24T19:10:16+08:00 ] 127.0.0.1 127.0.0.1 GET /admin.php/goods/index.html
[ log ] 127.0.0.1:815/admin.php/goods/index.html [运行时间：0.168000s][吞吐率：5.95req/s] [内存消耗：2,428.75kb] [文件加载：57]
[ info ] [ DB ] INIT mysql
[ info ] [ LANG ] E:\ceshi\dbgj\core\lang\zh-cn.php
[ info ] [ ROUTE ] array (
  'type' => 'module',
  'module' => 
  array (
    0 => 'admin',
    1 => 'goods',
    2 => 'index',
  ),
)
[ info ] [ HEADER ] array (
  'host' => '127.0.0.1:815',
  'connection' => 'keep-alive',
  'upgrade-insecure-requests' => '1',
  'user-agent' => 'Mozilla/5.0 (Windows NT 6.1; WOW64) AppleWebKit/537.36 (KHTML, like Gecko) Chrome/55.0.2883.87 Safari/537.36',
  'accept' => 'text/html,application/xhtml+xml,application/xml;q=0.9,image/webp,*/*;q=0.8',
  'referer' => 'http://127.0.0.1:815/admin.php/goods/goodsadd.html',
  'accept-encoding' => 'gzip, deflate, sdch, br',
  'accept-language' => 'zh-CN,zh;q=0.8',
  'cookie' => 'think_var=zh-cn; PHPSESSID=j072qgr79jso0frnubv64o5577; __guid=96992031.2837112470789757400.1524568133095.2324; monitor_count=9',
)
[ info ] [ PARAM ] array (
)
[ info ] [ LANG ] E:\ceshi\dbgj/application/admin\lang\zh-cn.php
[ info ] [ SESSION ] INIT array (
  'id' => '',
  'var_session_id' => 'session_id',
  'prefix' => 'minishop',
  'type' => '',
  'auto_start' => true,
)
[ info ] [ RUN ] /**
     * 商品列表
     * @author tangtanglove
     */
Method [ <user> public method index ] {
  @@ E:\ceshi\dbgj\application\admin\controller\Goods.php 28 - 56
}

[ info ] [ VIEW ] E:\ceshi\dbgj/application/admin\view\goods\index.html [ array (
  0 => 'menuTree',
  1 => 'status',
  2 => 'goodsList',
) ]
[ info ] [ CACHE ] INIT File
[ info ] [ LOG ] INIT file

---------------------------------------------------------------
[ 2018-04-24T19:10:17+08:00 ] 127.0.0.1 127.0.0.1 GET /admin.php/goods/goodsadd.html
[ log ] 127.0.0.1:815/admin.php/goods/goodsadd.html [运行时间：0.167000s][吞吐率：5.99req/s] [内存消耗：2,296.05kb] [文件加载：53]
[ info ] [ DB ] INIT mysql
[ info ] [ LANG ] E:\ceshi\dbgj\core\lang\zh-cn.php
[ info ] [ ROUTE ] array (
  'type' => 'module',
  'module' => 
  array (
    0 => 'admin',
    1 => 'goods',
    2 => 'goodsadd',
  ),
)
[ info ] [ HEADER ] array (
  'host' => '127.0.0.1:815',
  'connection' => 'keep-alive',
  'upgrade-insecure-requests' => '1',
  'user-agent' => 'Mozilla/5.0 (Windows NT 6.1; WOW64) AppleWebKit/537.36 (KHTML, like Gecko) Chrome/55.0.2883.87 Safari/537.36',
  'accept' => 'text/html,application/xhtml+xml,application/xml;q=0.9,image/webp,*/*;q=0.8',
  'referer' => 'http://127.0.0.1:815/admin.php/goods/index.html',
  'accept-encoding' => 'gzip, deflate, sdch, br',
  'accept-language' => 'zh-CN,zh;q=0.8',
  'cookie' => 'think_var=zh-cn; PHPSESSID=j072qgr79jso0frnubv64o5577; __guid=96992031.2837112470789757400.1524568133095.2324; monitor_count=10',
)
[ info ] [ PARAM ] array (
)
[ info ] [ LANG ] E:\ceshi\dbgj/application/admin\lang\zh-cn.php
[ info ] [ SESSION ] INIT array (
  'id' => '',
  'var_session_id' => 'session_id',
  'prefix' => 'minishop',
  'type' => '',
  'auto_start' => true,
)
[ info ] [ RUN ] /**
     * 添加商品
     * @author tangtanglove
     */
Method [ <user> public method goodsadd ] {
  @@ E:\ceshi\dbgj\application\admin\controller\Goods.php 62 - 106
}

[ info ] [ VIEW ] E:\ceshi\dbgj/application/admin\view\goods\goodsadd.html [ array (
  0 => 'menuTree',
) ]
[ info ] [ CACHE ] INIT File
[ info ] [ LOG ] INIT file

---------------------------------------------------------------
[ 2018-04-24T19:10:18+08:00 ] 127.0.0.1 127.0.0.1 GET /admin.php/ueditor/index.html?action=config&&noCache=1524568218213
[ log ] 127.0.0.1:815/admin.php/ueditor/index.html?action=config&&noCache=1524568218213 [运行时间：0.125000s][吞吐率：8.00req/s] [内存消耗：2,157.94kb] [文件加载：48]
[ info ] [ DB ] INIT mysql
[ info ] [ LANG ] E:\ceshi\dbgj\core\lang\zh-cn.php
[ info ] [ ROUTE ] array (
  'type' => 'module',
  'module' => 
  array (
    0 => 'admin',
    1 => 'ueditor',
    2 => 'index',
  ),
)
[ info ] [ HEADER ] array (
  'host' => '127.0.0.1:815',
  'connection' => 'keep-alive',
  'user-agent' => 'Mozilla/5.0 (Windows NT 6.1; WOW64) AppleWebKit/537.36 (KHTML, like Gecko) Chrome/55.0.2883.87 Safari/537.36',
  'accept' => '*/*',
  'referer' => 'http://127.0.0.1:815/admin.php/goods/goodsadd.html',
  'accept-encoding' => 'gzip, deflate, sdch, br',
  'accept-language' => 'zh-CN,zh;q=0.8',
  'cookie' => 'think_var=zh-cn; PHPSESSID=j072qgr79jso0frnubv64o5577; __guid=96992031.2837112470789757400.1524568133095.2324; monitor_count=11',
)
[ info ] [ PARAM ] array (
  'action' => 'config',
  'noCache' => '1524568218213',
)
[ info ] [ LANG ] E:\ceshi\dbgj/application/admin\lang\zh-cn.php
[ info ] [ SESSION ] INIT array (
  'id' => '',
  'var_session_id' => 'session_id',
  'prefix' => 'minishop',
  'type' => '',
  'auto_start' => true,
)
[ info ] [ RUN ] /**
     * 上传文件
     * @author tangtanglove <dai_hang_love@126.com>
     */
Method [ <user> public method index ] {
  @@ E:\ceshi\dbgj\application\admin\controller\Ueditor.php 27 - 81
}

[ info ] [ LOG ] INIT file

---------------------------------------------------------------
[ 2018-04-24T19:10:20+08:00 ] 127.0.0.1 127.0.0.1 GET /admin.php/order/index.html
[ log ] 127.0.0.1:815/admin.php/order/index.html [运行时间：0.198000s][吞吐率：5.05req/s] [内存消耗：2,431.79kb] [文件加载：57]
[ info ] [ DB ] INIT mysql
[ info ] [ LANG ] E:\ceshi\dbgj\core\lang\zh-cn.php
[ info ] [ ROUTE ] array (
  'type' => 'module',
  'module' => 
  array (
    0 => 'admin',
    1 => 'order',
    2 => 'index',
  ),
)
[ info ] [ HEADER ] array (
  'host' => '127.0.0.1:815',
  'connection' => 'keep-alive',
  'upgrade-insecure-requests' => '1',
  'user-agent' => 'Mozilla/5.0 (Windows NT 6.1; WOW64) AppleWebKit/537.36 (KHTML, like Gecko) Chrome/55.0.2883.87 Safari/537.36',
  'accept' => 'text/html,application/xhtml+xml,application/xml;q=0.9,image/webp,*/*;q=0.8',
  'referer' => 'http://127.0.0.1:815/admin.php/goods/goodsadd.html',
  'accept-encoding' => 'gzip, deflate, sdch, br',
  'accept-language' => 'zh-CN,zh;q=0.8',
  'cookie' => 'think_var=zh-cn; PHPSESSID=j072qgr79jso0frnubv64o5577; __guid=96992031.2837112470789757400.1524568133095.2324; monitor_count=11',
)
[ info ] [ PARAM ] array (
)
[ info ] [ LANG ] E:\ceshi\dbgj/application/admin\lang\zh-cn.php
[ info ] [ SESSION ] INIT array (
  'id' => '',
  'var_session_id' => 'session_id',
  'prefix' => 'minishop',
  'type' => '',
  'auto_start' => true,
)
[ info ] [ RUN ] /**
     * 订单列表
     * @author 
     */
Method [ <user> public method index ] {
  @@ E:\ceshi\dbgj\application\admin\controller\Order.php 26 - 51
}

[ info ] [ VIEW ] E:\ceshi\dbgj/application/admin\view\order\index.html [ array (
  0 => 'menuTree',
  1 => 'ordersList',
) ]
[ info ] [ CACHE ] INIT File
[ info ] [ LOG ] INIT file

---------------------------------------------------------------
[ 2018-04-24T19:10:25+08:00 ] 127.0.0.1 127.0.0.1 GET /admin.php/member/withdrawal.html
[ log ] 127.0.0.1:815/admin.php/member/withdrawal.html [运行时间：0.293000s][吞吐率：3.41req/s] [内存消耗：2,655.41kb] [文件加载：60]
[ info ] [ DB ] INIT mysql
[ info ] [ LANG ] E:\ceshi\dbgj\core\lang\zh-cn.php
[ info ] [ ROUTE ] array (
  'type' => 'module',
  'module' => 
  array (
    0 => 'admin',
    1 => 'member',
    2 => 'withdrawal',
  ),
)
[ info ] [ HEADER ] array (
  'host' => '127.0.0.1:815',
  'connection' => 'keep-alive',
  'upgrade-insecure-requests' => '1',
  'user-agent' => 'Mozilla/5.0 (Windows NT 6.1; WOW64) AppleWebKit/537.36 (KHTML, like Gecko) Chrome/55.0.2883.87 Safari/537.36',
  'accept' => 'text/html,application/xhtml+xml,application/xml;q=0.9,image/webp,*/*;q=0.8',
  'referer' => 'http://127.0.0.1:815/admin.php/order/index.html',
  'accept-encoding' => 'gzip, deflate, sdch, br',
  'accept-language' => 'zh-CN,zh;q=0.8',
  'cookie' => 'think_var=zh-cn; PHPSESSID=j072qgr79jso0frnubv64o5577; __guid=96992031.2837112470789757400.1524568133095.2324; monitor_count=12',
)
[ info ] [ PARAM ] array (
)
[ info ] [ LANG ] E:\ceshi\dbgj/application/admin\lang\zh-cn.php
[ info ] [ SESSION ] INIT array (
  'id' => '',
  'var_session_id' => 'session_id',
  'prefix' => 'minishop',
  'type' => '',
  'auto_start' => true,
)
[ info ] [ RUN ] Method [ <user> public method withdrawal ] {
  @@ E:\ceshi\dbgj\application\admin\controller\Member.php 262 - 290
}

[ info ] [ VIEW ] E:\ceshi\dbgj/application/admin\view\member\withdrawal.html [ array (
  0 => 'menuTree',
  1 => 'userList',
) ]
[ info ] [ CACHE ] INIT File
[ info ] [ LOG ] INIT file

---------------------------------------------------------------
[ 2018-04-24T19:10:29+08:00 ] 127.0.0.1 127.0.0.1 GET /admin.php/config/edit.html
[ log ] 127.0.0.1:815/admin.php/config/edit.html [运行时间：0.195000s][吞吐率：5.13req/s] [内存消耗：2,273.84kb] [文件加载：53]
[ info ] [ DB ] INIT mysql
[ info ] [ LANG ] E:\ceshi\dbgj\core\lang\zh-cn.php
[ info ] [ ROUTE ] array (
  'type' => 'module',
  'module' => 
  array (
    0 => 'admin',
    1 => 'config',
    2 => 'edit',
  ),
)
[ info ] [ HEADER ] array (
  'host' => '127.0.0.1:815',
  'connection' => 'keep-alive',
  'upgrade-insecure-requests' => '1',
  'user-agent' => 'Mozilla/5.0 (Windows NT 6.1; WOW64) AppleWebKit/537.36 (KHTML, like Gecko) Chrome/55.0.2883.87 Safari/537.36',
  'accept' => 'text/html,application/xhtml+xml,application/xml;q=0.9,image/webp,*/*;q=0.8',
  'referer' => 'http://127.0.0.1:815/admin.php/member/withdrawal.html',
  'accept-encoding' => 'gzip, deflate, sdch, br',
  'accept-language' => 'zh-CN,zh;q=0.8',
  'cookie' => 'think_var=zh-cn; PHPSESSID=j072qgr79jso0frnubv64o5577; __guid=96992031.2837112470789757400.1524568133095.2324; monitor_count=13',
)
[ info ] [ PARAM ] array (
)
[ info ] [ LANG ] E:\ceshi\dbgj/application/admin\lang\zh-cn.php
[ info ] [ SESSION ] INIT array (
  'id' => '',
  'var_session_id' => 'session_id',
  'prefix' => 'minishop',
  'type' => '',
  'auto_start' => true,
)
[ info ] [ RUN ] /**
     * 系统配置
     */
Method [ <user> public method edit ] {
  @@ E:\ceshi\dbgj\application\admin\controller\Config.php 24 - 44
}

[ info ] [ VIEW ] E:\ceshi\dbgj/application/admin\view\config\edit.html [ array (
  0 => 'menuTree',
  1 => 'list',
) ]
[ info ] [ CACHE ] INIT File
[ info ] [ LOG ] INIT file

---------------------------------------------------------------
[ 2018-04-24T19:10:30+08:00 ] 127.0.0.1 127.0.0.1 GET /admin.php/ueditor/index.html?action=config&&noCache=1524568229958
[ log ] 127.0.0.1:815/admin.php/ueditor/index.html?action=config&&noCache=1524568229958 [运行时间：0.115000s][吞吐率：8.70req/s] [内存消耗：2,157.90kb] [文件加载：48]
[ info ] [ DB ] INIT mysql
[ info ] [ LANG ] E:\ceshi\dbgj\core\lang\zh-cn.php
[ info ] [ ROUTE ] array (
  'type' => 'module',
  'module' => 
  array (
    0 => 'admin',
    1 => 'ueditor',
    2 => 'index',
  ),
)
[ info ] [ HEADER ] array (
  'host' => '127.0.0.1:815',
  'connection' => 'keep-alive',
  'user-agent' => 'Mozilla/5.0 (Windows NT 6.1; WOW64) AppleWebKit/537.36 (KHTML, like Gecko) Chrome/55.0.2883.87 Safari/537.36',
  'accept' => '*/*',
  'referer' => 'http://127.0.0.1:815/admin.php/config/edit.html',
  'accept-encoding' => 'gzip, deflate, sdch, br',
  'accept-language' => 'zh-CN,zh;q=0.8',
  'cookie' => 'think_var=zh-cn; PHPSESSID=j072qgr79jso0frnubv64o5577; __guid=96992031.2837112470789757400.1524568133095.2324; monitor_count=14',
)
[ info ] [ PARAM ] array (
  'action' => 'config',
  'noCache' => '1524568229958',
)
[ info ] [ LANG ] E:\ceshi\dbgj/application/admin\lang\zh-cn.php
[ info ] [ SESSION ] INIT array (
  'id' => '',
  'var_session_id' => 'session_id',
  'prefix' => 'minishop',
  'type' => '',
  'auto_start' => true,
)
[ info ] [ RUN ] /**
     * 上传文件
     * @author tangtanglove <dai_hang_love@126.com>
     */
Method [ <user> public method index ] {
  @@ E:\ceshi\dbgj\application\admin\controller\Ueditor.php 27 - 81
}

[ info ] [ LOG ] INIT file

---------------------------------------------------------------
[ 2018-04-24T19:10:30+08:00 ] 127.0.0.1 127.0.0.1 GET /admin.php/ueditor/index.html?action=config&&noCache=1524568229958
[ log ] 127.0.0.1:815/admin.php/ueditor/index.html?action=config&&noCache=1524568229958 [运行时间：0.137000s][吞吐率：7.30req/s] [内存消耗：2,157.90kb] [文件加载：48]
[ info ] [ DB ] INIT mysql
[ info ] [ LANG ] E:\ceshi\dbgj\core\lang\zh-cn.php
[ info ] [ ROUTE ] array (
  'type' => 'module',
  'module' => 
  array (
    0 => 'admin',
    1 => 'ueditor',
    2 => 'index',
  ),
)
[ info ] [ HEADER ] array (
  'host' => '127.0.0.1:815',
  'connection' => 'keep-alive',
  'user-agent' => 'Mozilla/5.0 (Windows NT 6.1; WOW64) AppleWebKit/537.36 (KHTML, like Gecko) Chrome/55.0.2883.87 Safari/537.36',
  'accept' => '*/*',
  'referer' => 'http://127.0.0.1:815/admin.php/config/edit.html',
  'accept-encoding' => 'gzip, deflate, sdch, br',
  'accept-language' => 'zh-CN,zh;q=0.8',
  'cookie' => 'think_var=zh-cn; PHPSESSID=j072qgr79jso0frnubv64o5577; __guid=96992031.2837112470789757400.1524568133095.2324; monitor_count=14',
)
[ info ] [ PARAM ] array (
  'action' => 'config',
  'noCache' => '1524568229958',
)
[ info ] [ LANG ] E:\ceshi\dbgj/application/admin\lang\zh-cn.php
[ info ] [ SESSION ] INIT array (
  'id' => '',
  'var_session_id' => 'session_id',
  'prefix' => 'minishop',
  'type' => '',
  'auto_start' => true,
)
[ info ] [ RUN ] /**
     * 上传文件
     * @author tangtanglove <dai_hang_love@126.com>
     */
Method [ <user> public method index ] {
  @@ E:\ceshi\dbgj\application\admin\controller\Ueditor.php 27 - 81
}

[ info ] [ LOG ] INIT file

---------------------------------------------------------------
[ 2018-04-24T19:10:55+08:00 ] 127.0.0.1 127.0.0.1 GET /index.php/index/cart/index.html
[ log ] 127.0.0.1:815/index.php/index/cart/index.html [运行时间：0.223000s][吞吐率：4.48req/s] [内存消耗：2,215.96kb] [文件加载：53]
[ info ] [ DB ] INIT mysql
[ info ] [ LANG ] E:\ceshi\dbgj\core\lang\zh-cn.php
[ info ] [ ROUTE ] array (
  'type' => 'module',
  'module' => 
  array (
    0 => 'index',
    1 => 'cart',
    2 => 'index',
  ),
)
[ info ] [ HEADER ] array (
  'host' => '127.0.0.1:815',
  'connection' => 'keep-alive',
  'upgrade-insecure-requests' => '1',
  'user-agent' => 'Mozilla/5.0 (Windows NT 6.1; WOW64) AppleWebKit/537.36 (KHTML, like Gecko) Chrome/55.0.2883.87 Safari/537.36',
  'accept' => 'text/html,application/xhtml+xml,application/xml;q=0.9,image/webp,*/*;q=0.8',
  'referer' => 'http://127.0.0.1:815/index.php/index/goods/detail.html?id=49',
  'accept-encoding' => 'gzip, deflate, sdch, br',
  'accept-language' => 'zh-CN,zh;q=0.8',
  'cookie' => 'think_var=zh-cn; PHPSESSID=j072qgr79jso0frnubv64o5577; __guid=96992031.2837112470789757400.1524568133095.2324; monitor_count=14',
)
[ info ] [ PARAM ] array (
)
[ info ] [ LANG ] E:\ceshi\dbgj/application/index\lang\zh-cn.php
[ info ] [ SESSION ] INIT array (
  'prefix' => 'minishop',
  'type' => '',
  'auto_start' => true,
)
[ info ] [ RUN ] /**
	* 购物车首页
	* @author tangtanglove
	*/
Method [ <user> public method index ] {
  @@ E:\ceshi\dbgj\application\index\controller\Cart.php 24 - 68
}

[ info ] [ VIEW ] ./themes/default/index/cart_index.html [ array (
  0 => 'userinfo',
  1 => 'tyjfmc',
  2 => 'cartMoney',
  3 => 'selectGoods',
  4 => 'lists',
) ]
[ info ] [ LOG ] INIT file

---------------------------------------------------------------
[ 2018-04-24T19:11:01+08:00 ] 127.0.0.1 127.0.0.1 GET /index.php/index/goods/detail.html?id=49
[ log ] 127.0.0.1:815/index.php/index/goods/detail.html?id=49 [运行时间：0.134000s][吞吐率：7.46req/s] [内存消耗：2,216.05kb] [文件加载：53]
[ info ] [ DB ] INIT mysql
[ info ] [ LANG ] E:\ceshi\dbgj\core\lang\zh-cn.php
[ info ] [ ROUTE ] array (
  'type' => 'module',
  'module' => 
  array (
    0 => 'index',
    1 => 'goods',
    2 => 'detail',
  ),
)
[ info ] [ HEADER ] array (
  'host' => '127.0.0.1:815',
  'connection' => 'keep-alive',
  'upgrade-insecure-requests' => '1',
  'user-agent' => 'Mozilla/5.0 (Windows NT 6.1; WOW64) AppleWebKit/537.36 (KHTML, like Gecko) Chrome/55.0.2883.87 Safari/537.36',
  'accept' => 'text/html,application/xhtml+xml,application/xml;q=0.9,image/webp,*/*;q=0.8',
  'referer' => 'http://127.0.0.1:815/index.php/index/index/index.html',
  'accept-encoding' => 'gzip, deflate, sdch, br',
  'accept-language' => 'zh-CN,zh;q=0.8',
  'cookie' => 'think_var=zh-cn; PHPSESSID=j072qgr79jso0frnubv64o5577; __guid=96992031.2837112470789757400.1524568133095.2324; monitor_count=15',
)
[ info ] [ PARAM ] array (
  'id' => '49',
)
[ info ] [ LANG ] E:\ceshi\dbgj/application/index\lang\zh-cn.php
[ info ] [ SESSION ] INIT array (
  'prefix' => 'minishop',
  'type' => '',
  'auto_start' => true,
)
[ info ] [ RUN ] Method [ <user> public method detail ] {
  @@ E:\ceshi\dbgj\application\index\controller\Goods.php 25 - 45
}

[ info ] [ VIEW ] ./themes/default/index/goods_detail.html [ array (
  0 => 'userinfo',
  1 => 'data',
) ]
[ info ] [ LOG ] INIT file

---------------------------------------------------------------
[ 2018-04-24T19:59:27+08:00 ] 127.0.0.1 127.0.0.1 GET /themes/default/index/js/jquery.min.map
[ log ] 127.0.0.1:815/themes/default/index/js/jquery.min.map [运行时间：0.151000s][吞吐率：6.62req/s] [内存消耗：1,774.25kb] [文件加载：41]
[ info ] [ DB ] INIT mysql
[ info ] [ LANG ] E:\ceshi\dbgj\core\lang\zh-cn.php
[ info ] [ ROUTE ] array (
  'type' => 'module',
  'module' => 
  array (
    0 => 'themes',
    1 => 'default',
    2 => 'index',
  ),
)
[ info ] [ HEADER ] array (
  'host' => '127.0.0.1:815',
  'connection' => 'keep-alive',
  'user-agent' => 'Mozilla/5.0 (Windows NT 6.1; WOW64) AppleWebKit/537.36 (KHTML, like Gecko) Chrome/55.0.2883.87 Safari/537.36',
  'accept-encoding' => 'gzip, deflate, sdch, br',
  'accept-language' => 'zh-CN,zh;q=0.8',
)
[ info ] [ PARAM ] array (
  'themes/default/index/js/jquery_min_map' => '',
  'js' => 'jquery.min.map',
)
[ info ] [ LOG ] INIT file

---------------------------------------------------------------
