[ 2018-01-16T08:54:55+08:00 ] 172.31.179.54 144.0.156.69 GET /favicon.ico
[ log ] dbgj.hoonking.com/favicon.ico [运行时间：0.062500s][吞吐率：16.00req/s] [内存消耗：1,766.03kb] [文件加载：41]
[ info ] [ DB ] INIT mysql
[ info ] [ LANG ] E:\www\dbgj\core\lang\zh-cn.php
[ info ] [ ROUTE ] array (
  'type' => 'module',
  'module' => 
  array (
    0 => 'favicon.ico',
    1 => NULL,
    2 => NULL,
  ),
)
[ info ] [ HEADER ] array (
  'host' => 'dbgj.hoonking.com',
  'connection' => 'keep-alive',
  'user-agent' => 'Mozilla/5.0 (Windows NT 6.1; WOW64) AppleWebKit/537.36 (KHTML, like Gecko) Chrome/45.0.2454.101 Safari/537.36',
  'accept-encoding' => 'gzip, deflate, sdch',
  'accept-language' => 'zh-CN,zh;q=0.8',
  'cookie' => 'PHPSESSID=bf90bhppacnpfn86up8pn0mk74',
)
[ info ] [ PARAM ] array (
  'favicon_ico' => '',
)
[ info ] [ LOG ] INIT file

---------------------------------------------------------------
[ 2018-01-16T08:54:56+08:00 ] 172.31.179.54 47.90.121.75 GET /index.php
[ log ] dbgj.hoonking.com/index.php [运行时间：0.078125s][吞吐率：12.80req/s] [内存消耗：2,186.30kb] [文件加载：54]
[ info ] [ DB ] INIT mysql
[ info ] [ LANG ] E:\www\dbgj\core\lang\zh-cn.php
[ info ] [ ROUTE ] array (
  'type' => 'module',
  'module' => 
  array (
    0 => '',
    1 => NULL,
    2 => NULL,
  ),
)
[ info ] [ HEADER ] array (
  'host' => 'dbgj.hoonking.com',
  'accept-encoding' => 'compress,gzip',
  'connection' => 'Close',
)
[ info ] [ PARAM ] array (
)
[ info ] [ LANG ] E:\www\dbgj/application/index\lang\zh-cn.php
[ info ] [ SESSION ] INIT array (
  'prefix' => 'minishop',
  'type' => '',
  'auto_start' => true,
)
[ info ] [ LOG ] INIT file

---------------------------------------------------------------
[ 2018-01-16T09:35:36+08:00 ] 172.31.179.54 144.0.156.69 GET /favicon.ico
[ log ] dbgj.hoonking.com/favicon.ico [运行时间：0.078125s][吞吐率：12.80req/s] [内存消耗：1,765.88kb] [文件加载：41]
[ info ] [ DB ] INIT mysql
[ info ] [ LANG ] E:\www\dbgj\core\lang\zh-cn.php
[ info ] [ ROUTE ] array (
  'type' => 'module',
  'module' => 
  array (
    0 => 'favicon.ico',
    1 => NULL,
    2 => NULL,
  ),
)
[ info ] [ HEADER ] array (
  'host' => 'dbgj.hoonking.com',
  'connection' => 'keep-alive',
  'user-agent' => 'Mozilla/5.0 (Windows NT 6.1; WOW64) AppleWebKit/537.36 (KHTML, like Gecko) Chrome/45.0.2454.101 Safari/537.36',
  'accept-encoding' => 'gzip, deflate, sdch',
  'accept-language' => 'zh-CN,zh;q=0.8',
  'cookie' => 'PHPSESSID=bf90bhppacnpfn86up8pn0mk74; think_var=zh-cn',
)
[ info ] [ PARAM ] array (
  'favicon_ico' => '',
)
[ info ] [ LOG ] INIT file

---------------------------------------------------------------
[ 2018-01-16T10:54:05+08:00 ] 172.31.179.54 144.0.156.69 GET /favicon.ico
[ log ] dbgj.hoonking.com/favicon.ico [运行时间：0.062501s][吞吐率：16.00req/s] [内存消耗：1,766.21kb] [文件加载：41]
[ info ] [ DB ] INIT mysql
[ info ] [ LANG ] E:\www\dbgj\core\lang\zh-cn.php
[ info ] [ ROUTE ] array (
  'type' => 'module',
  'module' => 
  array (
    0 => 'favicon.ico',
    1 => NULL,
    2 => NULL,
  ),
)
[ info ] [ HEADER ] array (
  'host' => 'dbgj.hoonking.com',
  'connection' => 'keep-alive',
  'user-agent' => 'Mozilla/5.0 (Windows NT 6.1; WOW64) AppleWebKit/537.36 (KHTML, like Gecko) Chrome/45.0.2454.101 Safari/537.36',
  'accept-encoding' => 'gzip, deflate, sdch',
  'accept-language' => 'zh-CN,zh;q=0.8',
  'cookie' => 'PHPSESSID=bf90bhppacnpfn86up8pn0mk74',
)
[ info ] [ PARAM ] array (
  'favicon_ico' => '',
)
[ info ] [ LOG ] INIT file

---------------------------------------------------------------
[ 2018-01-16T10:55:00+08:00 ] 172.31.179.54 144.0.156.69 GET /favicon.ico
[ log ] dbgj.hoonking.com/favicon.ico [运行时间：0.062501s][吞吐率：16.00req/s] [内存消耗：1,766.06kb] [文件加载：41]
[ info ] [ DB ] INIT mysql
[ info ] [ LANG ] E:\www\dbgj\core\lang\zh-cn.php
[ info ] [ ROUTE ] array (
  'type' => 'module',
  'module' => 
  array (
    0 => 'favicon.ico',
    1 => NULL,
    2 => NULL,
  ),
)
[ info ] [ HEADER ] array (
  'host' => 'dbgj.hoonking.com',
  'connection' => 'keep-alive',
  'user-agent' => 'Mozilla/5.0 (Windows NT 6.1; WOW64) AppleWebKit/537.36 (KHTML, like Gecko) Chrome/45.0.2454.101 Safari/537.36',
  'accept-encoding' => 'gzip, deflate, sdch',
  'accept-language' => 'zh-CN,zh;q=0.8',
)
[ info ] [ PARAM ] array (
  'favicon_ico' => '',
)
[ info ] [ LOG ] INIT file

---------------------------------------------------------------
[ 2018-01-16T11:08:25+08:00 ] 172.31.179.54 144.0.156.69 GET /favicon.ico
[ log ] dbgj.hoonking.com/favicon.ico [运行时间：0.046875s][吞吐率：21.33req/s] [内存消耗：1,765.87kb] [文件加载：41]
[ info ] [ DB ] INIT mysql
[ info ] [ LANG ] E:\www\dbgj\core\lang\zh-cn.php
[ info ] [ ROUTE ] array (
  'type' => 'module',
  'module' => 
  array (
    0 => 'favicon.ico',
    1 => NULL,
    2 => NULL,
  ),
)
[ info ] [ HEADER ] array (
  'host' => 'dbgj.hoonking.com',
  'connection' => 'keep-alive',
  'user-agent' => 'Mozilla/5.0 (Windows NT 6.1; WOW64) AppleWebKit/537.36 (KHTML, like Gecko) Chrome/45.0.2454.101 Safari/537.36',
  'accept-encoding' => 'gzip, deflate, sdch',
  'accept-language' => 'zh-CN,zh;q=0.8',
  'cookie' => 'PHPSESSID=bf90bhppacnpfn86up8pn0mk74; think_var=zh-cn',
)
[ info ] [ PARAM ] array (
  'favicon_ico' => '',
)
[ info ] [ LOG ] INIT file

---------------------------------------------------------------
[ 2018-01-16T13:31:46+08:00 ] 172.31.179.54 144.0.156.69 GET /favicon.ico
[ log ] dbgj.hoonking.com/favicon.ico [运行时间：0.078125s][吞吐率：12.80req/s] [内存消耗：1,766.22kb] [文件加载：41]
[ info ] [ DB ] INIT mysql
[ info ] [ LANG ] E:\www\dbgj\core\lang\zh-cn.php
[ info ] [ ROUTE ] array (
  'type' => 'module',
  'module' => 
  array (
    0 => 'favicon.ico',
    1 => NULL,
    2 => NULL,
  ),
)
[ info ] [ HEADER ] array (
  'host' => 'dbgj.hoonking.com',
  'connection' => 'keep-alive',
  'user-agent' => 'Mozilla/5.0 (Windows NT 6.1; WOW64) AppleWebKit/537.36 (KHTML, like Gecko) Chrome/45.0.2454.101 Safari/537.36',
  'accept-encoding' => 'gzip, deflate, sdch',
  'accept-language' => 'zh-CN,zh;q=0.8',
  'cookie' => 'PHPSESSID=bf90bhppacnpfn86up8pn0mk74',
)
[ info ] [ PARAM ] array (
  'favicon_ico' => '',
)
[ info ] [ LOG ] INIT file

---------------------------------------------------------------
[ 2018-01-16T14:33:28+08:00 ] 172.31.179.54 144.0.156.69 GET /favicon.ico
[ log ] dbgj.hoonking.com/favicon.ico [运行时间：0.062500s][吞吐率：16.00req/s] [内存消耗：1,766.21kb] [文件加载：41]
[ info ] [ DB ] INIT mysql
[ info ] [ LANG ] E:\www\dbgj\core\lang\zh-cn.php
[ info ] [ ROUTE ] array (
  'type' => 'module',
  'module' => 
  array (
    0 => 'favicon.ico',
    1 => NULL,
    2 => NULL,
  ),
)
[ info ] [ HEADER ] array (
  'host' => 'dbgj.hoonking.com',
  'connection' => 'keep-alive',
  'user-agent' => 'Mozilla/5.0 (Windows NT 6.1; WOW64) AppleWebKit/537.36 (KHTML, like Gecko) Chrome/45.0.2454.101 Safari/537.36',
  'accept-encoding' => 'gzip, deflate, sdch',
  'accept-language' => 'zh-CN,zh;q=0.8',
  'cookie' => 'PHPSESSID=bf90bhppacnpfn86up8pn0mk74',
)
[ info ] [ PARAM ] array (
  'favicon_ico' => '',
)
[ info ] [ LOG ] INIT file

---------------------------------------------------------------
