[ 2018-01-27T13:49:13+08:00 ] 127.0.0.1 127.0.0.1 GET /admin.php
[ log ] 127.0.0.1:815/admin.php [运行时间：0.142000s][吞吐率：7.04req/s] [内存消耗：2,167.29kb] [文件加载：51]
[ info ] [ DB ] INIT mysql
[ info ] [ LANG ] E:\ceshi\dbgj\core\lang\zh-cn.php
[ info ] [ ROUTE ] array (
  'type' => 'module',
  'module' => 
  array (
    0 => 'admin',
    1 => NULL,
    2 => NULL,
  ),
)
[ info ] [ HEADER ] array (
  'host' => '127.0.0.1:815',
  'connection' => 'keep-alive',
  'upgrade-insecure-requests' => '1',
  'user-agent' => 'Mozilla/5.0 (Windows NT 6.1; WOW64) AppleWebKit/537.36 (KHTML, like Gecko) Chrome/55.0.2883.87 Safari/537.36',
  'accept' => 'text/html,application/xhtml+xml,application/xml;q=0.9,image/webp,*/*;q=0.8',
  'accept-encoding' => 'gzip, deflate, sdch, br',
  'accept-language' => 'zh-CN,zh;q=0.8',
)
[ info ] [ PARAM ] array (
)
[ info ] [ LANG ] E:\ceshi\dbgj/application/admin\lang\zh-cn.php
[ info ] [ SESSION ] INIT array (
  'id' => '',
  'var_session_id' => 'session_id',
  'prefix' => 'minishop',
  'type' => '',
  'auto_start' => true,
)
[ info ] [ LOG ] INIT file

---------------------------------------------------------------
[ 2018-01-27T13:49:13+08:00 ] 127.0.0.1 127.0.0.1 GET /admin.php/base/login.html
[ log ] 127.0.0.1:815/admin.php/base/login.html [运行时间：0.116000s][吞吐率：8.62req/s] [内存消耗：2,093.24kb] [文件加载：48]
[ info ] [ DB ] INIT mysql
[ info ] [ LANG ] E:\ceshi\dbgj\core\lang\zh-cn.php
[ info ] [ ROUTE ] array (
  'type' => 'module',
  'module' => 
  array (
    0 => 'admin',
    1 => 'base',
    2 => 'login',
  ),
)
[ info ] [ HEADER ] array (
  'host' => '127.0.0.1:815',
  'connection' => 'keep-alive',
  'upgrade-insecure-requests' => '1',
  'user-agent' => 'Mozilla/5.0 (Windows NT 6.1; WOW64) AppleWebKit/537.36 (KHTML, like Gecko) Chrome/55.0.2883.87 Safari/537.36',
  'accept' => 'text/html,application/xhtml+xml,application/xml;q=0.9,image/webp,*/*;q=0.8',
  'accept-encoding' => 'gzip, deflate, sdch, br',
  'accept-language' => 'zh-CN,zh;q=0.8',
  'cookie' => 'think_var=zh-cn; PHPSESSID=f1np8j5svgu53uthc3mtsbf5j7',
)
[ info ] [ PARAM ] array (
)
[ info ] [ LANG ] E:\ceshi\dbgj/application/admin\lang\zh-cn.php
[ info ] [ RUN ] /**
     * 用户登录方法
     * @author  tangtanglove <dai_hang_love@126.com>
     */
Method [ <user> public method login ] {
  @@ E:\ceshi\dbgj\application\admin\controller\Base.php 37 - 71
}

[ info ] [ VIEW ] E:\ceshi\dbgj/application/admin\view\base\login.html [ array (
  0 => 'tyjfmc',
) ]
[ info ] [ LOG ] INIT file

---------------------------------------------------------------
[ 2018-01-27T13:49:13+08:00 ] 127.0.0.1 127.0.0.1 GET /static/bootstrap/css/font-awesome.min.css
[ log ] 127.0.0.1:815/static/bootstrap/css/font-awesome.min.css [运行时间：0.116000s][吞吐率：8.62req/s] [内存消耗：1,774.34kb] [文件加载：41]
[ info ] [ DB ] INIT mysql
[ info ] [ LANG ] E:\ceshi\dbgj\core\lang\zh-cn.php
[ info ] [ ROUTE ] array (
  'type' => 'module',
  'module' => 
  array (
    0 => 'static',
    1 => 'bootstrap',
    2 => 'css',
  ),
)
[ info ] [ HEADER ] array (
  'host' => '127.0.0.1:815',
  'connection' => 'keep-alive',
  'user-agent' => 'Mozilla/5.0 (Windows NT 6.1; WOW64) AppleWebKit/537.36 (KHTML, like Gecko) Chrome/55.0.2883.87 Safari/537.36',
  'accept' => 'text/css,*/*;q=0.1',
  'referer' => 'http://127.0.0.1:815/admin.php/base/login.html',
  'accept-encoding' => 'gzip, deflate, sdch, br',
  'accept-language' => 'zh-CN,zh;q=0.8',
  'cookie' => 'think_var=zh-cn; PHPSESSID=f1np8j5svgu53uthc3mtsbf5j7',
)
[ info ] [ PARAM ] array (
  'static/bootstrap/css/font-awesome_min_css' => '',
)
[ info ] [ LOG ] INIT file

---------------------------------------------------------------
[ 2018-01-27T13:49:13+08:00 ] 127.0.0.1 127.0.0.1 GET /static/plugins/iCheck/square/blue.css
[ log ] 127.0.0.1:815/static/plugins/iCheck/square/blue.css [运行时间：0.174000s][吞吐率：5.75req/s] [内存消耗：1,774.37kb] [文件加载：41]
[ info ] [ DB ] INIT mysql
[ info ] [ LANG ] E:\ceshi\dbgj\core\lang\zh-cn.php
[ info ] [ ROUTE ] array (
  'type' => 'module',
  'module' => 
  array (
    0 => 'static',
    1 => 'plugins',
    2 => 'iCheck',
  ),
)
[ info ] [ HEADER ] array (
  'host' => '127.0.0.1:815',
  'connection' => 'keep-alive',
  'user-agent' => 'Mozilla/5.0 (Windows NT 6.1; WOW64) AppleWebKit/537.36 (KHTML, like Gecko) Chrome/55.0.2883.87 Safari/537.36',
  'accept' => 'text/css,*/*;q=0.1',
  'referer' => 'http://127.0.0.1:815/admin.php/base/login.html',
  'accept-encoding' => 'gzip, deflate, sdch, br',
  'accept-language' => 'zh-CN,zh;q=0.8',
  'cookie' => 'think_var=zh-cn; PHPSESSID=f1np8j5svgu53uthc3mtsbf5j7',
)
[ info ] [ PARAM ] array (
  'static/plugins/iCheck/square/blue_css' => '',
  'square' => 'blue.css',
)
[ info ] [ LOG ] INIT file

---------------------------------------------------------------
[ 2018-01-27T13:49:13+08:00 ] 127.0.0.1 127.0.0.1 GET /static/bootstrap/css/ionicons.min.css
[ log ] 127.0.0.1:815/static/bootstrap/css/ionicons.min.css [运行时间：0.247000s][吞吐率：4.05req/s] [内存消耗：1,774.19kb] [文件加载：41]
[ info ] [ DB ] INIT mysql
[ info ] [ LANG ] E:\ceshi\dbgj\core\lang\zh-cn.php
[ info ] [ ROUTE ] array (
  'type' => 'module',
  'module' => 
  array (
    0 => 'static',
    1 => 'bootstrap',
    2 => 'css',
  ),
)
[ info ] [ HEADER ] array (
  'host' => '127.0.0.1:815',
  'connection' => 'keep-alive',
  'user-agent' => 'Mozilla/5.0 (Windows NT 6.1; WOW64) AppleWebKit/537.36 (KHTML, like Gecko) Chrome/55.0.2883.87 Safari/537.36',
  'accept' => 'text/css,*/*;q=0.1',
  'referer' => 'http://127.0.0.1:815/admin.php/base/login.html',
  'accept-encoding' => 'gzip, deflate, sdch, br',
  'accept-language' => 'zh-CN,zh;q=0.8',
  'cookie' => 'think_var=zh-cn; PHPSESSID=f1np8j5svgu53uthc3mtsbf5j7',
)
[ info ] [ PARAM ] array (
  'static/bootstrap/css/ionicons_min_css' => '',
)
[ info ] [ LOG ] INIT file

---------------------------------------------------------------
[ 2018-01-27T13:49:14+08:00 ] 127.0.0.1 127.0.0.1 GET /admin.php/base/captcha.html
[ log ] 127.0.0.1:815/admin.php/base/captcha.html [运行时间：0.327000s][吞吐率：3.06req/s] [内存消耗：2,141.96kb] [文件加载：48]
[ info ] [ DB ] INIT mysql
[ info ] [ LANG ] E:\ceshi\dbgj\core\lang\zh-cn.php
[ info ] [ ROUTE ] array (
  'type' => 'module',
  'module' => 
  array (
    0 => 'admin',
    1 => 'base',
    2 => 'captcha',
  ),
)
[ info ] [ HEADER ] array (
  'host' => '127.0.0.1:815',
  'connection' => 'keep-alive',
  'user-agent' => 'Mozilla/5.0 (Windows NT 6.1; WOW64) AppleWebKit/537.36 (KHTML, like Gecko) Chrome/55.0.2883.87 Safari/537.36',
  'accept' => 'image/webp,image/*,*/*;q=0.8',
  'referer' => 'http://127.0.0.1:815/admin.php/base/login.html',
  'accept-encoding' => 'gzip, deflate, sdch, br',
  'accept-language' => 'zh-CN,zh;q=0.8',
  'cookie' => 'think_var=zh-cn; PHPSESSID=f1np8j5svgu53uthc3mtsbf5j7; __guid=96992031.245101070365389760.1517032153694.6084; monitor_count=1',
)
[ info ] [ PARAM ] array (
)
[ info ] [ LANG ] E:\ceshi\dbgj/application/admin\lang\zh-cn.php
[ info ] [ RUN ] /**
     * 系统验证码方法
     * @author  tangtanglove <dai_hang_love@126.com>
     */
Method [ <user> public method captcha ] {
  @@ E:\ceshi\dbgj\application\admin\controller\Base.php 77 - 81
}

[ info ] [ SESSION ] INIT array (
  'id' => '',
  'var_session_id' => 'session_id',
  'prefix' => 'minishop',
  'type' => '',
  'auto_start' => true,
)
[ info ] [ LOG ] INIT file

---------------------------------------------------------------
[ 2018-01-27T13:49:14+08:00 ] 127.0.0.1 127.0.0.1 GET /favicon.ico
[ log ] 127.0.0.1:815/favicon.ico [运行时间：0.078000s][吞吐率：12.82req/s] [内存消耗：1,774.22kb] [文件加载：41]
[ info ] [ DB ] INIT mysql
[ info ] [ LANG ] E:\ceshi\dbgj\core\lang\zh-cn.php
[ info ] [ ROUTE ] array (
  'type' => 'module',
  'module' => 
  array (
    0 => 'favicon.ico',
    1 => NULL,
    2 => NULL,
  ),
)
[ info ] [ HEADER ] array (
  'host' => '127.0.0.1:815',
  'connection' => 'keep-alive',
  'user-agent' => 'Mozilla/5.0 (Windows NT 6.1; WOW64) AppleWebKit/537.36 (KHTML, like Gecko) Chrome/55.0.2883.87 Safari/537.36',
  'accept' => 'image/webp,image/*,*/*;q=0.8',
  'referer' => 'http://127.0.0.1:815/admin.php/base/login.html',
  'accept-encoding' => 'gzip, deflate, sdch, br',
  'accept-language' => 'zh-CN,zh;q=0.8',
  'cookie' => 'think_var=zh-cn; PHPSESSID=f1np8j5svgu53uthc3mtsbf5j7; __guid=96992031.245101070365389760.1517032153694.6084; monitor_count=1',
)
[ info ] [ PARAM ] array (
  'favicon_ico' => '',
)
[ info ] [ LOG ] INIT file

---------------------------------------------------------------
[ 2018-01-27T13:49:19+08:00 ] 127.0.0.1 127.0.0.1 GET /admin.php/base/captcha.html?rand=0.05229665185111099
[ log ] 127.0.0.1:815/admin.php/base/captcha.html?rand=0.05229665185111099 [运行时间：0.113000s][吞吐率：8.85req/s] [内存消耗：2,142.17kb] [文件加载：48]
[ info ] [ DB ] INIT mysql
[ info ] [ LANG ] E:\ceshi\dbgj\core\lang\zh-cn.php
[ info ] [ ROUTE ] array (
  'type' => 'module',
  'module' => 
  array (
    0 => 'admin',
    1 => 'base',
    2 => 'captcha',
  ),
)
[ info ] [ HEADER ] array (
  'host' => '127.0.0.1:815',
  'connection' => 'keep-alive',
  'user-agent' => 'Mozilla/5.0 (Windows NT 6.1; WOW64) AppleWebKit/537.36 (KHTML, like Gecko) Chrome/55.0.2883.87 Safari/537.36',
  'accept' => 'image/webp,image/*,*/*;q=0.8',
  'referer' => 'http://127.0.0.1:815/admin.php/base/login.html',
  'accept-encoding' => 'gzip, deflate, sdch, br',
  'accept-language' => 'zh-CN,zh;q=0.8',
  'cookie' => 'think_var=zh-cn; PHPSESSID=f1np8j5svgu53uthc3mtsbf5j7; __guid=96992031.245101070365389760.1517032153694.6084; monitor_count=1',
)
[ info ] [ PARAM ] array (
  'rand' => '0.05229665185111099',
)
[ info ] [ LANG ] E:\ceshi\dbgj/application/admin\lang\zh-cn.php
[ info ] [ RUN ] /**
     * 系统验证码方法
     * @author  tangtanglove <dai_hang_love@126.com>
     */
Method [ <user> public method captcha ] {
  @@ E:\ceshi\dbgj\application\admin\controller\Base.php 77 - 81
}

[ info ] [ SESSION ] INIT array (
  'id' => '',
  'var_session_id' => 'session_id',
  'prefix' => 'minishop',
  'type' => '',
  'auto_start' => true,
)
[ info ] [ LOG ] INIT file

---------------------------------------------------------------
[ 2018-01-27T13:49:26+08:00 ] 127.0.0.1 127.0.0.1 POST /admin.php/base/login.html
[ log ] 127.0.0.1:815/admin.php/base/login.html [运行时间：0.102000s][吞吐率：9.80req/s] [内存消耗：2,330.80kb] [文件加载：52]
[ info ] [ DB ] INIT mysql
[ info ] [ LANG ] E:\ceshi\dbgj\core\lang\zh-cn.php
[ info ] [ ROUTE ] array (
  'type' => 'module',
  'module' => 
  array (
    0 => 'admin',
    1 => 'base',
    2 => 'login',
  ),
)
[ info ] [ HEADER ] array (
  'host' => '127.0.0.1:815',
  'connection' => 'keep-alive',
  'accept' => '*/*',
  'origin' => 'http://127.0.0.1:815',
  'x-requested-with' => 'XMLHttpRequest',
  'user-agent' => 'Mozilla/5.0 (Windows NT 6.1; WOW64) AppleWebKit/537.36 (KHTML, like Gecko) Chrome/55.0.2883.87 Safari/537.36',
  'referer' => 'http://127.0.0.1:815/admin.php/base/login.html',
  'accept-encoding' => 'gzip, deflate, br',
  'accept-language' => 'zh-CN,zh;q=0.8',
  'cookie' => 'think_var=zh-cn; PHPSESSID=f1np8j5svgu53uthc3mtsbf5j7; __guid=96992031.245101070365389760.1517032153694.6084; monitor_count=1',
  'content-type' => 'application/x-www-form-urlencoded; charset=UTF-8',
  'content-length' => '43',
)
[ info ] [ PARAM ] array (
  'username' => 'admin',
  'password' => '123456',
  'captcha' => 'u4rh',
)
[ info ] [ LANG ] E:\ceshi\dbgj/application/admin\lang\zh-cn.php
[ info ] [ RUN ] /**
     * 用户登录方法
     * @author  tangtanglove <dai_hang_love@126.com>
     */
Method [ <user> public method login ] {
  @@ E:\ceshi\dbgj\application\admin\controller\Base.php 37 - 71
}

[ info ] [ SESSION ] INIT array (
  'id' => '',
  'var_session_id' => 'session_id',
  'prefix' => 'minishop',
  'type' => '',
  'auto_start' => true,
)
[ info ] [ LOG ] INIT file

---------------------------------------------------------------
[ 2018-01-27T13:49:26+08:00 ] 127.0.0.1 127.0.0.1 GET /admin.php/base/captcha.html?rand=0.8419682851707144
[ log ] 127.0.0.1:815/admin.php/base/captcha.html?rand=0.8419682851707144 [运行时间：0.089000s][吞吐率：11.24req/s] [内存消耗：2,142.20kb] [文件加载：48]
[ info ] [ DB ] INIT mysql
[ info ] [ LANG ] E:\ceshi\dbgj\core\lang\zh-cn.php
[ info ] [ ROUTE ] array (
  'type' => 'module',
  'module' => 
  array (
    0 => 'admin',
    1 => 'base',
    2 => 'captcha',
  ),
)
[ info ] [ HEADER ] array (
  'host' => '127.0.0.1:815',
  'connection' => 'keep-alive',
  'user-agent' => 'Mozilla/5.0 (Windows NT 6.1; WOW64) AppleWebKit/537.36 (KHTML, like Gecko) Chrome/55.0.2883.87 Safari/537.36',
  'accept' => 'image/webp,image/*,*/*;q=0.8',
  'referer' => 'http://127.0.0.1:815/admin.php/base/login.html',
  'accept-encoding' => 'gzip, deflate, sdch, br',
  'accept-language' => 'zh-CN,zh;q=0.8',
  'cookie' => 'think_var=zh-cn; PHPSESSID=f1np8j5svgu53uthc3mtsbf5j7; __guid=96992031.245101070365389760.1517032153694.6084; monitor_count=1',
)
[ info ] [ PARAM ] array (
  'rand' => '0.8419682851707144',
)
[ info ] [ LANG ] E:\ceshi\dbgj/application/admin\lang\zh-cn.php
[ info ] [ RUN ] /**
     * 系统验证码方法
     * @author  tangtanglove <dai_hang_love@126.com>
     */
Method [ <user> public method captcha ] {
  @@ E:\ceshi\dbgj\application\admin\controller\Base.php 77 - 81
}

[ info ] [ SESSION ] INIT array (
  'id' => '',
  'var_session_id' => 'session_id',
  'prefix' => 'minishop',
  'type' => '',
  'auto_start' => true,
)
[ info ] [ LOG ] INIT file

---------------------------------------------------------------
[ 2018-01-27T13:49:28+08:00 ] 127.0.0.1 127.0.0.1 GET /admin.php/base/captcha.html?rand=0.8871516775363155
[ log ] 127.0.0.1:815/admin.php/base/captcha.html?rand=0.8871516775363155 [运行时间：0.104000s][吞吐率：9.62req/s] [内存消耗：2,142.19kb] [文件加载：48]
[ info ] [ DB ] INIT mysql
[ info ] [ LANG ] E:\ceshi\dbgj\core\lang\zh-cn.php
[ info ] [ ROUTE ] array (
  'type' => 'module',
  'module' => 
  array (
    0 => 'admin',
    1 => 'base',
    2 => 'captcha',
  ),
)
[ info ] [ HEADER ] array (
  'host' => '127.0.0.1:815',
  'connection' => 'keep-alive',
  'user-agent' => 'Mozilla/5.0 (Windows NT 6.1; WOW64) AppleWebKit/537.36 (KHTML, like Gecko) Chrome/55.0.2883.87 Safari/537.36',
  'accept' => 'image/webp,image/*,*/*;q=0.8',
  'referer' => 'http://127.0.0.1:815/admin.php/base/login.html',
  'accept-encoding' => 'gzip, deflate, sdch, br',
  'accept-language' => 'zh-CN,zh;q=0.8',
  'cookie' => 'think_var=zh-cn; PHPSESSID=f1np8j5svgu53uthc3mtsbf5j7; __guid=96992031.245101070365389760.1517032153694.6084; monitor_count=1',
)
[ info ] [ PARAM ] array (
  'rand' => '0.8871516775363155',
)
[ info ] [ LANG ] E:\ceshi\dbgj/application/admin\lang\zh-cn.php
[ info ] [ RUN ] /**
     * 系统验证码方法
     * @author  tangtanglove <dai_hang_love@126.com>
     */
Method [ <user> public method captcha ] {
  @@ E:\ceshi\dbgj\application\admin\controller\Base.php 77 - 81
}

[ info ] [ SESSION ] INIT array (
  'id' => '',
  'var_session_id' => 'session_id',
  'prefix' => 'minishop',
  'type' => '',
  'auto_start' => true,
)
[ info ] [ LOG ] INIT file

---------------------------------------------------------------
[ 2018-01-27T13:50:27+08:00 ] 127.0.0.1 127.0.0.1 POST /admin.php/base/login.html
[ log ] 127.0.0.1:815/admin.php/base/login.html [运行时间：0.101000s][吞吐率：9.90req/s] [内存消耗：2,315.05kb] [文件加载：52]
[ info ] [ DB ] INIT mysql
[ info ] [ LANG ] E:\ceshi\dbgj\core\lang\zh-cn.php
[ info ] [ ROUTE ] array (
  'type' => 'module',
  'module' => 
  array (
    0 => 'admin',
    1 => 'base',
    2 => 'login',
  ),
)
[ info ] [ HEADER ] array (
  'host' => '127.0.0.1:815',
  'connection' => 'keep-alive',
  'accept' => '*/*',
  'origin' => 'http://127.0.0.1:815',
  'x-requested-with' => 'XMLHttpRequest',
  'user-agent' => 'Mozilla/5.0 (Windows NT 6.1; WOW64) AppleWebKit/537.36 (KHTML, like Gecko) Chrome/55.0.2883.87 Safari/537.36',
  'referer' => 'http://127.0.0.1:815/admin.php/base/login.html',
  'accept-encoding' => 'gzip, deflate, br',
  'accept-language' => 'zh-CN,zh;q=0.8',
  'cookie' => 'think_var=zh-cn; PHPSESSID=f1np8j5svgu53uthc3mtsbf5j7; __guid=96992031.245101070365389760.1517032153694.6084; monitor_count=1',
  'content-type' => 'application/x-www-form-urlencoded; charset=UTF-8',
  'content-length' => '43',
)
[ info ] [ PARAM ] array (
  'username' => 'admin',
  'password' => '123456',
  'captcha' => 'hjhp',
)
[ info ] [ LANG ] E:\ceshi\dbgj/application/admin\lang\zh-cn.php
[ info ] [ RUN ] /**
     * 用户登录方法
     * @author  tangtanglove <dai_hang_love@126.com>
     */
Method [ <user> public method login ] {
  @@ E:\ceshi\dbgj\application\admin\controller\Base.php 37 - 71
}

[ info ] [ SESSION ] INIT array (
  'id' => '',
  'var_session_id' => 'session_id',
  'prefix' => 'minishop',
  'type' => '',
  'auto_start' => true,
)
[ info ] [ LOG ] INIT file

---------------------------------------------------------------
[ 2018-01-27T13:50:27+08:00 ] 127.0.0.1 127.0.0.1 GET /admin.php/base/captcha.html?rand=0.7882737252490515
[ log ] 127.0.0.1:815/admin.php/base/captcha.html?rand=0.7882737252490515 [运行时间：0.102000s][吞吐率：9.80req/s] [内存消耗：2,142.19kb] [文件加载：48]
[ info ] [ DB ] INIT mysql
[ info ] [ LANG ] E:\ceshi\dbgj\core\lang\zh-cn.php
[ info ] [ ROUTE ] array (
  'type' => 'module',
  'module' => 
  array (
    0 => 'admin',
    1 => 'base',
    2 => 'captcha',
  ),
)
[ info ] [ HEADER ] array (
  'host' => '127.0.0.1:815',
  'connection' => 'keep-alive',
  'user-agent' => 'Mozilla/5.0 (Windows NT 6.1; WOW64) AppleWebKit/537.36 (KHTML, like Gecko) Chrome/55.0.2883.87 Safari/537.36',
  'accept' => 'image/webp,image/*,*/*;q=0.8',
  'referer' => 'http://127.0.0.1:815/admin.php/base/login.html',
  'accept-encoding' => 'gzip, deflate, sdch, br',
  'accept-language' => 'zh-CN,zh;q=0.8',
  'cookie' => 'think_var=zh-cn; PHPSESSID=f1np8j5svgu53uthc3mtsbf5j7; __guid=96992031.245101070365389760.1517032153694.6084; monitor_count=1',
)
[ info ] [ PARAM ] array (
  'rand' => '0.7882737252490515',
)
[ info ] [ LANG ] E:\ceshi\dbgj/application/admin\lang\zh-cn.php
[ info ] [ RUN ] /**
     * 系统验证码方法
     * @author  tangtanglove <dai_hang_love@126.com>
     */
Method [ <user> public method captcha ] {
  @@ E:\ceshi\dbgj\application\admin\controller\Base.php 77 - 81
}

[ info ] [ SESSION ] INIT array (
  'id' => '',
  'var_session_id' => 'session_id',
  'prefix' => 'minishop',
  'type' => '',
  'auto_start' => true,
)
[ info ] [ LOG ] INIT file

---------------------------------------------------------------
[ 2018-01-27T13:51:56+08:00 ] 127.0.0.1 127.0.0.1 POST /admin.php/base/login.html
[ log ] 127.0.0.1:815/admin.php/base/login.html [运行时间：0.108000s][吞吐率：9.26req/s] [内存消耗：2,330.80kb] [文件加载：52]
[ info ] [ DB ] INIT mysql
[ info ] [ LANG ] E:\ceshi\dbgj\core\lang\zh-cn.php
[ info ] [ ROUTE ] array (
  'type' => 'module',
  'module' => 
  array (
    0 => 'admin',
    1 => 'base',
    2 => 'login',
  ),
)
[ info ] [ HEADER ] array (
  'host' => '127.0.0.1:815',
  'connection' => 'keep-alive',
  'accept' => '*/*',
  'origin' => 'http://127.0.0.1:815',
  'x-requested-with' => 'XMLHttpRequest',
  'user-agent' => 'Mozilla/5.0 (Windows NT 6.1; WOW64) AppleWebKit/537.36 (KHTML, like Gecko) Chrome/55.0.2883.87 Safari/537.36',
  'referer' => 'http://127.0.0.1:815/admin.php/base/login.html',
  'accept-encoding' => 'gzip, deflate, br',
  'accept-language' => 'zh-CN,zh;q=0.8',
  'cookie' => 'think_var=zh-cn; PHPSESSID=f1np8j5svgu53uthc3mtsbf5j7; __guid=96992031.245101070365389760.1517032153694.6084; monitor_count=1',
  'content-type' => 'application/x-www-form-urlencoded; charset=UTF-8',
  'content-length' => '43',
)
[ info ] [ PARAM ] array (
  'username' => 'admin',
  'password' => '123456',
  'captcha' => 'hkm5',
)
[ info ] [ LANG ] E:\ceshi\dbgj/application/admin\lang\zh-cn.php
[ info ] [ RUN ] /**
     * 用户登录方法
     * @author  tangtanglove <dai_hang_love@126.com>
     */
Method [ <user> public method login ] {
  @@ E:\ceshi\dbgj\application\admin\controller\Base.php 37 - 71
}

[ info ] [ SESSION ] INIT array (
  'id' => '',
  'var_session_id' => 'session_id',
  'prefix' => 'minishop',
  'type' => '',
  'auto_start' => true,
)
[ info ] [ LOG ] INIT file

---------------------------------------------------------------
[ 2018-01-27T13:51:56+08:00 ] 127.0.0.1 127.0.0.1 GET /admin.php/base/captcha.html?rand=0.5778342372802248
[ log ] 127.0.0.1:815/admin.php/base/captcha.html?rand=0.5778342372802248 [运行时间：0.077000s][吞吐率：12.99req/s] [内存消耗：2,142.20kb] [文件加载：48]
[ info ] [ DB ] INIT mysql
[ info ] [ LANG ] E:\ceshi\dbgj\core\lang\zh-cn.php
[ info ] [ ROUTE ] array (
  'type' => 'module',
  'module' => 
  array (
    0 => 'admin',
    1 => 'base',
    2 => 'captcha',
  ),
)
[ info ] [ HEADER ] array (
  'host' => '127.0.0.1:815',
  'connection' => 'keep-alive',
  'user-agent' => 'Mozilla/5.0 (Windows NT 6.1; WOW64) AppleWebKit/537.36 (KHTML, like Gecko) Chrome/55.0.2883.87 Safari/537.36',
  'accept' => 'image/webp,image/*,*/*;q=0.8',
  'referer' => 'http://127.0.0.1:815/admin.php/base/login.html',
  'accept-encoding' => 'gzip, deflate, sdch, br',
  'accept-language' => 'zh-CN,zh;q=0.8',
  'cookie' => 'think_var=zh-cn; PHPSESSID=f1np8j5svgu53uthc3mtsbf5j7; __guid=96992031.245101070365389760.1517032153694.6084; monitor_count=1',
)
[ info ] [ PARAM ] array (
  'rand' => '0.5778342372802248',
)
[ info ] [ LANG ] E:\ceshi\dbgj/application/admin\lang\zh-cn.php
[ info ] [ RUN ] /**
     * 系统验证码方法
     * @author  tangtanglove <dai_hang_love@126.com>
     */
Method [ <user> public method captcha ] {
  @@ E:\ceshi\dbgj\application\admin\controller\Base.php 77 - 81
}

[ info ] [ SESSION ] INIT array (
  'id' => '',
  'var_session_id' => 'session_id',
  'prefix' => 'minishop',
  'type' => '',
  'auto_start' => true,
)
[ info ] [ LOG ] INIT file

---------------------------------------------------------------
[ 2018-01-27T13:55:02+08:00 ] 127.0.0.1 127.0.0.1 GET /admin.php/base/captcha.html?rand=0.9091188780697399
[ log ] 127.0.0.1:815/admin.php/base/captcha.html?rand=0.9091188780697399 [运行时间：0.094000s][吞吐率：10.64req/s] [内存消耗：2,142.19kb] [文件加载：48]
[ info ] [ DB ] INIT mysql
[ info ] [ LANG ] E:\ceshi\dbgj\core\lang\zh-cn.php
[ info ] [ ROUTE ] array (
  'type' => 'module',
  'module' => 
  array (
    0 => 'admin',
    1 => 'base',
    2 => 'captcha',
  ),
)
[ info ] [ HEADER ] array (
  'host' => '127.0.0.1:815',
  'connection' => 'keep-alive',
  'user-agent' => 'Mozilla/5.0 (Windows NT 6.1; WOW64) AppleWebKit/537.36 (KHTML, like Gecko) Chrome/55.0.2883.87 Safari/537.36',
  'accept' => 'image/webp,image/*,*/*;q=0.8',
  'referer' => 'http://127.0.0.1:815/admin.php/base/login.html',
  'accept-encoding' => 'gzip, deflate, sdch, br',
  'accept-language' => 'zh-CN,zh;q=0.8',
  'cookie' => 'think_var=zh-cn; PHPSESSID=f1np8j5svgu53uthc3mtsbf5j7; __guid=96992031.245101070365389760.1517032153694.6084; monitor_count=1',
)
[ info ] [ PARAM ] array (
  'rand' => '0.9091188780697399',
)
[ info ] [ LANG ] E:\ceshi\dbgj/application/admin\lang\zh-cn.php
[ info ] [ RUN ] /**
     * 系统验证码方法
     * @author  tangtanglove <dai_hang_love@126.com>
     */
Method [ <user> public method captcha ] {
  @@ E:\ceshi\dbgj\application\admin\controller\Base.php 77 - 81
}

[ info ] [ SESSION ] INIT array (
  'id' => '',
  'var_session_id' => 'session_id',
  'prefix' => 'minishop',
  'type' => '',
  'auto_start' => true,
)
[ info ] [ LOG ] INIT file

---------------------------------------------------------------
[ 2018-01-27T13:55:10+08:00 ] 127.0.0.1 127.0.0.1 POST /admin.php/base/login.html
[ log ] 127.0.0.1:815/admin.php/base/login.html [运行时间：0.104000s][吞吐率：9.62req/s] [内存消耗：2,380.38kb] [文件加载：53]
[ info ] [ DB ] INIT mysql
[ info ] [ LANG ] E:\ceshi\dbgj\core\lang\zh-cn.php
[ info ] [ ROUTE ] array (
  'type' => 'module',
  'module' => 
  array (
    0 => 'admin',
    1 => 'base',
    2 => 'login',
  ),
)
[ info ] [ HEADER ] array (
  'host' => '127.0.0.1:815',
  'connection' => 'keep-alive',
  'accept' => '*/*',
  'origin' => 'http://127.0.0.1:815',
  'x-requested-with' => 'XMLHttpRequest',
  'user-agent' => 'Mozilla/5.0 (Windows NT 6.1; WOW64) AppleWebKit/537.36 (KHTML, like Gecko) Chrome/55.0.2883.87 Safari/537.36',
  'referer' => 'http://127.0.0.1:815/admin.php/base/login.html',
  'accept-encoding' => 'gzip, deflate, br',
  'accept-language' => 'zh-CN,zh;q=0.8',
  'cookie' => 'think_var=zh-cn; PHPSESSID=f1np8j5svgu53uthc3mtsbf5j7; __guid=96992031.245101070365389760.1517032153694.6084; monitor_count=1',
  'content-type' => 'application/x-www-form-urlencoded; charset=UTF-8',
  'content-length' => '43',
)
[ info ] [ PARAM ] array (
  'username' => 'admin',
  'password' => '123456',
  'captcha' => '2pe6',
)
[ info ] [ LANG ] E:\ceshi\dbgj/application/admin\lang\zh-cn.php
[ info ] [ RUN ] /**
     * 用户登录方法
     * @author  tangtanglove <dai_hang_love@126.com>
     */
Method [ <user> public method login ] {
  @@ E:\ceshi\dbgj\application\admin\controller\Base.php 37 - 71
}

[ info ] [ SESSION ] INIT array (
  'id' => '',
  'var_session_id' => 'session_id',
  'prefix' => 'minishop',
  'type' => '',
  'auto_start' => true,
)
[ info ] [ LOG ] INIT file

---------------------------------------------------------------
[ 2018-01-27T13:55:11+08:00 ] 127.0.0.1 127.0.0.1 GET /admin.php/index/index.html
[ log ] 127.0.0.1:815/admin.php/index/index.html [运行时间：0.263000s][吞吐率：3.80req/s] [内存消耗：2,266.76kb] [文件加载：53]
[ info ] [ DB ] INIT mysql
[ info ] [ LANG ] E:\ceshi\dbgj\core\lang\zh-cn.php
[ info ] [ ROUTE ] array (
  'type' => 'module',
  'module' => 
  array (
    0 => 'admin',
    1 => 'index',
    2 => 'index',
  ),
)
[ info ] [ HEADER ] array (
  'host' => '127.0.0.1:815',
  'connection' => 'keep-alive',
  'upgrade-insecure-requests' => '1',
  'user-agent' => 'Mozilla/5.0 (Windows NT 6.1; WOW64) AppleWebKit/537.36 (KHTML, like Gecko) Chrome/55.0.2883.87 Safari/537.36',
  'accept' => 'text/html,application/xhtml+xml,application/xml;q=0.9,image/webp,*/*;q=0.8',
  'referer' => 'http://127.0.0.1:815/admin.php/base/login.html',
  'accept-encoding' => 'gzip, deflate, sdch, br',
  'accept-language' => 'zh-CN,zh;q=0.8',
  'cookie' => 'think_var=zh-cn; PHPSESSID=f1np8j5svgu53uthc3mtsbf5j7; __guid=96992031.245101070365389760.1517032153694.6084; monitor_count=1',
)
[ info ] [ PARAM ] array (
)
[ info ] [ LANG ] E:\ceshi\dbgj/application/admin\lang\zh-cn.php
[ info ] [ SESSION ] INIT array (
  'id' => '',
  'var_session_id' => 'session_id',
  'prefix' => 'minishop',
  'type' => '',
  'auto_start' => true,
)
[ info ] [ RUN ] Method [ <user> public method index ] {
  @@ E:\ceshi\dbgj\application\admin\controller\Index.php 21 - 40
}

[ info ] [ VIEW ] E:\ceshi\dbgj/application/admin\view\index\index.html [ array (
  0 => 'menuTree',
  1 => 'order_num',
  2 => 'tixian',
  3 => 'jh_num',
  4 => 'wjh_num',
  5 => 'zjf_num',
  6 => 'user_num',
) ]
[ info ] [ CACHE ] INIT File
[ info ] [ LOG ] INIT file

---------------------------------------------------------------
[ 2018-01-27T13:55:20+08:00 ] 127.0.0.1 127.0.0.1 GET /admin.php/config/edit.html
[ log ] 127.0.0.1:815/admin.php/config/edit.html [运行时间：0.190000s][吞吐率：5.26req/s] [内存消耗：2,273.23kb] [文件加载：53]
[ info ] [ DB ] INIT mysql
[ info ] [ LANG ] E:\ceshi\dbgj\core\lang\zh-cn.php
[ info ] [ ROUTE ] array (
  'type' => 'module',
  'module' => 
  array (
    0 => 'admin',
    1 => 'config',
    2 => 'edit',
  ),
)
[ info ] [ HEADER ] array (
  'host' => '127.0.0.1:815',
  'connection' => 'keep-alive',
  'upgrade-insecure-requests' => '1',
  'user-agent' => 'Mozilla/5.0 (Windows NT 6.1; WOW64) AppleWebKit/537.36 (KHTML, like Gecko) Chrome/55.0.2883.87 Safari/537.36',
  'accept' => 'text/html,application/xhtml+xml,application/xml;q=0.9,image/webp,*/*;q=0.8',
  'referer' => 'http://127.0.0.1:815/admin.php/index/index.html',
  'accept-encoding' => 'gzip, deflate, sdch, br',
  'accept-language' => 'zh-CN,zh;q=0.8',
  'cookie' => 'think_var=zh-cn; PHPSESSID=f1np8j5svgu53uthc3mtsbf5j7; __guid=96992031.245101070365389760.1517032153694.6084; monitor_count=2',
)
[ info ] [ PARAM ] array (
)
[ info ] [ LANG ] E:\ceshi\dbgj/application/admin\lang\zh-cn.php
[ info ] [ SESSION ] INIT array (
  'id' => '',
  'var_session_id' => 'session_id',
  'prefix' => 'minishop',
  'type' => '',
  'auto_start' => true,
)
[ info ] [ RUN ] /**
     * 系统配置
     */
Method [ <user> public method edit ] {
  @@ E:\ceshi\dbgj\application\admin\controller\Config.php 24 - 44
}

[ info ] [ VIEW ] E:\ceshi\dbgj/application/admin\view\config\edit.html [ array (
  0 => 'menuTree',
  1 => 'list',
) ]
[ info ] [ CACHE ] INIT File
[ info ] [ LOG ] INIT file

---------------------------------------------------------------
[ 2018-01-27T13:55:21+08:00 ] 127.0.0.1 127.0.0.1 GET /admin.php/ueditor/index.html?action=config&&noCache=1517032521350
[ log ] 127.0.0.1:815/admin.php/ueditor/index.html?action=config&&noCache=1517032521350 [运行时间：0.152000s][吞吐率：6.58req/s] [内存消耗：2,157.38kb] [文件加载：48]
[ info ] [ DB ] INIT mysql
[ info ] [ LANG ] E:\ceshi\dbgj\core\lang\zh-cn.php
[ info ] [ ROUTE ] array (
  'type' => 'module',
  'module' => 
  array (
    0 => 'admin',
    1 => 'ueditor',
    2 => 'index',
  ),
)
[ info ] [ HEADER ] array (
  'host' => '127.0.0.1:815',
  'connection' => 'keep-alive',
  'user-agent' => 'Mozilla/5.0 (Windows NT 6.1; WOW64) AppleWebKit/537.36 (KHTML, like Gecko) Chrome/55.0.2883.87 Safari/537.36',
  'accept' => '*/*',
  'referer' => 'http://127.0.0.1:815/admin.php/config/edit.html',
  'accept-encoding' => 'gzip, deflate, sdch, br',
  'accept-language' => 'zh-CN,zh;q=0.8',
  'cookie' => 'think_var=zh-cn; PHPSESSID=f1np8j5svgu53uthc3mtsbf5j7; __guid=96992031.245101070365389760.1517032153694.6084; monitor_count=3',
)
[ info ] [ PARAM ] array (
  'action' => 'config',
  'noCache' => '1517032521350',
)
[ info ] [ LANG ] E:\ceshi\dbgj/application/admin\lang\zh-cn.php
[ info ] [ SESSION ] INIT array (
  'id' => '',
  'var_session_id' => 'session_id',
  'prefix' => 'minishop',
  'type' => '',
  'auto_start' => true,
)
[ info ] [ RUN ] /**
     * 上传文件
     * @author tangtanglove <dai_hang_love@126.com>
     */
Method [ <user> public method index ] {
  @@ E:\ceshi\dbgj\application\admin\controller\Ueditor.php 27 - 81
}

[ info ] [ LOG ] INIT file

---------------------------------------------------------------
[ 2018-01-27T13:55:21+08:00 ] 127.0.0.1 127.0.0.1 GET /admin.php/ueditor/index.html?action=config&&noCache=1517032521342
[ log ] 127.0.0.1:815/admin.php/ueditor/index.html?action=config&&noCache=1517032521342 [运行时间：0.203000s][吞吐率：4.93req/s] [内存消耗：2,157.38kb] [文件加载：48]
[ info ] [ DB ] INIT mysql
[ info ] [ LANG ] E:\ceshi\dbgj\core\lang\zh-cn.php
[ info ] [ ROUTE ] array (
  'type' => 'module',
  'module' => 
  array (
    0 => 'admin',
    1 => 'ueditor',
    2 => 'index',
  ),
)
[ info ] [ HEADER ] array (
  'host' => '127.0.0.1:815',
  'connection' => 'keep-alive',
  'user-agent' => 'Mozilla/5.0 (Windows NT 6.1; WOW64) AppleWebKit/537.36 (KHTML, like Gecko) Chrome/55.0.2883.87 Safari/537.36',
  'accept' => '*/*',
  'referer' => 'http://127.0.0.1:815/admin.php/config/edit.html',
  'accept-encoding' => 'gzip, deflate, sdch, br',
  'accept-language' => 'zh-CN,zh;q=0.8',
  'cookie' => 'think_var=zh-cn; PHPSESSID=f1np8j5svgu53uthc3mtsbf5j7; __guid=96992031.245101070365389760.1517032153694.6084; monitor_count=3',
)
[ info ] [ PARAM ] array (
  'action' => 'config',
  'noCache' => '1517032521342',
)
[ info ] [ LANG ] E:\ceshi\dbgj/application/admin\lang\zh-cn.php
[ info ] [ SESSION ] INIT array (
  'id' => '',
  'var_session_id' => 'session_id',
  'prefix' => 'minishop',
  'type' => '',
  'auto_start' => true,
)
[ info ] [ RUN ] /**
     * 上传文件
     * @author tangtanglove <dai_hang_love@126.com>
     */
Method [ <user> public method index ] {
  @@ E:\ceshi\dbgj\application\admin\controller\Ueditor.php 27 - 81
}

[ info ] [ LOG ] INIT file

---------------------------------------------------------------
[ 2018-01-27T13:55:27+08:00 ] 127.0.0.1 127.0.0.1 GET /admin.php/lucky/prize_add.html
[ log ] 127.0.0.1:815/admin.php/lucky/prize_add.html [运行时间：0.213000s][吞吐率：4.69req/s] [内存消耗：2,271.58kb] [文件加载：53]
[ info ] [ DB ] INIT mysql
[ info ] [ LANG ] E:\ceshi\dbgj\core\lang\zh-cn.php
[ info ] [ ROUTE ] array (
  'type' => 'module',
  'module' => 
  array (
    0 => 'admin',
    1 => 'lucky',
    2 => 'prize_add',
  ),
)
[ info ] [ HEADER ] array (
  'host' => '127.0.0.1:815',
  'connection' => 'keep-alive',
  'upgrade-insecure-requests' => '1',
  'user-agent' => 'Mozilla/5.0 (Windows NT 6.1; WOW64) AppleWebKit/537.36 (KHTML, like Gecko) Chrome/55.0.2883.87 Safari/537.36',
  'accept' => 'text/html,application/xhtml+xml,application/xml;q=0.9,image/webp,*/*;q=0.8',
  'referer' => 'http://127.0.0.1:815/admin.php/config/edit.html',
  'accept-encoding' => 'gzip, deflate, sdch, br',
  'accept-language' => 'zh-CN,zh;q=0.8',
  'cookie' => 'think_var=zh-cn; PHPSESSID=f1np8j5svgu53uthc3mtsbf5j7; __guid=96992031.245101070365389760.1517032153694.6084; monitor_count=3',
)
[ info ] [ PARAM ] array (
)
[ info ] [ LANG ] E:\ceshi\dbgj/application/admin\lang\zh-cn.php
[ info ] [ SESSION ] INIT array (
  'id' => '',
  'var_session_id' => 'session_id',
  'prefix' => 'minishop',
  'type' => '',
  'auto_start' => true,
)
[ info ] [ RUN ] Method [ <user> public method prize_add ] {
  @@ E:\ceshi\dbgj\application\admin\controller\Lucky.php 24 - 30
}

[ info ] [ VIEW ] E:\ceshi\dbgj/application/admin\view\lucky\prize_add.html [ array (
  0 => 'menuTree',
  1 => 'list',
) ]
[ info ] [ CACHE ] INIT File
[ info ] [ LOG ] INIT file

---------------------------------------------------------------
[ 2018-01-27T13:56:03+08:00 ] 127.0.0.1 127.0.0.1 GET /admin.php/lucky/prize_add.html
[ log ] 127.0.0.1:815/admin.php/lucky/prize_add.html [运行时间：0.166000s][吞吐率：6.02req/s] [内存消耗：2,272.85kb] [文件加载：53]
[ info ] [ DB ] INIT mysql
[ info ] [ LANG ] E:\ceshi\dbgj\core\lang\zh-cn.php
[ info ] [ ROUTE ] array (
  'type' => 'module',
  'module' => 
  array (
    0 => 'admin',
    1 => 'lucky',
    2 => 'prize_add',
  ),
)
[ info ] [ HEADER ] array (
  'host' => '127.0.0.1:815',
  'connection' => 'keep-alive',
  'upgrade-insecure-requests' => '1',
  'user-agent' => 'Mozilla/5.0 (Windows NT 6.1; WOW64) AppleWebKit/537.36 (KHTML, like Gecko) Chrome/55.0.2883.87 Safari/537.36',
  'accept' => 'text/html,application/xhtml+xml,application/xml;q=0.9,image/webp,*/*;q=0.8',
  'accept-encoding' => 'gzip, deflate, sdch, br',
  'accept-language' => 'zh-CN,zh;q=0.8',
  'cookie' => '__guid=96992031.2841931041841536500.1510853929952.1716; admin_username=admin; twon_id=4; province_name=%u5317%u4EAC%u5E02; city_name=%u5E02%u8F96%u533A; district_name=%u4E1C%u57CE%u533A; twon_name=%u4E1C%u534E%u95E8%u8857%u9053; province_id=4670; city_id=4671; district_id=4672; PHPSESSID=hfva33tcas5n7du35d555euj36; think_var=zh-cn; monitor_count=638',
)
[ info ] [ PARAM ] array (
)
[ info ] [ LANG ] E:\ceshi\dbgj/application/admin\lang\zh-cn.php
[ info ] [ SESSION ] INIT array (
  'id' => '',
  'var_session_id' => 'session_id',
  'prefix' => 'minishop',
  'type' => '',
  'auto_start' => true,
)
[ info ] [ RUN ] Method [ <user> public method prize_add ] {
  @@ E:\ceshi\dbgj\application\admin\controller\Lucky.php 24 - 30
}

[ info ] [ VIEW ] E:\ceshi\dbgj/application/admin\view\lucky\prize_add.html [ array (
  0 => 'menuTree',
  1 => 'list',
) ]
[ info ] [ CACHE ] INIT File
[ info ] [ LOG ] INIT file

---------------------------------------------------------------
[ 2018-01-27T14:01:45+08:00 ] 127.0.0.1 127.0.0.1 GET /admin.php/config/edit.html
[ log ] 127.0.0.1:815/admin.php/config/edit.html [运行时间：0.155000s][吞吐率：6.45req/s] [内存消耗：2,273.27kb] [文件加载：53]
[ info ] [ DB ] INIT mysql
[ info ] [ LANG ] E:\ceshi\dbgj\core\lang\zh-cn.php
[ info ] [ ROUTE ] array (
  'type' => 'module',
  'module' => 
  array (
    0 => 'admin',
    1 => 'config',
    2 => 'edit',
  ),
)
[ info ] [ HEADER ] array (
  'host' => '127.0.0.1:815',
  'connection' => 'keep-alive',
  'upgrade-insecure-requests' => '1',
  'user-agent' => 'Mozilla/5.0 (Windows NT 6.1; WOW64) AppleWebKit/537.36 (KHTML, like Gecko) Chrome/55.0.2883.87 Safari/537.36',
  'accept' => 'text/html,application/xhtml+xml,application/xml;q=0.9,image/webp,*/*;q=0.8',
  'referer' => 'http://127.0.0.1:815/admin.php/lucky/prize_add.html',
  'accept-encoding' => 'gzip, deflate, sdch, br',
  'accept-language' => 'zh-CN,zh;q=0.8',
  'cookie' => 'think_var=zh-cn; PHPSESSID=f1np8j5svgu53uthc3mtsbf5j7; __guid=96992031.245101070365389760.1517032153694.6084; monitor_count=4',
)
[ info ] [ PARAM ] array (
)
[ info ] [ LANG ] E:\ceshi\dbgj/application/admin\lang\zh-cn.php
[ info ] [ SESSION ] INIT array (
  'id' => '',
  'var_session_id' => 'session_id',
  'prefix' => 'minishop',
  'type' => '',
  'auto_start' => true,
)
[ info ] [ RUN ] /**
     * 系统配置
     */
Method [ <user> public method edit ] {
  @@ E:\ceshi\dbgj\application\admin\controller\Config.php 24 - 44
}

[ info ] [ VIEW ] E:\ceshi\dbgj/application/admin\view\config\edit.html [ array (
  0 => 'menuTree',
  1 => 'list',
) ]
[ info ] [ CACHE ] INIT File
[ info ] [ LOG ] INIT file

---------------------------------------------------------------
[ 2018-01-27T14:01:45+08:00 ] 127.0.0.1 127.0.0.1 GET /admin.php/ueditor/index.html?action=config&&noCache=1517032905578
[ log ] 127.0.0.1:815/admin.php/ueditor/index.html?action=config&&noCache=1517032905578 [运行时间：0.127000s][吞吐率：7.87req/s] [内存消耗：2,157.37kb] [文件加载：48]
[ info ] [ DB ] INIT mysql
[ info ] [ LANG ] E:\ceshi\dbgj\core\lang\zh-cn.php
[ info ] [ ROUTE ] array (
  'type' => 'module',
  'module' => 
  array (
    0 => 'admin',
    1 => 'ueditor',
    2 => 'index',
  ),
)
[ info ] [ HEADER ] array (
  'host' => '127.0.0.1:815',
  'connection' => 'keep-alive',
  'user-agent' => 'Mozilla/5.0 (Windows NT 6.1; WOW64) AppleWebKit/537.36 (KHTML, like Gecko) Chrome/55.0.2883.87 Safari/537.36',
  'accept' => '*/*',
  'referer' => 'http://127.0.0.1:815/admin.php/config/edit.html',
  'accept-encoding' => 'gzip, deflate, sdch, br',
  'accept-language' => 'zh-CN,zh;q=0.8',
  'cookie' => 'think_var=zh-cn; PHPSESSID=f1np8j5svgu53uthc3mtsbf5j7; __guid=96992031.245101070365389760.1517032153694.6084; monitor_count=5',
)
[ info ] [ PARAM ] array (
  'action' => 'config',
  'noCache' => '1517032905578',
)
[ info ] [ LANG ] E:\ceshi\dbgj/application/admin\lang\zh-cn.php
[ info ] [ SESSION ] INIT array (
  'id' => '',
  'var_session_id' => 'session_id',
  'prefix' => 'minishop',
  'type' => '',
  'auto_start' => true,
)
[ info ] [ RUN ] /**
     * 上传文件
     * @author tangtanglove <dai_hang_love@126.com>
     */
Method [ <user> public method index ] {
  @@ E:\ceshi\dbgj\application\admin\controller\Ueditor.php 27 - 81
}

[ info ] [ LOG ] INIT file

---------------------------------------------------------------
[ 2018-01-27T14:01:45+08:00 ] 127.0.0.1 127.0.0.1 GET /admin.php/ueditor/index.html?action=config&&noCache=1517032905579
[ log ] 127.0.0.1:815/admin.php/ueditor/index.html?action=config&&noCache=1517032905579 [运行时间：0.136000s][吞吐率：7.35req/s] [内存消耗：2,157.37kb] [文件加载：48]
[ info ] [ DB ] INIT mysql
[ info ] [ LANG ] E:\ceshi\dbgj\core\lang\zh-cn.php
[ info ] [ ROUTE ] array (
  'type' => 'module',
  'module' => 
  array (
    0 => 'admin',
    1 => 'ueditor',
    2 => 'index',
  ),
)
[ info ] [ HEADER ] array (
  'host' => '127.0.0.1:815',
  'connection' => 'keep-alive',
  'user-agent' => 'Mozilla/5.0 (Windows NT 6.1; WOW64) AppleWebKit/537.36 (KHTML, like Gecko) Chrome/55.0.2883.87 Safari/537.36',
  'accept' => '*/*',
  'referer' => 'http://127.0.0.1:815/admin.php/config/edit.html',
  'accept-encoding' => 'gzip, deflate, sdch, br',
  'accept-language' => 'zh-CN,zh;q=0.8',
  'cookie' => 'think_var=zh-cn; PHPSESSID=f1np8j5svgu53uthc3mtsbf5j7; __guid=96992031.245101070365389760.1517032153694.6084; monitor_count=5',
)
[ info ] [ PARAM ] array (
  'action' => 'config',
  'noCache' => '1517032905579',
)
[ info ] [ LANG ] E:\ceshi\dbgj/application/admin\lang\zh-cn.php
[ info ] [ SESSION ] INIT array (
  'id' => '',
  'var_session_id' => 'session_id',
  'prefix' => 'minishop',
  'type' => '',
  'auto_start' => true,
)
[ info ] [ RUN ] /**
     * 上传文件
     * @author tangtanglove <dai_hang_love@126.com>
     */
Method [ <user> public method index ] {
  @@ E:\ceshi\dbgj\application\admin\controller\Ueditor.php 27 - 81
}

[ info ] [ LOG ] INIT file

---------------------------------------------------------------
[ 2018-01-27T14:08:23+08:00 ] 127.0.0.1 127.0.0.1 GET /admin.php/lucky/prize_add.html
[ log ] 127.0.0.1:815/admin.php/lucky/prize_add.html [运行时间：0.160000s][吞吐率：6.25req/s] [内存消耗：2,271.59kb] [文件加载：53]
[ info ] [ DB ] INIT mysql
[ info ] [ LANG ] E:\ceshi\dbgj\core\lang\zh-cn.php
[ info ] [ ROUTE ] array (
  'type' => 'module',
  'module' => 
  array (
    0 => 'admin',
    1 => 'lucky',
    2 => 'prize_add',
  ),
)
[ info ] [ HEADER ] array (
  'host' => '127.0.0.1:815',
  'connection' => 'keep-alive',
  'upgrade-insecure-requests' => '1',
  'user-agent' => 'Mozilla/5.0 (Windows NT 6.1; WOW64) AppleWebKit/537.36 (KHTML, like Gecko) Chrome/55.0.2883.87 Safari/537.36',
  'accept' => 'text/html,application/xhtml+xml,application/xml;q=0.9,image/webp,*/*;q=0.8',
  'referer' => 'http://127.0.0.1:815/admin.php/config/edit.html',
  'accept-encoding' => 'gzip, deflate, sdch, br',
  'accept-language' => 'zh-CN,zh;q=0.8',
  'cookie' => 'think_var=zh-cn; PHPSESSID=f1np8j5svgu53uthc3mtsbf5j7; __guid=96992031.245101070365389760.1517032153694.6084; monitor_count=5',
)
[ info ] [ PARAM ] array (
)
[ info ] [ LANG ] E:\ceshi\dbgj/application/admin\lang\zh-cn.php
[ info ] [ SESSION ] INIT array (
  'id' => '',
  'var_session_id' => 'session_id',
  'prefix' => 'minishop',
  'type' => '',
  'auto_start' => true,
)
[ info ] [ RUN ] Method [ <user> public method prize_add ] {
  @@ E:\ceshi\dbgj\application\admin\controller\Lucky.php 24 - 30
}

[ info ] [ VIEW ] E:\ceshi\dbgj/application/admin\view\lucky\prize_add.html [ array (
  0 => 'menuTree',
  1 => 'list',
) ]
[ info ] [ CACHE ] INIT File
[ info ] [ LOG ] INIT file

---------------------------------------------------------------
[ 2018-01-27T14:09:28+08:00 ] 127.0.0.1 127.0.0.1 GET /admin.php/lucky/result_log.html
[ log ] 127.0.0.1:815/admin.php/lucky/result_log.html [运行时间：0.190000s][吞吐率：5.26req/s] [内存消耗：2,414.20kb] [文件加载：57]
[ info ] [ DB ] INIT mysql
[ info ] [ LANG ] E:\ceshi\dbgj\core\lang\zh-cn.php
[ info ] [ ROUTE ] array (
  'type' => 'module',
  'module' => 
  array (
    0 => 'admin',
    1 => 'lucky',
    2 => 'result_log',
  ),
)
[ info ] [ HEADER ] array (
  'host' => '127.0.0.1:815',
  'connection' => 'keep-alive',
  'upgrade-insecure-requests' => '1',
  'user-agent' => 'Mozilla/5.0 (Windows NT 6.1; WOW64) AppleWebKit/537.36 (KHTML, like Gecko) Chrome/55.0.2883.87 Safari/537.36',
  'accept' => 'text/html,application/xhtml+xml,application/xml;q=0.9,image/webp,*/*;q=0.8',
  'referer' => 'http://127.0.0.1:815/admin.php/lucky/prize_add.html',
  'accept-encoding' => 'gzip, deflate, sdch, br',
  'accept-language' => 'zh-CN,zh;q=0.8',
  'cookie' => 'think_var=zh-cn; PHPSESSID=f1np8j5svgu53uthc3mtsbf5j7; __guid=96992031.245101070365389760.1517032153694.6084; monitor_count=6',
)
[ info ] [ PARAM ] array (
)
[ info ] [ LANG ] E:\ceshi\dbgj/application/admin\lang\zh-cn.php
[ info ] [ SESSION ] INIT array (
  'id' => '',
  'var_session_id' => 'session_id',
  'prefix' => 'minishop',
  'type' => '',
  'auto_start' => true,
)
[ info ] [ RUN ] Method [ <user> public method result_log ] {
  @@ E:\ceshi\dbgj\application\admin\controller\Lucky.php 56 - 81
}

[ info ] [ VIEW ] E:\ceshi\dbgj/application/admin\view\lucky\result_log.html [ array (
  0 => 'menuTree',
  1 => 'list',
) ]
[ info ] [ CACHE ] INIT File
[ info ] [ LOG ] INIT file

---------------------------------------------------------------
[ 2018-01-27T15:03:06+08:00 ] 127.0.0.1 127.0.0.1 GET /admin.php/lucky/prize_add.html
[ log ] 127.0.0.1:815/admin.php/lucky/prize_add.html [运行时间：0.184000s][吞吐率：5.43req/s] [内存消耗：2,272.13kb] [文件加载：53]
[ info ] [ DB ] INIT mysql
[ info ] [ LANG ] E:\ceshi\dbgj\core\lang\zh-cn.php
[ info ] [ ROUTE ] array (
  'type' => 'module',
  'module' => 
  array (
    0 => 'admin',
    1 => 'lucky',
    2 => 'prize_add',
  ),
)
[ info ] [ HEADER ] array (
  'host' => '127.0.0.1:815',
  'connection' => 'keep-alive',
  'upgrade-insecure-requests' => '1',
  'user-agent' => 'Mozilla/5.0 (Windows NT 6.1; WOW64) AppleWebKit/537.36 (KHTML, like Gecko) Chrome/55.0.2883.87 Safari/537.36',
  'accept' => 'text/html,application/xhtml+xml,application/xml;q=0.9,image/webp,*/*;q=0.8',
  'referer' => 'http://127.0.0.1:815/admin.php/lucky/result_log.html',
  'accept-encoding' => 'gzip, deflate, sdch, br',
  'accept-language' => 'zh-CN,zh;q=0.8',
  'cookie' => 'PHPSESSID=f1np8j5svgu53uthc3mtsbf5j7; __guid=96992031.245101070365389760.1517032153694.6084; monitor_count=7',
)
[ info ] [ PARAM ] array (
)
[ info ] [ LANG ] E:\ceshi\dbgj/application/admin\lang\zh-cn.php
[ info ] [ SESSION ] INIT array (
  'id' => '',
  'var_session_id' => 'session_id',
  'prefix' => 'minishop',
  'type' => '',
  'auto_start' => true,
)
[ info ] [ RUN ] Method [ <user> public method prize_add ] {
  @@ E:\ceshi\dbgj\application\admin\controller\Lucky.php 24 - 30
}

[ info ] [ VIEW ] E:\ceshi\dbgj/application/admin\view\lucky\prize_add.html [ array (
  0 => 'menuTree',
  1 => 'list',
) ]
[ info ] [ CACHE ] INIT File
[ info ] [ LOG ] INIT file

---------------------------------------------------------------
[ 2018-01-27T15:04:28+08:00 ] 127.0.0.1 127.0.0.1 GET /admin.php/lucky/result_log.html
[ log ] 127.0.0.1:815/admin.php/lucky/result_log.html [运行时间：0.206000s][吞吐率：4.85req/s] [内存消耗：2,414.18kb] [文件加载：57]
[ info ] [ DB ] INIT mysql
[ info ] [ LANG ] E:\ceshi\dbgj\core\lang\zh-cn.php
[ info ] [ ROUTE ] array (
  'type' => 'module',
  'module' => 
  array (
    0 => 'admin',
    1 => 'lucky',
    2 => 'result_log',
  ),
)
[ info ] [ HEADER ] array (
  'host' => '127.0.0.1:815',
  'connection' => 'keep-alive',
  'upgrade-insecure-requests' => '1',
  'user-agent' => 'Mozilla/5.0 (Windows NT 6.1; WOW64) AppleWebKit/537.36 (KHTML, like Gecko) Chrome/55.0.2883.87 Safari/537.36',
  'accept' => 'text/html,application/xhtml+xml,application/xml;q=0.9,image/webp,*/*;q=0.8',
  'referer' => 'http://127.0.0.1:815/admin.php/lucky/prize_add.html',
  'accept-encoding' => 'gzip, deflate, sdch, br',
  'accept-language' => 'zh-CN,zh;q=0.8',
  'cookie' => 'PHPSESSID=f1np8j5svgu53uthc3mtsbf5j7; __guid=96992031.245101070365389760.1517032153694.6084; think_var=zh-cn; monitor_count=8',
)
[ info ] [ PARAM ] array (
)
[ info ] [ LANG ] E:\ceshi\dbgj/application/admin\lang\zh-cn.php
[ info ] [ SESSION ] INIT array (
  'id' => '',
  'var_session_id' => 'session_id',
  'prefix' => 'minishop',
  'type' => '',
  'auto_start' => true,
)
[ info ] [ RUN ] Method [ <user> public method result_log ] {
  @@ E:\ceshi\dbgj\application\admin\controller\Lucky.php 56 - 81
}

[ info ] [ VIEW ] E:\ceshi\dbgj/application/admin\view\lucky\result_log.html [ array (
  0 => 'menuTree',
  1 => 'list',
) ]
[ info ] [ CACHE ] INIT File
[ info ] [ LOG ] INIT file

---------------------------------------------------------------
[ 2018-01-27T15:04:31+08:00 ] 127.0.0.1 127.0.0.1 GET /admin.php/lucky/prize_add.html
[ log ] 127.0.0.1:815/admin.php/lucky/prize_add.html [运行时间：0.162000s][吞吐率：6.17req/s] [内存消耗：2,271.57kb] [文件加载：53]
[ info ] [ DB ] INIT mysql
[ info ] [ LANG ] E:\ceshi\dbgj\core\lang\zh-cn.php
[ info ] [ ROUTE ] array (
  'type' => 'module',
  'module' => 
  array (
    0 => 'admin',
    1 => 'lucky',
    2 => 'prize_add',
  ),
)
[ info ] [ HEADER ] array (
  'host' => '127.0.0.1:815',
  'connection' => 'keep-alive',
  'upgrade-insecure-requests' => '1',
  'user-agent' => 'Mozilla/5.0 (Windows NT 6.1; WOW64) AppleWebKit/537.36 (KHTML, like Gecko) Chrome/55.0.2883.87 Safari/537.36',
  'accept' => 'text/html,application/xhtml+xml,application/xml;q=0.9,image/webp,*/*;q=0.8',
  'referer' => 'http://127.0.0.1:815/admin.php/lucky/result_log.html',
  'accept-encoding' => 'gzip, deflate, sdch, br',
  'accept-language' => 'zh-CN,zh;q=0.8',
  'cookie' => 'PHPSESSID=f1np8j5svgu53uthc3mtsbf5j7; __guid=96992031.245101070365389760.1517032153694.6084; think_var=zh-cn; monitor_count=9',
)
[ info ] [ PARAM ] array (
)
[ info ] [ LANG ] E:\ceshi\dbgj/application/admin\lang\zh-cn.php
[ info ] [ SESSION ] INIT array (
  'id' => '',
  'var_session_id' => 'session_id',
  'prefix' => 'minishop',
  'type' => '',
  'auto_start' => true,
)
[ info ] [ RUN ] Method [ <user> public method prize_add ] {
  @@ E:\ceshi\dbgj\application\admin\controller\Lucky.php 24 - 30
}

[ info ] [ VIEW ] E:\ceshi\dbgj/application/admin\view\lucky\prize_add.html [ array (
  0 => 'menuTree',
  1 => 'list',
) ]
[ info ] [ CACHE ] INIT File
[ info ] [ LOG ] INIT file

---------------------------------------------------------------
[ 2018-01-27T15:05:13+08:00 ] 127.0.0.1 127.0.0.1 GET /admin.php/config/edit.html
[ log ] 127.0.0.1:815/admin.php/config/edit.html [运行时间：0.171000s][吞吐率：5.85req/s] [内存消耗：2,273.27kb] [文件加载：53]
[ info ] [ DB ] INIT mysql
[ info ] [ LANG ] E:\ceshi\dbgj\core\lang\zh-cn.php
[ info ] [ ROUTE ] array (
  'type' => 'module',
  'module' => 
  array (
    0 => 'admin',
    1 => 'config',
    2 => 'edit',
  ),
)
[ info ] [ HEADER ] array (
  'host' => '127.0.0.1:815',
  'connection' => 'keep-alive',
  'upgrade-insecure-requests' => '1',
  'user-agent' => 'Mozilla/5.0 (Windows NT 6.1; WOW64) AppleWebKit/537.36 (KHTML, like Gecko) Chrome/55.0.2883.87 Safari/537.36',
  'accept' => 'text/html,application/xhtml+xml,application/xml;q=0.9,image/webp,*/*;q=0.8',
  'referer' => 'http://127.0.0.1:815/admin.php/lucky/prize_add.html',
  'accept-encoding' => 'gzip, deflate, sdch, br',
  'accept-language' => 'zh-CN,zh;q=0.8',
  'cookie' => 'PHPSESSID=f1np8j5svgu53uthc3mtsbf5j7; __guid=96992031.245101070365389760.1517032153694.6084; think_var=zh-cn; monitor_count=10',
)
[ info ] [ PARAM ] array (
)
[ info ] [ LANG ] E:\ceshi\dbgj/application/admin\lang\zh-cn.php
[ info ] [ SESSION ] INIT array (
  'id' => '',
  'var_session_id' => 'session_id',
  'prefix' => 'minishop',
  'type' => '',
  'auto_start' => true,
)
[ info ] [ RUN ] /**
     * 系统配置
     */
Method [ <user> public method edit ] {
  @@ E:\ceshi\dbgj\application\admin\controller\Config.php 24 - 44
}

[ info ] [ VIEW ] E:\ceshi\dbgj/application/admin\view\config\edit.html [ array (
  0 => 'menuTree',
  1 => 'list',
) ]
[ info ] [ CACHE ] INIT File
[ info ] [ LOG ] INIT file

---------------------------------------------------------------
[ 2018-01-27T15:05:14+08:00 ] 127.0.0.1 127.0.0.1 GET /admin.php/ueditor/index.html?action=config&&noCache=1517036714103
[ log ] 127.0.0.1:815/admin.php/ueditor/index.html?action=config&&noCache=1517036714103 [运行时间：0.172000s][吞吐率：5.81req/s] [内存消耗：2,157.37kb] [文件加载：48]
[ info ] [ DB ] INIT mysql
[ info ] [ LANG ] E:\ceshi\dbgj\core\lang\zh-cn.php
[ info ] [ ROUTE ] array (
  'type' => 'module',
  'module' => 
  array (
    0 => 'admin',
    1 => 'ueditor',
    2 => 'index',
  ),
)
[ info ] [ HEADER ] array (
  'host' => '127.0.0.1:815',
  'connection' => 'keep-alive',
  'user-agent' => 'Mozilla/5.0 (Windows NT 6.1; WOW64) AppleWebKit/537.36 (KHTML, like Gecko) Chrome/55.0.2883.87 Safari/537.36',
  'accept' => '*/*',
  'referer' => 'http://127.0.0.1:815/admin.php/config/edit.html',
  'accept-encoding' => 'gzip, deflate, sdch, br',
  'accept-language' => 'zh-CN,zh;q=0.8',
  'cookie' => 'PHPSESSID=f1np8j5svgu53uthc3mtsbf5j7; __guid=96992031.245101070365389760.1517032153694.6084; think_var=zh-cn; monitor_count=11',
)
[ info ] [ PARAM ] array (
  'action' => 'config',
  'noCache' => '1517036714103',
)
[ info ] [ LANG ] E:\ceshi\dbgj/application/admin\lang\zh-cn.php
[ info ] [ SESSION ] INIT array (
  'id' => '',
  'var_session_id' => 'session_id',
  'prefix' => 'minishop',
  'type' => '',
  'auto_start' => true,
)
[ info ] [ RUN ] /**
     * 上传文件
     * @author tangtanglove <dai_hang_love@126.com>
     */
Method [ <user> public method index ] {
  @@ E:\ceshi\dbgj\application\admin\controller\Ueditor.php 27 - 81
}

[ info ] [ LOG ] INIT file

---------------------------------------------------------------
[ 2018-01-27T15:05:14+08:00 ] 127.0.0.1 127.0.0.1 GET /admin.php/ueditor/index.html?action=config&&noCache=1517036714104
[ log ] 127.0.0.1:815/admin.php/ueditor/index.html?action=config&&noCache=1517036714104 [运行时间：0.197000s][吞吐率：5.08req/s] [内存消耗：2,157.37kb] [文件加载：48]
[ info ] [ DB ] INIT mysql
[ info ] [ LANG ] E:\ceshi\dbgj\core\lang\zh-cn.php
[ info ] [ ROUTE ] array (
  'type' => 'module',
  'module' => 
  array (
    0 => 'admin',
    1 => 'ueditor',
    2 => 'index',
  ),
)
[ info ] [ HEADER ] array (
  'host' => '127.0.0.1:815',
  'connection' => 'keep-alive',
  'user-agent' => 'Mozilla/5.0 (Windows NT 6.1; WOW64) AppleWebKit/537.36 (KHTML, like Gecko) Chrome/55.0.2883.87 Safari/537.36',
  'accept' => '*/*',
  'referer' => 'http://127.0.0.1:815/admin.php/config/edit.html',
  'accept-encoding' => 'gzip, deflate, sdch, br',
  'accept-language' => 'zh-CN,zh;q=0.8',
  'cookie' => 'PHPSESSID=f1np8j5svgu53uthc3mtsbf5j7; __guid=96992031.245101070365389760.1517032153694.6084; think_var=zh-cn; monitor_count=11',
)
[ info ] [ PARAM ] array (
  'action' => 'config',
  'noCache' => '1517036714104',
)
[ info ] [ LANG ] E:\ceshi\dbgj/application/admin\lang\zh-cn.php
[ info ] [ SESSION ] INIT array (
  'id' => '',
  'var_session_id' => 'session_id',
  'prefix' => 'minishop',
  'type' => '',
  'auto_start' => true,
)
[ info ] [ RUN ] /**
     * 上传文件
     * @author tangtanglove <dai_hang_love@126.com>
     */
Method [ <user> public method index ] {
  @@ E:\ceshi\dbgj\application\admin\controller\Ueditor.php 27 - 81
}

[ info ] [ LOG ] INIT file

---------------------------------------------------------------
[ 2018-01-27T15:05:43+08:00 ] 127.0.0.1 127.0.0.1 GET /admin.php/lucky/prize_add.html
[ log ] 127.0.0.1:815/admin.php/lucky/prize_add.html [运行时间：0.144000s][吞吐率：6.94req/s] [内存消耗：2,271.59kb] [文件加载：53]
[ info ] [ DB ] INIT mysql
[ info ] [ LANG ] E:\ceshi\dbgj\core\lang\zh-cn.php
[ info ] [ ROUTE ] array (
  'type' => 'module',
  'module' => 
  array (
    0 => 'admin',
    1 => 'lucky',
    2 => 'prize_add',
  ),
)
[ info ] [ HEADER ] array (
  'host' => '127.0.0.1:815',
  'connection' => 'keep-alive',
  'upgrade-insecure-requests' => '1',
  'user-agent' => 'Mozilla/5.0 (Windows NT 6.1; WOW64) AppleWebKit/537.36 (KHTML, like Gecko) Chrome/55.0.2883.87 Safari/537.36',
  'accept' => 'text/html,application/xhtml+xml,application/xml;q=0.9,image/webp,*/*;q=0.8',
  'referer' => 'http://127.0.0.1:815/admin.php/config/edit.html',
  'accept-encoding' => 'gzip, deflate, sdch, br',
  'accept-language' => 'zh-CN,zh;q=0.8',
  'cookie' => 'PHPSESSID=f1np8j5svgu53uthc3mtsbf5j7; __guid=96992031.245101070365389760.1517032153694.6084; think_var=zh-cn; monitor_count=11',
)
[ info ] [ PARAM ] array (
)
[ info ] [ LANG ] E:\ceshi\dbgj/application/admin\lang\zh-cn.php
[ info ] [ SESSION ] INIT array (
  'id' => '',
  'var_session_id' => 'session_id',
  'prefix' => 'minishop',
  'type' => '',
  'auto_start' => true,
)
[ info ] [ RUN ] Method [ <user> public method prize_add ] {
  @@ E:\ceshi\dbgj\application\admin\controller\Lucky.php 24 - 30
}

[ info ] [ VIEW ] E:\ceshi\dbgj/application/admin\view\lucky\prize_add.html [ array (
  0 => 'menuTree',
  1 => 'list',
) ]
[ info ] [ CACHE ] INIT File
[ info ] [ LOG ] INIT file

---------------------------------------------------------------
[ 2018-01-27T15:07:03+08:00 ] 127.0.0.1 127.0.0.1 POST /admin.php/lucky/prize_addajax.html
[ log ] 127.0.0.1:815/admin.php/lucky/prize_addajax.html [运行时间：0.177000s][吞吐率：5.65req/s] [内存消耗：2,156.14kb] [文件加载：50]
[ info ] [ DB ] INIT mysql
[ info ] [ LANG ] E:\ceshi\dbgj\core\lang\zh-cn.php
[ info ] [ ROUTE ] array (
  'type' => 'module',
  'module' => 
  array (
    0 => 'admin',
    1 => 'lucky',
    2 => 'prize_addajax',
  ),
)
[ info ] [ HEADER ] array (
  'host' => '127.0.0.1:815',
  'connection' => 'keep-alive',
  'accept' => '*/*',
  'origin' => 'http://127.0.0.1:815',
  'x-requested-with' => 'XMLHttpRequest',
  'user-agent' => 'Mozilla/5.0 (Windows NT 6.1; WOW64) AppleWebKit/537.36 (KHTML, like Gecko) Chrome/55.0.2883.87 Safari/537.36',
  'referer' => 'http://127.0.0.1:815/admin.php/lucky/prize_add.html',
  'accept-encoding' => 'gzip, deflate, br',
  'accept-language' => 'zh-CN,zh;q=0.8',
  'cookie' => 'PHPSESSID=f1np8j5svgu53uthc3mtsbf5j7; __guid=96992031.245101070365389760.1517032153694.6084; think_var=zh-cn; monitor_count=12',
  'content-type' => 'application/x-www-form-urlencoded; charset=UTF-8',
  'content-length' => '70',
)
[ info ] [ PARAM ] array (
  'prize' => '一等奖',
  'number' => '99999999',
  'odds' => '5.00',
  'prize_id' => '1',
)
[ info ] [ LANG ] E:\ceshi\dbgj/application/admin\lang\zh-cn.php
[ info ] [ SESSION ] INIT array (
  'id' => '',
  'var_session_id' => 'session_id',
  'prefix' => 'minishop',
  'type' => '',
  'auto_start' => true,
)
[ info ] [ RUN ] Method [ <user> public method prize_addAjax ] {
  @@ E:\ceshi\dbgj\application\admin\controller\Lucky.php 33 - 53
}

[ info ] [ LOG ] INIT file

---------------------------------------------------------------
[ 2018-01-27T15:22:27+08:00 ] 127.0.0.1 127.0.0.1 GET /favicon.ico
[ log ] 127.0.0.1:815/favicon.ico [运行时间：0.131000s][吞吐率：7.63req/s] [内存消耗：1,773.80kb] [文件加载：41]
[ info ] [ DB ] INIT mysql
[ info ] [ LANG ] E:\ceshi\dbgj\core\lang\zh-cn.php
[ info ] [ ROUTE ] array (
  'type' => 'module',
  'module' => 
  array (
    0 => 'favicon.ico',
    1 => NULL,
    2 => NULL,
  ),
)
[ info ] [ HEADER ] array (
  'host' => '127.0.0.1:815',
  'connection' => 'keep-alive',
  'user-agent' => 'Mozilla/5.0 (Windows NT 6.1; WOW64) AppleWebKit/537.36 (KHTML, like Gecko) Chrome/55.0.2883.87 Safari/537.36',
  'accept-encoding' => 'gzip, deflate, sdch, br',
  'accept-language' => 'zh-CN,zh;q=0.8',
)
[ info ] [ PARAM ] array (
  'favicon_ico' => '',
)
[ info ] [ LOG ] INIT file

---------------------------------------------------------------
[ 2018-01-27T15:22:29+08:00 ] 127.0.0.1 127.0.0.1 GET /admin.php/menu/index.html
[ log ] 127.0.0.1:815/admin.php/menu/index.html [运行时间：0.193000s][吞吐率：5.18req/s] [内存消耗：2,481.43kb] [文件加载：56]
[ info ] [ DB ] INIT mysql
[ info ] [ LANG ] E:\ceshi\dbgj\core\lang\zh-cn.php
[ info ] [ ROUTE ] array (
  'type' => 'module',
  'module' => 
  array (
    0 => 'admin',
    1 => 'menu',
    2 => 'index',
  ),
)
[ info ] [ HEADER ] array (
  'host' => '127.0.0.1:815',
  'connection' => 'keep-alive',
  'upgrade-insecure-requests' => '1',
  'user-agent' => 'Mozilla/5.0 (Windows NT 6.1; WOW64) AppleWebKit/537.36 (KHTML, like Gecko) Chrome/55.0.2883.87 Safari/537.36',
  'accept' => 'text/html,application/xhtml+xml,application/xml;q=0.9,image/webp,*/*;q=0.8',
  'accept-encoding' => 'gzip, deflate, sdch, br',
  'accept-language' => 'zh-CN,zh;q=0.8',
  'cookie' => 'PHPSESSID=f1np8j5svgu53uthc3mtsbf5j7; __guid=96992031.245101070365389760.1517032153694.6084; think_var=zh-cn; monitor_count=12',
)
[ info ] [ PARAM ] array (
)
[ info ] [ LANG ] E:\ceshi\dbgj/application/admin\lang\zh-cn.php
[ info ] [ SESSION ] INIT array (
  'id' => '',
  'var_session_id' => 'session_id',
  'prefix' => 'minishop',
  'type' => '',
  'auto_start' => true,
)
[ info ] [ RUN ] /**
     * 后台菜单首页
     * @author  ILSunshine
     */
Method [ <user> public method index ] {
  @@ E:\ceshi\dbgj\application\admin\controller\Menu.php 27 - 45
}

[ info ] [ VIEW ] E:\ceshi\dbgj/application/admin\view\menu\index.html [ array (
  0 => 'menuTree',
  1 => 'menuListTree',
) ]
[ info ] [ CACHE ] INIT File
[ info ] [ LOG ] INIT file

---------------------------------------------------------------
[ 2018-01-27T15:24:14+08:00 ] 127.0.0.1 127.0.0.1 GET /
[ log ] 127.0.0.1:815/ [运行时间：0.105000s][吞吐率：9.52req/s] [内存消耗：2,198.75kb] [文件加载：54]
[ info ] [ DB ] INIT mysql
[ info ] [ LANG ] E:\ceshi\dbgj\core\lang\zh-cn.php
[ info ] [ ROUTE ] array (
  'type' => 'module',
  'module' => 
  array (
    0 => '',
    1 => NULL,
    2 => NULL,
  ),
)
[ info ] [ HEADER ] array (
  'host' => '127.0.0.1:815',
  'connection' => 'keep-alive',
  'upgrade-insecure-requests' => '1',
  'user-agent' => 'Mozilla/5.0 (Windows NT 6.1; WOW64) AppleWebKit/537.36 (KHTML, like Gecko) Chrome/55.0.2883.87 Safari/537.36',
  'accept' => 'text/html,application/xhtml+xml,application/xml;q=0.9,image/webp,*/*;q=0.8',
  'accept-encoding' => 'gzip, deflate, sdch, br',
  'accept-language' => 'zh-CN,zh;q=0.8',
  'cookie' => 'PHPSESSID=f1np8j5svgu53uthc3mtsbf5j7; __guid=96992031.245101070365389760.1517032153694.6084; think_var=zh-cn; monitor_count=13',
)
[ info ] [ PARAM ] array (
)
[ info ] [ LANG ] E:\ceshi\dbgj/application/index\lang\zh-cn.php
[ info ] [ SESSION ] INIT array (
  'prefix' => 'minishop',
  'type' => '',
  'auto_start' => true,
)
[ info ] [ LOG ] INIT file

---------------------------------------------------------------
[ 2018-01-27T15:24:14+08:00 ] 127.0.0.1 127.0.0.1 GET /index/base/login.html
[ log ] 127.0.0.1:815/index/base/login.html [运行时间：0.098000s][吞吐率：10.20req/s] [内存消耗：2,183.59kb] [文件加载：52]
[ info ] [ DB ] INIT mysql
[ info ] [ LANG ] E:\ceshi\dbgj\core\lang\zh-cn.php
[ info ] [ ROUTE ] array (
  'type' => 'module',
  'module' => 
  array (
    0 => 'index',
    1 => 'base',
    2 => 'login',
  ),
)
[ info ] [ HEADER ] array (
  'host' => '127.0.0.1:815',
  'connection' => 'keep-alive',
  'upgrade-insecure-requests' => '1',
  'user-agent' => 'Mozilla/5.0 (Windows NT 6.1; WOW64) AppleWebKit/537.36 (KHTML, like Gecko) Chrome/55.0.2883.87 Safari/537.36',
  'accept' => 'text/html,application/xhtml+xml,application/xml;q=0.9,image/webp,*/*;q=0.8',
  'accept-encoding' => 'gzip, deflate, sdch, br',
  'accept-language' => 'zh-CN,zh;q=0.8',
  'cookie' => 'PHPSESSID=f1np8j5svgu53uthc3mtsbf5j7; __guid=96992031.245101070365389760.1517032153694.6084; think_var=zh-cn; monitor_count=13',
)
[ info ] [ PARAM ] array (
  'index/base/login_html' => '',
)
[ info ] [ LANG ] E:\ceshi\dbgj/application/index\lang\zh-cn.php
[ info ] [ SESSION ] INIT array (
  'prefix' => 'minishop',
  'type' => '',
  'auto_start' => true,
)
[ info ] [ RUN ] /**
     * 用户登录方法
     * @author  矢志bu渝 <745152620@qq.com>
     */
Method [ <user> public method login ] {
  @@ E:\ceshi\dbgj\application\index\controller\Base.php 57 - 83
}

[ info ] [ VIEW ] ./themes/default/index/login.html [ array (
  0 => 'userinfo',
) ]
[ info ] [ LOG ] INIT file

---------------------------------------------------------------
[ 2018-01-27T15:24:23+08:00 ] 127.0.0.1 127.0.0.1 POST /index/base/login.html
[ log ] 127.0.0.1:815/index/base/login.html [运行时间：0.096000s][吞吐率：10.42req/s] [内存消耗：2,160.84kb] [文件加载：52]
[ info ] [ DB ] INIT mysql
[ info ] [ LANG ] E:\ceshi\dbgj\core\lang\zh-cn.php
[ info ] [ ROUTE ] array (
  'type' => 'module',
  'module' => 
  array (
    0 => 'index',
    1 => 'base',
    2 => 'login',
  ),
)
[ info ] [ HEADER ] array (
  'host' => '127.0.0.1:815',
  'connection' => 'keep-alive',
  'accept' => 'application/json, text/javascript, */*; q=0.01',
  'origin' => 'http://127.0.0.1:815',
  'x-requested-with' => 'XMLHttpRequest',
  'user-agent' => 'Mozilla/5.0 (Windows NT 6.1; WOW64) AppleWebKit/537.36 (KHTML, like Gecko) Chrome/55.0.2883.87 Safari/537.36',
  'referer' => 'http://127.0.0.1:815/index/base/login.html',
  'accept-encoding' => 'gzip, deflate, br',
  'accept-language' => 'zh-CN,zh;q=0.8',
  'cookie' => 'PHPSESSID=f1np8j5svgu53uthc3mtsbf5j7; __guid=96992031.245101070365389760.1517032153694.6084; think_var=zh-cn; monitor_count=14',
  'content-type' => 'application/x-www-form-urlencoded; charset=UTF-8',
  'content-length' => '25',
)
[ info ] [ PARAM ] array (
  'index/base/login_html' => '',
  'key' => 'admin',
  'password' => '123456',
)
[ info ] [ LANG ] E:\ceshi\dbgj/application/index\lang\zh-cn.php
[ info ] [ SESSION ] INIT array (
  'prefix' => 'minishop',
  'type' => '',
  'auto_start' => true,
)
[ info ] [ RUN ] /**
     * 用户登录方法
     * @author  矢志bu渝 <745152620@qq.com>
     */
Method [ <user> public method login ] {
  @@ E:\ceshi\dbgj\application\index\controller\Base.php 57 - 83
}

[ info ] [ LOG ] INIT file

---------------------------------------------------------------
[ 2018-01-27T15:24:46+08:00 ] 127.0.0.1 127.0.0.1 POST /index/base/login.html
[ log ] 127.0.0.1:815/index/base/login.html [运行时间：0.135000s][吞吐率：7.41req/s] [内存消耗：2,201.25kb] [文件加载：53]
[ info ] [ DB ] INIT mysql
[ info ] [ LANG ] E:\ceshi\dbgj\core\lang\zh-cn.php
[ info ] [ ROUTE ] array (
  'type' => 'module',
  'module' => 
  array (
    0 => 'index',
    1 => 'base',
    2 => 'login',
  ),
)
[ info ] [ HEADER ] array (
  'host' => '127.0.0.1:815',
  'connection' => 'keep-alive',
  'accept' => 'application/json, text/javascript, */*; q=0.01',
  'origin' => 'http://127.0.0.1:815',
  'x-requested-with' => 'XMLHttpRequest',
  'user-agent' => 'Mozilla/5.0 (Windows NT 6.1; WOW64) AppleWebKit/537.36 (KHTML, like Gecko) Chrome/55.0.2883.87 Safari/537.36',
  'referer' => 'http://127.0.0.1:815/index/base/login.html',
  'accept-encoding' => 'gzip, deflate, br',
  'accept-language' => 'zh-CN,zh;q=0.8',
  'cookie' => 'PHPSESSID=f1np8j5svgu53uthc3mtsbf5j7; __guid=96992031.245101070365389760.1517032153694.6084; think_var=zh-cn; monitor_count=14',
  'content-type' => 'application/x-www-form-urlencoded; charset=UTF-8',
  'content-length' => '31',
)
[ info ] [ PARAM ] array (
  'index/base/login_html' => '',
  'key' => '15666666666',
  'password' => '123456',
)
[ info ] [ LANG ] E:\ceshi\dbgj/application/index\lang\zh-cn.php
[ info ] [ SESSION ] INIT array (
  'prefix' => 'minishop',
  'type' => '',
  'auto_start' => true,
)
[ info ] [ RUN ] /**
     * 用户登录方法
     * @author  矢志bu渝 <745152620@qq.com>
     */
Method [ <user> public method login ] {
  @@ E:\ceshi\dbgj\application\index\controller\Base.php 57 - 83
}

[ info ] [ LOG ] INIT file

---------------------------------------------------------------
[ 2018-01-27T15:24:47+08:00 ] 127.0.0.1 127.0.0.1 GET /index/user/usercenter.html
[ log ] 127.0.0.1:815/index/user/usercenter.html [运行时间：0.280000s][吞吐率：3.57req/s] [内存消耗：2,295.09kb] [文件加载：53]
[ info ] [ DB ] INIT mysql
[ info ] [ LANG ] E:\ceshi\dbgj\core\lang\zh-cn.php
[ info ] [ ROUTE ] array (
  'type' => 'module',
  'module' => 
  array (
    0 => 'index',
    1 => 'user',
    2 => 'usercenter',
  ),
)
[ info ] [ HEADER ] array (
  'host' => '127.0.0.1:815',
  'connection' => 'keep-alive',
  'upgrade-insecure-requests' => '1',
  'user-agent' => 'Mozilla/5.0 (Windows NT 6.1; WOW64) AppleWebKit/537.36 (KHTML, like Gecko) Chrome/55.0.2883.87 Safari/537.36',
  'accept' => 'text/html,application/xhtml+xml,application/xml;q=0.9,image/webp,*/*;q=0.8',
  'referer' => 'http://127.0.0.1:815/index/base/login.html',
  'accept-encoding' => 'gzip, deflate, sdch, br',
  'accept-language' => 'zh-CN,zh;q=0.8',
  'cookie' => 'PHPSESSID=f1np8j5svgu53uthc3mtsbf5j7; __guid=96992031.245101070365389760.1517032153694.6084; think_var=zh-cn; monitor_count=14',
)
[ info ] [ PARAM ] array (
  'index/user/usercenter_html' => '',
)
[ info ] [ LANG ] E:\ceshi\dbgj/application/index\lang\zh-cn.php
[ info ] [ SESSION ] INIT array (
  'prefix' => 'minishop',
  'type' => '',
  'auto_start' => true,
)
[ info ] [ RUN ] /**
     * 个人中心
     * @author  ILsunshine
     */
Method [ <user> public method userCenter ] {
  @@ E:\ceshi\dbgj\application\index\controller\User.php 39 - 67
}

[ info ] [ VIEW ] ./themes/default/index/user_center.html [ array (
  0 => 'userinfo',
  1 => 'tyjfmc',
  2 => 'zhscore',
  3 => 's_score',
  4 => 'ytixian',
  5 => 'tuijianren',
  6 => 'userInfo',
  7 => 'hys',
  8 => 'scoreorder',
) ]
[ info ] [ LOG ] INIT file

---------------------------------------------------------------
[ 2018-01-27T15:24:49+08:00 ] 127.0.0.1 127.0.0.1 GET /index/lucky/index.html
[ log ] 127.0.0.1:815/index/lucky/index.html [运行时间：0.198000s][吞吐率：5.05req/s] [内存消耗：2,183.76kb] [文件加载：53]
[ info ] [ DB ] INIT mysql
[ info ] [ LANG ] E:\ceshi\dbgj\core\lang\zh-cn.php
[ info ] [ ROUTE ] array (
  'type' => 'module',
  'module' => 
  array (
    0 => 'index',
    1 => 'lucky',
    2 => 'index',
  ),
)
[ info ] [ HEADER ] array (
  'host' => '127.0.0.1:815',
  'connection' => 'keep-alive',
  'upgrade-insecure-requests' => '1',
  'user-agent' => 'Mozilla/5.0 (Windows NT 6.1; WOW64) AppleWebKit/537.36 (KHTML, like Gecko) Chrome/55.0.2883.87 Safari/537.36',
  'accept' => 'text/html,application/xhtml+xml,application/xml;q=0.9,image/webp,*/*;q=0.8',
  'referer' => 'http://127.0.0.1:815/index/user/usercenter.html',
  'accept-encoding' => 'gzip, deflate, sdch, br',
  'accept-language' => 'zh-CN,zh;q=0.8',
  'cookie' => 'PHPSESSID=f1np8j5svgu53uthc3mtsbf5j7; __guid=96992031.245101070365389760.1517032153694.6084; think_var=zh-cn; monitor_count=15',
)
[ info ] [ PARAM ] array (
  'index/lucky/index_html' => '',
)
[ info ] [ LANG ] E:\ceshi\dbgj/application/index\lang\zh-cn.php
[ info ] [ SESSION ] INIT array (
  'prefix' => 'minishop',
  'type' => '',
  'auto_start' => true,
)
[ info ] [ RUN ] Method [ <user> public method index ] {
  @@ E:\ceshi\dbgj\application\index\controller\Lucky.php 12 - 18
}

[ info ] [ VIEW ] ./themes/default/index/lucky.html [ array (
  0 => 'userinfo',
  1 => 'tyjfmc',
  2 => 'list',
  3 => 'web_lucky_score',
) ]
[ info ] [ LOG ] INIT file

---------------------------------------------------------------
[ 2018-01-27T17:20:32+08:00 ] 127.0.0.1 127.0.0.1 GET /admin.php/lucky/result_log.html
[ log ] 127.0.0.1:815/admin.php/lucky/result_log.html [运行时间：0.653000s][吞吐率：1.53req/s] [内存消耗：2,415.30kb] [文件加载：57]
[ info ] [ DB ] INIT mysql
[ info ] [ LANG ] E:\ceshi\dbgj\core\lang\zh-cn.php
[ info ] [ ROUTE ] array (
  'type' => 'module',
  'module' => 
  array (
    0 => 'admin',
    1 => 'lucky',
    2 => 'result_log',
  ),
)
[ info ] [ HEADER ] array (
  'host' => '127.0.0.1:815',
  'connection' => 'keep-alive',
  'upgrade-insecure-requests' => '1',
  'user-agent' => 'Mozilla/5.0 (Windows NT 6.1; WOW64) AppleWebKit/537.36 (KHTML, like Gecko) Chrome/55.0.2883.87 Safari/537.36',
  'accept' => 'text/html,application/xhtml+xml,application/xml;q=0.9,image/webp,*/*;q=0.8',
  'referer' => 'http://127.0.0.1:815/admin.php/menu/index.html',
  'accept-encoding' => 'gzip, deflate, sdch, br',
  'accept-language' => 'zh-CN,zh;q=0.8',
  'cookie' => 'PHPSESSID=f1np8j5svgu53uthc3mtsbf5j7; __guid=96992031.245101070365389760.1517032153694.6084; monitor_count=16',
)
[ info ] [ PARAM ] array (
)
[ info ] [ LANG ] E:\ceshi\dbgj/application/admin\lang\zh-cn.php
[ info ] [ SESSION ] INIT array (
  'id' => '',
  'var_session_id' => 'session_id',
  'prefix' => 'minishop',
  'type' => '',
  'auto_start' => true,
)
[ info ] [ RUN ] Method [ <user> public method result_log ] {
  @@ E:\ceshi\dbgj\application\admin\controller\Lucky.php 56 - 81
}

[ info ] [ VIEW ] E:\ceshi\dbgj/application/admin\view\lucky\result_log.html [ array (
  0 => 'menuTree',
  1 => 'list',
) ]
[ info ] [ CACHE ] INIT File
[ info ] [ LOG ] INIT file

---------------------------------------------------------------
[ 2018-01-27T17:27:34+08:00 ] 127.0.0.1 127.0.0.1 GET /admin.php/lucky/prize_add.html
[ log ] 127.0.0.1:815/admin.php/lucky/prize_add.html [运行时间：0.257000s][吞吐率：3.89req/s] [内存消耗：2,272.17kb] [文件加载：53]
[ info ] [ DB ] INIT mysql
[ info ] [ LANG ] E:\ceshi\dbgj\core\lang\zh-cn.php
[ info ] [ ROUTE ] array (
  'type' => 'module',
  'module' => 
  array (
    0 => 'admin',
    1 => 'lucky',
    2 => 'prize_add',
  ),
)
[ info ] [ HEADER ] array (
  'host' => '127.0.0.1:815',
  'connection' => 'keep-alive',
  'upgrade-insecure-requests' => '1',
  'user-agent' => 'Mozilla/5.0 (Windows NT 6.1; WOW64) AppleWebKit/537.36 (KHTML, like Gecko) Chrome/55.0.2883.87 Safari/537.36',
  'accept' => 'text/html,application/xhtml+xml,application/xml;q=0.9,image/webp,*/*;q=0.8',
  'referer' => 'http://127.0.0.1:815/admin.php/lucky/result_log.html',
  'accept-encoding' => 'gzip, deflate, sdch, br',
  'accept-language' => 'zh-CN,zh;q=0.8',
  'cookie' => 'PHPSESSID=f1np8j5svgu53uthc3mtsbf5j7; __guid=96992031.245101070365389760.1517032153694.6084; think_var=zh-cn; monitor_count=17',
)
[ info ] [ PARAM ] array (
)
[ info ] [ LANG ] E:\ceshi\dbgj/application/admin\lang\zh-cn.php
[ info ] [ SESSION ] INIT array (
  'id' => '',
  'var_session_id' => 'session_id',
  'prefix' => 'minishop',
  'type' => '',
  'auto_start' => true,
)
[ info ] [ RUN ] Method [ <user> public method prize_add ] {
  @@ E:\ceshi\dbgj\application\admin\controller\Lucky.php 24 - 30
}

[ info ] [ VIEW ] E:\ceshi\dbgj/application/admin\view\lucky\prize_add.html [ array (
  0 => 'menuTree',
  1 => 'list',
) ]
[ info ] [ CACHE ] INIT File
[ info ] [ LOG ] INIT file

---------------------------------------------------------------
