[ 2018-01-31T08:49:05+08:00 ] 127.0.0.1 127.0.0.1 GET /index.php/index/base/login.html
[ log ] 127.0.0.1:815/index.php/index/base/login.html [运行时间：0.309000s][吞吐率：3.24req/s] [内存消耗：2,179.91kb] [文件加载：52]
[ info ] [ DB ] INIT mysql
[ info ] [ LANG ] E:\ceshi\dbgj\core\lang\zh-cn.php
[ info ] [ ROUTE ] array (
  'type' => 'module',
  'module' => 
  array (
    0 => 'index',
    1 => 'base',
    2 => 'login',
  ),
)
[ info ] [ HEADER ] array (
  'host' => '127.0.0.1:815',
  'connection' => 'keep-alive',
  'upgrade-insecure-requests' => '1',
  'user-agent' => 'Mozilla/5.0 (Windows NT 6.1; WOW64) AppleWebKit/537.36 (KHTML, like Gecko) Chrome/55.0.2883.87 Safari/537.36',
  'accept' => 'text/html,application/xhtml+xml,application/xml;q=0.9,image/webp,*/*;q=0.8',
  'accept-encoding' => 'gzip, deflate, sdch, br',
  'accept-language' => 'zh-CN,zh;q=0.8',
  'cookie' => 'think_var=zh-cn; PHPSESSID=pkpqhsssa6e5vibbsp3tk40pt1; __guid=96992031.805546473476603800.1517359741591.1577; monitor_count=1',
)
[ info ] [ PARAM ] array (
)
[ info ] [ LANG ] E:\ceshi\dbgj/application/index\lang\zh-cn.php
[ info ] [ SESSION ] INIT array (
  'prefix' => 'minishop',
  'type' => '',
  'auto_start' => true,
)
[ info ] [ RUN ] /**
     * 用户登录方法
     * @author  矢志bu渝 <745152620@qq.com>
     */
Method [ <user> public method login ] {
  @@ E:\ceshi\dbgj\application\index\controller\Base.php 57 - 83
}

[ info ] [ VIEW ] ./themes/default/index/login.html [ array (
  0 => 'userinfo',
) ]
[ info ] [ LOG ] INIT file

---------------------------------------------------------------
[ 2018-01-31T08:49:05+08:00 ] 127.0.0.1 127.0.0.1 GET /favicon.ico
[ log ] 127.0.0.1:815/favicon.ico [运行时间：0.104000s][吞吐率：9.62req/s] [内存消耗：1,774.33kb] [文件加载：41]
[ info ] [ DB ] INIT mysql
[ info ] [ LANG ] E:\ceshi\dbgj\core\lang\zh-cn.php
[ info ] [ ROUTE ] array (
  'type' => 'module',
  'module' => 
  array (
    0 => 'favicon.ico',
    1 => NULL,
    2 => NULL,
  ),
)
[ info ] [ HEADER ] array (
  'host' => '127.0.0.1:815',
  'connection' => 'keep-alive',
  'user-agent' => 'Mozilla/5.0 (Windows NT 6.1; WOW64) AppleWebKit/537.36 (KHTML, like Gecko) Chrome/55.0.2883.87 Safari/537.36',
  'accept' => 'image/webp,image/*,*/*;q=0.8',
  'referer' => 'http://127.0.0.1:815/index.php/index/base/login.html',
  'accept-encoding' => 'gzip, deflate, sdch, br',
  'accept-language' => 'zh-CN,zh;q=0.8',
  'cookie' => 'think_var=zh-cn; PHPSESSID=pkpqhsssa6e5vibbsp3tk40pt1; __guid=96992031.805546473476603800.1517359741591.1577; monitor_count=2',
)
[ info ] [ PARAM ] array (
  'favicon_ico' => '',
)
[ info ] [ LOG ] INIT file

---------------------------------------------------------------
[ 2018-01-31T08:49:12+08:00 ] 127.0.0.1 127.0.0.1 POST /index.php/index/base/login.html
[ log ] 127.0.0.1:815/index.php/index/base/login.html [运行时间：0.120000s][吞吐率：8.33req/s] [内存消耗：2,197.48kb] [文件加载：53]
[ info ] [ DB ] INIT mysql
[ info ] [ LANG ] E:\ceshi\dbgj\core\lang\zh-cn.php
[ info ] [ ROUTE ] array (
  'type' => 'module',
  'module' => 
  array (
    0 => 'index',
    1 => 'base',
    2 => 'login',
  ),
)
[ info ] [ HEADER ] array (
  'host' => '127.0.0.1:815',
  'connection' => 'keep-alive',
  'accept' => 'application/json, text/javascript, */*; q=0.01',
  'origin' => 'http://127.0.0.1:815',
  'x-requested-with' => 'XMLHttpRequest',
  'user-agent' => 'Mozilla/5.0 (Windows NT 6.1; WOW64) AppleWebKit/537.36 (KHTML, like Gecko) Chrome/55.0.2883.87 Safari/537.36',
  'referer' => 'http://127.0.0.1:815/index.php/index/base/login.html',
  'accept-encoding' => 'gzip, deflate, br',
  'accept-language' => 'zh-CN,zh;q=0.8',
  'cookie' => 'think_var=zh-cn; PHPSESSID=pkpqhsssa6e5vibbsp3tk40pt1; __guid=96992031.805546473476603800.1517359741591.1577; monitor_count=2',
  'content-type' => 'application/x-www-form-urlencoded; charset=UTF-8',
  'content-length' => '31',
)
[ info ] [ PARAM ] array (
  'key' => '15666666666',
  'password' => '123456',
)
[ info ] [ LANG ] E:\ceshi\dbgj/application/index\lang\zh-cn.php
[ info ] [ SESSION ] INIT array (
  'prefix' => 'minishop',
  'type' => '',
  'auto_start' => true,
)
[ info ] [ RUN ] /**
     * 用户登录方法
     * @author  矢志bu渝 <745152620@qq.com>
     */
Method [ <user> public method login ] {
  @@ E:\ceshi\dbgj\application\index\controller\Base.php 57 - 83
}

[ info ] [ LOG ] INIT file

---------------------------------------------------------------
[ 2018-01-31T08:49:12+08:00 ] 127.0.0.1 127.0.0.1 GET /index.php/index/user/usercenter.html
[ log ] 127.0.0.1:815/index.php/index/user/usercenter.html [运行时间：0.230000s][吞吐率：4.35req/s] [内存消耗：2,291.41kb] [文件加载：53]
[ info ] [ DB ] INIT mysql
[ info ] [ LANG ] E:\ceshi\dbgj\core\lang\zh-cn.php
[ info ] [ ROUTE ] array (
  'type' => 'module',
  'module' => 
  array (
    0 => 'index',
    1 => 'user',
    2 => 'usercenter',
  ),
)
[ info ] [ HEADER ] array (
  'host' => '127.0.0.1:815',
  'connection' => 'keep-alive',
  'upgrade-insecure-requests' => '1',
  'user-agent' => 'Mozilla/5.0 (Windows NT 6.1; WOW64) AppleWebKit/537.36 (KHTML, like Gecko) Chrome/55.0.2883.87 Safari/537.36',
  'accept' => 'text/html,application/xhtml+xml,application/xml;q=0.9,image/webp,*/*;q=0.8',
  'referer' => 'http://127.0.0.1:815/index.php/index/base/login.html',
  'accept-encoding' => 'gzip, deflate, sdch, br',
  'accept-language' => 'zh-CN,zh;q=0.8',
  'cookie' => 'think_var=zh-cn; PHPSESSID=pkpqhsssa6e5vibbsp3tk40pt1; __guid=96992031.805546473476603800.1517359741591.1577; monitor_count=2',
)
[ info ] [ PARAM ] array (
)
[ info ] [ LANG ] E:\ceshi\dbgj/application/index\lang\zh-cn.php
[ info ] [ SESSION ] INIT array (
  'prefix' => 'minishop',
  'type' => '',
  'auto_start' => true,
)
[ info ] [ RUN ] /**
     * 个人中心
     * @author  ILsunshine
     */
Method [ <user> public method userCenter ] {
  @@ E:\ceshi\dbgj\application\index\controller\User.php 39 - 67
}

[ info ] [ VIEW ] ./themes/default/index/user_center.html [ array (
  0 => 'userinfo',
  1 => 'tyjfmc',
  2 => 'zhscore',
  3 => 's_score',
  4 => 'ytixian',
  5 => 'tuijianren',
  6 => 'userInfo',
  7 => 'hys',
  8 => 'scoreorder',
) ]
[ info ] [ LOG ] INIT file

---------------------------------------------------------------
[ 2018-01-31T08:49:18+08:00 ] 127.0.0.1 127.0.0.1 GET /index.php/index/index/index.html
[ log ] 127.0.0.1:815/index.php/index/index/index.html [运行时间：0.199000s][吞吐率：5.03req/s] [内存消耗：2,215.31kb] [文件加载：53]
[ info ] [ DB ] INIT mysql
[ info ] [ LANG ] E:\ceshi\dbgj\core\lang\zh-cn.php
[ info ] [ ROUTE ] array (
  'type' => 'module',
  'module' => 
  array (
    0 => 'index',
    1 => 'index',
    2 => 'index',
  ),
)
[ info ] [ HEADER ] array (
  'host' => '127.0.0.1:815',
  'connection' => 'keep-alive',
  'upgrade-insecure-requests' => '1',
  'user-agent' => 'Mozilla/5.0 (Linux; Android 6.0; Nexus 5 Build/MRA58N) AppleWebKit/537.36 (KHTML, like Gecko) Chrome/55.0.2883.87 Mobile Safari/537.36',
  'accept' => 'text/html,application/xhtml+xml,application/xml;q=0.9,image/webp,*/*;q=0.8',
  'referer' => 'http://127.0.0.1:815/index.php/index/user/usercenter.html',
  'accept-encoding' => 'gzip, deflate, sdch, br',
  'accept-language' => 'zh-CN,zh;q=0.8',
  'cookie' => 'think_var=zh-cn; PHPSESSID=pkpqhsssa6e5vibbsp3tk40pt1; __guid=96992031.805546473476603800.1517359741591.1577; monitor_count=3',
)
[ info ] [ PARAM ] array (
)
[ info ] [ LANG ] E:\ceshi\dbgj/application/index\lang\zh-cn.php
[ info ] [ SESSION ] INIT array (
  'prefix' => 'minishop',
  'type' => '',
  'auto_start' => true,
)
[ info ] [ RUN ] Method [ <user> public method index ] {
  @@ E:\ceshi\dbgj\application\index\controller\Index.php 21 - 28
}

[ info ] [ VIEW ] ./themes/default/index/index.html [ array (
  0 => 'userinfo',
  1 => 'goodslist',
) ]
[ info ] [ LOG ] INIT file

---------------------------------------------------------------
[ 2018-01-31T08:49:20+08:00 ] 127.0.0.1 127.0.0.1 GET /index.php/index/goods/detail.html?id=42
[ log ] 127.0.0.1:815/index.php/index/goods/detail.html?id=42 [运行时间：0.179000s][吞吐率：5.59req/s] [内存消耗：2,205.31kb] [文件加载：53]
[ info ] [ DB ] INIT mysql
[ info ] [ LANG ] E:\ceshi\dbgj\core\lang\zh-cn.php
[ info ] [ ROUTE ] array (
  'type' => 'module',
  'module' => 
  array (
    0 => 'index',
    1 => 'goods',
    2 => 'detail',
  ),
)
[ info ] [ HEADER ] array (
  'host' => '127.0.0.1:815',
  'connection' => 'keep-alive',
  'upgrade-insecure-requests' => '1',
  'user-agent' => 'Mozilla/5.0 (Linux; Android 6.0; Nexus 5 Build/MRA58N) AppleWebKit/537.36 (KHTML, like Gecko) Chrome/55.0.2883.87 Mobile Safari/537.36',
  'accept' => 'text/html,application/xhtml+xml,application/xml;q=0.9,image/webp,*/*;q=0.8',
  'referer' => 'http://127.0.0.1:815/index.php/index/index/index.html',
  'accept-encoding' => 'gzip, deflate, sdch, br',
  'accept-language' => 'zh-CN,zh;q=0.8',
  'cookie' => 'think_var=zh-cn; PHPSESSID=pkpqhsssa6e5vibbsp3tk40pt1; __guid=96992031.805546473476603800.1517359741591.1577; monitor_count=4',
)
[ info ] [ PARAM ] array (
  'id' => '42',
)
[ info ] [ LANG ] E:\ceshi\dbgj/application/index\lang\zh-cn.php
[ info ] [ SESSION ] INIT array (
  'prefix' => 'minishop',
  'type' => '',
  'auto_start' => true,
)
[ info ] [ RUN ] Method [ <user> public method detail ] {
  @@ E:\ceshi\dbgj\application\index\controller\Goods.php 25 - 45
}

[ info ] [ VIEW ] ./themes/default/index/goods_detail.html [ array (
  0 => 'userinfo',
  1 => 'data',
) ]
[ info ] [ LOG ] INIT file

---------------------------------------------------------------
[ 2018-01-31T08:49:21+08:00 ] 127.0.0.1 127.0.0.1 GET /themes/default/index/js/jquery.min.map
[ log ] 127.0.0.1:815/themes/default/index/js/jquery.min.map [运行时间：0.072000s][吞吐率：13.89req/s] [内存消耗：1,774.40kb] [文件加载：41]
[ info ] [ DB ] INIT mysql
[ info ] [ LANG ] E:\ceshi\dbgj\core\lang\zh-cn.php
[ info ] [ ROUTE ] array (
  'type' => 'module',
  'module' => 
  array (
    0 => 'themes',
    1 => 'default',
    2 => 'index',
  ),
)
[ info ] [ HEADER ] array (
  'host' => '127.0.0.1:815',
  'connection' => 'keep-alive',
  'user-agent' => 'Mozilla/5.0 (Linux; Android 6.0; Nexus 5 Build/MRA58N) AppleWebKit/537.36 (KHTML, like Gecko) Chrome/55.0.2883.87 Mobile Safari/537.36',
  'accept-encoding' => 'gzip, deflate, sdch, br',
  'accept-language' => 'zh-CN,zh;q=0.8',
)
[ info ] [ PARAM ] array (
  'themes/default/index/js/jquery_min_map' => '',
  'js' => 'jquery.min.map',
)
[ info ] [ LOG ] INIT file

---------------------------------------------------------------
[ 2018-01-31T08:49:26+08:00 ] 127.0.0.1 127.0.0.1 GET /index.php/index/cart/index.html
[ log ] 127.0.0.1:815/index.php/index/cart/index.html [运行时间：0.305000s][吞吐率：3.28req/s] [内存消耗：2,216.63kb] [文件加载：53]
[ info ] [ DB ] INIT mysql
[ info ] [ LANG ] E:\ceshi\dbgj\core\lang\zh-cn.php
[ info ] [ ROUTE ] array (
  'type' => 'module',
  'module' => 
  array (
    0 => 'index',
    1 => 'cart',
    2 => 'index',
  ),
)
[ info ] [ HEADER ] array (
  'host' => '127.0.0.1:815',
  'connection' => 'keep-alive',
  'upgrade-insecure-requests' => '1',
  'user-agent' => 'Mozilla/5.0 (Linux; Android 6.0; Nexus 5 Build/MRA58N) AppleWebKit/537.36 (KHTML, like Gecko) Chrome/55.0.2883.87 Mobile Safari/537.36',
  'accept' => 'text/html,application/xhtml+xml,application/xml;q=0.9,image/webp,*/*;q=0.8',
  'referer' => 'http://127.0.0.1:815/index.php/index/goods/detail.html?id=42',
  'accept-encoding' => 'gzip, deflate, sdch, br',
  'accept-language' => 'zh-CN,zh;q=0.8',
  'cookie' => 'think_var=zh-cn; PHPSESSID=pkpqhsssa6e5vibbsp3tk40pt1; __guid=96992031.805546473476603800.1517359741591.1577; monitor_count=5; mini_car=%5B%5B%2242%22%2C%22%E7%BA%A2%E6%9E%A3%E5%A4%B9%E6%A0%B8%E6%A1%83%22%2C25%2C1%5D%5D',
)
[ info ] [ PARAM ] array (
)
[ info ] [ LANG ] E:\ceshi\dbgj/application/index\lang\zh-cn.php
[ info ] [ SESSION ] INIT array (
  'prefix' => 'minishop',
  'type' => '',
  'auto_start' => true,
)
[ info ] [ RUN ] /**
	* 购物车首页
	* @author tangtanglove
	*/
Method [ <user> public method index ] {
  @@ E:\ceshi\dbgj\application\index\controller\Cart.php 24 - 68
}

[ info ] [ VIEW ] ./themes/default/index/cart_index.html [ array (
  0 => 'userinfo',
  1 => 'tyjfmc',
  2 => 'cartMoney',
  3 => 'selectGoods',
  4 => 'lists',
) ]
[ info ] [ LOG ] INIT file

---------------------------------------------------------------
[ 2018-01-31T08:49:26+08:00 ] 127.0.0.1 127.0.0.1 GET /themes/default/index/js/jquery.min.map
[ log ] 127.0.0.1:815/themes/default/index/js/jquery.min.map [运行时间：0.070000s][吞吐率：14.29req/s] [内存消耗：1,774.10kb] [文件加载：41]
[ info ] [ DB ] INIT mysql
[ info ] [ LANG ] E:\ceshi\dbgj\core\lang\zh-cn.php
[ info ] [ ROUTE ] array (
  'type' => 'module',
  'module' => 
  array (
    0 => 'themes',
    1 => 'default',
    2 => 'index',
  ),
)
[ info ] [ HEADER ] array (
  'host' => '127.0.0.1:815',
  'connection' => 'keep-alive',
  'user-agent' => 'Mozilla/5.0 (Linux; Android 6.0; Nexus 5 Build/MRA58N) AppleWebKit/537.36 (KHTML, like Gecko) Chrome/55.0.2883.87 Mobile Safari/537.36',
  'accept-encoding' => 'gzip, deflate, sdch, br',
  'accept-language' => 'zh-CN,zh;q=0.8',
  'cookie' => 'think_var=zh-cn',
)
[ info ] [ PARAM ] array (
  'themes/default/index/js/jquery_min_map' => '',
  'js' => 'jquery.min.map',
)
[ info ] [ LOG ] INIT file

---------------------------------------------------------------
[ 2018-01-31T08:49:28+08:00 ] 127.0.0.1 127.0.0.1 POST /index.php/index/cart/sessionorder.html
[ log ] 127.0.0.1:815/index.php/index/cart/sessionorder.html [运行时间：0.128000s][吞吐率：7.81req/s] [内存消耗：2,230.21kb] [文件加载：54]
[ info ] [ DB ] INIT mysql
[ info ] [ LANG ] E:\ceshi\dbgj\core\lang\zh-cn.php
[ info ] [ ROUTE ] array (
  'type' => 'module',
  'module' => 
  array (
    0 => 'index',
    1 => 'cart',
    2 => 'sessionorder',
  ),
)
[ info ] [ HEADER ] array (
  'host' => '127.0.0.1:815',
  'connection' => 'keep-alive',
  'accept' => '*/*',
  'origin' => 'http://127.0.0.1:815',
  'x-requested-with' => 'XMLHttpRequest',
  'user-agent' => 'Mozilla/5.0 (Linux; Android 6.0; Nexus 5 Build/MRA58N) AppleWebKit/537.36 (KHTML, like Gecko) Chrome/55.0.2883.87 Mobile Safari/537.36',
  'referer' => 'http://127.0.0.1:815/index.php/index/cart/index.html',
  'accept-encoding' => 'gzip, deflate, br',
  'accept-language' => 'zh-CN,zh;q=0.8',
  'cookie' => 'think_var=zh-cn; PHPSESSID=pkpqhsssa6e5vibbsp3tk40pt1; __guid=96992031.805546473476603800.1517359741591.1577; monitor_count=6',
  'content-type' => 'application/x-www-form-urlencoded; charset=UTF-8',
  'content-length' => '61',
)
[ info ] [ PARAM ] array (
  'cart' => 
  array (
    0 => '
								yes,42,25.00,1',
  ),
)
[ info ] [ LANG ] E:\ceshi\dbgj/application/index\lang\zh-cn.php
[ info ] [ SESSION ] INIT array (
  'prefix' => 'minishop',
  'type' => '',
  'auto_start' => true,
)
[ info ] [ RUN ] /**
	* 缓存订单数据
	* @author tangtanglove
	*/
Method [ <user> public method sessionorder ] {
  @@ E:\ceshi\dbgj\application\index\controller\Cart.php 74 - 96
}

[ info ] [ LOG ] INIT file

---------------------------------------------------------------
[ 2018-01-31T08:49:28+08:00 ] 127.0.0.1 127.0.0.1 GET /index.php/index/cart/checkorder.html
[ log ] 127.0.0.1:815/index.php/index/cart/checkorder.html [运行时间：0.182000s][吞吐率：5.49req/s] [内存消耗：2,225.65kb] [文件加载：53]
[ info ] [ DB ] INIT mysql
[ info ] [ LANG ] E:\ceshi\dbgj\core\lang\zh-cn.php
[ info ] [ ROUTE ] array (
  'type' => 'module',
  'module' => 
  array (
    0 => 'index',
    1 => 'cart',
    2 => 'checkorder',
  ),
)
[ info ] [ HEADER ] array (
  'host' => '127.0.0.1:815',
  'connection' => 'keep-alive',
  'upgrade-insecure-requests' => '1',
  'user-agent' => 'Mozilla/5.0 (Linux; Android 6.0; Nexus 5 Build/MRA58N) AppleWebKit/537.36 (KHTML, like Gecko) Chrome/55.0.2883.87 Mobile Safari/537.36',
  'accept' => 'text/html,application/xhtml+xml,application/xml;q=0.9,image/webp,*/*;q=0.8',
  'referer' => 'http://127.0.0.1:815/index.php/index/cart/index.html',
  'accept-encoding' => 'gzip, deflate, sdch, br',
  'accept-language' => 'zh-CN,zh;q=0.8',
  'cookie' => 'think_var=zh-cn; PHPSESSID=pkpqhsssa6e5vibbsp3tk40pt1; __guid=96992031.805546473476603800.1517359741591.1577; monitor_count=6',
)
[ info ] [ PARAM ] array (
)
[ info ] [ LANG ] E:\ceshi\dbgj/application/index\lang\zh-cn.php
[ info ] [ SESSION ] INIT array (
  'prefix' => 'minishop',
  'type' => '',
  'auto_start' => true,
)
[ info ] [ RUN ] /**
	* 检查订单信息
	* @author tangtanglove
	*/
Method [ <user> public method checkOrder ] {
  @@ E:\ceshi\dbgj\application\index\controller\Cart.php 102 - 143
}

[ info ] [ VIEW ] ./themes/default/index/cart_check_info.html [ array (
  0 => 'userinfo',
  1 => 'tyjfmc',
  2 => 'hcscore',
  3 => 'cartMoney',
  4 => 'agent',
  5 => 'lists',
) ]
[ info ] [ LOG ] INIT file

---------------------------------------------------------------
[ 2018-01-31T08:49:29+08:00 ] 127.0.0.1 127.0.0.1 GET /themes/default/index/js/jquery.min.map
[ log ] 127.0.0.1:815/themes/default/index/js/jquery.min.map [运行时间：0.121000s][吞吐率：8.26req/s] [内存消耗：1,774.11kb] [文件加载：41]
[ info ] [ DB ] INIT mysql
[ info ] [ LANG ] E:\ceshi\dbgj\core\lang\zh-cn.php
[ info ] [ ROUTE ] array (
  'type' => 'module',
  'module' => 
  array (
    0 => 'themes',
    1 => 'default',
    2 => 'index',
  ),
)
[ info ] [ HEADER ] array (
  'host' => '127.0.0.1:815',
  'connection' => 'keep-alive',
  'user-agent' => 'Mozilla/5.0 (Linux; Android 6.0; Nexus 5 Build/MRA58N) AppleWebKit/537.36 (KHTML, like Gecko) Chrome/55.0.2883.87 Mobile Safari/537.36',
  'accept-encoding' => 'gzip, deflate, sdch, br',
  'accept-language' => 'zh-CN,zh;q=0.8',
  'cookie' => 'think_var=zh-cn',
)
[ info ] [ PARAM ] array (
  'themes/default/index/js/jquery_min_map' => '',
  'js' => 'jquery.min.map',
)
[ info ] [ LOG ] INIT file

---------------------------------------------------------------
[ 2018-01-31T08:49:50+08:00 ] 127.0.0.1 127.0.0.1 POST /index.php/index/cart/postorder.html
[ log ] 127.0.0.1:815/index.php/index/cart/postorder.html [运行时间：0.150000s][吞吐率：6.67req/s] [内存消耗：2,187.34kb] [文件加载：53]
[ info ] [ DB ] INIT mysql
[ info ] [ LANG ] E:\ceshi\dbgj\core\lang\zh-cn.php
[ info ] [ ROUTE ] array (
  'type' => 'module',
  'module' => 
  array (
    0 => 'index',
    1 => 'cart',
    2 => 'postorder',
  ),
)
[ info ] [ HEADER ] array (
  'host' => '127.0.0.1:815',
  'connection' => 'keep-alive',
  'accept' => '*/*',
  'origin' => 'http://127.0.0.1:815',
  'x-requested-with' => 'XMLHttpRequest',
  'user-agent' => 'Mozilla/5.0 (Linux; Android 6.0; Nexus 5 Build/MRA58N) AppleWebKit/537.36 (KHTML, like Gecko) Chrome/55.0.2883.87 Mobile Safari/537.36',
  'referer' => 'http://127.0.0.1:815/index.php/index/cart/checkorder.html',
  'accept-encoding' => 'gzip, deflate, br',
  'accept-language' => 'zh-CN,zh;q=0.8',
  'cookie' => 'think_var=zh-cn; PHPSESSID=pkpqhsssa6e5vibbsp3tk40pt1; __guid=96992031.805546473476603800.1517359741591.1577; monitor_count=7',
  'content-type' => 'application/x-www-form-urlencoded; charset=UTF-8',
  'content-length' => '32',
)
[ info ] [ PARAM ] array (
  'consignee_name' => '',
  'mobile' => '',
  'address' => '',
)
[ info ] [ LANG ] E:\ceshi\dbgj/application/index\lang\zh-cn.php
[ info ] [ SESSION ] INIT array (
  'prefix' => 'minishop',
  'type' => '',
  'auto_start' => true,
)
[ info ] [ RUN ] /**
	* 提交订单
	* @author tangtanglove
	*/
Method [ <user> public method postOrder ] {
  @@ E:\ceshi\dbgj\application\index\controller\Cart.php 149 - 258
}

[ info ] [ LOG ] INIT file

---------------------------------------------------------------
[ 2018-01-31T08:50:02+08:00 ] 127.0.0.1 127.0.0.1 GET /index.php/index/cart/index.html
[ log ] 127.0.0.1:815/index.php/index/cart/index.html [运行时间：0.101000s][吞吐率：9.90req/s] [内存消耗：2,215.66kb] [文件加载：53]
[ info ] [ DB ] INIT mysql
[ info ] [ LANG ] E:\ceshi\dbgj\core\lang\zh-cn.php
[ info ] [ ROUTE ] array (
  'type' => 'module',
  'module' => 
  array (
    0 => 'index',
    1 => 'cart',
    2 => 'index',
  ),
)
[ info ] [ HEADER ] array (
  'host' => '127.0.0.1:815',
  'connection' => 'keep-alive',
  'upgrade-insecure-requests' => '1',
  'user-agent' => 'Mozilla/5.0 (Linux; Android 6.0; Nexus 5 Build/MRA58N) AppleWebKit/537.36 (KHTML, like Gecko) Chrome/55.0.2883.87 Mobile Safari/537.36',
  'accept' => 'text/html,application/xhtml+xml,application/xml;q=0.9,image/webp,*/*;q=0.8',
  'referer' => 'http://127.0.0.1:815/index.php/index/goods/detail.html?id=42',
  'accept-encoding' => 'gzip, deflate, sdch, br',
  'accept-language' => 'zh-CN,zh;q=0.8',
  'cookie' => 'think_var=zh-cn; PHPSESSID=pkpqhsssa6e5vibbsp3tk40pt1; __guid=96992031.805546473476603800.1517359741591.1577; monitor_count=7',
)
[ info ] [ PARAM ] array (
)
[ info ] [ LANG ] E:\ceshi\dbgj/application/index\lang\zh-cn.php
[ info ] [ SESSION ] INIT array (
  'prefix' => 'minishop',
  'type' => '',
  'auto_start' => true,
)
[ info ] [ RUN ] /**
	* 购物车首页
	* @author tangtanglove
	*/
Method [ <user> public method index ] {
  @@ E:\ceshi\dbgj\application\index\controller\Cart.php 24 - 68
}

[ info ] [ VIEW ] ./themes/default/index/cart_index.html [ array (
  0 => 'userinfo',
  1 => 'tyjfmc',
  2 => 'cartMoney',
  3 => 'selectGoods',
  4 => 'lists',
) ]
[ info ] [ LOG ] INIT file

---------------------------------------------------------------
[ 2018-01-31T08:50:03+08:00 ] 127.0.0.1 127.0.0.1 GET /themes/default/index/js/jquery.min.map
[ log ] 127.0.0.1:815/themes/default/index/js/jquery.min.map [运行时间：0.049000s][吞吐率：20.41req/s] [内存消耗：1,774.11kb] [文件加载：41]
[ info ] [ DB ] INIT mysql
[ info ] [ LANG ] E:\ceshi\dbgj\core\lang\zh-cn.php
[ info ] [ ROUTE ] array (
  'type' => 'module',
  'module' => 
  array (
    0 => 'themes',
    1 => 'default',
    2 => 'index',
  ),
)
[ info ] [ HEADER ] array (
  'host' => '127.0.0.1:815',
  'connection' => 'keep-alive',
  'user-agent' => 'Mozilla/5.0 (Linux; Android 6.0; Nexus 5 Build/MRA58N) AppleWebKit/537.36 (KHTML, like Gecko) Chrome/55.0.2883.87 Mobile Safari/537.36',
  'accept-encoding' => 'gzip, deflate, sdch, br',
  'accept-language' => 'zh-CN,zh;q=0.8',
  'cookie' => 'think_var=zh-cn',
)
[ info ] [ PARAM ] array (
  'themes/default/index/js/jquery_min_map' => '',
  'js' => 'jquery.min.map',
)
[ info ] [ LOG ] INIT file

---------------------------------------------------------------
[ 2018-01-31T08:50:04+08:00 ] 127.0.0.1 127.0.0.1 GET /index.php/index/goods/detail.html?id=42
[ log ] 127.0.0.1:815/index.php/index/goods/detail.html?id=42 [运行时间：0.122000s][吞吐率：8.20req/s] [内存消耗：2,205.59kb] [文件加载：53]
[ info ] [ DB ] INIT mysql
[ info ] [ LANG ] E:\ceshi\dbgj\core\lang\zh-cn.php
[ info ] [ ROUTE ] array (
  'type' => 'module',
  'module' => 
  array (
    0 => 'index',
    1 => 'goods',
    2 => 'detail',
  ),
)
[ info ] [ HEADER ] array (
  'host' => '127.0.0.1:815',
  'connection' => 'keep-alive',
  'upgrade-insecure-requests' => '1',
  'user-agent' => 'Mozilla/5.0 (Linux; Android 6.0; Nexus 5 Build/MRA58N) AppleWebKit/537.36 (KHTML, like Gecko) Chrome/55.0.2883.87 Mobile Safari/537.36',
  'accept' => 'text/html,application/xhtml+xml,application/xml;q=0.9,image/webp,*/*;q=0.8',
  'referer' => 'http://127.0.0.1:815/index.php/index/index/index.html',
  'accept-encoding' => 'gzip, deflate, sdch, br',
  'accept-language' => 'zh-CN,zh;q=0.8',
  'cookie' => 'think_var=zh-cn; PHPSESSID=pkpqhsssa6e5vibbsp3tk40pt1; __guid=96992031.805546473476603800.1517359741591.1577; monitor_count=8',
)
[ info ] [ PARAM ] array (
  'id' => '42',
)
[ info ] [ LANG ] E:\ceshi\dbgj/application/index\lang\zh-cn.php
[ info ] [ SESSION ] INIT array (
  'prefix' => 'minishop',
  'type' => '',
  'auto_start' => true,
)
[ info ] [ RUN ] Method [ <user> public method detail ] {
  @@ E:\ceshi\dbgj\application\index\controller\Goods.php 25 - 45
}

[ info ] [ VIEW ] ./themes/default/index/goods_detail.html [ array (
  0 => 'userinfo',
  1 => 'data',
) ]
[ info ] [ LOG ] INIT file

---------------------------------------------------------------
[ 2018-01-31T08:50:04+08:00 ] 127.0.0.1 127.0.0.1 GET /themes/default/index/js/jquery.min.map
[ log ] 127.0.0.1:815/themes/default/index/js/jquery.min.map [运行时间：0.093000s][吞吐率：10.75req/s] [内存消耗：1,774.11kb] [文件加载：41]
[ info ] [ DB ] INIT mysql
[ info ] [ LANG ] E:\ceshi\dbgj\core\lang\zh-cn.php
[ info ] [ ROUTE ] array (
  'type' => 'module',
  'module' => 
  array (
    0 => 'themes',
    1 => 'default',
    2 => 'index',
  ),
)
[ info ] [ HEADER ] array (
  'host' => '127.0.0.1:815',
  'connection' => 'keep-alive',
  'user-agent' => 'Mozilla/5.0 (Linux; Android 6.0; Nexus 5 Build/MRA58N) AppleWebKit/537.36 (KHTML, like Gecko) Chrome/55.0.2883.87 Mobile Safari/537.36',
  'accept-encoding' => 'gzip, deflate, sdch, br',
  'accept-language' => 'zh-CN,zh;q=0.8',
  'cookie' => 'think_var=zh-cn',
)
[ info ] [ PARAM ] array (
  'themes/default/index/js/jquery_min_map' => '',
  'js' => 'jquery.min.map',
)
[ info ] [ LOG ] INIT file

---------------------------------------------------------------
[ 2018-01-31T08:50:06+08:00 ] 127.0.0.1 127.0.0.1 GET /index.php/index/index/index.html
[ log ] 127.0.0.1:815/index.php/index/index/index.html [运行时间：0.113000s][吞吐率：8.85req/s] [内存消耗：2,215.57kb] [文件加载：53]
[ info ] [ DB ] INIT mysql
[ info ] [ LANG ] E:\ceshi\dbgj\core\lang\zh-cn.php
[ info ] [ ROUTE ] array (
  'type' => 'module',
  'module' => 
  array (
    0 => 'index',
    1 => 'index',
    2 => 'index',
  ),
)
[ info ] [ HEADER ] array (
  'host' => '127.0.0.1:815',
  'connection' => 'keep-alive',
  'upgrade-insecure-requests' => '1',
  'user-agent' => 'Mozilla/5.0 (Linux; Android 6.0; Nexus 5 Build/MRA58N) AppleWebKit/537.36 (KHTML, like Gecko) Chrome/55.0.2883.87 Mobile Safari/537.36',
  'accept' => 'text/html,application/xhtml+xml,application/xml;q=0.9,image/webp,*/*;q=0.8',
  'referer' => 'http://127.0.0.1:815/index.php/index/user/usercenter.html',
  'accept-encoding' => 'gzip, deflate, sdch, br',
  'accept-language' => 'zh-CN,zh;q=0.8',
  'cookie' => 'think_var=zh-cn; PHPSESSID=pkpqhsssa6e5vibbsp3tk40pt1; __guid=96992031.805546473476603800.1517359741591.1577; monitor_count=9',
)
[ info ] [ PARAM ] array (
)
[ info ] [ LANG ] E:\ceshi\dbgj/application/index\lang\zh-cn.php
[ info ] [ SESSION ] INIT array (
  'prefix' => 'minishop',
  'type' => '',
  'auto_start' => true,
)
[ info ] [ RUN ] Method [ <user> public method index ] {
  @@ E:\ceshi\dbgj\application\index\controller\Index.php 21 - 28
}

[ info ] [ VIEW ] ./themes/default/index/index.html [ array (
  0 => 'userinfo',
  1 => 'goodslist',
) ]
[ info ] [ LOG ] INIT file

---------------------------------------------------------------
[ 2018-01-31T10:25:29+08:00 ] 127.0.0.1 127.0.0.1 GET /index.php/index/order/orderlists.html
[ log ] 127.0.0.1:815/index.php/index/order/orderlists.html [运行时间：0.275000s][吞吐率：3.64req/s] [内存消耗：2,277.49kb] [文件加载：57]
[ info ] [ DB ] INIT mysql
[ info ] [ LANG ] E:\ceshi\dbgj\core\lang\zh-cn.php
[ info ] [ ROUTE ] array (
  'type' => 'module',
  'module' => 
  array (
    0 => 'index',
    1 => 'order',
    2 => 'orderlists',
  ),
)
[ info ] [ HEADER ] array (
  'host' => '127.0.0.1:815',
  'connection' => 'keep-alive',
  'upgrade-insecure-requests' => '1',
  'user-agent' => 'Mozilla/5.0 (Linux; Android 6.0; Nexus 5 Build/MRA58N) AppleWebKit/537.36 (KHTML, like Gecko) Chrome/55.0.2883.87 Mobile Safari/537.36',
  'accept' => 'text/html,application/xhtml+xml,application/xml;q=0.9,image/webp,*/*;q=0.8',
  'referer' => 'http://127.0.0.1:815/index.php/index/index/index.html',
  'accept-encoding' => 'gzip, deflate, sdch, br',
  'accept-language' => 'zh-CN,zh;q=0.8',
  'cookie' => 'PHPSESSID=pkpqhsssa6e5vibbsp3tk40pt1; __guid=96992031.805546473476603800.1517359741591.1577; monitor_count=10',
)
[ info ] [ PARAM ] array (
)
[ info ] [ LANG ] E:\ceshi\dbgj/application/index\lang\zh-cn.php
[ info ] [ SESSION ] INIT array (
  'prefix' => 'minishop',
  'type' => '',
  'auto_start' => true,
)
[ info ] [ RUN ] /**
     * 个人订单
     * @author ILsunshien
     */
Method [ <user> public method orderLists ] {
  @@ E:\ceshi\dbgj\application\index\controller\Order.php 25 - 52
}

[ info ] [ VIEW ] ./themes/default/index/user_order.html [ array (
  0 => 'userinfo',
  1 => 'tyjfmc',
  2 => 'page',
  3 => 'lists',
) ]
[ info ] [ LOG ] INIT file

---------------------------------------------------------------
[ 2018-01-31T10:25:30+08:00 ] 127.0.0.1 127.0.0.1 GET /themes/default/index/js/jquery.min.map
[ log ] 127.0.0.1:815/themes/default/index/js/jquery.min.map [运行时间：0.089000s][吞吐率：11.24req/s] [内存消耗：1,774.35kb] [文件加载：41]
[ info ] [ DB ] INIT mysql
[ info ] [ LANG ] E:\ceshi\dbgj\core\lang\zh-cn.php
[ info ] [ ROUTE ] array (
  'type' => 'module',
  'module' => 
  array (
    0 => 'themes',
    1 => 'default',
    2 => 'index',
  ),
)
[ info ] [ HEADER ] array (
  'host' => '127.0.0.1:815',
  'connection' => 'keep-alive',
  'user-agent' => 'Mozilla/5.0 (Linux; Android 6.0; Nexus 5 Build/MRA58N) AppleWebKit/537.36 (KHTML, like Gecko) Chrome/55.0.2883.87 Mobile Safari/537.36',
  'accept-encoding' => 'gzip, deflate, sdch, br',
  'accept-language' => 'zh-CN,zh;q=0.8',
)
[ info ] [ PARAM ] array (
  'themes/default/index/js/jquery_min_map' => '',
  'js' => 'jquery.min.map',
)
[ info ] [ LOG ] INIT file

---------------------------------------------------------------
[ 2018-01-31T10:25:32+08:00 ] 127.0.0.1 127.0.0.1 GET /index.php/index/index/index.html
[ log ] 127.0.0.1:815/index.php/index/index/index.html [运行时间：0.125000s][吞吐率：8.00req/s] [内存消耗：2,215.61kb] [文件加载：53]
[ info ] [ DB ] INIT mysql
[ info ] [ LANG ] E:\ceshi\dbgj\core\lang\zh-cn.php
[ info ] [ ROUTE ] array (
  'type' => 'module',
  'module' => 
  array (
    0 => 'index',
    1 => 'index',
    2 => 'index',
  ),
)
[ info ] [ HEADER ] array (
  'host' => '127.0.0.1:815',
  'connection' => 'keep-alive',
  'upgrade-insecure-requests' => '1',
  'user-agent' => 'Mozilla/5.0 (Linux; Android 6.0; Nexus 5 Build/MRA58N) AppleWebKit/537.36 (KHTML, like Gecko) Chrome/55.0.2883.87 Mobile Safari/537.36',
  'accept' => 'text/html,application/xhtml+xml,application/xml;q=0.9,image/webp,*/*;q=0.8',
  'referer' => 'http://127.0.0.1:815/index.php/index/order/orderlists.html',
  'accept-encoding' => 'gzip, deflate, sdch, br',
  'accept-language' => 'zh-CN,zh;q=0.8',
  'cookie' => 'PHPSESSID=pkpqhsssa6e5vibbsp3tk40pt1; __guid=96992031.805546473476603800.1517359741591.1577; think_var=zh-cn; monitor_count=11',
)
[ info ] [ PARAM ] array (
)
[ info ] [ LANG ] E:\ceshi\dbgj/application/index\lang\zh-cn.php
[ info ] [ SESSION ] INIT array (
  'prefix' => 'minishop',
  'type' => '',
  'auto_start' => true,
)
[ info ] [ RUN ] Method [ <user> public method index ] {
  @@ E:\ceshi\dbgj\application\index\controller\Index.php 21 - 28
}

[ info ] [ VIEW ] ./themes/default/index/index.html [ array (
  0 => 'userinfo',
  1 => 'goodslist',
) ]
[ info ] [ LOG ] INIT file

---------------------------------------------------------------
[ 2018-01-31T10:25:38+08:00 ] 127.0.0.1 127.0.0.1 GET /index.php/index/order/orderlists.html
[ log ] 127.0.0.1:815/index.php/index/order/orderlists.html [运行时间：0.158000s][吞吐率：6.33req/s] [内存消耗：2,277.05kb] [文件加载：57]
[ info ] [ DB ] INIT mysql
[ info ] [ LANG ] E:\ceshi\dbgj\core\lang\zh-cn.php
[ info ] [ ROUTE ] array (
  'type' => 'module',
  'module' => 
  array (
    0 => 'index',
    1 => 'order',
    2 => 'orderlists',
  ),
)
[ info ] [ HEADER ] array (
  'host' => '127.0.0.1:815',
  'connection' => 'keep-alive',
  'upgrade-insecure-requests' => '1',
  'user-agent' => 'Mozilla/5.0 (Linux; Android 6.0; Nexus 5 Build/MRA58N) AppleWebKit/537.36 (KHTML, like Gecko) Chrome/55.0.2883.87 Mobile Safari/537.36',
  'accept' => 'text/html,application/xhtml+xml,application/xml;q=0.9,image/webp,*/*;q=0.8',
  'referer' => 'http://127.0.0.1:815/index.php/index/index/index.html',
  'accept-encoding' => 'gzip, deflate, sdch, br',
  'accept-language' => 'zh-CN,zh;q=0.8',
  'cookie' => 'PHPSESSID=pkpqhsssa6e5vibbsp3tk40pt1; __guid=96992031.805546473476603800.1517359741591.1577; think_var=zh-cn; monitor_count=12',
)
[ info ] [ PARAM ] array (
)
[ info ] [ LANG ] E:\ceshi\dbgj/application/index\lang\zh-cn.php
[ info ] [ SESSION ] INIT array (
  'prefix' => 'minishop',
  'type' => '',
  'auto_start' => true,
)
[ info ] [ RUN ] /**
     * 个人订单
     * @author ILsunshien
     */
Method [ <user> public method orderLists ] {
  @@ E:\ceshi\dbgj\application\index\controller\Order.php 25 - 52
}

[ info ] [ VIEW ] ./themes/default/index/user_order.html [ array (
  0 => 'userinfo',
  1 => 'tyjfmc',
  2 => 'page',
  3 => 'lists',
) ]
[ info ] [ LOG ] INIT file

---------------------------------------------------------------
[ 2018-01-31T10:25:39+08:00 ] 127.0.0.1 127.0.0.1 GET /themes/default/index/js/jquery.min.map
[ log ] 127.0.0.1:815/themes/default/index/js/jquery.min.map [运行时间：0.158000s][吞吐率：6.33req/s] [内存消耗：1,774.11kb] [文件加载：41]
[ info ] [ DB ] INIT mysql
[ info ] [ LANG ] E:\ceshi\dbgj\core\lang\zh-cn.php
[ info ] [ ROUTE ] array (
  'type' => 'module',
  'module' => 
  array (
    0 => 'themes',
    1 => 'default',
    2 => 'index',
  ),
)
[ info ] [ HEADER ] array (
  'host' => '127.0.0.1:815',
  'connection' => 'keep-alive',
  'user-agent' => 'Mozilla/5.0 (Linux; Android 6.0; Nexus 5 Build/MRA58N) AppleWebKit/537.36 (KHTML, like Gecko) Chrome/55.0.2883.87 Mobile Safari/537.36',
  'accept-encoding' => 'gzip, deflate, sdch, br',
  'accept-language' => 'zh-CN,zh;q=0.8',
  'cookie' => 'think_var=zh-cn',
)
[ info ] [ PARAM ] array (
  'themes/default/index/js/jquery_min_map' => '',
  'js' => 'jquery.min.map',
)
[ info ] [ LOG ] INIT file

---------------------------------------------------------------
[ 2018-01-31T10:25:41+08:00 ] 127.0.0.1 127.0.0.1 GET /index.php/index/index/index.html
[ log ] 127.0.0.1:815/index.php/index/index/index.html [运行时间：0.146000s][吞吐率：6.85req/s] [内存消耗：2,215.61kb] [文件加载：53]
[ info ] [ DB ] INIT mysql
[ info ] [ LANG ] E:\ceshi\dbgj\core\lang\zh-cn.php
[ info ] [ ROUTE ] array (
  'type' => 'module',
  'module' => 
  array (
    0 => 'index',
    1 => 'index',
    2 => 'index',
  ),
)
[ info ] [ HEADER ] array (
  'host' => '127.0.0.1:815',
  'connection' => 'keep-alive',
  'upgrade-insecure-requests' => '1',
  'user-agent' => 'Mozilla/5.0 (Linux; Android 6.0; Nexus 5 Build/MRA58N) AppleWebKit/537.36 (KHTML, like Gecko) Chrome/55.0.2883.87 Mobile Safari/537.36',
  'accept' => 'text/html,application/xhtml+xml,application/xml;q=0.9,image/webp,*/*;q=0.8',
  'referer' => 'http://127.0.0.1:815/index.php/index/order/orderlists.html',
  'accept-encoding' => 'gzip, deflate, sdch, br',
  'accept-language' => 'zh-CN,zh;q=0.8',
  'cookie' => 'PHPSESSID=pkpqhsssa6e5vibbsp3tk40pt1; __guid=96992031.805546473476603800.1517359741591.1577; think_var=zh-cn; monitor_count=13',
)
[ info ] [ PARAM ] array (
)
[ info ] [ LANG ] E:\ceshi\dbgj/application/index\lang\zh-cn.php
[ info ] [ SESSION ] INIT array (
  'prefix' => 'minishop',
  'type' => '',
  'auto_start' => true,
)
[ info ] [ RUN ] Method [ <user> public method index ] {
  @@ E:\ceshi\dbgj\application\index\controller\Index.php 21 - 28
}

[ info ] [ VIEW ] ./themes/default/index/index.html [ array (
  0 => 'userinfo',
  1 => 'goodslist',
) ]
[ info ] [ LOG ] INIT file

---------------------------------------------------------------
[ 2018-01-31T10:25:43+08:00 ] 127.0.0.1 127.0.0.1 GET /index.php/index/order/orderlists.html
[ log ] 127.0.0.1:815/index.php/index/order/orderlists.html [运行时间：0.134000s][吞吐率：7.46req/s] [内存消耗：2,277.05kb] [文件加载：57]
[ info ] [ DB ] INIT mysql
[ info ] [ LANG ] E:\ceshi\dbgj\core\lang\zh-cn.php
[ info ] [ ROUTE ] array (
  'type' => 'module',
  'module' => 
  array (
    0 => 'index',
    1 => 'order',
    2 => 'orderlists',
  ),
)
[ info ] [ HEADER ] array (
  'host' => '127.0.0.1:815',
  'connection' => 'keep-alive',
  'upgrade-insecure-requests' => '1',
  'user-agent' => 'Mozilla/5.0 (Linux; Android 6.0; Nexus 5 Build/MRA58N) AppleWebKit/537.36 (KHTML, like Gecko) Chrome/55.0.2883.87 Mobile Safari/537.36',
  'accept' => 'text/html,application/xhtml+xml,application/xml;q=0.9,image/webp,*/*;q=0.8',
  'referer' => 'http://127.0.0.1:815/index.php/index/index/index.html',
  'accept-encoding' => 'gzip, deflate, sdch, br',
  'accept-language' => 'zh-CN,zh;q=0.8',
  'cookie' => 'PHPSESSID=pkpqhsssa6e5vibbsp3tk40pt1; __guid=96992031.805546473476603800.1517359741591.1577; think_var=zh-cn; monitor_count=14',
)
[ info ] [ PARAM ] array (
)
[ info ] [ LANG ] E:\ceshi\dbgj/application/index\lang\zh-cn.php
[ info ] [ SESSION ] INIT array (
  'prefix' => 'minishop',
  'type' => '',
  'auto_start' => true,
)
[ info ] [ RUN ] /**
     * 个人订单
     * @author ILsunshien
     */
Method [ <user> public method orderLists ] {
  @@ E:\ceshi\dbgj\application\index\controller\Order.php 25 - 52
}

[ info ] [ VIEW ] ./themes/default/index/user_order.html [ array (
  0 => 'userinfo',
  1 => 'tyjfmc',
  2 => 'page',
  3 => 'lists',
) ]
[ info ] [ LOG ] INIT file

---------------------------------------------------------------
[ 2018-01-31T10:25:43+08:00 ] 127.0.0.1 127.0.0.1 GET /themes/default/index/js/jquery.min.map
[ log ] 127.0.0.1:815/themes/default/index/js/jquery.min.map [运行时间：0.076000s][吞吐率：13.16req/s] [内存消耗：1,774.11kb] [文件加载：41]
[ info ] [ DB ] INIT mysql
[ info ] [ LANG ] E:\ceshi\dbgj\core\lang\zh-cn.php
[ info ] [ ROUTE ] array (
  'type' => 'module',
  'module' => 
  array (
    0 => 'themes',
    1 => 'default',
    2 => 'index',
  ),
)
[ info ] [ HEADER ] array (
  'host' => '127.0.0.1:815',
  'connection' => 'keep-alive',
  'user-agent' => 'Mozilla/5.0 (Linux; Android 6.0; Nexus 5 Build/MRA58N) AppleWebKit/537.36 (KHTML, like Gecko) Chrome/55.0.2883.87 Mobile Safari/537.36',
  'accept-encoding' => 'gzip, deflate, sdch, br',
  'accept-language' => 'zh-CN,zh;q=0.8',
  'cookie' => 'think_var=zh-cn',
)
[ info ] [ PARAM ] array (
  'themes/default/index/js/jquery_min_map' => '',
  'js' => 'jquery.min.map',
)
[ info ] [ LOG ] INIT file

---------------------------------------------------------------
[ 2018-01-31T10:25:44+08:00 ] 127.0.0.1 127.0.0.1 GET /index.php/index/index/index.html
[ log ] 127.0.0.1:815/index.php/index/index/index.html [运行时间：0.091000s][吞吐率：10.99req/s] [内存消耗：2,215.61kb] [文件加载：53]
[ info ] [ DB ] INIT mysql
[ info ] [ LANG ] E:\ceshi\dbgj\core\lang\zh-cn.php
[ info ] [ ROUTE ] array (
  'type' => 'module',
  'module' => 
  array (
    0 => 'index',
    1 => 'index',
    2 => 'index',
  ),
)
[ info ] [ HEADER ] array (
  'host' => '127.0.0.1:815',
  'connection' => 'keep-alive',
  'upgrade-insecure-requests' => '1',
  'user-agent' => 'Mozilla/5.0 (Linux; Android 6.0; Nexus 5 Build/MRA58N) AppleWebKit/537.36 (KHTML, like Gecko) Chrome/55.0.2883.87 Mobile Safari/537.36',
  'accept' => 'text/html,application/xhtml+xml,application/xml;q=0.9,image/webp,*/*;q=0.8',
  'referer' => 'http://127.0.0.1:815/index.php/index/order/orderlists.html',
  'accept-encoding' => 'gzip, deflate, sdch, br',
  'accept-language' => 'zh-CN,zh;q=0.8',
  'cookie' => 'PHPSESSID=pkpqhsssa6e5vibbsp3tk40pt1; __guid=96992031.805546473476603800.1517359741591.1577; think_var=zh-cn; monitor_count=15',
)
[ info ] [ PARAM ] array (
)
[ info ] [ LANG ] E:\ceshi\dbgj/application/index\lang\zh-cn.php
[ info ] [ SESSION ] INIT array (
  'prefix' => 'minishop',
  'type' => '',
  'auto_start' => true,
)
[ info ] [ RUN ] Method [ <user> public method index ] {
  @@ E:\ceshi\dbgj\application\index\controller\Index.php 21 - 28
}

[ info ] [ VIEW ] ./themes/default/index/index.html [ array (
  0 => 'userinfo',
  1 => 'goodslist',
) ]
[ info ] [ LOG ] INIT file

---------------------------------------------------------------
[ 2018-01-31T10:25:46+08:00 ] 127.0.0.1 127.0.0.1 GET /index.php/index/user/usercenter.html
[ log ] 127.0.0.1:815/index.php/index/user/usercenter.html [运行时间：0.212000s][吞吐率：4.72req/s] [内存消耗：2,291.73kb] [文件加载：53]
[ info ] [ DB ] INIT mysql
[ info ] [ LANG ] E:\ceshi\dbgj\core\lang\zh-cn.php
[ info ] [ ROUTE ] array (
  'type' => 'module',
  'module' => 
  array (
    0 => 'index',
    1 => 'user',
    2 => 'usercenter',
  ),
)
[ info ] [ HEADER ] array (
  'host' => '127.0.0.1:815',
  'connection' => 'keep-alive',
  'upgrade-insecure-requests' => '1',
  'user-agent' => 'Mozilla/5.0 (Linux; Android 6.0; Nexus 5 Build/MRA58N) AppleWebKit/537.36 (KHTML, like Gecko) Chrome/55.0.2883.87 Mobile Safari/537.36',
  'accept' => 'text/html,application/xhtml+xml,application/xml;q=0.9,image/webp,*/*;q=0.8',
  'referer' => 'http://127.0.0.1:815/index.php/index/index/index.html',
  'accept-encoding' => 'gzip, deflate, sdch, br',
  'accept-language' => 'zh-CN,zh;q=0.8',
  'cookie' => 'PHPSESSID=pkpqhsssa6e5vibbsp3tk40pt1; __guid=96992031.805546473476603800.1517359741591.1577; think_var=zh-cn; monitor_count=16',
)
[ info ] [ PARAM ] array (
)
[ info ] [ LANG ] E:\ceshi\dbgj/application/index\lang\zh-cn.php
[ info ] [ SESSION ] INIT array (
  'prefix' => 'minishop',
  'type' => '',
  'auto_start' => true,
)
[ info ] [ RUN ] /**
     * 个人中心
     * @author  ILsunshine
     */
Method [ <user> public method userCenter ] {
  @@ E:\ceshi\dbgj\application\index\controller\User.php 39 - 67
}

[ info ] [ VIEW ] ./themes/default/index/user_center.html [ array (
  0 => 'userinfo',
  1 => 'tyjfmc',
  2 => 'zhscore',
  3 => 's_score',
  4 => 'ytixian',
  5 => 'tuijianren',
  6 => 'userInfo',
  7 => 'hys',
  8 => 'scoreorder',
) ]
[ info ] [ LOG ] INIT file

---------------------------------------------------------------
[ 2018-01-31T10:25:51+08:00 ] 127.0.0.1 127.0.0.1 GET /index.php/index/index/index.html
[ log ] 127.0.0.1:815/index.php/index/index/index.html [运行时间：0.087000s][吞吐率：11.49req/s] [内存消耗：2,215.61kb] [文件加载：53]
[ info ] [ DB ] INIT mysql
[ info ] [ LANG ] E:\ceshi\dbgj\core\lang\zh-cn.php
[ info ] [ ROUTE ] array (
  'type' => 'module',
  'module' => 
  array (
    0 => 'index',
    1 => 'index',
    2 => 'index',
  ),
)
[ info ] [ HEADER ] array (
  'host' => '127.0.0.1:815',
  'connection' => 'keep-alive',
  'upgrade-insecure-requests' => '1',
  'user-agent' => 'Mozilla/5.0 (Linux; Android 6.0; Nexus 5 Build/MRA58N) AppleWebKit/537.36 (KHTML, like Gecko) Chrome/55.0.2883.87 Mobile Safari/537.36',
  'accept' => 'text/html,application/xhtml+xml,application/xml;q=0.9,image/webp,*/*;q=0.8',
  'referer' => 'http://127.0.0.1:815/index.php/index/order/orderlists.html',
  'accept-encoding' => 'gzip, deflate, sdch, br',
  'accept-language' => 'zh-CN,zh;q=0.8',
  'cookie' => 'PHPSESSID=pkpqhsssa6e5vibbsp3tk40pt1; __guid=96992031.805546473476603800.1517359741591.1577; think_var=zh-cn; monitor_count=17',
)
[ info ] [ PARAM ] array (
)
[ info ] [ LANG ] E:\ceshi\dbgj/application/index\lang\zh-cn.php
[ info ] [ SESSION ] INIT array (
  'prefix' => 'minishop',
  'type' => '',
  'auto_start' => true,
)
[ info ] [ RUN ] Method [ <user> public method index ] {
  @@ E:\ceshi\dbgj\application\index\controller\Index.php 21 - 28
}

[ info ] [ VIEW ] ./themes/default/index/index.html [ array (
  0 => 'userinfo',
  1 => 'goodslist',
) ]
[ info ] [ LOG ] INIT file

---------------------------------------------------------------
[ 2018-01-31T15:13:15+08:00 ] 127.0.0.1 127.0.0.1 GET /admin.php
[ log ] 127.0.0.1:815/admin.php [运行时间：0.250000s][吞吐率：4.00req/s] [内存消耗：2,168.71kb] [文件加载：51]
[ info ] [ DB ] INIT mysql
[ info ] [ LANG ] E:\ceshi\dbgj\core\lang\zh-cn.php
[ info ] [ ROUTE ] array (
  'type' => 'module',
  'module' => 
  array (
    0 => 'admin',
    1 => NULL,
    2 => NULL,
  ),
)
[ info ] [ HEADER ] array (
  'host' => '127.0.0.1:815',
  'connection' => 'keep-alive',
  'upgrade-insecure-requests' => '1',
  'user-agent' => 'Mozilla/5.0 (Windows NT 6.1; WOW64) AppleWebKit/537.36 (KHTML, like Gecko) Chrome/55.0.2883.87 Safari/537.36',
  'accept' => 'text/html,application/xhtml+xml,application/xml;q=0.9,image/webp,*/*;q=0.8',
  'accept-encoding' => 'gzip, deflate, sdch, br',
  'accept-language' => 'zh-CN,zh;q=0.8',
  'cookie' => 'PHPSESSID=pkpqhsssa6e5vibbsp3tk40pt1; __guid=96992031.805546473476603800.1517359741591.1577; monitor_count=18',
)
[ info ] [ PARAM ] array (
)
[ info ] [ LANG ] E:\ceshi\dbgj/application/admin\lang\zh-cn.php
[ info ] [ SESSION ] INIT array (
  'id' => '',
  'var_session_id' => 'session_id',
  'prefix' => 'minishop',
  'type' => '',
  'auto_start' => true,
)
[ info ] [ LOG ] INIT file

---------------------------------------------------------------
[ 2018-01-31T15:13:15+08:00 ] 127.0.0.1 127.0.0.1 GET /admin.php/base/login.html
[ log ] 127.0.0.1:815/admin.php/base/login.html [运行时间：0.131000s][吞吐率：7.63req/s] [内存消耗：2,093.44kb] [文件加载：48]
[ info ] [ DB ] INIT mysql
[ info ] [ LANG ] E:\ceshi\dbgj\core\lang\zh-cn.php
[ info ] [ ROUTE ] array (
  'type' => 'module',
  'module' => 
  array (
    0 => 'admin',
    1 => 'base',
    2 => 'login',
  ),
)
[ info ] [ HEADER ] array (
  'host' => '127.0.0.1:815',
  'connection' => 'keep-alive',
  'upgrade-insecure-requests' => '1',
  'user-agent' => 'Mozilla/5.0 (Windows NT 6.1; WOW64) AppleWebKit/537.36 (KHTML, like Gecko) Chrome/55.0.2883.87 Safari/537.36',
  'accept' => 'text/html,application/xhtml+xml,application/xml;q=0.9,image/webp,*/*;q=0.8',
  'accept-encoding' => 'gzip, deflate, sdch, br',
  'accept-language' => 'zh-CN,zh;q=0.8',
  'cookie' => 'PHPSESSID=pkpqhsssa6e5vibbsp3tk40pt1; __guid=96992031.805546473476603800.1517359741591.1577; monitor_count=18; think_var=zh-cn',
)
[ info ] [ PARAM ] array (
)
[ info ] [ LANG ] E:\ceshi\dbgj/application/admin\lang\zh-cn.php
[ info ] [ RUN ] /**
     * 用户登录方法
     * @author  tangtanglove <dai_hang_love@126.com>
     */
Method [ <user> public method login ] {
  @@ E:\ceshi\dbgj\application\admin\controller\Base.php 37 - 71
}

[ info ] [ VIEW ] E:\ceshi\dbgj/application/admin\view\base\login.html [ array (
  0 => 'tyjfmc',
) ]
[ info ] [ LOG ] INIT file

---------------------------------------------------------------
[ 2018-01-31T15:13:15+08:00 ] 127.0.0.1 127.0.0.1 GET /static/bootstrap/css/ionicons.min.css
[ log ] 127.0.0.1:815/static/bootstrap/css/ionicons.min.css [运行时间：0.218000s][吞吐率：4.59req/s] [内存消耗：1,774.41kb] [文件加载：41]
[ info ] [ DB ] INIT mysql
[ info ] [ LANG ] E:\ceshi\dbgj\core\lang\zh-cn.php
[ info ] [ ROUTE ] array (
  'type' => 'module',
  'module' => 
  array (
    0 => 'static',
    1 => 'bootstrap',
    2 => 'css',
  ),
)
[ info ] [ HEADER ] array (
  'host' => '127.0.0.1:815',
  'connection' => 'keep-alive',
  'user-agent' => 'Mozilla/5.0 (Windows NT 6.1; WOW64) AppleWebKit/537.36 (KHTML, like Gecko) Chrome/55.0.2883.87 Safari/537.36',
  'accept' => 'text/css,*/*;q=0.1',
  'referer' => 'http://127.0.0.1:815/admin.php/base/login.html',
  'accept-encoding' => 'gzip, deflate, sdch, br',
  'accept-language' => 'zh-CN,zh;q=0.8',
  'cookie' => 'PHPSESSID=pkpqhsssa6e5vibbsp3tk40pt1; __guid=96992031.805546473476603800.1517359741591.1577; monitor_count=18; think_var=zh-cn',
)
[ info ] [ PARAM ] array (
  'static/bootstrap/css/ionicons_min_css' => '',
)
[ info ] [ LOG ] INIT file

---------------------------------------------------------------
[ 2018-01-31T15:13:15+08:00 ] 127.0.0.1 127.0.0.1 GET /static/plugins/iCheck/square/blue.css
[ log ] 127.0.0.1:815/static/plugins/iCheck/square/blue.css [运行时间：0.198000s][吞吐率：5.05req/s] [内存消耗：1,774.62kb] [文件加载：41]
[ info ] [ DB ] INIT mysql
[ info ] [ LANG ] E:\ceshi\dbgj\core\lang\zh-cn.php
[ info ] [ ROUTE ] array (
  'type' => 'module',
  'module' => 
  array (
    0 => 'static',
    1 => 'plugins',
    2 => 'iCheck',
  ),
)
[ info ] [ HEADER ] array (
  'host' => '127.0.0.1:815',
  'connection' => 'keep-alive',
  'user-agent' => 'Mozilla/5.0 (Windows NT 6.1; WOW64) AppleWebKit/537.36 (KHTML, like Gecko) Chrome/55.0.2883.87 Safari/537.36',
  'accept' => 'text/css,*/*;q=0.1',
  'referer' => 'http://127.0.0.1:815/admin.php/base/login.html',
  'accept-encoding' => 'gzip, deflate, sdch, br',
  'accept-language' => 'zh-CN,zh;q=0.8',
  'cookie' => 'PHPSESSID=pkpqhsssa6e5vibbsp3tk40pt1; __guid=96992031.805546473476603800.1517359741591.1577; monitor_count=18; think_var=zh-cn',
)
[ info ] [ PARAM ] array (
  'static/plugins/iCheck/square/blue_css' => '',
  'square' => 'blue.css',
)
[ info ] [ LOG ] INIT file

---------------------------------------------------------------
[ 2018-01-31T15:13:15+08:00 ] 127.0.0.1 127.0.0.1 GET /static/bootstrap/css/font-awesome.min.css
[ log ] 127.0.0.1:815/static/bootstrap/css/font-awesome.min.css [运行时间：0.162000s][吞吐率：6.17req/s] [内存消耗：1,774.49kb] [文件加载：41]
[ info ] [ DB ] INIT mysql
[ info ] [ LANG ] E:\ceshi\dbgj\core\lang\zh-cn.php
[ info ] [ ROUTE ] array (
  'type' => 'module',
  'module' => 
  array (
    0 => 'static',
    1 => 'bootstrap',
    2 => 'css',
  ),
)
[ info ] [ HEADER ] array (
  'host' => '127.0.0.1:815',
  'connection' => 'keep-alive',
  'user-agent' => 'Mozilla/5.0 (Windows NT 6.1; WOW64) AppleWebKit/537.36 (KHTML, like Gecko) Chrome/55.0.2883.87 Safari/537.36',
  'accept' => 'text/css,*/*;q=0.1',
  'referer' => 'http://127.0.0.1:815/admin.php/base/login.html',
  'accept-encoding' => 'gzip, deflate, sdch, br',
  'accept-language' => 'zh-CN,zh;q=0.8',
  'cookie' => 'PHPSESSID=pkpqhsssa6e5vibbsp3tk40pt1; __guid=96992031.805546473476603800.1517359741591.1577; monitor_count=18; think_var=zh-cn',
)
[ info ] [ PARAM ] array (
  'static/bootstrap/css/font-awesome_min_css' => '',
)
[ info ] [ LOG ] INIT file

---------------------------------------------------------------
[ 2018-01-31T15:13:16+08:00 ] 127.0.0.1 127.0.0.1 GET /admin.php/base/captcha.html
[ log ] 127.0.0.1:815/admin.php/base/captcha.html [运行时间：0.141000s][吞吐率：7.09req/s] [内存消耗：2,142.81kb] [文件加载：48]
[ info ] [ DB ] INIT mysql
[ info ] [ LANG ] E:\ceshi\dbgj\core\lang\zh-cn.php
[ info ] [ ROUTE ] array (
  'type' => 'module',
  'module' => 
  array (
    0 => 'admin',
    1 => 'base',
    2 => 'captcha',
  ),
)
[ info ] [ HEADER ] array (
  'host' => '127.0.0.1:815',
  'connection' => 'keep-alive',
  'user-agent' => 'Mozilla/5.0 (Windows NT 6.1; WOW64) AppleWebKit/537.36 (KHTML, like Gecko) Chrome/55.0.2883.87 Safari/537.36',
  'accept' => 'image/webp,image/*,*/*;q=0.8',
  'referer' => 'http://127.0.0.1:815/admin.php/base/login.html',
  'accept-encoding' => 'gzip, deflate, sdch, br',
  'accept-language' => 'zh-CN,zh;q=0.8',
  'cookie' => 'PHPSESSID=pkpqhsssa6e5vibbsp3tk40pt1; __guid=96992031.805546473476603800.1517359741591.1577; think_var=zh-cn; monitor_count=19',
)
[ info ] [ PARAM ] array (
)
[ info ] [ LANG ] E:\ceshi\dbgj/application/admin\lang\zh-cn.php
[ info ] [ RUN ] /**
     * 系统验证码方法
     * @author  tangtanglove <dai_hang_love@126.com>
     */
Method [ <user> public method captcha ] {
  @@ E:\ceshi\dbgj\application\admin\controller\Base.php 77 - 81
}

[ info ] [ SESSION ] INIT array (
  'id' => '',
  'var_session_id' => 'session_id',
  'prefix' => 'minishop',
  'type' => '',
  'auto_start' => true,
)
[ info ] [ LOG ] INIT file

---------------------------------------------------------------
[ 2018-01-31T15:13:28+08:00 ] 127.0.0.1 127.0.0.1 POST /admin.php/base/login.html
[ log ] 127.0.0.1:815/admin.php/base/login.html [运行时间：0.101000s][吞吐率：9.90req/s] [内存消耗：2,381.27kb] [文件加载：53]
[ info ] [ DB ] INIT mysql
[ info ] [ LANG ] E:\ceshi\dbgj\core\lang\zh-cn.php
[ info ] [ ROUTE ] array (
  'type' => 'module',
  'module' => 
  array (
    0 => 'admin',
    1 => 'base',
    2 => 'login',
  ),
)
[ info ] [ HEADER ] array (
  'host' => '127.0.0.1:815',
  'connection' => 'keep-alive',
  'accept' => '*/*',
  'origin' => 'http://127.0.0.1:815',
  'x-requested-with' => 'XMLHttpRequest',
  'user-agent' => 'Mozilla/5.0 (Windows NT 6.1; WOW64) AppleWebKit/537.36 (KHTML, like Gecko) Chrome/55.0.2883.87 Safari/537.36',
  'referer' => 'http://127.0.0.1:815/admin.php/base/login.html',
  'accept-encoding' => 'gzip, deflate, br',
  'accept-language' => 'zh-CN,zh;q=0.8',
  'cookie' => 'PHPSESSID=pkpqhsssa6e5vibbsp3tk40pt1; __guid=96992031.805546473476603800.1517359741591.1577; think_var=zh-cn; monitor_count=19',
  'content-type' => 'application/x-www-form-urlencoded; charset=UTF-8',
  'content-length' => '43',
)
[ info ] [ PARAM ] array (
  'username' => 'admin',
  'password' => '123456',
  'captcha' => '7mhr',
)
[ info ] [ LANG ] E:\ceshi\dbgj/application/admin\lang\zh-cn.php
[ info ] [ RUN ] /**
     * 用户登录方法
     * @author  tangtanglove <dai_hang_love@126.com>
     */
Method [ <user> public method login ] {
  @@ E:\ceshi\dbgj\application\admin\controller\Base.php 37 - 71
}

[ info ] [ SESSION ] INIT array (
  'id' => '',
  'var_session_id' => 'session_id',
  'prefix' => 'minishop',
  'type' => '',
  'auto_start' => true,
)
[ info ] [ LOG ] INIT file

---------------------------------------------------------------
[ 2018-01-31T15:13:30+08:00 ] 127.0.0.1 127.0.0.1 GET /admin.php/index/index.html
[ log ] 127.0.0.1:815/admin.php/index/index.html [运行时间：0.398000s][吞吐率：2.51req/s] [内存消耗：2,267.61kb] [文件加载：53]
[ info ] [ DB ] INIT mysql
[ info ] [ LANG ] E:\ceshi\dbgj\core\lang\zh-cn.php
[ info ] [ ROUTE ] array (
  'type' => 'module',
  'module' => 
  array (
    0 => 'admin',
    1 => 'index',
    2 => 'index',
  ),
)
[ info ] [ HEADER ] array (
  'host' => '127.0.0.1:815',
  'connection' => 'keep-alive',
  'upgrade-insecure-requests' => '1',
  'user-agent' => 'Mozilla/5.0 (Windows NT 6.1; WOW64) AppleWebKit/537.36 (KHTML, like Gecko) Chrome/55.0.2883.87 Safari/537.36',
  'accept' => 'text/html,application/xhtml+xml,application/xml;q=0.9,image/webp,*/*;q=0.8',
  'referer' => 'http://127.0.0.1:815/admin.php/base/login.html',
  'accept-encoding' => 'gzip, deflate, sdch, br',
  'accept-language' => 'zh-CN,zh;q=0.8',
  'cookie' => 'PHPSESSID=pkpqhsssa6e5vibbsp3tk40pt1; __guid=96992031.805546473476603800.1517359741591.1577; think_var=zh-cn; monitor_count=19',
)
[ info ] [ PARAM ] array (
)
[ info ] [ LANG ] E:\ceshi\dbgj/application/admin\lang\zh-cn.php
[ info ] [ SESSION ] INIT array (
  'id' => '',
  'var_session_id' => 'session_id',
  'prefix' => 'minishop',
  'type' => '',
  'auto_start' => true,
)
[ info ] [ RUN ] Method [ <user> public method index ] {
  @@ E:\ceshi\dbgj\application\admin\controller\Index.php 21 - 40
}

[ info ] [ VIEW ] E:\ceshi\dbgj/application/admin\view\index\index.html [ array (
  0 => 'menuTree',
  1 => 'order_num',
  2 => 'tixian',
  3 => 'jh_num',
  4 => 'wjh_num',
  5 => 'zjf_num',
  6 => 'user_num',
) ]
[ info ] [ CACHE ] INIT File
[ info ] [ LOG ] INIT file

---------------------------------------------------------------
[ 2018-01-31T15:13:34+08:00 ] 127.0.0.1 127.0.0.1 GET /admin.php/goods/goodsadd.html
[ log ] 127.0.0.1:815/admin.php/goods/goodsadd.html [运行时间：0.183000s][吞吐率：5.46req/s] [内存消耗：2,296.33kb] [文件加载：53]
[ info ] [ DB ] INIT mysql
[ info ] [ LANG ] E:\ceshi\dbgj\core\lang\zh-cn.php
[ info ] [ ROUTE ] array (
  'type' => 'module',
  'module' => 
  array (
    0 => 'admin',
    1 => 'goods',
    2 => 'goodsadd',
  ),
)
[ info ] [ HEADER ] array (
  'host' => '127.0.0.1:815',
  'connection' => 'keep-alive',
  'upgrade-insecure-requests' => '1',
  'user-agent' => 'Mozilla/5.0 (Windows NT 6.1; WOW64) AppleWebKit/537.36 (KHTML, like Gecko) Chrome/55.0.2883.87 Safari/537.36',
  'accept' => 'text/html,application/xhtml+xml,application/xml;q=0.9,image/webp,*/*;q=0.8',
  'referer' => 'http://127.0.0.1:815/admin.php/index/index.html',
  'accept-encoding' => 'gzip, deflate, sdch, br',
  'accept-language' => 'zh-CN,zh;q=0.8',
  'cookie' => 'PHPSESSID=pkpqhsssa6e5vibbsp3tk40pt1; __guid=96992031.805546473476603800.1517359741591.1577; think_var=zh-cn; monitor_count=20',
)
[ info ] [ PARAM ] array (
)
[ info ] [ LANG ] E:\ceshi\dbgj/application/admin\lang\zh-cn.php
[ info ] [ SESSION ] INIT array (
  'id' => '',
  'var_session_id' => 'session_id',
  'prefix' => 'minishop',
  'type' => '',
  'auto_start' => true,
)
[ info ] [ RUN ] /**
     * 添加商品
     * @author tangtanglove
     */
Method [ <user> public method goodsadd ] {
  @@ E:\ceshi\dbgj\application\admin\controller\Goods.php 62 - 106
}

[ info ] [ VIEW ] E:\ceshi\dbgj/application/admin\view\goods\goodsadd.html [ array (
  0 => 'menuTree',
) ]
[ info ] [ CACHE ] INIT File
[ info ] [ LOG ] INIT file

---------------------------------------------------------------
[ 2018-01-31T15:13:35+08:00 ] 127.0.0.1 127.0.0.1 GET /admin.php/ueditor/index.html?action=config&&noCache=1517382815882
[ log ] 127.0.0.1:815/admin.php/ueditor/index.html?action=config&&noCache=1517382815882 [运行时间：0.110000s][吞吐率：9.09req/s] [内存消耗：2,158.22kb] [文件加载：48]
[ info ] [ DB ] INIT mysql
[ info ] [ LANG ] E:\ceshi\dbgj\core\lang\zh-cn.php
[ info ] [ ROUTE ] array (
  'type' => 'module',
  'module' => 
  array (
    0 => 'admin',
    1 => 'ueditor',
    2 => 'index',
  ),
)
[ info ] [ HEADER ] array (
  'host' => '127.0.0.1:815',
  'connection' => 'keep-alive',
  'user-agent' => 'Mozilla/5.0 (Windows NT 6.1; WOW64) AppleWebKit/537.36 (KHTML, like Gecko) Chrome/55.0.2883.87 Safari/537.36',
  'accept' => '*/*',
  'referer' => 'http://127.0.0.1:815/admin.php/goods/goodsadd.html',
  'accept-encoding' => 'gzip, deflate, sdch, br',
  'accept-language' => 'zh-CN,zh;q=0.8',
  'cookie' => 'PHPSESSID=pkpqhsssa6e5vibbsp3tk40pt1; __guid=96992031.805546473476603800.1517359741591.1577; think_var=zh-cn; monitor_count=21',
)
[ info ] [ PARAM ] array (
  'action' => 'config',
  'noCache' => '1517382815882',
)
[ info ] [ LANG ] E:\ceshi\dbgj/application/admin\lang\zh-cn.php
[ info ] [ SESSION ] INIT array (
  'id' => '',
  'var_session_id' => 'session_id',
  'prefix' => 'minishop',
  'type' => '',
  'auto_start' => true,
)
[ info ] [ RUN ] /**
     * 上传文件
     * @author tangtanglove <dai_hang_love@126.com>
     */
Method [ <user> public method index ] {
  @@ E:\ceshi\dbgj\application\admin\controller\Ueditor.php 27 - 81
}

[ info ] [ LOG ] INIT file

---------------------------------------------------------------
[ 2018-01-31T15:13:37+08:00 ] 127.0.0.1 127.0.0.1 GET /admin.php/goods/index.html
[ log ] 127.0.0.1:815/admin.php/goods/index.html [运行时间：0.209000s][吞吐率：4.78req/s] [内存消耗：2,429.05kb] [文件加载：57]
[ info ] [ DB ] INIT mysql
[ info ] [ LANG ] E:\ceshi\dbgj\core\lang\zh-cn.php
[ info ] [ ROUTE ] array (
  'type' => 'module',
  'module' => 
  array (
    0 => 'admin',
    1 => 'goods',
    2 => 'index',
  ),
)
[ info ] [ HEADER ] array (
  'host' => '127.0.0.1:815',
  'connection' => 'keep-alive',
  'upgrade-insecure-requests' => '1',
  'user-agent' => 'Mozilla/5.0 (Windows NT 6.1; WOW64) AppleWebKit/537.36 (KHTML, like Gecko) Chrome/55.0.2883.87 Safari/537.36',
  'accept' => 'text/html,application/xhtml+xml,application/xml;q=0.9,image/webp,*/*;q=0.8',
  'referer' => 'http://127.0.0.1:815/admin.php/goods/goodsadd.html',
  'accept-encoding' => 'gzip, deflate, sdch, br',
  'accept-language' => 'zh-CN,zh;q=0.8',
  'cookie' => 'PHPSESSID=pkpqhsssa6e5vibbsp3tk40pt1; __guid=96992031.805546473476603800.1517359741591.1577; think_var=zh-cn; monitor_count=21',
)
[ info ] [ PARAM ] array (
)
[ info ] [ LANG ] E:\ceshi\dbgj/application/admin\lang\zh-cn.php
[ info ] [ SESSION ] INIT array (
  'id' => '',
  'var_session_id' => 'session_id',
  'prefix' => 'minishop',
  'type' => '',
  'auto_start' => true,
)
[ info ] [ RUN ] /**
     * 商品列表
     * @author tangtanglove
     */
Method [ <user> public method index ] {
  @@ E:\ceshi\dbgj\application\admin\controller\Goods.php 28 - 56
}

[ info ] [ VIEW ] E:\ceshi\dbgj/application/admin\view\goods\index.html [ array (
  0 => 'menuTree',
  1 => 'status',
  2 => 'goodsList',
) ]
[ info ] [ CACHE ] INIT File
[ info ] [ LOG ] INIT file

---------------------------------------------------------------
[ 2018-01-31T15:13:41+08:00 ] 127.0.0.1 127.0.0.1 GET /admin.php/order/index.html
[ log ] 127.0.0.1:815/admin.php/order/index.html [运行时间：0.218000s][吞吐率：4.59req/s] [内存消耗：2,432.09kb] [文件加载：57]
[ info ] [ DB ] INIT mysql
[ info ] [ LANG ] E:\ceshi\dbgj\core\lang\zh-cn.php
[ info ] [ ROUTE ] array (
  'type' => 'module',
  'module' => 
  array (
    0 => 'admin',
    1 => 'order',
    2 => 'index',
  ),
)
[ info ] [ HEADER ] array (
  'host' => '127.0.0.1:815',
  'connection' => 'keep-alive',
  'upgrade-insecure-requests' => '1',
  'user-agent' => 'Mozilla/5.0 (Windows NT 6.1; WOW64) AppleWebKit/537.36 (KHTML, like Gecko) Chrome/55.0.2883.87 Safari/537.36',
  'accept' => 'text/html,application/xhtml+xml,application/xml;q=0.9,image/webp,*/*;q=0.8',
  'referer' => 'http://127.0.0.1:815/admin.php/goods/index.html',
  'accept-encoding' => 'gzip, deflate, sdch, br',
  'accept-language' => 'zh-CN,zh;q=0.8',
  'cookie' => 'PHPSESSID=pkpqhsssa6e5vibbsp3tk40pt1; __guid=96992031.805546473476603800.1517359741591.1577; think_var=zh-cn; monitor_count=22',
)
[ info ] [ PARAM ] array (
)
[ info ] [ LANG ] E:\ceshi\dbgj/application/admin\lang\zh-cn.php
[ info ] [ SESSION ] INIT array (
  'id' => '',
  'var_session_id' => 'session_id',
  'prefix' => 'minishop',
  'type' => '',
  'auto_start' => true,
)
[ info ] [ RUN ] /**
     * 订单列表
     * @author 
     */
Method [ <user> public method index ] {
  @@ E:\ceshi\dbgj\application\admin\controller\Order.php 26 - 51
}

[ info ] [ VIEW ] E:\ceshi\dbgj/application/admin\view\order\index.html [ array (
  0 => 'menuTree',
  1 => 'ordersList',
) ]
[ info ] [ CACHE ] INIT File
[ info ] [ LOG ] INIT file

---------------------------------------------------------------
[ 2018-01-31T15:13:49+08:00 ] 127.0.0.1 127.0.0.1 GET /admin.php/order/index.html
[ log ] 127.0.0.1:815/admin.php/order/index.html [运行时间：0.192000s][吞吐率：5.21req/s] [内存消耗：2,432.08kb] [文件加载：57]
[ info ] [ DB ] INIT mysql
[ info ] [ LANG ] E:\ceshi\dbgj\core\lang\zh-cn.php
[ info ] [ ROUTE ] array (
  'type' => 'module',
  'module' => 
  array (
    0 => 'admin',
    1 => 'order',
    2 => 'index',
  ),
)
[ info ] [ HEADER ] array (
  'host' => '127.0.0.1:815',
  'connection' => 'keep-alive',
  'upgrade-insecure-requests' => '1',
  'user-agent' => 'Mozilla/5.0 (Windows NT 6.1; WOW64) AppleWebKit/537.36 (KHTML, like Gecko) Chrome/55.0.2883.87 Safari/537.36',
  'accept' => 'text/html,application/xhtml+xml,application/xml;q=0.9,image/webp,*/*;q=0.8',
  'referer' => 'http://127.0.0.1:815/admin.php/order/index.html',
  'accept-encoding' => 'gzip, deflate, sdch, br',
  'accept-language' => 'zh-CN,zh;q=0.8',
  'cookie' => 'PHPSESSID=pkpqhsssa6e5vibbsp3tk40pt1; __guid=96992031.805546473476603800.1517359741591.1577; think_var=zh-cn; monitor_count=23',
)
[ info ] [ PARAM ] array (
)
[ info ] [ LANG ] E:\ceshi\dbgj/application/admin\lang\zh-cn.php
[ info ] [ SESSION ] INIT array (
  'id' => '',
  'var_session_id' => 'session_id',
  'prefix' => 'minishop',
  'type' => '',
  'auto_start' => true,
)
[ info ] [ RUN ] /**
     * 订单列表
     * @author 
     */
Method [ <user> public method index ] {
  @@ E:\ceshi\dbgj\application\admin\controller\Order.php 26 - 51
}

[ info ] [ VIEW ] E:\ceshi\dbgj/application/admin\view\order\index.html [ array (
  0 => 'menuTree',
  1 => 'ordersList',
) ]
[ info ] [ CACHE ] INIT File
[ info ] [ LOG ] INIT file

---------------------------------------------------------------
[ 2018-01-31T15:14:00+08:00 ] 127.0.0.1 127.0.0.1 GET /admin.php/order/detail/id/2018012648539950.html
[ log ] 127.0.0.1:815/admin.php/order/detail/id/2018012648539950.html [运行时间：0.275000s][吞吐率：3.64req/s] [内存消耗：2,319.67kb] [文件加载：53]
[ info ] [ DB ] INIT mysql
[ info ] [ LANG ] E:\ceshi\dbgj\core\lang\zh-cn.php
[ info ] [ ROUTE ] array (
  'type' => 'module',
  'module' => 
  array (
    0 => 'admin',
    1 => 'order',
    2 => 'detail',
  ),
)
[ info ] [ HEADER ] array (
  'host' => '127.0.0.1:815',
  'connection' => 'keep-alive',
  'upgrade-insecure-requests' => '1',
  'user-agent' => 'Mozilla/5.0 (Windows NT 6.1; WOW64) AppleWebKit/537.36 (KHTML, like Gecko) Chrome/55.0.2883.87 Safari/537.36',
  'accept' => 'text/html,application/xhtml+xml,application/xml;q=0.9,image/webp,*/*;q=0.8',
  'referer' => 'http://127.0.0.1:815/admin.php/order/index.html',
  'accept-encoding' => 'gzip, deflate, sdch, br',
  'accept-language' => 'zh-CN,zh;q=0.8',
  'cookie' => 'PHPSESSID=pkpqhsssa6e5vibbsp3tk40pt1; __guid=96992031.805546473476603800.1517359741591.1577; think_var=zh-cn; monitor_count=24',
)
[ info ] [ PARAM ] array (
  'id' => '2018012648539950',
)
[ info ] [ LANG ] E:\ceshi\dbgj/application/admin\lang\zh-cn.php
[ info ] [ SESSION ] INIT array (
  'id' => '',
  'var_session_id' => 'session_id',
  'prefix' => 'minishop',
  'type' => '',
  'auto_start' => true,
)
[ info ] [ RUN ] /**
     * 查看订单详情
     * @author 
     */
Method [ <user> public method detail ] {
  @@ E:\ceshi\dbgj\application\admin\controller\Order.php 57 - 79
}

[ info ] [ VIEW ] E:\ceshi\dbgj/application/admin\view\order\detail.html [ array (
  0 => 'menuTree',
  1 => 'ordersInfo',
  2 => 'goodInfo',
) ]
[ info ] [ CACHE ] INIT File
[ info ] [ LOG ] INIT file

---------------------------------------------------------------
[ 2018-01-31T15:14:03+08:00 ] 127.0.0.1 127.0.0.1 GET /admin.php/order/index.html
[ log ] 127.0.0.1:815/admin.php/order/index.html [运行时间：0.148000s][吞吐率：6.76req/s] [内存消耗：2,432.08kb] [文件加载：57]
[ info ] [ DB ] INIT mysql
[ info ] [ LANG ] E:\ceshi\dbgj\core\lang\zh-cn.php
[ info ] [ ROUTE ] array (
  'type' => 'module',
  'module' => 
  array (
    0 => 'admin',
    1 => 'order',
    2 => 'index',
  ),
)
[ info ] [ HEADER ] array (
  'host' => '127.0.0.1:815',
  'connection' => 'keep-alive',
  'upgrade-insecure-requests' => '1',
  'user-agent' => 'Mozilla/5.0 (Windows NT 6.1; WOW64) AppleWebKit/537.36 (KHTML, like Gecko) Chrome/55.0.2883.87 Safari/537.36',
  'accept' => 'text/html,application/xhtml+xml,application/xml;q=0.9,image/webp,*/*;q=0.8',
  'referer' => 'http://127.0.0.1:815/admin.php/order/index.html',
  'accept-encoding' => 'gzip, deflate, sdch, br',
  'accept-language' => 'zh-CN,zh;q=0.8',
  'cookie' => 'PHPSESSID=pkpqhsssa6e5vibbsp3tk40pt1; __guid=96992031.805546473476603800.1517359741591.1577; think_var=zh-cn; monitor_count=25',
)
[ info ] [ PARAM ] array (
)
[ info ] [ LANG ] E:\ceshi\dbgj/application/admin\lang\zh-cn.php
[ info ] [ SESSION ] INIT array (
  'id' => '',
  'var_session_id' => 'session_id',
  'prefix' => 'minishop',
  'type' => '',
  'auto_start' => true,
)
[ info ] [ RUN ] /**
     * 订单列表
     * @author 
     */
Method [ <user> public method index ] {
  @@ E:\ceshi\dbgj\application\admin\controller\Order.php 26 - 51
}

[ info ] [ VIEW ] E:\ceshi\dbgj/application/admin\view\order\index.html [ array (
  0 => 'menuTree',
  1 => 'ordersList',
) ]
[ info ] [ CACHE ] INIT File
[ info ] [ LOG ] INIT file

---------------------------------------------------------------
[ 2018-01-31T15:14:06+08:00 ] 127.0.0.1 127.0.0.1 GET /admin.php/member/turnadd.html
[ log ] 127.0.0.1:815/admin.php/member/turnadd.html [运行时间：0.301000s][吞吐率：3.32req/s] [内存消耗：2,471.99kb] [文件加载：57]
[ info ] [ DB ] INIT mysql
[ info ] [ LANG ] E:\ceshi\dbgj\core\lang\zh-cn.php
[ info ] [ ROUTE ] array (
  'type' => 'module',
  'module' => 
  array (
    0 => 'admin',
    1 => 'member',
    2 => 'turnadd',
  ),
)
[ info ] [ HEADER ] array (
  'host' => '127.0.0.1:815',
  'connection' => 'keep-alive',
  'upgrade-insecure-requests' => '1',
  'user-agent' => 'Mozilla/5.0 (Windows NT 6.1; WOW64) AppleWebKit/537.36 (KHTML, like Gecko) Chrome/55.0.2883.87 Safari/537.36',
  'accept' => 'text/html,application/xhtml+xml,application/xml;q=0.9,image/webp,*/*;q=0.8',
  'referer' => 'http://127.0.0.1:815/admin.php/order/index.html',
  'accept-encoding' => 'gzip, deflate, sdch, br',
  'accept-language' => 'zh-CN,zh;q=0.8',
  'cookie' => 'PHPSESSID=pkpqhsssa6e5vibbsp3tk40pt1; __guid=96992031.805546473476603800.1517359741591.1577; think_var=zh-cn; monitor_count=26',
)
[ info ] [ PARAM ] array (
)
[ info ] [ LANG ] E:\ceshi\dbgj/application/admin\lang\zh-cn.php
[ info ] [ SESSION ] INIT array (
  'id' => '',
  'var_session_id' => 'session_id',
  'prefix' => 'minishop',
  'type' => '',
  'auto_start' => true,
)
[ info ] [ RUN ] Method [ <user> public method turnadd ] {
  @@ E:\ceshi\dbgj\application\admin\controller\Member.php 359 - 381
}

[ info ] [ VIEW ] E:\ceshi\dbgj/application/admin\view\member\turnadd.html [ array (
  0 => 'menuTree',
  1 => 'userList',
) ]
[ info ] [ CACHE ] INIT File
[ info ] [ LOG ] INIT file

---------------------------------------------------------------
[ 2018-01-31T15:14:07+08:00 ] 127.0.0.1 127.0.0.1 GET /admin.php/member/index.html
[ log ] 127.0.0.1:815/admin.php/member/index.html [运行时间：0.178000s][吞吐率：5.62req/s] [内存消耗：2,481.94kb] [文件加载：57]
[ info ] [ DB ] INIT mysql
[ info ] [ LANG ] E:\ceshi\dbgj\core\lang\zh-cn.php
[ info ] [ ROUTE ] array (
  'type' => 'module',
  'module' => 
  array (
    0 => 'admin',
    1 => 'member',
    2 => 'index',
  ),
)
[ info ] [ HEADER ] array (
  'host' => '127.0.0.1:815',
  'connection' => 'keep-alive',
  'upgrade-insecure-requests' => '1',
  'user-agent' => 'Mozilla/5.0 (Windows NT 6.1; WOW64) AppleWebKit/537.36 (KHTML, like Gecko) Chrome/55.0.2883.87 Safari/537.36',
  'accept' => 'text/html,application/xhtml+xml,application/xml;q=0.9,image/webp,*/*;q=0.8',
  'referer' => 'http://127.0.0.1:815/admin.php/member/turnadd.html',
  'accept-encoding' => 'gzip, deflate, sdch, br',
  'accept-language' => 'zh-CN,zh;q=0.8',
  'cookie' => 'PHPSESSID=pkpqhsssa6e5vibbsp3tk40pt1; __guid=96992031.805546473476603800.1517359741591.1577; think_var=zh-cn; monitor_count=27',
)
[ info ] [ PARAM ] array (
)
[ info ] [ LANG ] E:\ceshi\dbgj/application/admin\lang\zh-cn.php
[ info ] [ SESSION ] INIT array (
  'id' => '',
  'var_session_id' => 'session_id',
  'prefix' => 'minishop',
  'type' => '',
  'auto_start' => true,
)
[ info ] [ RUN ] Method [ <user> public method index ] {
  @@ E:\ceshi\dbgj\application\admin\controller\Member.php 23 - 53
}

[ info ] [ VIEW ] E:\ceshi\dbgj/application/admin\view\member\index.html [ array (
  0 => 'menuTree',
  1 => 'userList',
) ]
[ info ] [ CACHE ] INIT File
[ info ] [ LOG ] INIT file

---------------------------------------------------------------
[ 2018-01-31T15:14:14+08:00 ] 127.0.0.1 127.0.0.1 GET /admin.php/member/withdrawal.html
[ log ] 127.0.0.1:815/admin.php/member/withdrawal.html [运行时间：0.202000s][吞吐率：4.95req/s] [内存消耗：2,469.60kb] [文件加载：57]
[ info ] [ DB ] INIT mysql
[ info ] [ LANG ] E:\ceshi\dbgj\core\lang\zh-cn.php
[ info ] [ ROUTE ] array (
  'type' => 'module',
  'module' => 
  array (
    0 => 'admin',
    1 => 'member',
    2 => 'withdrawal',
  ),
)
[ info ] [ HEADER ] array (
  'host' => '127.0.0.1:815',
  'connection' => 'keep-alive',
  'upgrade-insecure-requests' => '1',
  'user-agent' => 'Mozilla/5.0 (Windows NT 6.1; WOW64) AppleWebKit/537.36 (KHTML, like Gecko) Chrome/55.0.2883.87 Safari/537.36',
  'accept' => 'text/html,application/xhtml+xml,application/xml;q=0.9,image/webp,*/*;q=0.8',
  'referer' => 'http://127.0.0.1:815/admin.php/member/index.html',
  'accept-encoding' => 'gzip, deflate, sdch, br',
  'accept-language' => 'zh-CN,zh;q=0.8',
  'cookie' => 'PHPSESSID=pkpqhsssa6e5vibbsp3tk40pt1; __guid=96992031.805546473476603800.1517359741591.1577; think_var=zh-cn; monitor_count=28',
)
[ info ] [ PARAM ] array (
)
[ info ] [ LANG ] E:\ceshi\dbgj/application/admin\lang\zh-cn.php
[ info ] [ SESSION ] INIT array (
  'id' => '',
  'var_session_id' => 'session_id',
  'prefix' => 'minishop',
  'type' => '',
  'auto_start' => true,
)
[ info ] [ RUN ] Method [ <user> public method withdrawal ] {
  @@ E:\ceshi\dbgj\application\admin\controller\Member.php 262 - 290
}

[ info ] [ VIEW ] E:\ceshi\dbgj/application/admin\view\member\withdrawal.html [ array (
  0 => 'menuTree',
  1 => 'userList',
) ]
[ info ] [ CACHE ] INIT File
[ info ] [ LOG ] INIT file

---------------------------------------------------------------
[ 2018-01-31T15:14:16+08:00 ] 127.0.0.1 127.0.0.1 GET /admin.php/member/turnadd.html
[ log ] 127.0.0.1:815/admin.php/member/turnadd.html [运行时间：0.176000s][吞吐率：5.68req/s] [内存消耗：2,471.94kb] [文件加载：57]
[ info ] [ DB ] INIT mysql
[ info ] [ LANG ] E:\ceshi\dbgj\core\lang\zh-cn.php
[ info ] [ ROUTE ] array (
  'type' => 'module',
  'module' => 
  array (
    0 => 'admin',
    1 => 'member',
    2 => 'turnadd',
  ),
)
[ info ] [ HEADER ] array (
  'host' => '127.0.0.1:815',
  'connection' => 'keep-alive',
  'upgrade-insecure-requests' => '1',
  'user-agent' => 'Mozilla/5.0 (Windows NT 6.1; WOW64) AppleWebKit/537.36 (KHTML, like Gecko) Chrome/55.0.2883.87 Safari/537.36',
  'accept' => 'text/html,application/xhtml+xml,application/xml;q=0.9,image/webp,*/*;q=0.8',
  'referer' => 'http://127.0.0.1:815/admin.php/member/withdrawal.html',
  'accept-encoding' => 'gzip, deflate, sdch, br',
  'accept-language' => 'zh-CN,zh;q=0.8',
  'cookie' => 'PHPSESSID=pkpqhsssa6e5vibbsp3tk40pt1; __guid=96992031.805546473476603800.1517359741591.1577; think_var=zh-cn; monitor_count=29',
)
[ info ] [ PARAM ] array (
)
[ info ] [ LANG ] E:\ceshi\dbgj/application/admin\lang\zh-cn.php
[ info ] [ SESSION ] INIT array (
  'id' => '',
  'var_session_id' => 'session_id',
  'prefix' => 'minishop',
  'type' => '',
  'auto_start' => true,
)
[ info ] [ RUN ] Method [ <user> public method turnadd ] {
  @@ E:\ceshi\dbgj\application\admin\controller\Member.php 359 - 381
}

[ info ] [ VIEW ] E:\ceshi\dbgj/application/admin\view\member\turnadd.html [ array (
  0 => 'menuTree',
  1 => 'userList',
) ]
[ info ] [ CACHE ] INIT File
[ info ] [ LOG ] INIT file

---------------------------------------------------------------
[ 2018-01-31T15:14:18+08:00 ] 127.0.0.1 127.0.0.1 GET /admin.php/member/index.html
[ log ] 127.0.0.1:815/admin.php/member/index.html [运行时间：0.171000s][吞吐率：5.85req/s] [内存消耗：2,481.94kb] [文件加载：57]
[ info ] [ DB ] INIT mysql
[ info ] [ LANG ] E:\ceshi\dbgj\core\lang\zh-cn.php
[ info ] [ ROUTE ] array (
  'type' => 'module',
  'module' => 
  array (
    0 => 'admin',
    1 => 'member',
    2 => 'index',
  ),
)
[ info ] [ HEADER ] array (
  'host' => '127.0.0.1:815',
  'connection' => 'keep-alive',
  'upgrade-insecure-requests' => '1',
  'user-agent' => 'Mozilla/5.0 (Windows NT 6.1; WOW64) AppleWebKit/537.36 (KHTML, like Gecko) Chrome/55.0.2883.87 Safari/537.36',
  'accept' => 'text/html,application/xhtml+xml,application/xml;q=0.9,image/webp,*/*;q=0.8',
  'referer' => 'http://127.0.0.1:815/admin.php/member/turnadd.html',
  'accept-encoding' => 'gzip, deflate, sdch, br',
  'accept-language' => 'zh-CN,zh;q=0.8',
  'cookie' => 'PHPSESSID=pkpqhsssa6e5vibbsp3tk40pt1; __guid=96992031.805546473476603800.1517359741591.1577; think_var=zh-cn; monitor_count=30',
)
[ info ] [ PARAM ] array (
)
[ info ] [ LANG ] E:\ceshi\dbgj/application/admin\lang\zh-cn.php
[ info ] [ SESSION ] INIT array (
  'id' => '',
  'var_session_id' => 'session_id',
  'prefix' => 'minishop',
  'type' => '',
  'auto_start' => true,
)
[ info ] [ RUN ] Method [ <user> public method index ] {
  @@ E:\ceshi\dbgj\application\admin\controller\Member.php 23 - 53
}

[ info ] [ VIEW ] E:\ceshi\dbgj/application/admin\view\member\index.html [ array (
  0 => 'menuTree',
  1 => 'userList',
) ]
[ info ] [ CACHE ] INIT File
[ info ] [ LOG ] INIT file

---------------------------------------------------------------
[ 2018-01-31T15:14:21+08:00 ] 127.0.0.1 127.0.0.1 GET /admin.php/config/edit.html
[ log ] 127.0.0.1:815/admin.php/config/edit.html [运行时间：0.226000s][吞吐率：4.42req/s] [内存消耗：2,274.13kb] [文件加载：53]
[ info ] [ DB ] INIT mysql
[ info ] [ LANG ] E:\ceshi\dbgj\core\lang\zh-cn.php
[ info ] [ ROUTE ] array (
  'type' => 'module',
  'module' => 
  array (
    0 => 'admin',
    1 => 'config',
    2 => 'edit',
  ),
)
[ info ] [ HEADER ] array (
  'host' => '127.0.0.1:815',
  'connection' => 'keep-alive',
  'upgrade-insecure-requests' => '1',
  'user-agent' => 'Mozilla/5.0 (Windows NT 6.1; WOW64) AppleWebKit/537.36 (KHTML, like Gecko) Chrome/55.0.2883.87 Safari/537.36',
  'accept' => 'text/html,application/xhtml+xml,application/xml;q=0.9,image/webp,*/*;q=0.8',
  'referer' => 'http://127.0.0.1:815/admin.php/member/index.html',
  'accept-encoding' => 'gzip, deflate, sdch, br',
  'accept-language' => 'zh-CN,zh;q=0.8',
  'cookie' => 'PHPSESSID=pkpqhsssa6e5vibbsp3tk40pt1; __guid=96992031.805546473476603800.1517359741591.1577; think_var=zh-cn; monitor_count=31',
)
[ info ] [ PARAM ] array (
)
[ info ] [ LANG ] E:\ceshi\dbgj/application/admin\lang\zh-cn.php
[ info ] [ SESSION ] INIT array (
  'id' => '',
  'var_session_id' => 'session_id',
  'prefix' => 'minishop',
  'type' => '',
  'auto_start' => true,
)
[ info ] [ RUN ] /**
     * 系统配置
     */
Method [ <user> public method edit ] {
  @@ E:\ceshi\dbgj\application\admin\controller\Config.php 24 - 44
}

[ info ] [ VIEW ] E:\ceshi\dbgj/application/admin\view\config\edit.html [ array (
  0 => 'menuTree',
  1 => 'list',
) ]
[ info ] [ CACHE ] INIT File
[ info ] [ LOG ] INIT file

---------------------------------------------------------------
[ 2018-01-31T15:14:21+08:00 ] 127.0.0.1 127.0.0.1 GET /admin.php/ueditor/index.html?action=config&&noCache=1517382861524
[ log ] 127.0.0.1:815/admin.php/ueditor/index.html?action=config&&noCache=1517382861524 [运行时间：0.103000s][吞吐率：9.71req/s] [内存消耗：2,158.21kb] [文件加载：48]
[ info ] [ DB ] INIT mysql
[ info ] [ LANG ] E:\ceshi\dbgj\core\lang\zh-cn.php
[ info ] [ ROUTE ] array (
  'type' => 'module',
  'module' => 
  array (
    0 => 'admin',
    1 => 'ueditor',
    2 => 'index',
  ),
)
[ info ] [ HEADER ] array (
  'host' => '127.0.0.1:815',
  'connection' => 'keep-alive',
  'user-agent' => 'Mozilla/5.0 (Windows NT 6.1; WOW64) AppleWebKit/537.36 (KHTML, like Gecko) Chrome/55.0.2883.87 Safari/537.36',
  'accept' => '*/*',
  'referer' => 'http://127.0.0.1:815/admin.php/config/edit.html',
  'accept-encoding' => 'gzip, deflate, sdch, br',
  'accept-language' => 'zh-CN,zh;q=0.8',
  'cookie' => 'PHPSESSID=pkpqhsssa6e5vibbsp3tk40pt1; __guid=96992031.805546473476603800.1517359741591.1577; think_var=zh-cn; monitor_count=32',
)
[ info ] [ PARAM ] array (
  'action' => 'config',
  'noCache' => '1517382861524',
)
[ info ] [ LANG ] E:\ceshi\dbgj/application/admin\lang\zh-cn.php
[ info ] [ SESSION ] INIT array (
  'id' => '',
  'var_session_id' => 'session_id',
  'prefix' => 'minishop',
  'type' => '',
  'auto_start' => true,
)
[ info ] [ RUN ] /**
     * 上传文件
     * @author tangtanglove <dai_hang_love@126.com>
     */
Method [ <user> public method index ] {
  @@ E:\ceshi\dbgj\application\admin\controller\Ueditor.php 27 - 81
}

[ info ] [ LOG ] INIT file

---------------------------------------------------------------
[ 2018-01-31T15:14:21+08:00 ] 127.0.0.1 127.0.0.1 GET /admin.php/ueditor/index.html?action=config&&noCache=1517382861524
[ log ] 127.0.0.1:815/admin.php/ueditor/index.html?action=config&&noCache=1517382861524 [运行时间：0.121000s][吞吐率：8.26req/s] [内存消耗：2,158.21kb] [文件加载：48]
[ info ] [ DB ] INIT mysql
[ info ] [ LANG ] E:\ceshi\dbgj\core\lang\zh-cn.php
[ info ] [ ROUTE ] array (
  'type' => 'module',
  'module' => 
  array (
    0 => 'admin',
    1 => 'ueditor',
    2 => 'index',
  ),
)
[ info ] [ HEADER ] array (
  'host' => '127.0.0.1:815',
  'connection' => 'keep-alive',
  'user-agent' => 'Mozilla/5.0 (Windows NT 6.1; WOW64) AppleWebKit/537.36 (KHTML, like Gecko) Chrome/55.0.2883.87 Safari/537.36',
  'accept' => '*/*',
  'referer' => 'http://127.0.0.1:815/admin.php/config/edit.html',
  'accept-encoding' => 'gzip, deflate, sdch, br',
  'accept-language' => 'zh-CN,zh;q=0.8',
  'cookie' => 'PHPSESSID=pkpqhsssa6e5vibbsp3tk40pt1; __guid=96992031.805546473476603800.1517359741591.1577; think_var=zh-cn; monitor_count=32',
)
[ info ] [ PARAM ] array (
  'action' => 'config',
  'noCache' => '1517382861524',
)
[ info ] [ LANG ] E:\ceshi\dbgj/application/admin\lang\zh-cn.php
[ info ] [ SESSION ] INIT array (
  'id' => '',
  'var_session_id' => 'session_id',
  'prefix' => 'minishop',
  'type' => '',
  'auto_start' => true,
)
[ info ] [ RUN ] /**
     * 上传文件
     * @author tangtanglove <dai_hang_love@126.com>
     */
Method [ <user> public method index ] {
  @@ E:\ceshi\dbgj\application\admin\controller\Ueditor.php 27 - 81
}

[ info ] [ LOG ] INIT file

---------------------------------------------------------------
