[ 2017-11-25T09:33:47+08:00 ] 172.31.179.54 183.240.196.51 GET /favicon.ico
[ log ] dbgj.hoonking.com/favicon.ico [运行时间：0.062500s][吞吐率：16.00req/s] [内存消耗：1,773.89kb] [文件加载：41]
[ info ] [ DB ] INIT mysql
[ info ] [ LANG ] E:\www\dbgj\core\lang\zh-cn.php
[ info ] [ ROUTE ] array (
  'type' => 'module',
  'module' => 
  array (
    0 => 'favicon.ico',
    1 => NULL,
    2 => NULL,
  ),
)
[ info ] [ HEADER ] array (
  'host' => 'dbgj.hoonking.com',
  'connection' => 'keep-alive',
  'user-agent' => 'Mozilla/5.0 (Windows NT 10.0; WOW64) AppleWebKit/537.36 (KHTML, like Gecko) Chrome/53.0.2785.104 Safari/537.36 Core/1.53.4033.400 QQBrowser/9.6.12624.400',
  'accept-encoding' => 'gzip, deflate, sdch',
  'accept-language' => 'zh-CN,zh;q=0.8',
)
[ info ] [ PARAM ] array (
  'favicon_ico' => '',
)
[ info ] [ LOG ] INIT file

---------------------------------------------------------------
