[ 2017-11-27T10:40:57+08:00 ] 172.31.179.54 106.11.230.69 GET /
[ log ] dbgj.hoonking.com/ [运行时间：0.109375s][吞吐率：9.14req/s] [内存消耗：2,196.95kb] [文件加载：54]
[ info ] [ DB ] INIT mysql
[ info ] [ LANG ] E:\www\dbgj\core\lang\zh-cn.php
[ info ] [ ROUTE ] array (
  'type' => 'module',
  'module' => 
  array (
    0 => '',
    1 => NULL,
    2 => NULL,
  ),
)
[ info ] [ HEADER ] array (
  'host' => 'dbgj.hoonking.com',
  'accept' => '*/*',
)
[ info ] [ PARAM ] array (
)
[ info ] [ LANG ] E:\www\dbgj/application/index\lang\zh-cn.php
[ info ] [ SESSION ] INIT array (
  'prefix' => 'minishop',
  'type' => '',
  'auto_start' => true,
)
[ info ] [ LOG ] INIT file

---------------------------------------------------------------
[ 2017-11-27T10:40:57+08:00 ] 172.31.179.54 106.11.231.188 GET /index/base/login.html
[ log ] dbgj.hoonking.com/index/base/login.html [运行时间：0.062500s][吞吐率：16.00req/s] [内存消耗：2,181.73kb] [文件加载：52]
[ info ] [ DB ] INIT mysql
[ info ] [ LANG ] E:\www\dbgj\core\lang\zh-cn.php
[ info ] [ ROUTE ] array (
  'type' => 'module',
  'module' => 
  array (
    0 => 'index',
    1 => 'base',
    2 => 'login',
  ),
)
[ info ] [ HEADER ] array (
  'host' => 'dbgj.hoonking.com',
  'accept' => '*/*',
)
[ info ] [ PARAM ] array (
  'index/base/login_html' => '',
)
[ info ] [ LANG ] E:\www\dbgj/application/index\lang\zh-cn.php
[ info ] [ SESSION ] INIT array (
  'prefix' => 'minishop',
  'type' => '',
  'auto_start' => true,
)
[ info ] [ RUN ] /**
     * 用户登录方法
     * @author  矢志bu渝 <745152620@qq.com>
     */
Method [ <user> public method login ] {
  @@ E:\www\dbgj\application\index\controller\Base.php 57 - 83
}

[ info ] [ VIEW ] ./themes/default/index/login.html [ array (
  0 => 'userinfo',
) ]
[ info ] [ LOG ] INIT file

---------------------------------------------------------------
[ 2017-11-27T10:41:13+08:00 ] 172.31.179.54 42.156.251.201 GET /
[ log ] dbgj.hoonking.com/ [运行时间：0.031250s][吞吐率：32.00req/s] [内存消耗：2,198.36kb] [文件加载：54]
[ info ] [ DB ] INIT mysql
[ info ] [ LANG ] E:\www\dbgj\core\lang\zh-cn.php
[ info ] [ ROUTE ] array (
  'type' => 'module',
  'module' => 
  array (
    0 => '',
    1 => NULL,
    2 => NULL,
  ),
)
[ info ] [ HEADER ] array (
  'connection' => 'close',
  'accept' => 'text/html,application/xhtml+xml,application/xml;q=0.9,image/webp,*/*;q=0.8',
  'user-agent' => 'Mozilla/5.0 (Linux; U; Android 4.4.4; zh-CN; Che1-CL10 Build/Che1-CL10) AppleWebKit/537.36 (KHTML, like Gecko) Version/4.0 Chrome/40.0.2214.89 UCBrowser/11.4.1.939 UCBS/2.10.1.8 Mobile Safari/537.36 Tx(Tx/6.8.4) WindVane/8.0.0 720X1280 GCanvas/1.4.2.21',
  'accept-encoding' => 'gzip, deflate',
  'cookie' => 'ASPSESSIONIDSSBSCDTS=OONPMPKBPHNCPLLGHMBIHEHH; path=/',
  'accept-language' => 'zh-CN,zh;q=0.8,en;q=0.6',
  'host' => 'dbgj.hoonking.com',
)
[ info ] [ PARAM ] array (
)
[ info ] [ LANG ] E:\www\dbgj/application/index\lang\zh-cn.php
[ info ] [ SESSION ] INIT array (
  'prefix' => 'minishop',
  'type' => '',
  'auto_start' => true,
)
[ info ] [ LOG ] INIT file

---------------------------------------------------------------
[ 2017-11-27T10:41:13+08:00 ] 172.31.179.54 42.156.251.201 GET /index/base/login.html
[ log ] dbgj.hoonking.com/index/base/login.html [运行时间：0.046875s][吞吐率：21.33req/s] [内存消耗：2,182.69kb] [文件加载：52]
[ info ] [ DB ] INIT mysql
[ info ] [ LANG ] E:\www\dbgj\core\lang\zh-cn.php
[ info ] [ ROUTE ] array (
  'type' => 'module',
  'module' => 
  array (
    0 => 'index',
    1 => 'base',
    2 => 'login',
  ),
)
[ info ] [ HEADER ] array (
  'connection' => 'close',
  'accept' => 'text/html,application/xhtml+xml,application/xml;q=0.9,image/webp,*/*;q=0.8',
  'user-agent' => 'Mozilla/5.0 (Linux; Android 5.0.2; SM-A5000 Build/LRX22C  ) AppleWebKit/603.1.30 (KHTML, like Gecko) Mobile/14E304 Tx(Tx/6.8.1) WindVane/8.2.0 640x1136',
  'accept-encoding' => 'gzip, deflate',
  'cookie' => 'think_var=zh-cn; expires=Mon, 27-Nov-2017 03:41:13 GMT; Max-Age=3600; path=/, PHPSESSID=povueupmfj8qpbu21c1fbbmvf4; think_var=zh-cn',
  'accept-language' => 'zh-CN,zh;q=0.8,en;q=0.6',
  'host' => 'dbgj.hoonking.com',
)
[ info ] [ PARAM ] array (
  'index/base/login_html' => '',
)
[ info ] [ LANG ] E:\www\dbgj/application/index\lang\zh-cn.php
[ info ] [ SESSION ] INIT array (
  'prefix' => 'minishop',
  'type' => '',
  'auto_start' => true,
)
[ info ] [ RUN ] /**
     * 用户登录方法
     * @author  矢志bu渝 <745152620@qq.com>
     */
Method [ <user> public method login ] {
  @@ E:\www\dbgj\application\index\controller\Base.php 57 - 83
}

[ info ] [ VIEW ] ./themes/default/index/login.html [ array (
  0 => 'userinfo',
) ]
[ info ] [ LOG ] INIT file

---------------------------------------------------------------
[ 2017-11-27T10:41:18+08:00 ] 172.31.179.54 42.156.251.201 GET /
[ log ] dbgj.hoonking.com/ [运行时间：0.046875s][吞吐率：21.33req/s] [内存消耗：2,197.91kb] [文件加载：54]
[ info ] [ DB ] INIT mysql
[ info ] [ LANG ] E:\www\dbgj\core\lang\zh-cn.php
[ info ] [ ROUTE ] array (
  'type' => 'module',
  'module' => 
  array (
    0 => '',
    1 => NULL,
    2 => NULL,
  ),
)
[ info ] [ HEADER ] array (
  'accept' => 'text/html,application/xhtml+xml,application/xml;q=0.9,*/*;q=0.8',
  'user-agent' => 'Mozilla/5.0 (Linux; Android 6.0.1; SM-N9100 Build/LRX22C) AppleWebKit/601.1.46 (KHTML, like Gecko) Mobile/13G35 Tx(CUNTAO/5.3.2) WindVane/8.1.0 750x1334',
  'connection' => 'Keep-Alive',
  'accept-encoding' => 'gzip, deflate',
  'accept-language' => 'zh-CN,en,*',
  'host' => 'dbgj.hoonking.com',
)
[ info ] [ PARAM ] array (
)
[ info ] [ LANG ] E:\www\dbgj/application/index\lang\zh-cn.php
[ info ] [ SESSION ] INIT array (
  'prefix' => 'minishop',
  'type' => '',
  'auto_start' => true,
)
[ info ] [ LOG ] INIT file

---------------------------------------------------------------
[ 2017-11-27T10:41:18+08:00 ] 172.31.179.54 42.156.251.201 GET /index/base/login.html
[ log ] dbgj.hoonking.com/index/base/login.html [运行时间：0.046875s][吞吐率：21.33req/s] [内存消耗：2,182.60kb] [文件加载：52]
[ info ] [ DB ] INIT mysql
[ info ] [ LANG ] E:\www\dbgj\core\lang\zh-cn.php
[ info ] [ ROUTE ] array (
  'type' => 'module',
  'module' => 
  array (
    0 => 'index',
    1 => 'base',
    2 => 'login',
  ),
)
[ info ] [ HEADER ] array (
  'accept' => 'text/html,application/xhtml+xml,application/xml;q=0.9,*/*;q=0.8',
  'user-agent' => 'Mozilla/5.0 (Linux; Android 6.0.1; SM-N9100 Build/LRX22C) AppleWebKit/601.1.46 (KHTML, like Gecko) Mobile/13G35 Tx(CUNTAO/5.3.2) WindVane/8.1.0 750x1334',
  'cookie' => 'think_var=zh-cn; PHPSESSID=a5eve7lhamesdu2d4k1ciscmt0',
  'connection' => 'Keep-Alive',
  'accept-encoding' => 'gzip, deflate',
  'accept-language' => 'zh-CN,en,*',
  'host' => 'dbgj.hoonking.com',
)
[ info ] [ PARAM ] array (
  'index/base/login_html' => '',
)
[ info ] [ LANG ] E:\www\dbgj/application/index\lang\zh-cn.php
[ info ] [ SESSION ] INIT array (
  'prefix' => 'minishop',
  'type' => '',
  'auto_start' => true,
)
[ info ] [ RUN ] /**
     * 用户登录方法
     * @author  矢志bu渝 <745152620@qq.com>
     */
Method [ <user> public method login ] {
  @@ E:\www\dbgj\application\index\controller\Base.php 57 - 83
}

[ info ] [ VIEW ] ./themes/default/index/login.html [ array (
  0 => 'userinfo',
) ]
[ info ] [ LOG ] INIT file

---------------------------------------------------------------
[ 2017-11-27T10:42:39+08:00 ] 172.31.179.54 49.118.130.230 GET /
[ log ] dbgj.hoonking.com/ [运行时间：0.062500s][吞吐率：16.00req/s] [内存消耗：2,198.35kb] [文件加载：54]
[ info ] [ DB ] INIT mysql
[ info ] [ LANG ] E:\www\dbgj\core\lang\zh-cn.php
[ info ] [ ROUTE ] array (
  'type' => 'module',
  'module' => 
  array (
    0 => '',
    1 => NULL,
    2 => NULL,
  ),
)
[ info ] [ HEADER ] array (
  'cookie' => 'safedog-flow-item=',
  'accept' => 'text/html,application/xhtml+xml,application/xml;q=0.9,image/webp,*/*;q=0.8',
  'user-agent' => 'Mozilla/5.0 (Linux; U; Android 7.1.1; zh-CN; OD105 Build/NMF26F) AppleWebKit/537.36 (KHTML, like Gecko) Version/4.0 Chrome/57.0.2987.108 UCBrowser/11.6.4.950 UCBS/2.11.1.26 Mobile Safari/537.36 AliApp(TB/7.1.7) WindVane/8.0.0 1080X1920',
  'f-refer' => 'wv_h5',
  'upgrade-insecure-requests' => '1',
  'accept-encoding' => 'gzip, deflate',
  'accept-language' => 'zh-CN,en-US;q=0.8',
  'host' => 'dbgj.hoonking.com',
  'connection' => 'Keep-Alive',
)
[ info ] [ PARAM ] array (
)
[ info ] [ LANG ] E:\www\dbgj/application/index\lang\zh-cn.php
[ info ] [ SESSION ] INIT array (
  'prefix' => 'minishop',
  'type' => '',
  'auto_start' => true,
)
[ info ] [ LOG ] INIT file

---------------------------------------------------------------
[ 2017-11-27T10:42:39+08:00 ] 172.31.179.54 49.118.130.230 GET /
[ log ] dbgj.hoonking.com/ [运行时间：0.062500s][吞吐率：16.00req/s] [内存消耗：2,197.27kb] [文件加载：54]
[ info ] [ DB ] INIT mysql
[ info ] [ LANG ] E:\www\dbgj\core\lang\zh-cn.php
[ info ] [ ROUTE ] array (
  'type' => 'module',
  'module' => 
  array (
    0 => '',
    1 => NULL,
    2 => NULL,
  ),
)
[ info ] [ HEADER ] array (
  'host' => 'dbgj.hoonking.com',
  'accept-encoding' => 'gzip',
  'user-agent' => 'Dalvik/2.1.0 (Linux; U; Android 7.1.1; OD105 Build/NMF26F)',
  'connection' => 'Keep-Alive',
)
[ info ] [ PARAM ] array (
)
[ info ] [ LANG ] E:\www\dbgj/application/index\lang\zh-cn.php
[ info ] [ SESSION ] INIT array (
  'prefix' => 'minishop',
  'type' => '',
  'auto_start' => true,
)
[ info ] [ LOG ] INIT file

---------------------------------------------------------------
[ 2017-11-27T10:42:39+08:00 ] 172.31.179.54 49.118.130.230 GET /index/base/login.html
[ log ] dbgj.hoonking.com/index/base/login.html [运行时间：0.031250s][吞吐率：32.00req/s] [内存消耗：2,182.98kb] [文件加载：52]
[ info ] [ DB ] INIT mysql
[ info ] [ LANG ] E:\www\dbgj\core\lang\zh-cn.php
[ info ] [ ROUTE ] array (
  'type' => 'module',
  'module' => 
  array (
    0 => 'index',
    1 => 'base',
    2 => 'login',
  ),
)
[ info ] [ HEADER ] array (
  'cookie' => 'safedog-flow-item=; think_var=zh-cn; PHPSESSID=8t697sj7m9pigdld5l4s7r7mj7',
  'accept' => 'text/html,application/xhtml+xml,application/xml;q=0.9,image/webp,*/*;q=0.8',
  'user-agent' => 'Mozilla/5.0 (Linux; U; Android 7.1.1; zh-CN; OD105 Build/NMF26F) AppleWebKit/537.36 (KHTML, like Gecko) Version/4.0 Chrome/57.0.2987.108 UCBrowser/11.6.4.950 UCBS/2.11.1.26 Mobile Safari/537.36 AliApp(TB/7.1.7) WindVane/8.0.0 1080X1920',
  'f-refer' => 'wv_h5',
  'upgrade-insecure-requests' => '1',
  'accept-encoding' => 'gzip, deflate',
  'accept-language' => 'zh-CN,en-US;q=0.8',
  'host' => 'dbgj.hoonking.com',
  'connection' => 'Keep-Alive',
)
[ info ] [ PARAM ] array (
  'index/base/login_html' => '',
)
[ info ] [ LANG ] E:\www\dbgj/application/index\lang\zh-cn.php
[ info ] [ SESSION ] INIT array (
  'prefix' => 'minishop',
  'type' => '',
  'auto_start' => true,
)
[ info ] [ RUN ] /**
     * 用户登录方法
     * @author  矢志bu渝 <745152620@qq.com>
     */
Method [ <user> public method login ] {
  @@ E:\www\dbgj\application\index\controller\Base.php 57 - 83
}

[ info ] [ VIEW ] ./themes/default/index/login.html [ array (
  0 => 'userinfo',
) ]
[ info ] [ LOG ] INIT file

---------------------------------------------------------------
[ 2017-11-27T10:42:41+08:00 ] 172.31.179.54 49.118.130.230 GET /favicon.ico
[ log ] dbgj.hoonking.com/favicon.ico [运行时间：0.031250s][吞吐率：32.00req/s] [内存消耗：1,774.27kb] [文件加载：41]
[ info ] [ DB ] INIT mysql
[ info ] [ LANG ] E:\www\dbgj\core\lang\zh-cn.php
[ info ] [ ROUTE ] array (
  'type' => 'module',
  'module' => 
  array (
    0 => 'favicon.ico',
    1 => NULL,
    2 => NULL,
  ),
)
[ info ] [ HEADER ] array (
  'cookie' => 'safedog-flow-item=; think_var=zh-cn; PHPSESSID=8t697sj7m9pigdld5l4s7r7mj7',
  'referer' => 'http://dbgj.hoonking.com/index/base/login.html',
  'user-agent' => 'Mozilla/5.0 (Linux; U; Android 7.1.1; zh-CN; OD105 Build/NMF26F) AppleWebKit/537.36 (KHTML, like Gecko) Version/4.0 Chrome/57.0.2987.108 UCBrowser/11.6.4.950 UCBS/2.11.1.26 Mobile Safari/537.36 AliApp(TB/7.1.7) WindVane/8.0.0 1080X1920',
  'accept' => 'image/webp,image/*,*/*;q=0.8',
  'f-refer' => 'wv_h5',
  'accept-encoding' => 'gzip, deflate',
  'accept-language' => 'zh-CN,en-US;q=0.8',
  'host' => 'dbgj.hoonking.com',
  'connection' => 'Keep-Alive',
)
[ info ] [ PARAM ] array (
  'favicon_ico' => '',
)
[ info ] [ LOG ] INIT file

---------------------------------------------------------------
[ 2017-11-27T10:42:58+08:00 ] 172.31.179.54 49.118.130.230 POST /index/base/login.html
[ log ] dbgj.hoonking.com/index/base/login.html [运行时间：0.078125s][吞吐率：12.80req/s] [内存消耗：2,200.45kb] [文件加载：53]
[ info ] [ DB ] INIT mysql
[ info ] [ LANG ] E:\www\dbgj\core\lang\zh-cn.php
[ info ] [ ROUTE ] array (
  'type' => 'module',
  'module' => 
  array (
    0 => 'index',
    1 => 'base',
    2 => 'login',
  ),
)
[ info ] [ HEADER ] array (
  'cookie' => 'safedog-flow-item=; think_var=zh-cn; PHPSESSID=8t697sj7m9pigdld5l4s7r7mj7',
  'x-requested-with' => 'XMLHttpRequest',
  'referer' => 'http://dbgj.hoonking.com/index/base/login.html',
  'origin' => 'http://dbgj.hoonking.com',
  'accept' => 'application/json, text/javascript, */*; q=0.01',
  'user-agent' => 'Mozilla/5.0 (Linux; U; Android 7.1.1; zh-CN; OD105 Build/NMF26F) AppleWebKit/537.36 (KHTML, like Gecko) Version/4.0 Chrome/57.0.2987.108 UCBrowser/11.6.4.950 UCBS/2.11.1.26 Mobile Safari/537.36 AliApp(TB/7.1.7) WindVane/8.0.0 1080X1920',
  'f-refer' => 'wv_h5',
  'accept-encoding' => 'gzip, deflate',
  'accept-language' => 'zh-CN,en-US;q=0.8',
  'host' => 'dbgj.hoonking.com',
  'connection' => 'Keep-Alive',
  'content-type' => 'application/x-www-form-urlencoded; charset=UTF-8',
  'content-length' => '31',
)
[ info ] [ PARAM ] array (
  'index/base/login_html' => '',
  'key' => '15666666666',
  'password' => '123456',
)
[ info ] [ LANG ] E:\www\dbgj/application/index\lang\zh-cn.php
[ info ] [ SESSION ] INIT array (
  'prefix' => 'minishop',
  'type' => '',
  'auto_start' => true,
)
[ info ] [ RUN ] /**
     * 用户登录方法
     * @author  矢志bu渝 <745152620@qq.com>
     */
Method [ <user> public method login ] {
  @@ E:\www\dbgj\application\index\controller\Base.php 57 - 83
}

[ info ] [ LOG ] INIT file

---------------------------------------------------------------
[ 2017-11-27T10:42:59+08:00 ] 172.31.179.54 49.118.130.230 GET /index/user/usercenter.html
[ log ] dbgj.hoonking.com/index/user/usercenter.html [运行时间：0.125000s][吞吐率：8.00req/s] [内存消耗：2,294.54kb] [文件加载：53]
[ info ] [ DB ] INIT mysql
[ info ] [ LANG ] E:\www\dbgj\core\lang\zh-cn.php
[ info ] [ ROUTE ] array (
  'type' => 'module',
  'module' => 
  array (
    0 => 'index',
    1 => 'user',
    2 => 'usercenter',
  ),
)
[ info ] [ HEADER ] array (
  'cookie' => 'safedog-flow-item=; think_var=zh-cn; PHPSESSID=8t697sj7m9pigdld5l4s7r7mj7',
  'referer' => 'http://dbgj.hoonking.com/index/base/login.html',
  'user-agent' => 'Mozilla/5.0 (Linux; U; Android 7.1.1; zh-CN; OD105 Build/NMF26F) AppleWebKit/537.36 (KHTML, like Gecko) Version/4.0 Chrome/57.0.2987.108 UCBrowser/11.6.4.950 UCBS/2.11.1.26 Mobile Safari/537.36 AliApp(TB/7.1.7) WindVane/8.0.0 1080X1920',
  'accept' => 'text/html,application/xhtml+xml,application/xml;q=0.9,image/webp,*/*;q=0.8',
  'f-refer' => 'wv_h5',
  'upgrade-insecure-requests' => '1',
  'accept-encoding' => 'gzip, deflate',
  'accept-language' => 'zh-CN,en-US;q=0.8',
  'host' => 'dbgj.hoonking.com',
  'connection' => 'Keep-Alive',
)
[ info ] [ PARAM ] array (
  'index/user/usercenter_html' => '',
)
[ info ] [ LANG ] E:\www\dbgj/application/index\lang\zh-cn.php
[ info ] [ SESSION ] INIT array (
  'prefix' => 'minishop',
  'type' => '',
  'auto_start' => true,
)
[ info ] [ RUN ] /**
     * 个人中心
     * @author  ILsunshine
     */
Method [ <user> public method userCenter ] {
  @@ E:\www\dbgj\application\index\controller\User.php 39 - 67
}

[ info ] [ VIEW ] ./themes/default/index/user_center.html [ array (
  0 => 'userinfo',
  1 => 'tyjfmc',
  2 => 'zhscore',
  3 => 's_score',
  4 => 'ytixian',
  5 => 'tuijianren',
  6 => 'userInfo',
  7 => 'hys',
  8 => 'scoreorder',
) ]
[ info ] [ LOG ] INIT file

---------------------------------------------------------------
[ 2017-11-27T10:43:00+08:00 ] 172.31.179.54 49.118.130.230 GET /favicon.ico
[ log ] dbgj.hoonking.com/favicon.ico [运行时间：0.046875s][吞吐率：21.33req/s] [内存消耗：1,774.01kb] [文件加载：41]
[ info ] [ DB ] INIT mysql
[ info ] [ LANG ] E:\www\dbgj\core\lang\zh-cn.php
[ info ] [ ROUTE ] array (
  'type' => 'module',
  'module' => 
  array (
    0 => 'favicon.ico',
    1 => NULL,
    2 => NULL,
  ),
)
[ info ] [ HEADER ] array (
  'cookie' => 'safedog-flow-item=; think_var=zh-cn; PHPSESSID=8t697sj7m9pigdld5l4s7r7mj7',
  'referer' => 'http://dbgj.hoonking.com/index/user/usercenter.html',
  'user-agent' => 'Mozilla/5.0 (Linux; U; Android 7.1.1; zh-CN; OD105 Build/NMF26F) AppleWebKit/537.36 (KHTML, like Gecko) Version/4.0 Chrome/57.0.2987.108 UCBrowser/11.6.4.950 UCBS/2.11.1.26 Mobile Safari/537.36 AliApp(TB/7.1.7) WindVane/8.0.0 1080X1920',
  'f-refer' => 'wv_h5',
  'accept-encoding' => 'gzip, deflate',
  'accept-language' => 'zh-CN,en-US;q=0.8',
  'host' => 'dbgj.hoonking.com',
  'connection' => 'Keep-Alive',
)
[ info ] [ PARAM ] array (
  'favicon_ico' => '',
)
[ info ] [ LOG ] INIT file

---------------------------------------------------------------
[ 2017-11-27T10:43:31+08:00 ] 172.31.179.54 49.118.130.230 GET /index/user/money_detail.html
[ log ] dbgj.hoonking.com/index/user/money_detail.html [运行时间：0.062500s][吞吐率：16.00req/s] [内存消耗：2,404.73kb] [文件加载：57]
[ info ] [ DB ] INIT mysql
[ info ] [ LANG ] E:\www\dbgj\core\lang\zh-cn.php
[ info ] [ ROUTE ] array (
  'type' => 'module',
  'module' => 
  array (
    0 => 'index',
    1 => 'user',
    2 => 'money_detail',
  ),
)
[ info ] [ HEADER ] array (
  'cookie' => 'safedog-flow-item=; think_var=zh-cn; PHPSESSID=8t697sj7m9pigdld5l4s7r7mj7',
  'referer' => 'http://dbgj.hoonking.com/index/user/usercenter.html',
  'user-agent' => 'Mozilla/5.0 (Linux; U; Android 7.1.1; zh-CN; OD105 Build/NMF26F) AppleWebKit/537.36 (KHTML, like Gecko) Version/4.0 Chrome/57.0.2987.108 UCBrowser/11.6.4.950 UCBS/2.11.1.26 Mobile Safari/537.36 AliApp(TB/7.1.7) WindVane/8.0.0 1080X1920',
  'accept' => 'text/html,application/xhtml+xml,application/xml;q=0.9,image/webp,*/*;q=0.8',
  'f-refer' => 'wv_h5',
  'upgrade-insecure-requests' => '1',
  'accept-encoding' => 'gzip, deflate',
  'accept-language' => 'zh-CN,en-US;q=0.8',
  'host' => 'dbgj.hoonking.com',
  'connection' => 'Keep-Alive',
)
[ info ] [ PARAM ] array (
  'index/user/money_detail_html' => '',
)
[ info ] [ LANG ] E:\www\dbgj/application/index\lang\zh-cn.php
[ info ] [ SESSION ] INIT array (
  'prefix' => 'minishop',
  'type' => '',
  'auto_start' => true,
)
[ info ] [ RUN ] /**
     * 资金详情
     * @author  赵祥祥654377754
     */
Method [ <user> public method money_detail ] {
  @@ E:\www\dbgj\application\index\controller\User.php 344 - 353
}

[ info ] [ VIEW ] ./themes/default/index/money_detail.html [ array (
  0 => 'userinfo',
  1 => 'tyjfmc',
  2 => 'page',
  3 => 'lists',
) ]
[ info ] [ LOG ] INIT file

---------------------------------------------------------------
[ 2017-11-27T10:43:33+08:00 ] 172.31.179.54 49.118.130.230 GET /favicon.ico
[ log ] dbgj.hoonking.com/favicon.ico [运行时间：0.031250s][吞吐率：32.00req/s] [内存消耗：1,773.99kb] [文件加载：41]
[ info ] [ DB ] INIT mysql
[ info ] [ LANG ] E:\www\dbgj\core\lang\zh-cn.php
[ info ] [ ROUTE ] array (
  'type' => 'module',
  'module' => 
  array (
    0 => 'favicon.ico',
    1 => NULL,
    2 => NULL,
  ),
)
[ info ] [ HEADER ] array (
  'cookie' => 'safedog-flow-item=; think_var=zh-cn; PHPSESSID=8t697sj7m9pigdld5l4s7r7mj7',
  'referer' => 'http://dbgj.hoonking.com/index/user/money_detail.html',
  'user-agent' => 'Mozilla/5.0 (Linux; U; Android 7.1.1; zh-CN; OD105 Build/NMF26F) AppleWebKit/537.36 (KHTML, like Gecko) Version/4.0 Chrome/57.0.2987.108 UCBrowser/11.6.4.950 UCBS/2.11.1.26 Mobile Safari/537.36 AliApp(TB/7.1.7) WindVane/8.0.0 1080X1920',
  'f-refer' => 'wv_h5',
  'accept-encoding' => 'gzip, deflate',
  'accept-language' => 'zh-CN,en-US;q=0.8',
  'host' => 'dbgj.hoonking.com',
  'connection' => 'Keep-Alive',
)
[ info ] [ PARAM ] array (
  'favicon_ico' => '',
)
[ info ] [ LOG ] INIT file

---------------------------------------------------------------
[ 2017-11-27T10:43:39+08:00 ] 172.31.179.54 49.118.130.230 GET /index/index/index.html
[ log ] dbgj.hoonking.com/index/index/index.html [运行时间：0.062500s][吞吐率：16.00req/s] [内存消耗：2,218.28kb] [文件加载：53]
[ info ] [ DB ] INIT mysql
[ info ] [ LANG ] E:\www\dbgj\core\lang\zh-cn.php
[ info ] [ ROUTE ] array (
  'type' => 'module',
  'module' => 
  array (
    0 => 'index',
    1 => 'index',
    2 => 'index',
  ),
)
[ info ] [ HEADER ] array (
  'cookie' => 'safedog-flow-item=; think_var=zh-cn; PHPSESSID=8t697sj7m9pigdld5l4s7r7mj7',
  'referer' => 'http://dbgj.hoonking.com/index/user/usercenter.html',
  'user-agent' => 'Mozilla/5.0 (Linux; U; Android 7.1.1; zh-CN; OD105 Build/NMF26F) AppleWebKit/537.36 (KHTML, like Gecko) Version/4.0 Chrome/57.0.2987.108 UCBrowser/11.6.4.950 UCBS/2.11.1.26 Mobile Safari/537.36 AliApp(TB/7.1.7) WindVane/8.0.0 1080X1920',
  'accept' => 'text/html,application/xhtml+xml,application/xml;q=0.9,image/webp,*/*;q=0.8',
  'f-refer' => 'wv_h5',
  'upgrade-insecure-requests' => '1',
  'accept-encoding' => 'gzip, deflate',
  'accept-language' => 'zh-CN,en-US;q=0.8',
  'host' => 'dbgj.hoonking.com',
  'connection' => 'Keep-Alive',
)
[ info ] [ PARAM ] array (
  'index/index/index_html' => '',
)
[ info ] [ LANG ] E:\www\dbgj/application/index\lang\zh-cn.php
[ info ] [ SESSION ] INIT array (
  'prefix' => 'minishop',
  'type' => '',
  'auto_start' => true,
)
[ info ] [ RUN ] Method [ <user> public method index ] {
  @@ E:\www\dbgj\application\index\controller\Index.php 21 - 28
}

[ info ] [ VIEW ] ./themes/default/index/index.html [ array (
  0 => 'userinfo',
  1 => 'goodslist',
) ]
[ info ] [ LOG ] INIT file

---------------------------------------------------------------
[ 2017-11-27T10:43:44+08:00 ] 172.31.179.54 49.118.130.230 GET /favicon.ico
[ log ] dbgj.hoonking.com/favicon.ico [运行时间：0.031250s][吞吐率：32.00req/s] [内存消耗：1,774.04kb] [文件加载：41]
[ info ] [ DB ] INIT mysql
[ info ] [ LANG ] E:\www\dbgj\core\lang\zh-cn.php
[ info ] [ ROUTE ] array (
  'type' => 'module',
  'module' => 
  array (
    0 => 'favicon.ico',
    1 => NULL,
    2 => NULL,
  ),
)
[ info ] [ HEADER ] array (
  'cookie' => 'safedog-flow-item=; think_var=zh-cn; PHPSESSID=8t697sj7m9pigdld5l4s7r7mj7',
  'referer' => 'http://dbgj.hoonking.com/index/index/index.html',
  'user-agent' => 'Mozilla/5.0 (Linux; U; Android 7.1.1; zh-CN; OD105 Build/NMF26F) AppleWebKit/537.36 (KHTML, like Gecko) Version/4.0 Chrome/57.0.2987.108 UCBrowser/11.6.4.950 UCBS/2.11.1.26 Mobile Safari/537.36 AliApp(TB/7.1.7) WindVane/8.0.0 1080X1920',
  'f-refer' => 'wv_h5',
  'accept-encoding' => 'gzip, deflate',
  'accept-language' => 'zh-CN,en-US;q=0.8',
  'host' => 'dbgj.hoonking.com',
  'connection' => 'Keep-Alive',
)
[ info ] [ PARAM ] array (
  'favicon_ico' => '',
)
[ info ] [ LOG ] INIT file

---------------------------------------------------------------
[ 2017-11-27T10:43:57+08:00 ] 172.31.179.54 49.118.130.230 GET /index/goods/detail.html?id=45
[ log ] dbgj.hoonking.com/index/goods/detail.html?id=45 [运行时间：0.062500s][吞吐率：16.00req/s] [内存消耗：2,208.23kb] [文件加载：53]
[ info ] [ DB ] INIT mysql
[ info ] [ LANG ] E:\www\dbgj\core\lang\zh-cn.php
[ info ] [ ROUTE ] array (
  'type' => 'module',
  'module' => 
  array (
    0 => 'index',
    1 => 'goods',
    2 => 'detail',
  ),
)
[ info ] [ HEADER ] array (
  'cookie' => 'safedog-flow-item=; think_var=zh-cn; PHPSESSID=8t697sj7m9pigdld5l4s7r7mj7',
  'referer' => 'http://dbgj.hoonking.com/index/index/index.html',
  'user-agent' => 'Mozilla/5.0 (Linux; U; Android 7.1.1; zh-CN; OD105 Build/NMF26F) AppleWebKit/537.36 (KHTML, like Gecko) Version/4.0 Chrome/57.0.2987.108 UCBrowser/11.6.4.950 UCBS/2.11.1.26 Mobile Safari/537.36 AliApp(TB/7.1.7) WindVane/8.0.0 1080X1920',
  'accept' => 'text/html,application/xhtml+xml,application/xml;q=0.9,image/webp,*/*;q=0.8',
  'f-refer' => 'wv_h5',
  'upgrade-insecure-requests' => '1',
  'accept-encoding' => 'gzip, deflate',
  'accept-language' => 'zh-CN,en-US;q=0.8',
  'host' => 'dbgj.hoonking.com',
  'connection' => 'Keep-Alive',
)
[ info ] [ PARAM ] array (
  'index/goods/detail_html' => '',
  'id' => '45',
)
[ info ] [ LANG ] E:\www\dbgj/application/index\lang\zh-cn.php
[ info ] [ SESSION ] INIT array (
  'prefix' => 'minishop',
  'type' => '',
  'auto_start' => true,
)
[ info ] [ RUN ] Method [ <user> public method detail ] {
  @@ E:\www\dbgj\application\index\controller\Goods.php 25 - 45
}

[ info ] [ VIEW ] ./themes/default/index/goods_detail.html [ array (
  0 => 'userinfo',
  1 => 'data',
) ]
[ info ] [ LOG ] INIT file

---------------------------------------------------------------
[ 2017-11-27T10:43:59+08:00 ] 172.31.179.54 49.118.130.230 GET /minishop/uploads/editor/image/20161223/1482463362407897.jpg
[ log ] dbgj.hoonking.com/minishop/uploads/editor/image/20161223/1482463362407897.jpg [运行时间：0.062500s][吞吐率：16.00req/s] [内存消耗：1,774.94kb] [文件加载：41]
[ info ] [ DB ] INIT mysql
[ info ] [ LANG ] E:\www\dbgj\core\lang\zh-cn.php
[ info ] [ ROUTE ] array (
  'type' => 'module',
  'module' => 
  array (
    0 => 'minishop',
    1 => 'uploads',
    2 => 'editor',
  ),
)
[ info ] [ HEADER ] array (
  'cookie' => 'safedog-flow-item=; think_var=zh-cn; PHPSESSID=8t697sj7m9pigdld5l4s7r7mj7',
  'referer' => 'http://dbgj.hoonking.com/index/goods/detail.html?id=45',
  'user-agent' => 'Mozilla/5.0 (Linux; U; Android 7.1.1; zh-CN; OD105 Build/NMF26F) AppleWebKit/537.36 (KHTML, like Gecko) Version/4.0 Chrome/57.0.2987.108 UCBrowser/11.6.4.950 UCBS/2.11.1.26 Mobile Safari/537.36 AliApp(TB/7.1.7) WindVane/8.0.0 1080X1920',
  'accept' => 'image/webp,image/*,*/*;q=0.8',
  'f-refer' => 'wv_h5',
  'accept-encoding' => 'gzip, deflate',
  'accept-language' => 'zh-CN,en-US;q=0.8',
  'host' => 'dbgj.hoonking.com',
  'connection' => 'Keep-Alive',
)
[ info ] [ PARAM ] array (
  'minishop/uploads/editor/image/20161223/1482463362407897_jpg' => '',
  'image' => '20161223',
)
[ info ] [ LOG ] INIT file

---------------------------------------------------------------
[ 2017-11-27T10:43:59+08:00 ] 172.31.179.54 49.118.130.230 GET /minishop/uploads/editor/image/20161223/1482463362407897.jpg
[ log ] dbgj.hoonking.com/minishop/uploads/editor/image/20161223/1482463362407897.jpg [运行时间：0.046875s][吞吐率：21.33req/s] [内存消耗：1,774.95kb] [文件加载：41]
[ info ] [ DB ] INIT mysql
[ info ] [ LANG ] E:\www\dbgj\core\lang\zh-cn.php
[ info ] [ ROUTE ] array (
  'type' => 'module',
  'module' => 
  array (
    0 => 'minishop',
    1 => 'uploads',
    2 => 'editor',
  ),
)
[ info ] [ HEADER ] array (
  'cookie' => 'safedog-flow-item=; think_var=zh-cn; PHPSESSID=8t697sj7m9pigdld5l4s7r7mj7',
  'referer' => 'http://dbgj.hoonking.com/index/goods/detail.html?id=45',
  'user-agent' => 'Mozilla/5.0 (Linux; U; Android 7.1.1; zh-CN; OD105 Build/NMF26F) AppleWebKit/537.36 (KHTML, like Gecko) Version/4.0 Chrome/57.0.2987.108 UCBrowser/11.6.4.950 UCBS/2.11.1.26 Mobile Safari/537.36 AliApp(TB/7.1.7) WindVane/8.0.0 1080X1920',
  'accept' => 'image/webp,image/*,*/*;q=0.8',
  'f-refer' => 'wv_h5',
  'accept-encoding' => 'gzip, deflate',
  'accept-language' => 'zh-CN,en-US;q=0.8',
  'host' => 'dbgj.hoonking.com',
  'connection' => 'Keep-Alive',
)
[ info ] [ PARAM ] array (
  'minishop/uploads/editor/image/20161223/1482463362407897_jpg' => '',
  'image' => '20161223',
)
[ info ] [ LOG ] INIT file

---------------------------------------------------------------
[ 2017-11-27T10:43:59+08:00 ] 172.31.179.54 49.118.130.230 GET /favicon.ico
[ log ] dbgj.hoonking.com/favicon.ico [运行时间：0.031250s][吞吐率：32.00req/s] [内存消耗：1,773.99kb] [文件加载：41]
[ info ] [ DB ] INIT mysql
[ info ] [ LANG ] E:\www\dbgj\core\lang\zh-cn.php
[ info ] [ ROUTE ] array (
  'type' => 'module',
  'module' => 
  array (
    0 => 'favicon.ico',
    1 => NULL,
    2 => NULL,
  ),
)
[ info ] [ HEADER ] array (
  'cookie' => 'safedog-flow-item=; think_var=zh-cn; PHPSESSID=8t697sj7m9pigdld5l4s7r7mj7',
  'referer' => 'http://dbgj.hoonking.com/index/goods/detail.html?id=45',
  'user-agent' => 'Mozilla/5.0 (Linux; U; Android 7.1.1; zh-CN; OD105 Build/NMF26F) AppleWebKit/537.36 (KHTML, like Gecko) Version/4.0 Chrome/57.0.2987.108 UCBrowser/11.6.4.950 UCBS/2.11.1.26 Mobile Safari/537.36 AliApp(TB/7.1.7) WindVane/8.0.0 1080X1920',
  'f-refer' => 'wv_h5',
  'accept-encoding' => 'gzip, deflate',
  'accept-language' => 'zh-CN,en-US;q=0.8',
  'host' => 'dbgj.hoonking.com',
  'connection' => 'Keep-Alive',
)
[ info ] [ PARAM ] array (
  'favicon_ico' => '',
)
[ info ] [ LOG ] INIT file

---------------------------------------------------------------
[ 2017-11-27T10:44:16+08:00 ] 172.31.179.54 49.118.130.230 GET /index/user/user_link.html
[ log ] dbgj.hoonking.com/index/user/user_link.html [运行时间：0.062500s][吞吐率：16.00req/s] [内存消耗：2,280.76kb] [文件加载：53]
[ info ] [ DB ] INIT mysql
[ info ] [ LANG ] E:\www\dbgj\core\lang\zh-cn.php
[ info ] [ ROUTE ] array (
  'type' => 'module',
  'module' => 
  array (
    0 => 'index',
    1 => 'user',
    2 => 'user_link',
  ),
)
[ info ] [ HEADER ] array (
  'cookie' => 'safedog-flow-item=; think_var=zh-cn; PHPSESSID=8t697sj7m9pigdld5l4s7r7mj7',
  'referer' => 'http://dbgj.hoonking.com/index/user/usercenter.html',
  'user-agent' => 'Mozilla/5.0 (Linux; U; Android 7.1.1; zh-CN; OD105 Build/NMF26F) AppleWebKit/537.36 (KHTML, like Gecko) Version/4.0 Chrome/57.0.2987.108 UCBrowser/11.6.4.950 UCBS/2.11.1.26 Mobile Safari/537.36 AliApp(TB/7.1.7) WindVane/8.0.0 1080X1920',
  'accept' => 'text/html,application/xhtml+xml,application/xml;q=0.9,image/webp,*/*;q=0.8',
  'f-refer' => 'wv_h5',
  'upgrade-insecure-requests' => '1',
  'accept-encoding' => 'gzip, deflate',
  'accept-language' => 'zh-CN,en-US;q=0.8',
  'host' => 'dbgj.hoonking.com',
  'connection' => 'Keep-Alive',
)
[ info ] [ PARAM ] array (
  'index/user/user_link_html' => '',
)
[ info ] [ LANG ] E:\www\dbgj/application/index\lang\zh-cn.php
[ info ] [ SESSION ] INIT array (
  'prefix' => 'minishop',
  'type' => '',
  'auto_start' => true,
)
[ info ] [ RUN ] /**
     * 推广链接
     * @author  赵祥祥654377754
     */
Method [ <user> public method user_link ] {
  @@ E:\www\dbgj\application\index\controller\User.php 358 - 361
}

[ info ] [ VIEW ] ./themes/default/index/user_link.html [ array (
  0 => 'userinfo',
  1 => 'tyjfmc',
) ]
[ info ] [ LOG ] INIT file

---------------------------------------------------------------
[ 2017-11-27T10:44:17+08:00 ] 172.31.179.54 49.118.130.230 GET /favicon.ico
[ log ] dbgj.hoonking.com/favicon.ico [运行时间：0.031250s][吞吐率：32.00req/s] [内存消耗：1,774.01kb] [文件加载：41]
[ info ] [ DB ] INIT mysql
[ info ] [ LANG ] E:\www\dbgj\core\lang\zh-cn.php
[ info ] [ ROUTE ] array (
  'type' => 'module',
  'module' => 
  array (
    0 => 'favicon.ico',
    1 => NULL,
    2 => NULL,
  ),
)
[ info ] [ HEADER ] array (
  'cookie' => 'safedog-flow-item=; think_var=zh-cn; PHPSESSID=8t697sj7m9pigdld5l4s7r7mj7',
  'referer' => 'http://dbgj.hoonking.com/index/user/user_link.html',
  'user-agent' => 'Mozilla/5.0 (Linux; U; Android 7.1.1; zh-CN; OD105 Build/NMF26F) AppleWebKit/537.36 (KHTML, like Gecko) Version/4.0 Chrome/57.0.2987.108 UCBrowser/11.6.4.950 UCBS/2.11.1.26 Mobile Safari/537.36 AliApp(TB/7.1.7) WindVane/8.0.0 1080X1920',
  'f-refer' => 'wv_h5',
  'accept-encoding' => 'gzip, deflate',
  'accept-language' => 'zh-CN,en-US;q=0.8',
  'host' => 'dbgj.hoonking.com',
  'connection' => 'Keep-Alive',
)
[ info ] [ PARAM ] array (
  'favicon_ico' => '',
)
[ info ] [ LOG ] INIT file

---------------------------------------------------------------
[ 2017-11-27T10:44:27+08:00 ] 172.31.179.54 49.118.130.230 GET /index/user/tuiguangqrcode.html
[ log ] dbgj.hoonking.com/index/user/tuiguangqrcode.html [运行时间：0.468750s][吞吐率：2.13req/s] [内存消耗：7,562.36kb] [文件加载：52]
[ info ] [ DB ] INIT mysql
[ info ] [ LANG ] E:\www\dbgj\core\lang\zh-cn.php
[ info ] [ ROUTE ] array (
  'type' => 'module',
  'module' => 
  array (
    0 => 'index',
    1 => 'user',
    2 => 'tuiguangqrcode',
  ),
)
[ info ] [ HEADER ] array (
  'cookie' => 'safedog-flow-item=; think_var=zh-cn; PHPSESSID=8t697sj7m9pigdld5l4s7r7mj7',
  'referer' => 'http://dbgj.hoonking.com/index/user/user_link.html',
  'user-agent' => 'Mozilla/5.0 (Linux; U; Android 7.1.1; zh-CN; OD105 Build/NMF26F) AppleWebKit/537.36 (KHTML, like Gecko) Version/4.0 Chrome/57.0.2987.108 UCBrowser/11.6.4.950 UCBS/2.11.1.26 Mobile Safari/537.36 AliApp(TB/7.1.7) WindVane/8.0.0 1080X1920',
  'accept' => 'text/html,application/xhtml+xml,application/xml;q=0.9,image/webp,*/*;q=0.8',
  'f-refer' => 'wv_h5',
  'upgrade-insecure-requests' => '1',
  'accept-encoding' => 'gzip, deflate',
  'accept-language' => 'zh-CN,en-US;q=0.8',
  'host' => 'dbgj.hoonking.com',
  'connection' => 'Keep-Alive',
)
[ info ] [ PARAM ] array (
  'index/user/tuiguangqrcode_html' => '',
)
[ info ] [ LANG ] E:\www\dbgj/application/index\lang\zh-cn.php
[ info ] [ SESSION ] INIT array (
  'prefix' => 'minishop',
  'type' => '',
  'auto_start' => true,
)
[ info ] [ RUN ] Method [ <user> public method tuiguangqrcode ] {
  @@ E:\www\dbgj\application\index\controller\User.php 362 - 383
}

[ info ] [ LOG ] INIT file

---------------------------------------------------------------
[ 2017-11-27T10:44:28+08:00 ] 172.31.179.54 49.118.130.230 GET /favicon.ico
[ log ] dbgj.hoonking.com/favicon.ico [运行时间：0.031250s][吞吐率：32.00req/s] [内存消耗：1,773.99kb] [文件加载：41]
[ info ] [ DB ] INIT mysql
[ info ] [ LANG ] E:\www\dbgj\core\lang\zh-cn.php
[ info ] [ ROUTE ] array (
  'type' => 'module',
  'module' => 
  array (
    0 => 'favicon.ico',
    1 => NULL,
    2 => NULL,
  ),
)
[ info ] [ HEADER ] array (
  'cookie' => 'safedog-flow-item=; think_var=zh-cn; PHPSESSID=8t697sj7m9pigdld5l4s7r7mj7',
  'referer' => 'http://dbgj.hoonking.com/index/user/tuiguangqrcode.html',
  'user-agent' => 'Mozilla/5.0 (Linux; U; Android 7.1.1; zh-CN; OD105 Build/NMF26F) AppleWebKit/537.36 (KHTML, like Gecko) Version/4.0 Chrome/57.0.2987.108 UCBrowser/11.6.4.950 UCBS/2.11.1.26 Mobile Safari/537.36 AliApp(TB/7.1.7) WindVane/8.0.0 1080X1920',
  'f-refer' => 'wv_h5',
  'accept-encoding' => 'gzip, deflate',
  'accept-language' => 'zh-CN,en-US;q=0.8',
  'host' => 'dbgj.hoonking.com',
  'connection' => 'Keep-Alive',
)
[ info ] [ PARAM ] array (
  'favicon_ico' => '',
)
[ info ] [ LOG ] INIT file

---------------------------------------------------------------
[ 2017-11-27T10:44:46+08:00 ] 172.31.179.54 49.118.130.230 GET /index/lucky/index.html
[ log ] dbgj.hoonking.com/index/lucky/index.html [运行时间：0.062500s][吞吐率：16.00req/s] [内存消耗：2,183.27kb] [文件加载：53]
[ info ] [ DB ] INIT mysql
[ info ] [ LANG ] E:\www\dbgj\core\lang\zh-cn.php
[ info ] [ ROUTE ] array (
  'type' => 'module',
  'module' => 
  array (
    0 => 'index',
    1 => 'lucky',
    2 => 'index',
  ),
)
[ info ] [ HEADER ] array (
  'cookie' => 'safedog-flow-item=; think_var=zh-cn; PHPSESSID=8t697sj7m9pigdld5l4s7r7mj7',
  'referer' => 'http://dbgj.hoonking.com/index/user/usercenter.html',
  'user-agent' => 'Mozilla/5.0 (Linux; U; Android 7.1.1; zh-CN; OD105 Build/NMF26F) AppleWebKit/537.36 (KHTML, like Gecko) Version/4.0 Chrome/57.0.2987.108 UCBrowser/11.6.4.950 UCBS/2.11.1.26 Mobile Safari/537.36 AliApp(TB/7.1.7) WindVane/8.0.0 1080X1920',
  'accept' => 'text/html,application/xhtml+xml,application/xml;q=0.9,image/webp,*/*;q=0.8',
  'f-refer' => 'wv_h5',
  'upgrade-insecure-requests' => '1',
  'accept-encoding' => 'gzip, deflate',
  'accept-language' => 'zh-CN,en-US;q=0.8',
  'host' => 'dbgj.hoonking.com',
  'connection' => 'Keep-Alive',
)
[ info ] [ PARAM ] array (
  'index/lucky/index_html' => '',
)
[ info ] [ LANG ] E:\www\dbgj/application/index\lang\zh-cn.php
[ info ] [ SESSION ] INIT array (
  'prefix' => 'minishop',
  'type' => '',
  'auto_start' => true,
)
[ info ] [ RUN ] Method [ <user> public method index ] {
  @@ E:\www\dbgj\application\index\controller\Lucky.php 12 - 18
}

[ info ] [ VIEW ] ./themes/default/index/lucky.html [ array (
  0 => 'userinfo',
  1 => 'tyjfmc',
  2 => 'list',
  3 => 'web_lucky_score',
) ]
[ info ] [ LOG ] INIT file

---------------------------------------------------------------
[ 2017-11-27T10:44:48+08:00 ] 172.31.179.54 49.118.130.230 GET /favicon.ico
[ log ] dbgj.hoonking.com/favicon.ico [运行时间：0.046875s][吞吐率：21.33req/s] [内存消耗：1,774.04kb] [文件加载：41]
[ info ] [ DB ] INIT mysql
[ info ] [ LANG ] E:\www\dbgj\core\lang\zh-cn.php
[ info ] [ ROUTE ] array (
  'type' => 'module',
  'module' => 
  array (
    0 => 'favicon.ico',
    1 => NULL,
    2 => NULL,
  ),
)
[ info ] [ HEADER ] array (
  'cookie' => 'safedog-flow-item=; think_var=zh-cn; PHPSESSID=8t697sj7m9pigdld5l4s7r7mj7',
  'referer' => 'http://dbgj.hoonking.com/index/lucky/index.html',
  'user-agent' => 'Mozilla/5.0 (Linux; U; Android 7.1.1; zh-CN; OD105 Build/NMF26F) AppleWebKit/537.36 (KHTML, like Gecko) Version/4.0 Chrome/57.0.2987.108 UCBrowser/11.6.4.950 UCBS/2.11.1.26 Mobile Safari/537.36 AliApp(TB/7.1.7) WindVane/8.0.0 1080X1920',
  'f-refer' => 'wv_h5',
  'accept-encoding' => 'gzip, deflate',
  'accept-language' => 'zh-CN,en-US;q=0.8',
  'host' => 'dbgj.hoonking.com',
  'connection' => 'Keep-Alive',
)
[ info ] [ PARAM ] array (
  'favicon_ico' => '',
)
[ info ] [ LOG ] INIT file

---------------------------------------------------------------
[ 2017-11-27T10:44:54+08:00 ] 172.31.179.54 49.118.130.230 GET /index/lucky/choujiang.html
[ log ] dbgj.hoonking.com/index/lucky/choujiang.html [运行时间：0.109375s][吞吐率：9.14req/s] [内存消耗：2,201.23kb] [文件加载：53]
[ info ] [ DB ] INIT mysql
[ info ] [ LANG ] E:\www\dbgj\core\lang\zh-cn.php
[ info ] [ ROUTE ] array (
  'type' => 'module',
  'module' => 
  array (
    0 => 'index',
    1 => 'lucky',
    2 => 'choujiang',
  ),
)
[ info ] [ HEADER ] array (
  'cookie' => 'safedog-flow-item=; think_var=zh-cn; PHPSESSID=8t697sj7m9pigdld5l4s7r7mj7',
  'x-requested-with' => 'XMLHttpRequest',
  'referer' => 'http://dbgj.hoonking.com/index/lucky/index.html',
  'accept' => 'application/json, text/javascript, */*; q=0.01',
  'user-agent' => 'Mozilla/5.0 (Linux; U; Android 7.1.1; zh-CN; OD105 Build/NMF26F) AppleWebKit/537.36 (KHTML, like Gecko) Version/4.0 Chrome/57.0.2987.108 UCBrowser/11.6.4.950 UCBS/2.11.1.26 Mobile Safari/537.36 AliApp(TB/7.1.7) WindVane/8.0.0 1080X1920',
  'f-refer' => 'wv_h5',
  'accept-encoding' => 'gzip, deflate',
  'accept-language' => 'zh-CN,en-US;q=0.8',
  'host' => 'dbgj.hoonking.com',
  'connection' => 'Keep-Alive',
)
[ info ] [ PARAM ] array (
  'index/lucky/choujiang_html' => '',
)
[ info ] [ LANG ] E:\www\dbgj/application/index\lang\zh-cn.php
[ info ] [ SESSION ] INIT array (
  'prefix' => 'minishop',
  'type' => '',
  'auto_start' => true,
)
[ info ] [ RUN ] Method [ <user> public method choujiang ] {
  @@ E:\www\dbgj\application\index\controller\Lucky.php 21 - 125
}

[ info ] [ CACHE ] INIT File
[ info ] [ LOG ] INIT file

---------------------------------------------------------------
