[ 2017-09-23T04:00:40+08:00 ] 172.31.179.54 119.118.25.160 GET /
[ log ] www.525354.top/ [运行时间：0.078125s][吞吐率：12.80req/s] [内存消耗：1,744.29kb] [文件加载：54]
[ info ] [ DB ] INIT mysql
[ info ] [ LANG ] E:\www\dbgj\core\lang\zh-cn.php
[ info ] [ ROUTE ] array (
  'type' => 'module',
  'module' => 
  array (
    0 => '',
    1 => NULL,
    2 => NULL,
  ),
)
[ info ] [ HEADER ] array (
  'connection' => 'close',
  'accept-charset' => 'GB2312,utf-8;q=0.7,*;q=0.7',
  'user-agent' => 'Mozilla/5.0 (iPhone; CPU iPhone OS 9_1 like Mac OS X) AppleWebKit/601.1.46 (KHTML, like Gecko) Version/9.0 Mobile/13B143 Safari/601.1',
  'accept' => '*/*',
  'accept-encoding' => 'gzip,deflate,sdch',
  'accept-language' => 'zh-CN,zh;q=0.8',
  'host' => 'www.525354.top',
)
[ info ] [ PARAM ] array (
)
[ info ] [ LANG ] E:\www\dbgj/application/index\lang\zh-cn.php
[ info ] [ SESSION ] INIT array (
  'prefix' => 'minishop',
  'type' => '',
  'auto_start' => true,
)
[ info ] [ LOG ] INIT file

---------------------------------------------------------------
[ 2017-09-23T04:00:40+08:00 ] 172.31.179.54 119.118.25.160 GET /index/base/login.html
[ log ] www.525354.top/index/base/login.html [运行时间：0.062500s][吞吐率：16.00req/s] [内存消耗：1,732.27kb] [文件加载：52]
[ info ] [ DB ] INIT mysql
[ info ] [ LANG ] E:\www\dbgj\core\lang\zh-cn.php
[ info ] [ ROUTE ] array (
  'type' => 'module',
  'module' => 
  array (
    0 => 'index',
    1 => 'base',
    2 => 'login',
  ),
)
[ info ] [ HEADER ] array (
  'cookie' => 'think_var=zh-cn; PHPSESSID=2pbg308f3bnlu1r7e3f1f31on2',
  'connection' => 'close',
  'accept-charset' => 'GB2312,utf-8;q=0.7,*;q=0.7',
  'user-agent' => 'Mozilla/5.0 (iPhone; CPU iPhone OS 9_1 like Mac OS X) AppleWebKit/601.1.46 (KHTML, like Gecko) Version/9.0 Mobile/13B143 Safari/601.1',
  'accept' => '*/*',
  'accept-encoding' => 'gzip,deflate,sdch',
  'accept-language' => 'zh-CN,zh;q=0.8',
  'host' => 'www.525354.top',
)
[ info ] [ PARAM ] array (
  'index/base/login_html' => '',
)
[ info ] [ LANG ] E:\www\dbgj/application/index\lang\zh-cn.php
[ info ] [ SESSION ] INIT array (
  'prefix' => 'minishop',
  'type' => '',
  'auto_start' => true,
)
[ info ] [ RUN ] /**
     * 用户登录方法
     * @author  矢志bu渝 <745152620@qq.com>
     */
Method [ <user> public method login ] {
  @@ E:\www\dbgj\application\index\controller\Base.php 57 - 83
}

[ info ] [ VIEW ] ./themes/default/index/login.html [ array (
  0 => 'userinfo',
) ]
[ info ] [ LOG ] INIT file

---------------------------------------------------------------
[ 2017-09-23T08:13:40+08:00 ] 172.31.179.54 1.58.120.181 GET /index/user/usercenter.html
[ log ] www.525354.top/index/user/usercenter.html [运行时间：0.156250s][吞吐率：6.40req/s] [内存消耗：1,818.30kb] [文件加载：53]
[ info ] [ DB ] INIT mysql
[ info ] [ LANG ] E:\www\dbgj\core\lang\zh-cn.php
[ info ] [ ROUTE ] array (
  'type' => 'module',
  'module' => 
  array (
    0 => 'index',
    1 => 'user',
    2 => 'usercenter',
  ),
)
[ info ] [ HEADER ] array (
  'x-requested-with' => 'com.android.browser',
  'cookie' => 'PHPSESSID=8bve2tii6u6s85knt11gbr2ro2; safedog-flow-item=',
  'accept-language' => 'zh-CN,en-US;q=0.8',
  'accept-encoding' => 'gzip, deflate',
  'user-agent' => 'Mozilla/5.0 (Linux; U; Android 6.0.1;zh_cn; Le X520 Build/IEXCNFN5902605131S) AppleWebKit/537.36 (KHTML, like Gecko)Version/4.0 Chrome/49.0.2623.91 Mobile Safari/537.36 EUI Browser/1.3.2.39',
  'upgrade-insecure-requests' => '1',
  'accept' => 'text/html,application/xhtml+xml,application/xml;q=0.9,image/webp,*/*;q=0.8',
  'connection' => 'close',
  'host' => 'www.525354.top',
)
[ info ] [ PARAM ] array (
  'index/user/usercenter_html' => '',
)
[ info ] [ LANG ] E:\www\dbgj/application/index\lang\zh-cn.php
[ info ] [ SESSION ] INIT array (
  'prefix' => 'minishop',
  'type' => '',
  'auto_start' => true,
)
[ info ] [ RUN ] /**
     * 个人中心
     * @author  ILsunshine
     */
Method [ <user> public method userCenter ] {
  @@ E:\www\dbgj\application\index\controller\User.php 39 - 67
}

[ info ] [ VIEW ] ./themes/default/index/user_center.html [ array (
  0 => 'userinfo',
  1 => 'tyjfmc',
  2 => 'zhscore',
  3 => 's_score',
  4 => 'ytixian',
  5 => 'tuijianren',
  6 => 'userInfo',
  7 => 'hys',
  8 => 'scoreorder',
) ]
[ info ] [ LOG ] INIT file

---------------------------------------------------------------
[ 2017-09-23T08:13:41+08:00 ] 172.31.179.54 1.58.120.181 GET /favicon.ico
[ log ] www.525354.top/favicon.ico [运行时间：0.031250s][吞吐率：32.00req/s] [内存消耗：1,410.22kb] [文件加载：41]
[ info ] [ DB ] INIT mysql
[ info ] [ LANG ] E:\www\dbgj\core\lang\zh-cn.php
[ info ] [ ROUTE ] array (
  'type' => 'module',
  'module' => 
  array (
    0 => 'favicon.ico',
    1 => NULL,
    2 => NULL,
  ),
)
[ info ] [ HEADER ] array (
  'x-requested-with' => 'com.android.browser',
  'cookie' => 'PHPSESSID=8bve2tii6u6s85knt11gbr2ro2; safedog-flow-item=; think_var=zh-cn',
  'accept-language' => 'zh-CN,en-US;q=0.8',
  'accept-encoding' => 'gzip, deflate',
  'referer' => 'http://www.525354.top/index/user/usercenter.html',
  'accept' => '*/*',
  'user-agent' => 'Mozilla/5.0 (Linux; U; Android 6.0.1;zh_cn; Le X520 Build/IEXCNFN5902605131S) AppleWebKit/537.36 (KHTML, like Gecko)Version/4.0 Chrome/49.0.2623.91 Mobile Safari/537.36 EUI Browser/1.3.2.39',
  'connection' => 'close',
  'host' => 'www.525354.top',
)
[ info ] [ PARAM ] array (
  'favicon_ico' => '',
)
[ info ] [ LOG ] INIT file

---------------------------------------------------------------
[ 2017-09-23T16:21:25+08:00 ] 172.31.179.54 119.118.28.86 GET /
[ log ] www.525354.top/ [运行时间：0.078125s][吞吐率：12.80req/s] [内存消耗：1,744.30kb] [文件加载：54]
[ info ] [ DB ] INIT mysql
[ info ] [ LANG ] E:\www\dbgj\core\lang\zh-cn.php
[ info ] [ ROUTE ] array (
  'type' => 'module',
  'module' => 
  array (
    0 => '',
    1 => NULL,
    2 => NULL,
  ),
)
[ info ] [ HEADER ] array (
  'connection' => 'close',
  'accept-charset' => 'GB2312,utf-8;q=0.7,*;q=0.7',
  'user-agent' => 'Mozilla/5.0 (iPhone; CPU iPhone OS 9_1 like Mac OS X) AppleWebKit/601.1.46 (KHTML, like Gecko) Version/9.0 Mobile/13B143 Safari/601.1',
  'accept' => '*/*',
  'accept-encoding' => 'gzip,deflate,sdch',
  'accept-language' => 'zh-CN,zh;q=0.8',
  'host' => 'www.525354.top',
)
[ info ] [ PARAM ] array (
)
[ info ] [ LANG ] E:\www\dbgj/application/index\lang\zh-cn.php
[ info ] [ SESSION ] INIT array (
  'prefix' => 'minishop',
  'type' => '',
  'auto_start' => true,
)
[ info ] [ LOG ] INIT file

---------------------------------------------------------------
[ 2017-09-23T16:21:25+08:00 ] 172.31.179.54 119.118.28.86 GET /index/base/login.html
[ log ] www.525354.top/index/base/login.html [运行时间：0.046875s][吞吐率：21.33req/s] [内存消耗：1,732.27kb] [文件加载：52]
[ info ] [ DB ] INIT mysql
[ info ] [ LANG ] E:\www\dbgj\core\lang\zh-cn.php
[ info ] [ ROUTE ] array (
  'type' => 'module',
  'module' => 
  array (
    0 => 'index',
    1 => 'base',
    2 => 'login',
  ),
)
[ info ] [ HEADER ] array (
  'cookie' => 'think_var=zh-cn; PHPSESSID=idn9q7qrvqc57jjffte9nvu667',
  'connection' => 'close',
  'accept-charset' => 'GB2312,utf-8;q=0.7,*;q=0.7',
  'user-agent' => 'Mozilla/5.0 (iPhone; CPU iPhone OS 9_1 like Mac OS X) AppleWebKit/601.1.46 (KHTML, like Gecko) Version/9.0 Mobile/13B143 Safari/601.1',
  'accept' => '*/*',
  'accept-encoding' => 'gzip,deflate,sdch',
  'accept-language' => 'zh-CN,zh;q=0.8',
  'host' => 'www.525354.top',
)
[ info ] [ PARAM ] array (
  'index/base/login_html' => '',
)
[ info ] [ LANG ] E:\www\dbgj/application/index\lang\zh-cn.php
[ info ] [ SESSION ] INIT array (
  'prefix' => 'minishop',
  'type' => '',
  'auto_start' => true,
)
[ info ] [ RUN ] /**
     * 用户登录方法
     * @author  矢志bu渝 <745152620@qq.com>
     */
Method [ <user> public method login ] {
  @@ E:\www\dbgj\application\index\controller\Base.php 57 - 83
}

[ info ] [ VIEW ] ./themes/default/index/login.html [ array (
  0 => 'userinfo',
) ]
[ info ] [ LOG ] INIT file

---------------------------------------------------------------
