[ 2017-09-25T00:06:50+08:00 ] 172.31.179.54 64.246.165.170 GET /robots.txt
[ log ] www.525354.top/robots.txt [运行时间：0.046875s][吞吐率：21.33req/s] [内存消耗：1,404.53kb] [文件加载：40]
[ info ] [ DB ] INIT mysql
[ info ] [ ROUTE ] array (
  'type' => 'module',
  'module' => 
  array (
    0 => 'robots.txt',
    1 => NULL,
    2 => NULL,
  ),
)
[ info ] [ HEADER ] array (
  'accept' => '*/*',
  'pragma' => 'no-cache',
  'user-agent' => 'Mozilla/5.0 (Windows; U; Windows NT 5.1; en; rv:1.9.0.13) Gecko/2009073022 Firefox/3.5.2 (.NET CLR 3.5.30729) SurveyBot/2.3 (DomainTools)',
  'connection' => 'close',
  'accept-language' => 'en-us,fr-be;q=0.5',
  'host' => 'www.525354.top',
)
[ info ] [ PARAM ] array (
  'robots_txt' => '',
)
[ info ] [ LOG ] INIT file

---------------------------------------------------------------
[ 2017-09-25T00:06:52+08:00 ] 172.31.179.54 64.246.165.170 GET /
[ log ] www.525354.top/ [运行时间：0.031250s][吞吐率：32.00req/s] [内存消耗：1,739.45kb] [文件加载：53]
[ info ] [ DB ] INIT mysql
[ info ] [ ROUTE ] array (
  'type' => 'module',
  'module' => 
  array (
    0 => '',
    1 => NULL,
    2 => NULL,
  ),
)
[ info ] [ HEADER ] array (
  'wsip' => '47.90.121.75',
  'wshost' => 'www.525354.top',
  'user-agent' => 'Mozilla/5.0 (Windows; U; Windows NT 5.1; en; rv:1.9.0.13) Gecko/2009073022 Firefox/3.5.2 (.NET CLR 3.5.30729) SurveyBot/2.3 (DomainTools)',
  'referer' => 'http://whois.domaintools.com/525354.top',
  'host' => 'www.525354.top',
  'from' => 'feedback@surveybot.com',
  'accept-language' => 'en-us,fr-be;q=0.5',
  'accept-encoding' => 'gzip, x-gzip, deflate',
  'accept' => '*/*',
  'pragma' => 'no-cache',
  'connection' => 'close',
)
[ info ] [ PARAM ] array (
)
[ info ] [ LANG ] E:\www\dbgj/application/index\lang\en-us.php
[ info ] [ SESSION ] INIT array (
  'prefix' => 'minishop',
  'type' => '',
  'auto_start' => true,
)
[ info ] [ LOG ] INIT file

---------------------------------------------------------------
[ 2017-09-25T00:06:52+08:00 ] 172.31.179.54 64.246.165.170 GET /index/base/login.html
[ log ] www.525354.top/index/base/login.html [运行时间：0.046875s][吞吐率：21.33req/s] [内存消耗：1,727.87kb] [文件加载：51]
[ info ] [ DB ] INIT mysql
[ info ] [ ROUTE ] array (
  'type' => 'module',
  'module' => 
  array (
    0 => 'index',
    1 => 'base',
    2 => 'login',
  ),
)
[ info ] [ HEADER ] array (
  'wsip' => '47.90.121.75',
  'wshost' => 'www.525354.top',
  'cookie2' => '$Version="1"',
  'cookie' => 'PHPSESSID=o7ck4hn43vfa0ql0pnofcjo5c0; think_var=en-us',
  'user-agent' => 'Mozilla/5.0 (Windows; U; Windows NT 5.1; en; rv:1.9.0.13) Gecko/2009073022 Firefox/3.5.2 (.NET CLR 3.5.30729) SurveyBot/2.3 (DomainTools)',
  'referer' => 'http://whois.domaintools.com/525354.top',
  'host' => 'www.525354.top',
  'from' => 'feedback@surveybot.com',
  'accept-language' => 'en-us,fr-be;q=0.5',
  'accept-encoding' => 'gzip, x-gzip, deflate',
  'accept' => '*/*',
  'pragma' => 'no-cache',
  'connection' => 'close',
)
[ info ] [ PARAM ] array (
  'index/base/login_html' => '',
)
[ info ] [ LANG ] E:\www\dbgj/application/index\lang\en-us.php
[ info ] [ SESSION ] INIT array (
  'prefix' => 'minishop',
  'type' => '',
  'auto_start' => true,
)
[ info ] [ RUN ] /**
     * 用户登录方法
     * @author  矢志bu渝 <745152620@qq.com>
     */
Method [ <user> public method login ] {
  @@ E:\www\dbgj\application\index\controller\Base.php 57 - 83
}

[ info ] [ VIEW ] ./themes/default/index/login.html [ array (
  0 => 'userinfo',
) ]
[ info ] [ LOG ] INIT file

---------------------------------------------------------------
[ 2017-09-25T06:07:32+08:00 ] 172.31.179.54 110.179.145.5 GET /
[ log ] www.525354.top/ [运行时间：0.078125s][吞吐率：12.80req/s] [内存消耗：1,744.30kb] [文件加载：54]
[ info ] [ DB ] INIT mysql
[ info ] [ LANG ] E:\www\dbgj\core\lang\zh-cn.php
[ info ] [ ROUTE ] array (
  'type' => 'module',
  'module' => 
  array (
    0 => '',
    1 => NULL,
    2 => NULL,
  ),
)
[ info ] [ HEADER ] array (
  'connection' => 'close',
  'accept-charset' => 'GB2312,utf-8;q=0.7,*;q=0.7',
  'user-agent' => 'Mozilla/5.0 (iPhone; CPU iPhone OS 9_1 like Mac OS X) AppleWebKit/601.1.46 (KHTML, like Gecko) Version/9.0 Mobile/13B143 Safari/601.1',
  'accept' => '*/*',
  'accept-encoding' => 'gzip,deflate,sdch',
  'accept-language' => 'zh-CN,zh;q=0.8',
  'host' => 'www.525354.top',
)
[ info ] [ PARAM ] array (
)
[ info ] [ LANG ] E:\www\dbgj/application/index\lang\zh-cn.php
[ info ] [ SESSION ] INIT array (
  'prefix' => 'minishop',
  'type' => '',
  'auto_start' => true,
)
[ info ] [ LOG ] INIT file

---------------------------------------------------------------
[ 2017-09-25T06:07:32+08:00 ] 172.31.179.54 110.179.145.5 GET /index/base/login.html
[ log ] www.525354.top/index/base/login.html [运行时间：0.046875s][吞吐率：21.33req/s] [内存消耗：1,732.27kb] [文件加载：52]
[ info ] [ DB ] INIT mysql
[ info ] [ LANG ] E:\www\dbgj\core\lang\zh-cn.php
[ info ] [ ROUTE ] array (
  'type' => 'module',
  'module' => 
  array (
    0 => 'index',
    1 => 'base',
    2 => 'login',
  ),
)
[ info ] [ HEADER ] array (
  'cookie' => 'think_var=zh-cn; PHPSESSID=7n8s2ciufnca79etgtbh6b62r3',
  'connection' => 'close',
  'accept-charset' => 'GB2312,utf-8;q=0.7,*;q=0.7',
  'user-agent' => 'Mozilla/5.0 (iPhone; CPU iPhone OS 9_1 like Mac OS X) AppleWebKit/601.1.46 (KHTML, like Gecko) Version/9.0 Mobile/13B143 Safari/601.1',
  'accept' => '*/*',
  'accept-encoding' => 'gzip,deflate,sdch',
  'accept-language' => 'zh-CN,zh;q=0.8',
  'host' => 'www.525354.top',
)
[ info ] [ PARAM ] array (
  'index/base/login_html' => '',
)
[ info ] [ LANG ] E:\www\dbgj/application/index\lang\zh-cn.php
[ info ] [ SESSION ] INIT array (
  'prefix' => 'minishop',
  'type' => '',
  'auto_start' => true,
)
[ info ] [ RUN ] /**
     * 用户登录方法
     * @author  矢志bu渝 <745152620@qq.com>
     */
Method [ <user> public method login ] {
  @@ E:\www\dbgj\application\index\controller\Base.php 57 - 83
}

[ info ] [ VIEW ] ./themes/default/index/login.html [ array (
  0 => 'userinfo',
) ]
[ info ] [ LOG ] INIT file

---------------------------------------------------------------
[ 2017-09-25T09:11:28+08:00 ] 172.31.179.54 112.66.100.57 GET /
[ log ] www.525354.top/ [运行时间：0.046875s][吞吐率：21.33req/s] [内存消耗：1,744.30kb] [文件加载：54]
[ info ] [ DB ] INIT mysql
[ info ] [ LANG ] E:\www\dbgj\core\lang\zh-cn.php
[ info ] [ ROUTE ] array (
  'type' => 'module',
  'module' => 
  array (
    0 => '',
    1 => NULL,
    2 => NULL,
  ),
)
[ info ] [ HEADER ] array (
  'connection' => 'close',
  'accept-charset' => 'GB2312,utf-8;q=0.7,*;q=0.7',
  'user-agent' => 'Mozilla/5.0 (iPhone; CPU iPhone OS 9_1 like Mac OS X) AppleWebKit/601.1.46 (KHTML, like Gecko) Version/9.0 Mobile/13B143 Safari/601.1',
  'accept' => '*/*',
  'accept-encoding' => 'gzip,deflate,sdch',
  'accept-language' => 'zh-CN,zh;q=0.8',
  'host' => 'www.525354.top',
)
[ info ] [ PARAM ] array (
)
[ info ] [ LANG ] E:\www\dbgj/application/index\lang\zh-cn.php
[ info ] [ SESSION ] INIT array (
  'prefix' => 'minishop',
  'type' => '',
  'auto_start' => true,
)
[ info ] [ LOG ] INIT file

---------------------------------------------------------------
[ 2017-09-25T09:11:28+08:00 ] 172.31.179.54 112.66.100.57 GET /index/base/login.html
[ log ] www.525354.top/index/base/login.html [运行时间：0.046875s][吞吐率：21.33req/s] [内存消耗：1,732.27kb] [文件加载：52]
[ info ] [ DB ] INIT mysql
[ info ] [ LANG ] E:\www\dbgj\core\lang\zh-cn.php
[ info ] [ ROUTE ] array (
  'type' => 'module',
  'module' => 
  array (
    0 => 'index',
    1 => 'base',
    2 => 'login',
  ),
)
[ info ] [ HEADER ] array (
  'cookie' => 'think_var=zh-cn; PHPSESSID=otbif08r6patomjf6qh4bdqjc6',
  'connection' => 'close',
  'accept-charset' => 'GB2312,utf-8;q=0.7,*;q=0.7',
  'user-agent' => 'Mozilla/5.0 (iPhone; CPU iPhone OS 9_1 like Mac OS X) AppleWebKit/601.1.46 (KHTML, like Gecko) Version/9.0 Mobile/13B143 Safari/601.1',
  'accept' => '*/*',
  'accept-encoding' => 'gzip,deflate,sdch',
  'accept-language' => 'zh-CN,zh;q=0.8',
  'host' => 'www.525354.top',
)
[ info ] [ PARAM ] array (
  'index/base/login_html' => '',
)
[ info ] [ LANG ] E:\www\dbgj/application/index\lang\zh-cn.php
[ info ] [ SESSION ] INIT array (
  'prefix' => 'minishop',
  'type' => '',
  'auto_start' => true,
)
[ info ] [ RUN ] /**
     * 用户登录方法
     * @author  矢志bu渝 <745152620@qq.com>
     */
Method [ <user> public method login ] {
  @@ E:\www\dbgj\application\index\controller\Base.php 57 - 83
}

[ info ] [ VIEW ] ./themes/default/index/login.html [ array (
  0 => 'userinfo',
) ]
[ info ] [ LOG ] INIT file

---------------------------------------------------------------
[ 2017-09-25T19:36:10+08:00 ] 172.31.179.54 106.120.162.107 GET /
[ log ] www.525354.top/ [运行时间：0.078125s][吞吐率：12.80req/s] [内存消耗：1,738.91kb] [文件加载：53]
[ info ] [ DB ] INIT mysql
[ info ] [ ROUTE ] array (
  'type' => 'module',
  'module' => 
  array (
    0 => '',
    1 => NULL,
    2 => NULL,
  ),
)
[ info ] [ HEADER ] array (
  'host' => 'www.525354.top',
  'accept-language' => 'en-US,*',
  'accept-encoding' => 'gzip, deflate',
  'connection' => 'close',
  'user-agent' => 'Mozilla/5.0 (Windows NT 6.1; WOW64) AppleWebKit/537.36 (KHTML, like Gecko) Chrome/50.0.2661.102 Safari/537.36',
  'accept' => 'text/html,application/xhtml+xml,application/xml;q=0.9,*/*;q=0.8',
)
[ info ] [ PARAM ] array (
)
[ info ] [ LANG ] E:\www\dbgj/application/index\lang\en-us.php
[ info ] [ SESSION ] INIT array (
  'prefix' => 'minishop',
  'type' => '',
  'auto_start' => true,
)
[ info ] [ LOG ] INIT file

---------------------------------------------------------------
[ 2017-09-25T19:36:10+08:00 ] 172.31.179.54 106.120.162.107 GET /index/base/login.html
[ log ] www.525354.top/index/base/login.html [运行时间：0.062500s][吞吐率：16.00req/s] [内存消耗：1,726.82kb] [文件加载：51]
[ info ] [ DB ] INIT mysql
[ info ] [ ROUTE ] array (
  'type' => 'module',
  'module' => 
  array (
    0 => 'index',
    1 => 'base',
    2 => 'login',
  ),
)
[ info ] [ HEADER ] array (
  'host' => 'www.525354.top',
  'accept-language' => 'en-US,*',
  'accept-encoding' => 'gzip, deflate',
  'connection' => 'close',
  'cookie' => 'think_var=en-us; PHPSESSID=9jjgps6fo7at8ma87h0tiu0685',
  'user-agent' => 'Mozilla/5.0 (Windows NT 6.1; WOW64) AppleWebKit/537.36 (KHTML, like Gecko) Chrome/50.0.2661.102 Safari/537.36',
  'accept' => 'text/html,application/xhtml+xml,application/xml;q=0.9,*/*;q=0.8',
)
[ info ] [ PARAM ] array (
  'index/base/login_html' => '',
)
[ info ] [ LANG ] E:\www\dbgj/application/index\lang\en-us.php
[ info ] [ SESSION ] INIT array (
  'prefix' => 'minishop',
  'type' => '',
  'auto_start' => true,
)
[ info ] [ RUN ] /**
     * 用户登录方法
     * @author  矢志bu渝 <745152620@qq.com>
     */
Method [ <user> public method login ] {
  @@ E:\www\dbgj\application\index\controller\Base.php 57 - 83
}

[ info ] [ VIEW ] ./themes/default/index/login.html [ array (
  0 => 'userinfo',
) ]
[ info ] [ LOG ] INIT file

---------------------------------------------------------------
