[ 2017-09-26T18:00:00+08:00 ] 172.31.179.54 1.58.120.181 GET /index/user/usercenter.html
[ log ] www.525354.top/index/user/usercenter.html [运行时间：0.140625s][吞吐率：7.11req/s] [内存消耗：1,803.52kb] [文件加载：54]
[ info ] [ DB ] INIT mysql
[ info ] [ LANG ] E:\www\dbgj\core\lang\zh-cn.php
[ info ] [ ROUTE ] array (
  'type' => 'module',
  'module' => 
  array (
    0 => 'index',
    1 => 'user',
    2 => 'usercenter',
  ),
)
[ info ] [ HEADER ] array (
  'x-requested-with' => 'com.android.browser',
  'cookie' => 'PHPSESSID=8bve2tii6u6s85knt11gbr2ro2; safedog-flow-item=',
  'accept-language' => 'zh-CN,en-US;q=0.8',
  'accept-encoding' => 'gzip, deflate',
  'user-agent' => 'Mozilla/5.0 (Linux; U; Android 6.0.1;zh_cn; Le X520 Build/IEXCNFN5902605131S) AppleWebKit/537.36 (KHTML, like Gecko)Version/4.0 Chrome/49.0.2623.91 Mobile Safari/537.36 EUI Browser/1.3.2.39',
  'upgrade-insecure-requests' => '1',
  'accept' => 'text/html,application/xhtml+xml,application/xml;q=0.9,image/webp,*/*;q=0.8',
  'connection' => 'close',
  'host' => 'www.525354.top',
)
[ info ] [ PARAM ] array (
  'index/user/usercenter_html' => '',
)
[ info ] [ LANG ] E:\www\dbgj/application/index\lang\zh-cn.php
[ info ] [ SESSION ] INIT array (
  'prefix' => 'minishop',
  'type' => '',
  'auto_start' => true,
)
[ info ] [ LOG ] INIT file

---------------------------------------------------------------
[ 2017-09-26T18:00:00+08:00 ] 172.31.179.54 1.58.120.181 GET /index/base/login.html
[ log ] www.525354.top/index/base/login.html [运行时间：0.046875s][吞吐率：21.33req/s] [内存消耗：1,732.65kb] [文件加载：52]
[ info ] [ DB ] INIT mysql
[ info ] [ LANG ] E:\www\dbgj\core\lang\zh-cn.php
[ info ] [ ROUTE ] array (
  'type' => 'module',
  'module' => 
  array (
    0 => 'index',
    1 => 'base',
    2 => 'login',
  ),
)
[ info ] [ HEADER ] array (
  'x-requested-with' => 'com.android.browser',
  'cookie' => 'PHPSESSID=8bve2tii6u6s85knt11gbr2ro2; safedog-flow-item=; think_var=zh-cn',
  'accept-language' => 'zh-CN,en-US;q=0.8',
  'accept-encoding' => 'gzip, deflate',
  'user-agent' => 'Mozilla/5.0 (Linux; U; Android 6.0.1;zh_cn; Le X520 Build/IEXCNFN5902605131S) AppleWebKit/537.36 (KHTML, like Gecko)Version/4.0 Chrome/49.0.2623.91 Mobile Safari/537.36 EUI Browser/1.3.2.39',
  'upgrade-insecure-requests' => '1',
  'accept' => 'text/html,application/xhtml+xml,application/xml;q=0.9,image/webp,*/*;q=0.8',
  'connection' => 'close',
  'host' => 'www.525354.top',
)
[ info ] [ PARAM ] array (
  'index/base/login_html' => '',
)
[ info ] [ LANG ] E:\www\dbgj/application/index\lang\zh-cn.php
[ info ] [ SESSION ] INIT array (
  'prefix' => 'minishop',
  'type' => '',
  'auto_start' => true,
)
[ info ] [ RUN ] /**
     * 用户登录方法
     * @author  矢志bu渝 <745152620@qq.com>
     */
Method [ <user> public method login ] {
  @@ E:\www\dbgj\application\index\controller\Base.php 57 - 83
}

[ info ] [ VIEW ] ./themes/default/index/login.html [ array (
  0 => 'userinfo',
) ]
[ info ] [ LOG ] INIT file

---------------------------------------------------------------
[ 2017-09-26T18:00:03+08:00 ] 172.31.179.54 1.58.120.181 GET /favicon.ico
[ log ] www.525354.top/favicon.ico [运行时间：0.031250s][吞吐率：32.00req/s] [内存消耗：1,410.24kb] [文件加载：41]
[ info ] [ DB ] INIT mysql
[ info ] [ LANG ] E:\www\dbgj\core\lang\zh-cn.php
[ info ] [ ROUTE ] array (
  'type' => 'module',
  'module' => 
  array (
    0 => 'favicon.ico',
    1 => NULL,
    2 => NULL,
  ),
)
[ info ] [ HEADER ] array (
  'x-requested-with' => 'com.android.browser',
  'cookie' => 'PHPSESSID=8bve2tii6u6s85knt11gbr2ro2; safedog-flow-item=; think_var=zh-cn',
  'accept-language' => 'zh-CN,en-US;q=0.8',
  'accept-encoding' => 'gzip, deflate',
  'referer' => 'http://www.525354.top/index/base/login.html',
  'accept' => '*/*',
  'user-agent' => 'Mozilla/5.0 (Linux; U; Android 6.0.1;zh_cn; Le X520 Build/IEXCNFN5902605131S) AppleWebKit/537.36 (KHTML, like Gecko)Version/4.0 Chrome/49.0.2623.91 Mobile Safari/537.36 EUI Browser/1.3.2.39',
  'connection' => 'close',
  'host' => 'www.525354.top',
)
[ info ] [ PARAM ] array (
  'favicon_ico' => '',
)
[ info ] [ LOG ] INIT file

---------------------------------------------------------------
[ 2017-09-26T18:00:06+08:00 ] 172.31.179.54 1.58.120.181 POST /index/base/login.html
[ log ] www.525354.top/index/base/login.html [运行时间：0.093750s][吞吐率：10.67req/s] [内存消耗：1,750.08kb] [文件加载：53]
[ info ] [ DB ] INIT mysql
[ info ] [ LANG ] E:\www\dbgj\core\lang\zh-cn.php
[ info ] [ ROUTE ] array (
  'type' => 'module',
  'module' => 
  array (
    0 => 'index',
    1 => 'base',
    2 => 'login',
  ),
)
[ info ] [ HEADER ] array (
  'cookie' => 'PHPSESSID=8bve2tii6u6s85knt11gbr2ro2; safedog-flow-item=; think_var=zh-cn',
  'accept-language' => 'zh-CN,en-US;q=0.8',
  'accept-encoding' => 'gzip, deflate',
  'referer' => 'http://www.525354.top/index/base/login.html',
  'user-agent' => 'Mozilla/5.0 (Linux; U; Android 6.0.1;zh_cn; Le X520 Build/IEXCNFN5902605131S) AppleWebKit/537.36 (KHTML, like Gecko)Version/4.0 Chrome/49.0.2623.91 Mobile Safari/537.36 EUI Browser/1.3.2.39',
  'x-requested-with' => 'XMLHttpRequest',
  'origin' => 'http://www.525354.top',
  'accept' => 'application/json, text/javascript, */*; q=0.01',
  'connection' => 'close',
  'host' => 'www.525354.top',
  'content-type' => 'application/x-www-form-urlencoded; charset=UTF-8',
  'content-length' => '33',
)
[ info ] [ PARAM ] array (
  'index/base/login_html' => '',
  'key' => '15776315366',
  'password' => 'zc159357',
)
[ info ] [ LANG ] E:\www\dbgj/application/index\lang\zh-cn.php
[ info ] [ SESSION ] INIT array (
  'prefix' => 'minishop',
  'type' => '',
  'auto_start' => true,
)
[ info ] [ RUN ] /**
     * 用户登录方法
     * @author  矢志bu渝 <745152620@qq.com>
     */
Method [ <user> public method login ] {
  @@ E:\www\dbgj\application\index\controller\Base.php 57 - 83
}

[ info ] [ LOG ] INIT file

---------------------------------------------------------------
[ 2017-09-26T18:00:06+08:00 ] 172.31.179.54 1.58.120.181 GET /index/user/usercenter.html
[ log ] www.525354.top/index/user/usercenter.html [运行时间：0.125000s][吞吐率：8.00req/s] [内存消耗：1,818.09kb] [文件加载：53]
[ info ] [ DB ] INIT mysql
[ info ] [ LANG ] E:\www\dbgj\core\lang\zh-cn.php
[ info ] [ ROUTE ] array (
  'type' => 'module',
  'module' => 
  array (
    0 => 'index',
    1 => 'user',
    2 => 'usercenter',
  ),
)
[ info ] [ HEADER ] array (
  'x-requested-with' => 'com.android.browser',
  'cookie' => 'PHPSESSID=8bve2tii6u6s85knt11gbr2ro2; safedog-flow-item=; think_var=zh-cn',
  'accept-language' => 'zh-CN,en-US;q=0.8',
  'accept-encoding' => 'gzip, deflate',
  'referer' => 'http://www.525354.top/index/base/login.html',
  'user-agent' => 'Mozilla/5.0 (Linux; U; Android 6.0.1;zh_cn; Le X520 Build/IEXCNFN5902605131S) AppleWebKit/537.36 (KHTML, like Gecko)Version/4.0 Chrome/49.0.2623.91 Mobile Safari/537.36 EUI Browser/1.3.2.39',
  'upgrade-insecure-requests' => '1',
  'accept' => 'text/html,application/xhtml+xml,application/xml;q=0.9,image/webp,*/*;q=0.8',
  'connection' => 'close',
  'host' => 'www.525354.top',
)
[ info ] [ PARAM ] array (
  'index/user/usercenter_html' => '',
)
[ info ] [ LANG ] E:\www\dbgj/application/index\lang\zh-cn.php
[ info ] [ SESSION ] INIT array (
  'prefix' => 'minishop',
  'type' => '',
  'auto_start' => true,
)
[ info ] [ RUN ] /**
     * 个人中心
     * @author  ILsunshine
     */
Method [ <user> public method userCenter ] {
  @@ E:\www\dbgj\application\index\controller\User.php 39 - 67
}

[ info ] [ VIEW ] ./themes/default/index/user_center.html [ array (
  0 => 'userinfo',
  1 => 'tyjfmc',
  2 => 'zhscore',
  3 => 's_score',
  4 => 'ytixian',
  5 => 'tuijianren',
  6 => 'userInfo',
  7 => 'hys',
  8 => 'scoreorder',
) ]
[ info ] [ LOG ] INIT file

---------------------------------------------------------------
[ 2017-09-26T18:00:10+08:00 ] 172.31.179.54 140.207.185.112 GET /index/user/usercenter.html
[ log ] www.525354.top/index/user/usercenter.html [运行时间：0.046875s][吞吐率：21.33req/s] [内存消耗：1,802.83kb] [文件加载：54]
[ info ] [ DB ] INIT mysql
[ info ] [ LANG ] E:\www\dbgj\core\lang\zh-cn.php
[ info ] [ ROUTE ] array (
  'type' => 'module',
  'module' => 
  array (
    0 => 'index',
    1 => 'user',
    2 => 'usercenter',
  ),
)
[ info ] [ HEADER ] array (
  'connection' => 'close',
  'host' => 'www.525354.top',
  'accept-language' => 'zh-CN,zh;q=0.8,en-US;q=0.6,en;q=0.4',
  'accept-encoding' => 'gzip, deflate, sdch, br',
  'accept' => '*/*',
  'user-agent' => 'Mozilla/5.0 (Linux; U; Android 6.0.1; zh-cn; OPPO R9s Build/MMB29M) AppleWebKit/537.36 (KHTML, like Gecko) Version/4.0 Chrome/38.0.0.0 Mobile Safari/537.36 OppoBrowser/4.2.8',
)
[ info ] [ PARAM ] array (
  'index/user/usercenter_html' => '',
)
[ info ] [ LANG ] E:\www\dbgj/application/index\lang\zh-cn.php
[ info ] [ SESSION ] INIT array (
  'prefix' => 'minishop',
  'type' => '',
  'auto_start' => true,
)
[ info ] [ LOG ] INIT file

---------------------------------------------------------------
[ 2017-09-26T18:00:11+08:00 ] 172.31.179.54 1.58.120.181 GET /favicon.ico
[ log ] www.525354.top/favicon.ico [运行时间：0.031250s][吞吐率：32.00req/s] [内存消耗：1,410.22kb] [文件加载：41]
[ info ] [ DB ] INIT mysql
[ info ] [ LANG ] E:\www\dbgj\core\lang\zh-cn.php
[ info ] [ ROUTE ] array (
  'type' => 'module',
  'module' => 
  array (
    0 => 'favicon.ico',
    1 => NULL,
    2 => NULL,
  ),
)
[ info ] [ HEADER ] array (
  'x-requested-with' => 'com.android.browser',
  'cookie' => 'PHPSESSID=8bve2tii6u6s85knt11gbr2ro2; safedog-flow-item=; think_var=zh-cn',
  'accept-language' => 'zh-CN,en-US;q=0.8',
  'accept-encoding' => 'gzip, deflate',
  'referer' => 'http://www.525354.top/index/user/usercenter.html',
  'accept' => '*/*',
  'user-agent' => 'Mozilla/5.0 (Linux; U; Android 6.0.1;zh_cn; Le X520 Build/IEXCNFN5902605131S) AppleWebKit/537.36 (KHTML, like Gecko)Version/4.0 Chrome/49.0.2623.91 Mobile Safari/537.36 EUI Browser/1.3.2.39',
  'connection' => 'close',
  'host' => 'www.525354.top',
)
[ info ] [ PARAM ] array (
  'favicon_ico' => '',
)
[ info ] [ LOG ] INIT file

---------------------------------------------------------------
[ 2017-09-26T18:00:11+08:00 ] 172.31.179.54 140.207.185.112 GET /index/base/login.html
[ log ] www.525354.top/index/base/login.html [运行时间：0.046875s][吞吐率：21.33req/s] [内存消耗：1,732.30kb] [文件加载：52]
[ info ] [ DB ] INIT mysql
[ info ] [ LANG ] E:\www\dbgj\core\lang\zh-cn.php
[ info ] [ ROUTE ] array (
  'type' => 'module',
  'module' => 
  array (
    0 => 'index',
    1 => 'base',
    2 => 'login',
  ),
)
[ info ] [ HEADER ] array (
  'connection' => 'close',
  'host' => 'www.525354.top',
  'accept-language' => 'zh-CN,zh;q=0.8,en-US;q=0.6,en;q=0.4',
  'cookie' => 'PHPSESSID=kuervhlufh2qv2imeme0qtaf26; think_var=zh-cn',
  'referer' => 'http://www.525354.top/index/user/usercenter.html',
  'accept-encoding' => 'gzip, deflate, sdch, br',
  'accept' => '*/*',
  'user-agent' => 'Mozilla/5.0 (Linux; U; Android 6.0.1; zh-cn; OPPO R9s Build/MMB29M) AppleWebKit/537.36 (KHTML, like Gecko) Version/4.0 Chrome/38.0.0.0 Mobile Safari/537.36 OppoBrowser/4.2.8',
)
[ info ] [ PARAM ] array (
  'index/base/login_html' => '',
)
[ info ] [ LANG ] E:\www\dbgj/application/index\lang\zh-cn.php
[ info ] [ SESSION ] INIT array (
  'prefix' => 'minishop',
  'type' => '',
  'auto_start' => true,
)
[ info ] [ RUN ] /**
     * 用户登录方法
     * @author  矢志bu渝 <745152620@qq.com>
     */
Method [ <user> public method login ] {
  @@ E:\www\dbgj\application\index\controller\Base.php 57 - 83
}

[ info ] [ VIEW ] ./themes/default/index/login.html [ array (
  0 => 'userinfo',
) ]
[ info ] [ LOG ] INIT file

---------------------------------------------------------------
[ 2017-09-26T18:00:13+08:00 ] 172.31.179.54 140.207.185.112 GET /index/base/login.html
[ log ] www.525354.top/index/base/login.html [运行时间：0.046875s][吞吐率：21.33req/s] [内存消耗：1,732.36kb] [文件加载：52]
[ info ] [ DB ] INIT mysql
[ info ] [ LANG ] E:\www\dbgj\core\lang\zh-cn.php
[ info ] [ ROUTE ] array (
  'type' => 'module',
  'module' => 
  array (
    0 => 'index',
    1 => 'base',
    2 => 'login',
  ),
)
[ info ] [ HEADER ] array (
  'connection' => 'close',
  'host' => 'www.525354.top',
  'accept-language' => 'zh-CN,zh;q=0.8,en-US;q=0.6,en;q=0.4',
  'accept-encoding' => 'gzip, deflate, sdch, br',
  'accept' => '*/*',
  'user-agent' => 'Mozilla/5.0 (Linux; U; Android 6.0.1; zh-cn; OPPO R9s Build/MMB29M) AppleWebKit/537.36 (KHTML, like Gecko)Version/4.0 Chrome/37.0.0.0 MQQBrowser/7.2 Mobile Safari/537.36',
)
[ info ] [ PARAM ] array (
  'index/base/login_html' => '',
)
[ info ] [ LANG ] E:\www\dbgj/application/index\lang\zh-cn.php
[ info ] [ SESSION ] INIT array (
  'prefix' => 'minishop',
  'type' => '',
  'auto_start' => true,
)
[ info ] [ RUN ] /**
     * 用户登录方法
     * @author  矢志bu渝 <745152620@qq.com>
     */
Method [ <user> public method login ] {
  @@ E:\www\dbgj\application\index\controller\Base.php 57 - 83
}

[ info ] [ VIEW ] ./themes/default/index/login.html [ array (
  0 => 'userinfo',
) ]
[ info ] [ LOG ] INIT file

---------------------------------------------------------------
[ 2017-09-26T18:00:17+08:00 ] 172.31.179.54 61.151.226.16 GET /index/base/login.html
[ log ] www.525354.top/index/base/login.html [运行时间：0.046875s][吞吐率：21.33req/s] [内存消耗：1,727.30kb] [文件加载：51]
[ info ] [ DB ] INIT mysql
[ info ] [ ROUTE ] array (
  'type' => 'module',
  'module' => 
  array (
    0 => 'index',
    1 => 'base',
    2 => 'login',
  ),
)
[ info ] [ HEADER ] array (
  'connection' => 'close',
  'host' => 'www.525354.top',
  'accept-language' => 'en-US,*',
  'accept-encoding' => 'gzip, deflate',
  'user-agent' => 'Mozilla/5.0 (iPhone; CPU iPhone OS 8_4 like Mac OS X) AppleWebKit/600.1.4 (KHTML, like Gecko) Version/8.0 Mobile/12H143 Safari/600.1.4',
  'referer' => '',
  'accept' => 'text/html,application/xhtml+xml,application/xml;q=0.9,*/*;q=0.8',
)
[ info ] [ PARAM ] array (
  'index/base/login_html' => '',
)
[ info ] [ LANG ] E:\www\dbgj/application/index\lang\en-us.php
[ info ] [ SESSION ] INIT array (
  'prefix' => 'minishop',
  'type' => '',
  'auto_start' => true,
)
[ info ] [ RUN ] /**
     * 用户登录方法
     * @author  矢志bu渝 <745152620@qq.com>
     */
Method [ <user> public method login ] {
  @@ E:\www\dbgj\application\index\controller\Base.php 57 - 83
}

[ info ] [ VIEW ] ./themes/default/index/login.html [ array (
  0 => 'userinfo',
) ]
[ info ] [ LOG ] INIT file

---------------------------------------------------------------
