[ 2017-09-28T09:03:41+08:00 ] 172.31.179.54 42.156.251.194 GET /
[ log ] www.525354.top/ [运行时间：0.062500s][吞吐率：16.00req/s] [内存消耗：1,745.34kb] [文件加载：54]
[ info ] [ DB ] INIT mysql
[ info ] [ LANG ] E:\www\dbgj\core\lang\zh-cn.php
[ info ] [ ROUTE ] array (
  'type' => 'module',
  'module' => 
  array (
    0 => '',
    1 => NULL,
    2 => NULL,
  ),
)
[ info ] [ HEADER ] array (
  'host' => 'www.525354.top',
  'accept-language' => 'zh-CN,zh;q=0.8,en;q=0.6',
  'cookie' => 'BAIDUID=1D653324D78E06885B3516718AE78F9B:FG=1; expires=Fri, 28-Sep-18 01:03:40 GMT; max-age=31536000; path=/; domain=.baidu.com; version=1',
  'accept-encoding' => 'gzip, deflate',
  'user-agent' => 'Mozilla/5.0 (Linux; Android 7.1.1; TA-1000 Build/NMF26F; wv) AppleWebKit/537.36 (KHTML, like Gecko) Version/4.0 Chrome/53.0.2785.49 Mobile MQQBrowser/6.2 TBS/043128 Safari/537.36 MicroMessenger/6.5.7.1041 NetType/WIFI Language/zh_CN',
  'accept' => 'text/html,application/xhtml+xml,application/xml;q=0.9,image/webp,*/*;q=0.8',
  'connection' => 'close',
)
[ info ] [ PARAM ] array (
)
[ info ] [ LANG ] E:\www\dbgj/application/index\lang\zh-cn.php
[ info ] [ SESSION ] INIT array (
  'prefix' => 'minishop',
  'type' => '',
  'auto_start' => true,
)
[ info ] [ LOG ] INIT file

---------------------------------------------------------------
[ 2017-09-28T09:03:41+08:00 ] 172.31.179.54 42.156.251.194 GET /index/base/login.html
[ log ] www.525354.top/index/base/login.html [运行时间：0.062500s][吞吐率：16.00req/s] [内存消耗：1,732.58kb] [文件加载：52]
[ info ] [ DB ] INIT mysql
[ info ] [ LANG ] E:\www\dbgj\core\lang\zh-cn.php
[ info ] [ ROUTE ] array (
  'type' => 'module',
  'module' => 
  array (
    0 => 'index',
    1 => 'base',
    2 => 'login',
  ),
)
[ info ] [ HEADER ] array (
  'host' => 'www.525354.top',
  'accept-language' => 'zh-CN,zh;q=0.8,en;q=0.6',
  'cookie' => 'think_var=zh-cn; expires=Thu, 28-Sep-2017 02:03:41 GMT; path=/, PHPSESSID=re09j675rri6llkr8klsdmqgf6; think_var=zh-cn',
  'accept-encoding' => 'gzip, deflate',
  'user-agent' => 'Mozilla/5.0 (Linux; U; Android 7.0; zh-cn; HUAWEI NXT-CL00 Build/HUAWEINXT-CL00) AppleWebKit/534.30 (KHTML, like Gecko) Version/4.0 UCBrowser/1.0.0.100 U3/0.8.0 Mobile Safari/534.30 AliApp(TB/6.7.0) WindVane/8.0.0 1080X1812 GCanvas/1.4.2.21',
  'accept' => 'text/html,application/xhtml+xml,application/xml;q=0.9,image/webp,*/*;q=0.8',
  'connection' => 'close',
)
[ info ] [ PARAM ] array (
  'index/base/login_html' => '',
)
[ info ] [ LANG ] E:\www\dbgj/application/index\lang\zh-cn.php
[ info ] [ SESSION ] INIT array (
  'prefix' => 'minishop',
  'type' => '',
  'auto_start' => true,
)
[ info ] [ RUN ] /**
     * 用户登录方法
     * @author  矢志bu渝 <745152620@qq.com>
     */
Method [ <user> public method login ] {
  @@ E:\www\dbgj\application\index\controller\Base.php 57 - 83
}

[ info ] [ VIEW ] ./themes/default/index/login.html [ array (
  0 => 'userinfo',
) ]
[ info ] [ LOG ] INIT file

---------------------------------------------------------------
[ 2017-09-28T09:03:41+08:00 ] 172.31.179.54 42.156.251.194 GET /
[ log ] www.525354.top/ [运行时间：0.046875s][吞吐率：21.33req/s] [内存消耗：1,744.31kb] [文件加载：54]
[ info ] [ DB ] INIT mysql
[ info ] [ LANG ] E:\www\dbgj\core\lang\zh-cn.php
[ info ] [ ROUTE ] array (
  'type' => 'module',
  'module' => 
  array (
    0 => '',
    1 => NULL,
    2 => NULL,
  ),
)
[ info ] [ HEADER ] array (
  'host' => 'www.525354.top',
  'accept-language' => 'zh-CN,en,*',
  'accept-encoding' => 'gzip, deflate',
  'connection' => 'close',
  'user-agent' => 'Mozilla/5.0 (Linux; Android 4.4.2; Che2-TL00M Build/HonorChe2-TL00M; wv) AppleWebKit/537.36 (KHTML, like Gecko) Version/4.0 Chrome/53.0.2785.49 Mobile MQQBrowser/6.2 TBS/043128 Safari/537.36 MicroMessenger/6.3.31.940 NetType/WIFI Language/zh_CN',
  'accept' => 'text/html,application/xhtml+xml,application/xml;q=0.9,*/*;q=0.8',
)
[ info ] [ PARAM ] array (
)
[ info ] [ LANG ] E:\www\dbgj/application/index\lang\zh-cn.php
[ info ] [ SESSION ] INIT array (
  'prefix' => 'minishop',
  'type' => '',
  'auto_start' => true,
)
[ info ] [ LOG ] INIT file

---------------------------------------------------------------
[ 2017-09-28T09:03:41+08:00 ] 172.31.179.54 42.156.251.194 GET /index/base/login.html
[ log ] www.525354.top/index/base/login.html [运行时间：0.046875s][吞吐率：21.33req/s] [内存消耗：1,732.20kb] [文件加载：52]
[ info ] [ DB ] INIT mysql
[ info ] [ LANG ] E:\www\dbgj\core\lang\zh-cn.php
[ info ] [ ROUTE ] array (
  'type' => 'module',
  'module' => 
  array (
    0 => 'index',
    1 => 'base',
    2 => 'login',
  ),
)
[ info ] [ HEADER ] array (
  'host' => 'www.525354.top',
  'accept-language' => 'zh-CN,en,*',
  'accept-encoding' => 'gzip, deflate',
  'connection' => 'close',
  'cookie' => 'think_var=zh-cn; PHPSESSID=jf0vh9eaecv7h8dq6cli494h14',
  'user-agent' => 'Mozilla/5.0 (Linux; Android 4.4.2; Che2-TL00M Build/HonorChe2-TL00M; wv) AppleWebKit/537.36 (KHTML, like Gecko) Version/4.0 Chrome/53.0.2785.49 Mobile MQQBrowser/6.2 TBS/043128 Safari/537.36 MicroMessenger/6.3.31.940 NetType/WIFI Language/zh_CN',
  'accept' => 'text/html,application/xhtml+xml,application/xml;q=0.9,*/*;q=0.8',
)
[ info ] [ PARAM ] array (
  'index/base/login_html' => '',
)
[ info ] [ LANG ] E:\www\dbgj/application/index\lang\zh-cn.php
[ info ] [ SESSION ] INIT array (
  'prefix' => 'minishop',
  'type' => '',
  'auto_start' => true,
)
[ info ] [ RUN ] /**
     * 用户登录方法
     * @author  矢志bu渝 <745152620@qq.com>
     */
Method [ <user> public method login ] {
  @@ E:\www\dbgj\application\index\controller\Base.php 57 - 83
}

[ info ] [ VIEW ] ./themes/default/index/login.html [ array (
  0 => 'userinfo',
) ]
[ info ] [ LOG ] INIT file

---------------------------------------------------------------
[ 2017-09-28T18:54:02+08:00 ] 172.31.179.54 123.151.138.57 GET /
[ log ] www.525354.top/ [运行时间：0.062500s][吞吐率：16.00req/s] [内存消耗：1,744.33kb] [文件加载：54]
[ info ] [ DB ] INIT mysql
[ info ] [ LANG ] E:\www\dbgj\core\lang\zh-cn.php
[ info ] [ ROUTE ] array (
  'type' => 'module',
  'module' => 
  array (
    0 => '',
    1 => NULL,
    2 => NULL,
  ),
)
[ info ] [ HEADER ] array (
  'x-forwarded-for' => '113.5.2.42',
  'user-agent' => 'Mozilla/5.0 (Linux; U; Android 6.0; zh-cn; HUAWEI GRA-UL10 Build/HUAWEIGRA-UL10) AppleWebKit/537.36 (KHTML, like Gecko)Version/4.0 Chrome/37.0.0.0 MQQBrowser/7.8 Mobile Safari/537.36',
  'host' => 'www.525354.top',
  'connection' => 'close',
  'accept-language' => 'zh-CN,en-US;q=0.8',
  'accept-encoding' => 'gzip',
  'accept' => 'text/html,application/xhtml+xml,application/xml;q=0.9,image/webp,*/*;q=0.8',
)
[ info ] [ PARAM ] array (
)
[ info ] [ LANG ] E:\www\dbgj/application/index\lang\zh-cn.php
[ info ] [ SESSION ] INIT array (
  'prefix' => 'minishop',
  'type' => '',
  'auto_start' => true,
)
[ info ] [ LOG ] INIT file

---------------------------------------------------------------
[ 2017-09-28T18:54:02+08:00 ] 172.31.179.54 123.151.138.57 GET /index/base/login.html
[ log ] www.525354.top/index/base/login.html [运行时间：0.046875s][吞吐率：21.33req/s] [内存消耗：1,732.37kb] [文件加载：52]
[ info ] [ DB ] INIT mysql
[ info ] [ LANG ] E:\www\dbgj\core\lang\zh-cn.php
[ info ] [ ROUTE ] array (
  'type' => 'module',
  'module' => 
  array (
    0 => 'index',
    1 => 'base',
    2 => 'login',
  ),
)
[ info ] [ HEADER ] array (
  'x-forwarded-for' => '113.5.2.42',
  'user-agent' => 'Mozilla/5.0 (Linux; U; Android 6.0; zh-cn; HUAWEI GRA-UL10 Build/HUAWEIGRA-UL10) AppleWebKit/537.36 (KHTML, like Gecko)Version/4.0 Chrome/37.0.0.0 MQQBrowser/7.8 Mobile Safari/537.36',
  'host' => 'www.525354.top',
  'cookie' => 'think_var=zh-cn; PHPSESSID=i5ugjhtp4v952g640280iaehc6',
  'connection' => 'close',
  'accept-language' => 'zh-CN,en-US;q=0.8',
  'accept-encoding' => 'gzip',
  'accept' => 'text/html,application/xhtml+xml,application/xml;q=0.9,image/webp,*/*;q=0.8',
)
[ info ] [ PARAM ] array (
  'index/base/login_html' => '',
)
[ info ] [ LANG ] E:\www\dbgj/application/index\lang\zh-cn.php
[ info ] [ SESSION ] INIT array (
  'prefix' => 'minishop',
  'type' => '',
  'auto_start' => true,
)
[ info ] [ RUN ] /**
     * 用户登录方法
     * @author  矢志bu渝 <745152620@qq.com>
     */
Method [ <user> public method login ] {
  @@ E:\www\dbgj\application\index\controller\Base.php 57 - 83
}

[ info ] [ VIEW ] ./themes/default/index/login.html [ array (
  0 => 'userinfo',
) ]
[ info ] [ LOG ] INIT file

---------------------------------------------------------------
[ 2017-09-28T18:54:03+08:00 ] 172.31.179.54 111.30.137.187 GET /
[ log ] www.525354.top/ [运行时间：0.062500s][吞吐率：16.00req/s] [内存消耗：1,744.00kb] [文件加载：54]
[ info ] [ DB ] INIT mysql
[ info ] [ LANG ] E:\www\dbgj\core\lang\zh-cn.php
[ info ] [ ROUTE ] array (
  'type' => 'module',
  'module' => 
  array (
    0 => '',
    1 => NULL,
    2 => NULL,
  ),
)
[ info ] [ HEADER ] array (
  'user-agent' => 'Mozilla/5.0 (Windows; U; Windows NT 5.1; zh-CN; rv:1.9b4) Gecko/2008030317 Firefox/3.0b4',
  'q-ua' => 'KQB22_GA/220020&KMTT_3/200020&JV2&151920&SunMicrosystemswtk&0&4309&V3',
  'host' => 'www.525354.top',
  'connection' => 'close',
  'accept-encoding' => 'gzip,deflate',
  'accept-charset' => 'gb2312,iso8859-1,utf-8',
  'accept' => 'text/vnd.wap.wml,text/html,application/vnd.wap.xhtml+xml,application/xhtml+xml',
)
[ info ] [ PARAM ] array (
)
[ info ] [ LANG ] E:\www\dbgj/application/index\lang\zh-cn.php
[ info ] [ SESSION ] INIT array (
  'prefix' => 'minishop',
  'type' => '',
  'auto_start' => true,
)
[ info ] [ LOG ] INIT file

---------------------------------------------------------------
[0928PRCx] 172.31.179.54 111.30.132.146 GET /
[ log ] www.525354.top/ [运行时间：0.093750s][吞吐率：10.67req/s] [内存消耗：1,744.00kb] [文件加载：54]
[ info ] [ DB ] INIT mysql
[ info ] [ LANG ] E:\www\dbgj\core\lang\zh-cn.php
[ info ] [ ROUTE ] array (
  'type' => 'module',
  'module' => 
  array (
    0 => '',
    1 => NULL,
    2 => NULL,
  ),
)
[ info ] [ HEADER ] array (
  'user-agent' => 'Mozilla/5.0 (Windows; U; Windows NT 5.1; zh-CN; rv:1.9b4) Gecko/2008030317 Firefox/3.0b4',
  'q-ua' => 'KQB22_GA/220020&KMTT_3/200020&JV2&151920&SunMicrosystemswtk&0&4309&V3',
  'host' => 'www.525354.top',
  'connection' => 'close',
  'accept-encoding' => 'gzip,deflate',
  'accept-charset' => 'gb2312,iso8859-1,utf-8',
  'accept' => 'text/vnd.wap.wml,text/html,application/vnd.wap.xhtml+xml,application/xhtml+xml',
)
[ info ] [ PARAM ] array (
)
[ info ] [ LANG ] E:\www\dbgj/application/index\lang\zh-cn.php
[ info ] [ SESSION ] INIT array (
  'prefix' => 'minishop',
  'type' => '',
  'auto_start' => true,
)
[ info ] [ LOG ] INIT file

---------------------------------------------------------------
[ 2017-09-28T18:54:03+08:00 ] 172.31.179.54 111.30.137.185 GET /
[ log ] www.525354.top/ [运行时间：0.078125s][吞吐率：12.80req/s] [内存消耗：1,744.00kb] [文件加载：54]
[ info ] [ DB ] INIT mysql
[ info ] [ LANG ] E:\www\dbgj\core\lang\zh-cn.php
[ info ] [ ROUTE ] array (
  'type' => 'module',
  'module' => 
  array (
    0 => '',
    1 => NULL,
    2 => NULL,
  ),
)
[ info ] [ HEADER ] array (
  'user-agent' => 'Mozilla/5.0 (Windows; U; Windows NT 5.1; zh-CN; rv:1.9b4) Gecko/2008030317 Firefox/3.0b4',
  'q-ua' => 'KQB22_GA/220020&KMTT_3/200020&JV2&151920&SunMicrosystemswtk&0&4309&V3',
  'host' => 'www.525354.top',
  'connection' => 'close',
  'accept-encoding' => 'gzip,deflate',
  'accept-charset' => 'gb2312,iso8859-1,utf-8',
  'accept' => 'text/vnd.wap.wml,text/html,application/vnd.wap.xhtml+xml,application/xhtml+xml',
)
[ info ] [ PARAM ] array (
)
[ info ] [ LANG ] E:\www\dbgj/application/index\lang\zh-cn.php
[ info ] [ SESSION ] INIT array (
  'prefix' => 'minishop',
  'type' => '',
  'auto_start' => true,
)
[ info ] [ LOG ] INIT file

---------------------------------------------------------------
[ 2017-09-28T18:54:03+08:00 ] 172.31.179.54 111.30.132.148 GET /
[ log ] www.525354.top/ [运行时间：0.062500s][吞吐率：16.00req/s] [内存消耗：1,744.00kb] [文件加载：54]
[ info ] [ DB ] INIT mysql
[ info ] [ LANG ] E:\www\dbgj\core\lang\zh-cn.php
[ info ] [ ROUTE ] array (
  'type' => 'module',
  'module' => 
  array (
    0 => '',
    1 => NULL,
    2 => NULL,
  ),
)
[ info ] [ HEADER ] array (
  'user-agent' => 'Mozilla/5.0 (Windows; U; Windows NT 5.1; zh-CN; rv:1.9b4) Gecko/2008030317 Firefox/3.0b4',
  'q-ua' => 'KQB22_GA/220020&KMTT_3/200020&JV2&151920&SunMicrosystemswtk&0&4309&V3',
  'host' => 'www.525354.top',
  'connection' => 'close',
  'accept-encoding' => 'gzip,deflate',
  'accept-charset' => 'gb2312,iso8859-1,utf-8',
  'accept' => 'text/vnd.wap.wml,text/html,application/vnd.wap.xhtml+xml,application/xhtml+xml',
)
[ info ] [ PARAM ] array (
)
[ info ] [ LANG ] E:\www\dbgj/application/index\lang\zh-cn.php
[ info ] [ SESSION ] INIT array (
  'prefix' => 'minishop',
  'type' => '',
  'auto_start' => true,
)
[ info ] [ LOG ] INIT file

---------------------------------------------------------------
[ 2017-09-28T18:54:03+08:00 ] 172.31.179.54 111.161.105.18 GET /
[ log ] www.525354.top/ [运行时间：0.046875s][吞吐率：21.33req/s] [内存消耗：1,744.00kb] [文件加载：54]
[ info ] [ DB ] INIT mysql
[ info ] [ LANG ] E:\www\dbgj\core\lang\zh-cn.php
[ info ] [ ROUTE ] array (
  'type' => 'module',
  'module' => 
  array (
    0 => '',
    1 => NULL,
    2 => NULL,
  ),
)
[ info ] [ HEADER ] array (
  'user-agent' => 'Mozilla/5.0 (Windows; U; Windows NT 5.1; zh-CN; rv:1.9b4) Gecko/2008030317 Firefox/3.0b4',
  'q-ua' => 'KQB22_GA/220020&KMTT_3/200020&JV2&151920&SunMicrosystemswtk&0&4309&V3',
  'host' => 'www.525354.top',
  'connection' => 'close',
  'accept-encoding' => 'gzip,deflate',
  'accept-charset' => 'gb2312,iso8859-1,utf-8',
  'accept' => 'text/vnd.wap.wml,text/html,application/vnd.wap.xhtml+xml,application/xhtml+xml',
)
[ info ] [ PARAM ] array (
)
[ info ] [ LANG ] E:\www\dbgj/application/index\lang\zh-cn.php
[ info ] [ SESSION ] INIT array (
  'prefix' => 'minishop',
  'type' => '',
  'auto_start' => true,
)
[ info ] [ LOG ] INIT file

---------------------------------------------------------------
[ 2017-09-28T18:54:03+08:00 ] 172.31.179.54 111.161.105.15 GET /
[ log ] www.525354.top/ [运行时间：0.093750s][吞吐率：10.67req/s] [内存消耗：1,744.00kb] [文件加载：54]
[ info ] [ DB ] INIT mysql
[ info ] [ LANG ] E:\www\dbgj\core\lang\zh-cn.php
[ info ] [ ROUTE ] array (
  'type' => 'module',
  'module' => 
  array (
    0 => '',
    1 => NULL,
    2 => NULL,
  ),
)
[ info ] [ HEADER ] array (
  'user-agent' => 'Mozilla/5.0 (Windows; U; Windows NT 5.1; zh-CN; rv:1.9b4) Gecko/2008030317 Firefox/3.0b4',
  'q-ua' => 'KQB22_GA/220020&KMTT_3/200020&JV2&151920&SunMicrosystemswtk&0&4309&V3',
  'host' => 'www.525354.top',
  'connection' => 'close',
  'accept-encoding' => 'gzip,deflate',
  'accept-charset' => 'gb2312,iso8859-1,utf-8',
  'accept' => 'text/vnd.wap.wml,text/html,application/vnd.wap.xhtml+xml,application/xhtml+xml',
)
[ info ] [ PARAM ] array (
)
[ info ] [ LANG ] E:\www\dbgj/application/index\lang\zh-cn.php
[ info ] [ SESSION ] INIT array (
  'prefix' => 'minishop',
  'type' => '',
  'auto_start' => true,
)
[ info ] [ LOG ] INIT file

---------------------------------------------------------------
[ 2017-09-28T18:54:03+08:00 ] 172.31.179.54 113.5.2.42 GET /favicon.ico
[ log ] www.525354.top/favicon.ico [运行时间：0.031250s][吞吐率：32.00req/s] [内存消耗：1,409.77kb] [文件加载：41]
[ info ] [ DB ] INIT mysql
[ info ] [ LANG ] E:\www\dbgj\core\lang\zh-cn.php
[ info ] [ ROUTE ] array (
  'type' => 'module',
  'module' => 
  array (
    0 => 'favicon.ico',
    1 => NULL,
    2 => NULL,
  ),
)
[ info ] [ HEADER ] array (
  'cookie' => 'think_var=zh-cn; PHPSESSID=i5ugjhtp4v952g640280iaehc6; safedog-flow-item=',
  'accept-language' => 'zh-CN,en-US;q=0.8',
  'accept-encoding' => 'gzip, deflate',
  'accept' => '*/*',
  'user-agent' => 'Mozilla/5.0 (Linux; U; Android 6.0; zh-cn; HUAWEI GRA-UL10 Build/HUAWEIGRA-UL10) AppleWebKit/537.36 (KHTML, like Gecko)Version/4.0 Chrome/37.0.0.0 MQQBrowser/7.8 Mobile Safari/537.36',
  'connection' => 'close',
  'host' => 'www.525354.top',
)
[ info ] [ PARAM ] array (
  'favicon_ico' => '',
)
[ info ] [ LOG ] INIT file

---------------------------------------------------------------
[ 2017-09-28T18:54:04+08:00 ] 172.31.179.54 111.30.137.184 GET /
[ log ] www.525354.top/ [运行时间：0.046875s][吞吐率：21.33req/s] [内存消耗：1,744.00kb] [文件加载：54]
[ info ] [ DB ] INIT mysql
[ info ] [ LANG ] E:\www\dbgj\core\lang\zh-cn.php
[ info ] [ ROUTE ] array (
  'type' => 'module',
  'module' => 
  array (
    0 => '',
    1 => NULL,
    2 => NULL,
  ),
)
[ info ] [ HEADER ] array (
  'user-agent' => 'Mozilla/5.0 (Windows; U; Windows NT 5.1; zh-CN; rv:1.9b4) Gecko/2008030317 Firefox/3.0b4',
  'q-ua' => 'KQB22_GA/220020&KMTT_3/200020&JV2&151920&SunMicrosystemswtk&0&4309&V3',
  'host' => 'www.525354.top',
  'connection' => 'close',
  'accept-encoding' => 'gzip,deflate',
  'accept-charset' => 'gb2312,iso8859-1,utf-8',
  'accept' => 'text/vnd.wap.wml,text/html,application/vnd.wap.xhtml+xml,application/xhtml+xml',
)
[ info ] [ PARAM ] array (
)
[ info ] [ LANG ] E:\www\dbgj/application/index\lang\zh-cn.php
[ info ] [ SESSION ] INIT array (
  'prefix' => 'minishop',
  'type' => '',
  'auto_start' => true,
)
[ info ] [ LOG ] INIT file

---------------------------------------------------------------
[ 2017-09-28T18:54:04+08:00 ] 172.31.179.54 111.161.105.16 GET /
[ log ] www.525354.top/ [运行时间：0.046875s][吞吐率：21.33req/s] [内存消耗：1,744.00kb] [文件加载：54]
[ info ] [ DB ] INIT mysql
[ info ] [ LANG ] E:\www\dbgj\core\lang\zh-cn.php
[ info ] [ ROUTE ] array (
  'type' => 'module',
  'module' => 
  array (
    0 => '',
    1 => NULL,
    2 => NULL,
  ),
)
[ info ] [ HEADER ] array (
  'user-agent' => 'Mozilla/5.0 (Windows; U; Windows NT 5.1; zh-CN; rv:1.9b4) Gecko/2008030317 Firefox/3.0b4',
  'q-ua' => 'KQB22_GA/220020&KMTT_3/200020&JV2&151920&SunMicrosystemswtk&0&4309&V3',
  'host' => 'www.525354.top',
  'connection' => 'close',
  'accept-encoding' => 'gzip,deflate',
  'accept-charset' => 'gb2312,iso8859-1,utf-8',
  'accept' => 'text/vnd.wap.wml,text/html,application/vnd.wap.xhtml+xml,application/xhtml+xml',
)
[ info ] [ PARAM ] array (
)
[ info ] [ LANG ] E:\www\dbgj/application/index\lang\zh-cn.php
[ info ] [ SESSION ] INIT array (
  'prefix' => 'minishop',
  'type' => '',
  'auto_start' => true,
)
[ info ] [ LOG ] INIT file

---------------------------------------------------------------
[ 2017-09-28T18:54:06+08:00 ] 172.31.179.54 113.5.2.42 GET /favicon.ico
[ log ] www.525354.top/favicon.ico [运行时间：0.031250s][吞吐率：32.00req/s] [内存消耗：1,409.77kb] [文件加载：41]
[ info ] [ DB ] INIT mysql
[ info ] [ LANG ] E:\www\dbgj\core\lang\zh-cn.php
[ info ] [ ROUTE ] array (
  'type' => 'module',
  'module' => 
  array (
    0 => 'favicon.ico',
    1 => NULL,
    2 => NULL,
  ),
)
[ info ] [ HEADER ] array (
  'cookie' => 'think_var=zh-cn; PHPSESSID=i5ugjhtp4v952g640280iaehc6; safedog-flow-item=',
  'accept-language' => 'zh-CN,en-US;q=0.8',
  'accept-encoding' => 'gzip, deflate',
  'accept' => '*/*',
  'user-agent' => 'Mozilla/5.0 (Linux; U; Android 6.0; zh-cn; HUAWEI GRA-UL10 Build/HUAWEIGRA-UL10) AppleWebKit/537.36 (KHTML, like Gecko)Version/4.0 Chrome/37.0.0.0 MQQBrowser/7.8 Mobile Safari/537.36',
  'connection' => 'close',
  'host' => 'www.525354.top',
)
[ info ] [ PARAM ] array (
  'favicon_ico' => '',
)
[ info ] [ LOG ] INIT file

---------------------------------------------------------------
[ 2017-09-28T18:54:06+08:00 ] 172.31.179.54 111.161.57.57 GET /
[ log ] www.525354.top/ [运行时间：0.046875s][吞吐率：21.33req/s] [内存消耗：1,744.00kb] [文件加载：54]
[ info ] [ DB ] INIT mysql
[ info ] [ LANG ] E:\www\dbgj\core\lang\zh-cn.php
[ info ] [ ROUTE ] array (
  'type' => 'module',
  'module' => 
  array (
    0 => '',
    1 => NULL,
    2 => NULL,
  ),
)
[ info ] [ HEADER ] array (
  'user-agent' => 'Mozilla/5.0 (Windows; U; Windows NT 5.1; zh-CN; rv:1.9b4) Gecko/2008030317 Firefox/3.0b4',
  'q-ua' => 'KQB22_GA/220020&KMTT_3/200020&JV2&151920&SunMicrosystemswtk&0&4309&V3',
  'host' => 'www.525354.top',
  'connection' => 'close',
  'accept-encoding' => 'gzip,deflate',
  'accept-charset' => 'gb2312,iso8859-1,utf-8',
  'accept' => 'text/vnd.wap.wml,text/html,application/vnd.wap.xhtml+xml,application/xhtml+xml',
)
[ info ] [ PARAM ] array (
)
[ info ] [ LANG ] E:\www\dbgj/application/index\lang\zh-cn.php
[ info ] [ SESSION ] INIT array (
  'prefix' => 'minishop',
  'type' => '',
  'auto_start' => true,
)
[ info ] [ LOG ] INIT file

---------------------------------------------------------------
[ 2017-09-28T18:54:07+08:00 ] 172.31.179.54 111.161.59.193 GET /
[ log ] www.525354.top/ [运行时间：0.031250s][吞吐率：32.00req/s] [内存消耗：1,744.00kb] [文件加载：54]
[ info ] [ DB ] INIT mysql
[ info ] [ LANG ] E:\www\dbgj\core\lang\zh-cn.php
[ info ] [ ROUTE ] array (
  'type' => 'module',
  'module' => 
  array (
    0 => '',
    1 => NULL,
    2 => NULL,
  ),
)
[ info ] [ HEADER ] array (
  'user-agent' => 'Mozilla/5.0 (Windows; U; Windows NT 5.1; zh-CN; rv:1.9b4) Gecko/2008030317 Firefox/3.0b4',
  'q-ua' => 'KQB22_GA/220020&KMTT_3/200020&JV2&151920&SunMicrosystemswtk&0&4309&V3',
  'host' => 'www.525354.top',
  'connection' => 'close',
  'accept-encoding' => 'gzip,deflate',
  'accept-charset' => 'gb2312,iso8859-1,utf-8',
  'accept' => 'text/vnd.wap.wml,text/html,application/vnd.wap.xhtml+xml,application/xhtml+xml',
)
[ info ] [ PARAM ] array (
)
[ info ] [ LANG ] E:\www\dbgj/application/index\lang\zh-cn.php
[ info ] [ SESSION ] INIT array (
  'prefix' => 'minishop',
  'type' => '',
  'auto_start' => true,
)
[ info ] [ LOG ] INIT file

---------------------------------------------------------------
[ 2017-09-28T18:54:11+08:00 ] 172.31.179.54 123.151.138.57 POST /index/base/login.html
[ log ] www.525354.top/index/base/login.html [运行时间：0.062500s][吞吐率：16.00req/s] [内存消耗：1,750.13kb] [文件加载：53]
[ info ] [ DB ] INIT mysql
[ info ] [ LANG ] E:\www\dbgj\core\lang\zh-cn.php
[ info ] [ ROUTE ] array (
  'type' => 'module',
  'module' => 
  array (
    0 => 'index',
    1 => 'base',
    2 => 'login',
  ),
)
[ info ] [ HEADER ] array (
  'x-requested-with' => 'XMLHttpRequest',
  'x-forwarded-for' => '113.5.2.42',
  'user-agent' => 'Mozilla/5.0 (Linux; U; Android 6.0; zh-cn; HUAWEI GRA-UL10 Build/HUAWEIGRA-UL10) AppleWebKit/537.36 (KHTML, like Gecko)Version/4.0 Chrome/37.0.0.0 MQQBrowser/7.8 Mobile Safari/537.36',
  'referer' => 'http://www.525354.top/index/base/login.html',
  'origin' => 'http://www.525354.top',
  'host' => 'www.525354.top',
  'cookie' => 'think_var=zh-cn; PHPSESSID=i5ugjhtp4v952g640280iaehc6; safedog-flow-item=',
  'connection' => 'close',
  'accept-language' => 'zh-CN,en-US;q=0.8',
  'accept-encoding' => 'gzip',
  'accept' => 'application/json, text/javascript, */*; q=0.01',
  'content-type' => 'application/x-www-form-urlencoded; charset=UTF-8',
  'content-length' => '31',
)
[ info ] [ PARAM ] array (
  'index/base/login_html' => '',
  'key' => '15561565556',
  'password' => '123456',
)
[ info ] [ LANG ] E:\www\dbgj/application/index\lang\zh-cn.php
[ info ] [ SESSION ] INIT array (
  'prefix' => 'minishop',
  'type' => '',
  'auto_start' => true,
)
[ info ] [ RUN ] /**
     * 用户登录方法
     * @author  矢志bu渝 <745152620@qq.com>
     */
Method [ <user> public method login ] {
  @@ E:\www\dbgj\application\index\controller\Base.php 57 - 83
}

[ info ] [ LOG ] INIT file

---------------------------------------------------------------
[ 2017-09-28T18:54:12+08:00 ] 172.31.179.54 123.151.138.57 GET /index/user/usercenter.html
[ log ] www.525354.top/index/user/usercenter.html [运行时间：0.078125s][吞吐率：12.80req/s] [内存消耗：1,814.75kb] [文件加载：53]
[ info ] [ DB ] INIT mysql
[ info ] [ LANG ] E:\www\dbgj\core\lang\zh-cn.php
[ info ] [ ROUTE ] array (
  'type' => 'module',
  'module' => 
  array (
    0 => 'index',
    1 => 'user',
    2 => 'usercenter',
  ),
)
[ info ] [ HEADER ] array (
  'x-forwarded-for' => '113.5.2.42',
  'user-agent' => 'Mozilla/5.0 (Linux; U; Android 6.0; zh-cn; HUAWEI GRA-UL10 Build/HUAWEIGRA-UL10) AppleWebKit/537.36 (KHTML, like Gecko)Version/4.0 Chrome/37.0.0.0 MQQBrowser/7.8 Mobile Safari/537.36',
  'referer' => 'http://www.525354.top/index/base/login.html',
  'host' => 'www.525354.top',
  'cookie' => 'think_var=zh-cn; PHPSESSID=i5ugjhtp4v952g640280iaehc6; safedog-flow-item=',
  'connection' => 'close',
  'accept-language' => 'zh-CN,en-US;q=0.8',
  'accept-encoding' => 'gzip',
  'accept' => 'text/html,application/xhtml+xml,application/xml;q=0.9,image/webp,*/*;q=0.8',
)
[ info ] [ PARAM ] array (
  'index/user/usercenter_html' => '',
)
[ info ] [ LANG ] E:\www\dbgj/application/index\lang\zh-cn.php
[ info ] [ SESSION ] INIT array (
  'prefix' => 'minishop',
  'type' => '',
  'auto_start' => true,
)
[ info ] [ RUN ] /**
     * 个人中心
     * @author  ILsunshine
     */
Method [ <user> public method userCenter ] {
  @@ E:\www\dbgj\application\index\controller\User.php 39 - 67
}

[ info ] [ VIEW ] ./themes/default/index/user_center.html [ array (
  0 => 'userinfo',
  1 => 'tyjfmc',
  2 => 'ytixian',
  3 => 'tuijianren',
  4 => 'userInfo',
  5 => 'hys',
  6 => 'scoreorder',
) ]
[ info ] [ LOG ] INIT file

---------------------------------------------------------------
[ 2017-09-28T18:54:12+08:00 ] 172.31.179.54 112.65.193.14 GET /index/base/login.html
[ log ] www.525354.top/index/base/login.html [运行时间：0.046875s][吞吐率：21.33req/s] [内存消耗：1,732.49kb] [文件加载：52]
[ info ] [ DB ] INIT mysql
[ info ] [ LANG ] E:\www\dbgj\core\lang\zh-cn.php
[ info ] [ ROUTE ] array (
  'type' => 'module',
  'module' => 
  array (
    0 => 'index',
    1 => 'base',
    2 => 'login',
  ),
)
[ info ] [ HEADER ] array (
  'connection' => 'close',
  'host' => 'www.525354.top',
  'accept-language' => 'zh-CN,zh;q=0.8,en-US;q=0.6,en;q=0.4',
  'accept-encoding' => 'gzip, deflate, sdch, br',
  'accept' => '*/*',
  'user-agent' => 'Mozilla/5.0 (Linux; U; Android 4.4.4; zh-CN; Coolpad Y82-520 Build/KTU84P) AppleWebKit/534.30 (KHTML, like Gecko) Version/4.0 UCBrowser/10.9.8.738 U3/0.8.0 Mobile Safari/534.30',
)
[ info ] [ PARAM ] array (
  'index/base/login_html' => '',
)
[ info ] [ LANG ] E:\www\dbgj/application/index\lang\zh-cn.php
[ info ] [ SESSION ] INIT array (
  'prefix' => 'minishop',
  'type' => '',
  'auto_start' => true,
)
[ info ] [ RUN ] /**
     * 用户登录方法
     * @author  矢志bu渝 <745152620@qq.com>
     */
Method [ <user> public method login ] {
  @@ E:\www\dbgj\application\index\controller\Base.php 57 - 83
}

[ info ] [ VIEW ] ./themes/default/index/login.html [ array (
  0 => 'userinfo',
) ]
[ info ] [ LOG ] INIT file

---------------------------------------------------------------
[ 2017-09-28T18:54:13+08:00 ] 172.31.179.54 140.206.161.160 GET /
[ log ] www.525354.top/ [运行时间：0.109375s][吞吐率：9.14req/s] [内存消耗：1,744.35kb] [文件加载：54]
[ info ] [ DB ] INIT mysql
[ info ] [ LANG ] E:\www\dbgj\core\lang\zh-cn.php
[ info ] [ ROUTE ] array (
  'type' => 'module',
  'module' => 
  array (
    0 => '',
    1 => NULL,
    2 => NULL,
  ),
)
[ info ] [ HEADER ] array (
  'connection' => 'close',
  'host' => 'www.525354.top',
  'accept-language' => 'zh-CN,zh;q=0.8,en-US;q=0.6,en;q=0.4',
  'accept-encoding' => 'gzip, deflate, sdch, br',
  'accept' => '*/*',
  'user-agent' => 'Mozilla/5.0 (Linux; U; Android 4.4.4; zh-CN; HUAWEI ALE-CL00 Build/HuaweiALE-CL00) AppleWebKit/537.36 (KHTML, like Gecko) Version/4.0 Chrome/40.0.2214.89 UCBrowser/11.3.0.907 Mobile Safari/537.36',
)
[ info ] [ PARAM ] array (
)
[ info ] [ LANG ] E:\www\dbgj/application/index\lang\zh-cn.php
[ info ] [ SESSION ] INIT array (
  'prefix' => 'minishop',
  'type' => '',
  'auto_start' => true,
)
[ info ] [ LOG ] INIT file

---------------------------------------------------------------
[ 2017-09-28T18:54:13+08:00 ] 172.31.179.54 140.206.161.160 GET /index/base/login.html
[ log ] www.525354.top/index/base/login.html [运行时间：0.046875s][吞吐率：21.33req/s] [内存消耗：1,732.30kb] [文件加载：52]
[ info ] [ DB ] INIT mysql
[ info ] [ LANG ] E:\www\dbgj\core\lang\zh-cn.php
[ info ] [ ROUTE ] array (
  'type' => 'module',
  'module' => 
  array (
    0 => 'index',
    1 => 'base',
    2 => 'login',
  ),
)
[ info ] [ HEADER ] array (
  'connection' => 'close',
  'host' => 'www.525354.top',
  'accept-language' => 'zh-CN,zh;q=0.8,en-US;q=0.6,en;q=0.4',
  'cookie' => 'PHPSESSID=aoj5n55r5vpl7qfbgkvq4rn9s6; think_var=zh-cn',
  'referer' => 'http://www.525354.top/',
  'accept-encoding' => 'gzip, deflate, sdch, br',
  'accept' => '*/*',
  'user-agent' => 'Mozilla/5.0 (Linux; U; Android 4.4.4; zh-CN; HUAWEI ALE-CL00 Build/HuaweiALE-CL00) AppleWebKit/537.36 (KHTML, like Gecko) Version/4.0 Chrome/40.0.2214.89 UCBrowser/11.3.0.907 Mobile Safari/537.36',
)
[ info ] [ PARAM ] array (
  'index/base/login_html' => '',
)
[ info ] [ LANG ] E:\www\dbgj/application/index\lang\zh-cn.php
[ info ] [ SESSION ] INIT array (
  'prefix' => 'minishop',
  'type' => '',
  'auto_start' => true,
)
[ info ] [ RUN ] /**
     * 用户登录方法
     * @author  矢志bu渝 <745152620@qq.com>
     */
Method [ <user> public method login ] {
  @@ E:\www\dbgj\application\index\controller\Base.php 57 - 83
}

[ info ] [ VIEW ] ./themes/default/index/login.html [ array (
  0 => 'userinfo',
) ]
[ info ] [ LOG ] INIT file

---------------------------------------------------------------
[ 2017-09-28T18:54:19+08:00 ] 172.31.179.54 101.226.99.196 GET /index/base/login.html
[ log ] www.525354.top/index/base/login.html [运行时间：0.046875s][吞吐率：21.33req/s] [内存消耗：1,726.81kb] [文件加载：50]
[ info ] [ DB ] INIT mysql
[ info ] [ ROUTE ] array (
  'type' => 'module',
  'module' => 
  array (
    0 => 'index',
    1 => 'base',
    2 => 'login',
  ),
)
[ info ] [ HEADER ] array (
  'connection' => 'close',
  'host' => 'www.525354.top',
  'accept-language' => 'en,*',
  'accept-encoding' => 'gzip, deflate',
  'user-agent' => 'Mozilla/5.0 (iPhone; CPU iPhone OS 8_4 like Mac OS X) AppleWebKit/600.1.4 (KHTML, like Gecko) Version/8.0 Mobile/12H143 Safari/600.1.4',
  'referer' => '',
  'accept' => 'text/html,application/xhtml+xml,application/xml;q=0.9,*/*;q=0.8',
)
[ info ] [ PARAM ] array (
  'index/base/login_html' => '',
)
[ info ] [ SESSION ] INIT array (
  'prefix' => 'minishop',
  'type' => '',
  'auto_start' => true,
)
[ info ] [ RUN ] /**
     * 用户登录方法
     * @author  矢志bu渝 <745152620@qq.com>
     */
Method [ <user> public method login ] {
  @@ E:\www\dbgj\application\index\controller\Base.php 57 - 83
}

[ info ] [ VIEW ] ./themes/default/index/login.html [ array (
  0 => 'userinfo',
) ]
[ info ] [ LOG ] INIT file

---------------------------------------------------------------
[ 2017-09-28T18:54:20+08:00 ] 172.31.179.54 101.226.33.218 GET /
[ log ] www.525354.top/ [运行时间：0.031250s][吞吐率：32.00req/s] [内存消耗：1,739.09kb] [文件加载：53]
[ info ] [ DB ] INIT mysql
[ info ] [ ROUTE ] array (
  'type' => 'module',
  'module' => 
  array (
    0 => '',
    1 => NULL,
    2 => NULL,
  ),
)
[ info ] [ HEADER ] array (
  'connection' => 'close',
  'host' => 'www.525354.top',
  'accept-language' => 'en-US,*',
  'accept-encoding' => 'gzip, deflate',
  'user-agent' => 'Mozilla/5.0 (iPhone; CPU iPhone OS 8_4 like Mac OS X) AppleWebKit/600.1.4 (KHTML, like Gecko) Version/8.0 Mobile/12H143 Safari/600.1.4',
  'referer' => '',
  'accept' => 'text/html,application/xhtml+xml,application/xml;q=0.9,*/*;q=0.8',
)
[ info ] [ PARAM ] array (
)
[ info ] [ LANG ] E:\www\dbgj/application/index\lang\en-us.php
[ info ] [ SESSION ] INIT array (
  'prefix' => 'minishop',
  'type' => '',
  'auto_start' => true,
)
[ info ] [ LOG ] INIT file

---------------------------------------------------------------
[ 2017-09-28T18:54:20+08:00 ] 172.31.179.54 101.226.33.218 GET /index/base/login.html
[ log ] www.525354.top/index/base/login.html [运行时间：0.046875s][吞吐率：21.33req/s] [内存消耗：1,726.94kb] [文件加载：51]
[ info ] [ DB ] INIT mysql
[ info ] [ ROUTE ] array (
  'type' => 'module',
  'module' => 
  array (
    0 => 'index',
    1 => 'base',
    2 => 'login',
  ),
)
[ info ] [ HEADER ] array (
  'connection' => 'close',
  'host' => 'www.525354.top',
  'accept-language' => 'en-US,*',
  'accept-encoding' => 'gzip, deflate',
  'cookie' => 'think_var=en-us; PHPSESSID=cbiugi90bj6vrrbvovsaepuqo1',
  'user-agent' => 'Mozilla/5.0 (iPhone; CPU iPhone OS 8_4 like Mac OS X) AppleWebKit/600.1.4 (KHTML, like Gecko) Version/8.0 Mobile/12H143 Safari/600.1.4',
  'referer' => '',
  'accept' => 'text/html,application/xhtml+xml,application/xml;q=0.9,*/*;q=0.8',
)
[ info ] [ PARAM ] array (
  'index/base/login_html' => '',
)
[ info ] [ LANG ] E:\www\dbgj/application/index\lang\en-us.php
[ info ] [ SESSION ] INIT array (
  'prefix' => 'minishop',
  'type' => '',
  'auto_start' => true,
)
[ info ] [ RUN ] /**
     * 用户登录方法
     * @author  矢志bu渝 <745152620@qq.com>
     */
Method [ <user> public method login ] {
  @@ E:\www\dbgj\application\index\controller\Base.php 57 - 83
}

[ info ] [ VIEW ] ./themes/default/index/login.html [ array (
  0 => 'userinfo',
) ]
[ info ] [ LOG ] INIT file

---------------------------------------------------------------
[ 2017-09-28T18:54:22+08:00 ] 172.31.179.54 140.207.185.112 GET /index/user/usercenter.html
[ log ] www.525354.top/index/user/usercenter.html [运行时间：0.046875s][吞吐率：21.33req/s] [内存消耗：1,803.01kb] [文件加载：54]
[ info ] [ DB ] INIT mysql
[ info ] [ LANG ] E:\www\dbgj\core\lang\zh-cn.php
[ info ] [ ROUTE ] array (
  'type' => 'module',
  'module' => 
  array (
    0 => 'index',
    1 => 'user',
    2 => 'usercenter',
  ),
)
[ info ] [ HEADER ] array (
  'connection' => 'close',
  'host' => 'www.525354.top',
  'accept-language' => 'zh-CN,zh;q=0.8,en-US;q=0.6,en;q=0.4',
  'referer' => 'http://www.525354.top/index/base/login.html',
  'accept-encoding' => 'gzip, deflate, sdch, br',
  'accept' => '*/*',
  'user-agent' => 'Mozilla/5.0 (Linux; Android 5.1.1; SM801 Build/LMY47V) AppleWebKit/537.36 (KHTML, like Gecko)     		Chrome/46.0.2490.11 Mobile Safari/537.36',
)
[ info ] [ PARAM ] array (
  'index/user/usercenter_html' => '',
)
[ info ] [ LANG ] E:\www\dbgj/application/index\lang\zh-cn.php
[ info ] [ SESSION ] INIT array (
  'prefix' => 'minishop',
  'type' => '',
  'auto_start' => true,
)
[ info ] [ LOG ] INIT file

---------------------------------------------------------------
[ 2017-09-28T18:54:22+08:00 ] 172.31.179.54 140.207.185.112 GET /index/base/login.html
[ log ] www.525354.top/index/base/login.html [运行时间：0.046875s][吞吐率：21.33req/s] [内存消耗：1,732.30kb] [文件加载：52]
[ info ] [ DB ] INIT mysql
[ info ] [ LANG ] E:\www\dbgj\core\lang\zh-cn.php
[ info ] [ ROUTE ] array (
  'type' => 'module',
  'module' => 
  array (
    0 => 'index',
    1 => 'base',
    2 => 'login',
  ),
)
[ info ] [ HEADER ] array (
  'connection' => 'close',
  'host' => 'www.525354.top',
  'accept-language' => 'zh-CN,zh;q=0.8,en-US;q=0.6,en;q=0.4',
  'cookie' => 'PHPSESSID=fgteoprqmun59kefd3o77u2vh5; think_var=zh-cn',
  'referer' => 'http://www.525354.top/index/user/usercenter.html',
  'accept-encoding' => 'gzip, deflate, sdch, br',
  'accept' => '*/*',
  'user-agent' => 'Mozilla/5.0 (Linux; Android 5.1.1; SM801 Build/LMY47V) AppleWebKit/537.36 (KHTML, like Gecko)     		Chrome/46.0.2490.11 Mobile Safari/537.36',
)
[ info ] [ PARAM ] array (
  'index/base/login_html' => '',
)
[ info ] [ LANG ] E:\www\dbgj/application/index\lang\zh-cn.php
[ info ] [ SESSION ] INIT array (
  'prefix' => 'minishop',
  'type' => '',
  'auto_start' => true,
)
[ info ] [ RUN ] /**
     * 用户登录方法
     * @author  矢志bu渝 <745152620@qq.com>
     */
Method [ <user> public method login ] {
  @@ E:\www\dbgj\application\index\controller\Base.php 57 - 83
}

[ info ] [ VIEW ] ./themes/default/index/login.html [ array (
  0 => 'userinfo',
) ]
[ info ] [ LOG ] INIT file

---------------------------------------------------------------
[ 2017-09-28T18:54:26+08:00 ] 172.31.179.54 123.151.138.57 GET /index/common/logout.html
[ log ] www.525354.top/index/common/logout.html [运行时间：0.062500s][吞吐率：16.00req/s] [内存消耗：1,718.45kb] [文件加载：53]
[ info ] [ DB ] INIT mysql
[ info ] [ LANG ] E:\www\dbgj\core\lang\zh-cn.php
[ info ] [ ROUTE ] array (
  'type' => 'module',
  'module' => 
  array (
    0 => 'index',
    1 => 'common',
    2 => 'logout',
  ),
)
[ info ] [ HEADER ] array (
  'x-forwarded-for' => '113.5.2.42',
  'user-agent' => 'Mozilla/5.0 (Linux; U; Android 6.0; zh-cn; HUAWEI GRA-UL10 Build/HUAWEIGRA-UL10) AppleWebKit/537.36 (KHTML, like Gecko)Version/4.0 Chrome/37.0.0.0 MQQBrowser/7.8 Mobile Safari/537.36',
  'referer' => 'http://www.525354.top/index/user/usercenter.html',
  'host' => 'www.525354.top',
  'cookie' => 'think_var=zh-cn; PHPSESSID=i5ugjhtp4v952g640280iaehc6; safedog-flow-item=',
  'connection' => 'close',
  'accept-language' => 'zh-CN,en-US;q=0.8',
  'accept-encoding' => 'gzip',
  'accept' => 'text/html,application/xhtml+xml,application/xml;q=0.9,image/webp,*/*;q=0.8',
)
[ info ] [ PARAM ] array (
  'index/common/logout_html' => '',
)
[ info ] [ LANG ] E:\www\dbgj/application/index\lang\zh-cn.php
[ info ] [ SESSION ] INIT array (
  'prefix' => 'minishop',
  'type' => '',
  'auto_start' => true,
)
[ info ] [ RUN ] /**
     * 退出处理
     */
Method [ <user> public method logout ] {
  @@ E:\www\dbgj\application\index\controller\Common.php 54 - 59
}

[ info ] [ LOG ] INIT file

---------------------------------------------------------------
[ 2017-09-28T18:54:27+08:00 ] 172.31.179.54 123.151.138.57 GET /index/index/index.html
[ log ] www.525354.top/index/index/index.html [运行时间：0.031250s][吞吐率：32.00req/s] [内存消耗：1,747.93kb] [文件加载：54]
[ info ] [ DB ] INIT mysql
[ info ] [ LANG ] E:\www\dbgj\core\lang\zh-cn.php
[ info ] [ ROUTE ] array (
  'type' => 'module',
  'module' => 
  array (
    0 => 'index',
    1 => 'index',
    2 => 'index',
  ),
)
[ info ] [ HEADER ] array (
  'x-forwarded-for' => '113.5.2.42',
  'user-agent' => 'Mozilla/5.0 (Linux; U; Android 6.0; zh-cn; HUAWEI GRA-UL10 Build/HUAWEIGRA-UL10) AppleWebKit/537.36 (KHTML, like Gecko)Version/4.0 Chrome/37.0.0.0 MQQBrowser/7.8 Mobile Safari/537.36',
  'referer' => 'http://www.525354.top/index/user/usercenter.html',
  'host' => 'www.525354.top',
  'cookie' => 'think_var=zh-cn; PHPSESSID=i5ugjhtp4v952g640280iaehc6; safedog-flow-item=',
  'connection' => 'close',
  'accept-language' => 'zh-CN,en-US;q=0.8',
  'accept-encoding' => 'gzip',
  'accept' => 'text/html,application/xhtml+xml,application/xml;q=0.9,image/webp,*/*;q=0.8',
)
[ info ] [ PARAM ] array (
  'index/index/index_html' => '',
)
[ info ] [ LANG ] E:\www\dbgj/application/index\lang\zh-cn.php
[ info ] [ SESSION ] INIT array (
  'prefix' => 'minishop',
  'type' => '',
  'auto_start' => true,
)
[ info ] [ LOG ] INIT file

---------------------------------------------------------------
[ 2017-09-28T18:54:27+08:00 ] 172.31.179.54 123.151.138.57 GET /index/base/login.html
[ log ] www.525354.top/index/base/login.html [运行时间：0.046875s][吞吐率：21.33req/s] [内存消耗：1,732.88kb] [文件加载：52]
[ info ] [ DB ] INIT mysql
[ info ] [ LANG ] E:\www\dbgj\core\lang\zh-cn.php
[ info ] [ ROUTE ] array (
  'type' => 'module',
  'module' => 
  array (
    0 => 'index',
    1 => 'base',
    2 => 'login',
  ),
)
[ info ] [ HEADER ] array (
  'x-forwarded-for' => '113.5.2.42',
  'user-agent' => 'Mozilla/5.0 (Linux; U; Android 6.0; zh-cn; HUAWEI GRA-UL10 Build/HUAWEIGRA-UL10) AppleWebKit/537.36 (KHTML, like Gecko)Version/4.0 Chrome/37.0.0.0 MQQBrowser/7.8 Mobile Safari/537.36',
  'referer' => 'http://www.525354.top/index/user/usercenter.html',
  'host' => 'www.525354.top',
  'cookie' => 'think_var=zh-cn; PHPSESSID=i5ugjhtp4v952g640280iaehc6; safedog-flow-item=',
  'connection' => 'close',
  'accept-language' => 'zh-CN,en-US;q=0.8',
  'accept-encoding' => 'gzip',
  'accept' => 'text/html,application/xhtml+xml,application/xml;q=0.9,image/webp,*/*;q=0.8',
)
[ info ] [ PARAM ] array (
  'index/base/login_html' => '',
)
[ info ] [ LANG ] E:\www\dbgj/application/index\lang\zh-cn.php
[ info ] [ SESSION ] INIT array (
  'prefix' => 'minishop',
  'type' => '',
  'auto_start' => true,
)
[ info ] [ RUN ] /**
     * 用户登录方法
     * @author  矢志bu渝 <745152620@qq.com>
     */
Method [ <user> public method login ] {
  @@ E:\www\dbgj\application\index\controller\Base.php 57 - 83
}

[ info ] [ VIEW ] ./themes/default/index/login.html [ array (
  0 => 'userinfo',
) ]
[ info ] [ LOG ] INIT file

---------------------------------------------------------------
[ 2017-09-28T18:54:29+08:00 ] 172.31.179.54 180.163.2.88 GET /index/user/usercenter.html
[ log ] www.525354.top/index/user/usercenter.html [运行时间：0.078125s][吞吐率：12.80req/s] [内存消耗：1,797.31kb] [文件加载：52]
[ info ] [ DB ] INIT mysql
[ info ] [ ROUTE ] array (
  'type' => 'module',
  'module' => 
  array (
    0 => 'index',
    1 => 'user',
    2 => 'usercenter',
  ),
)
[ info ] [ HEADER ] array (
  'connection' => 'close',
  'host' => 'www.525354.top',
  'accept-language' => 'en,*',
  'accept-encoding' => 'gzip, deflate',
  'user-agent' => 'Mozilla/5.0 (iPhone; CPU iPhone OS 8_4 like Mac OS X) AppleWebKit/600.1.4 (KHTML, like Gecko) Version/8.0 Mobile/12H143 Safari/600.1.4',
  'referer' => '',
  'accept' => 'text/html,application/xhtml+xml,application/xml;q=0.9,*/*;q=0.8',
)
[ info ] [ PARAM ] array (
  'index/user/usercenter_html' => '',
)
[ info ] [ SESSION ] INIT array (
  'prefix' => 'minishop',
  'type' => '',
  'auto_start' => true,
)
[ info ] [ LOG ] INIT file

---------------------------------------------------------------
[ 2017-09-28T18:54:29+08:00 ] 172.31.179.54 180.163.2.88 GET /index/base/login.html
[ log ] www.525354.top/index/base/login.html [运行时间：0.046875s][吞吐率：21.33req/s] [内存消耗：1,726.51kb] [文件加载：50]
[ info ] [ DB ] INIT mysql
[ info ] [ ROUTE ] array (
  'type' => 'module',
  'module' => 
  array (
    0 => 'index',
    1 => 'base',
    2 => 'login',
  ),
)
[ info ] [ HEADER ] array (
  'connection' => 'close',
  'host' => 'www.525354.top',
  'accept-language' => 'en,*',
  'accept-encoding' => 'gzip, deflate',
  'cookie' => 'think_var=en; PHPSESSID=usj2e9u183lf76c6odenqkahu6',
  'user-agent' => 'Mozilla/5.0 (iPhone; CPU iPhone OS 8_4 like Mac OS X) AppleWebKit/600.1.4 (KHTML, like Gecko) Version/8.0 Mobile/12H143 Safari/600.1.4',
  'referer' => '',
  'accept' => 'text/html,application/xhtml+xml,application/xml;q=0.9,*/*;q=0.8',
)
[ info ] [ PARAM ] array (
  'index/base/login_html' => '',
)
[ info ] [ SESSION ] INIT array (
  'prefix' => 'minishop',
  'type' => '',
  'auto_start' => true,
)
[ info ] [ RUN ] /**
     * 用户登录方法
     * @author  矢志bu渝 <745152620@qq.com>
     */
Method [ <user> public method login ] {
  @@ E:\www\dbgj\application\index\controller\Base.php 57 - 83
}

[ info ] [ VIEW ] ./themes/default/index/login.html [ array (
  0 => 'userinfo',
) ]
[ info ] [ LOG ] INIT file

---------------------------------------------------------------
[ 2017-09-28T18:54:36+08:00 ] 172.31.179.54 180.163.2.118 GET /index/common/logout.html
[ log ] www.525354.top/index/common/logout.html [运行时间：0.031250s][吞吐率：32.00req/s] [内存消耗：1,704.09kb] [文件加载：52]
[ info ] [ DB ] INIT mysql
[ info ] [ ROUTE ] array (
  'type' => 'module',
  'module' => 
  array (
    0 => 'index',
    1 => 'common',
    2 => 'logout',
  ),
)
[ info ] [ HEADER ] array (
  'connection' => 'close',
  'host' => 'www.525354.top',
  'accept-language' => 'en-US,*',
  'accept-encoding' => 'gzip, deflate',
  'user-agent' => 'Mozilla/5.0 (iPhone; CPU iPhone OS 8_4 like Mac OS X) AppleWebKit/600.1.4 (KHTML, like Gecko) Version/8.0 Mobile/12H143 Safari/600.1.4',
  'referer' => '',
  'accept' => 'text/html,application/xhtml+xml,application/xml;q=0.9,*/*;q=0.8',
)
[ info ] [ PARAM ] array (
  'index/common/logout_html' => '',
)
[ info ] [ LANG ] E:\www\dbgj/application/index\lang\en-us.php
[ info ] [ SESSION ] INIT array (
  'prefix' => 'minishop',
  'type' => '',
  'auto_start' => true,
)
[ info ] [ LOG ] INIT file

---------------------------------------------------------------
[ 2017-09-28T18:54:36+08:00 ] 172.31.179.54 180.163.2.118 GET /index/base/login.html
[ log ] www.525354.top/index/base/login.html [运行时间：0.046875s][吞吐率：21.33req/s] [内存消耗：1,726.94kb] [文件加载：51]
[ info ] [ DB ] INIT mysql
[ info ] [ ROUTE ] array (
  'type' => 'module',
  'module' => 
  array (
    0 => 'index',
    1 => 'base',
    2 => 'login',
  ),
)
[ info ] [ HEADER ] array (
  'connection' => 'close',
  'host' => 'www.525354.top',
  'accept-language' => 'en-US,*',
  'accept-encoding' => 'gzip, deflate',
  'cookie' => 'think_var=en-us; PHPSESSID=u3jj4t9i7joe9779m6g4tdc9t2',
  'user-agent' => 'Mozilla/5.0 (iPhone; CPU iPhone OS 8_4 like Mac OS X) AppleWebKit/600.1.4 (KHTML, like Gecko) Version/8.0 Mobile/12H143 Safari/600.1.4',
  'referer' => '',
  'accept' => 'text/html,application/xhtml+xml,application/xml;q=0.9,*/*;q=0.8',
)
[ info ] [ PARAM ] array (
  'index/base/login_html' => '',
)
[ info ] [ LANG ] E:\www\dbgj/application/index\lang\en-us.php
[ info ] [ SESSION ] INIT array (
  'prefix' => 'minishop',
  'type' => '',
  'auto_start' => true,
)
[ info ] [ RUN ] /**
     * 用户登录方法
     * @author  矢志bu渝 <745152620@qq.com>
     */
Method [ <user> public method login ] {
  @@ E:\www\dbgj\application\index\controller\Base.php 57 - 83
}

[ info ] [ VIEW ] ./themes/default/index/login.html [ array (
  0 => 'userinfo',
) ]
[ info ] [ LOG ] INIT file

---------------------------------------------------------------
[ 2017-09-28T18:54:37+08:00 ] 172.31.179.54 140.207.185.112 GET /index/index/index.html
[ log ] www.525354.top/index/index/index.html [运行时间：0.046875s][吞吐率：21.33req/s] [内存消耗：1,747.76kb] [文件加载：54]
[ info ] [ DB ] INIT mysql
[ info ] [ LANG ] E:\www\dbgj\core\lang\zh-cn.php
[ info ] [ ROUTE ] array (
  'type' => 'module',
  'module' => 
  array (
    0 => 'index',
    1 => 'index',
    2 => 'index',
  ),
)
[ info ] [ HEADER ] array (
  'connection' => 'close',
  'host' => 'www.525354.top',
  'accept-language' => 'zh-CN,zh;q=0.8,en-US;q=0.6,en;q=0.4',
  'referer' => 'http://www.525354.top/index/user/usercenter.html',
  'accept-encoding' => 'gzip, deflate, sdch, br',
  'accept' => '*/*',
  'user-agent' => 'Mozilla/5.0 (Linux; U; Android 6.0.1; zh-cn; OPPO R9s Build/MMB29M) AppleWebKit/537.36 (KHTML, like Gecko)Version/4.0 Chrome/37.0.0.0 MQQBrowser/7.2 Mobile Safari/537.36',
)
[ info ] [ PARAM ] array (
  'index/index/index_html' => '',
)
[ info ] [ LANG ] E:\www\dbgj/application/index\lang\zh-cn.php
[ info ] [ SESSION ] INIT array (
  'prefix' => 'minishop',
  'type' => '',
  'auto_start' => true,
)
[ info ] [ LOG ] INIT file

---------------------------------------------------------------
[ 2017-09-28T18:54:38+08:00 ] 172.31.179.54 140.207.185.112 GET /index/base/login.html
[ log ] www.525354.top/index/base/login.html [运行时间：0.046875s][吞吐率：21.33req/s] [内存消耗：1,732.29kb] [文件加载：52]
[ info ] [ DB ] INIT mysql
[ info ] [ LANG ] E:\www\dbgj\core\lang\zh-cn.php
[ info ] [ ROUTE ] array (
  'type' => 'module',
  'module' => 
  array (
    0 => 'index',
    1 => 'base',
    2 => 'login',
  ),
)
[ info ] [ HEADER ] array (
  'connection' => 'close',
  'host' => 'www.525354.top',
  'accept-language' => 'zh-CN,zh;q=0.8,en-US;q=0.6,en;q=0.4',
  'cookie' => 'PHPSESSID=i2msord3sjkhkjmrvv7dqr7a92; think_var=zh-cn',
  'referer' => 'http://www.525354.top/index/index/index.html',
  'accept-encoding' => 'gzip, deflate, sdch, br',
  'accept' => '*/*',
  'user-agent' => 'Mozilla/5.0 (Linux; U; Android 6.0.1; zh-cn; OPPO R9s Build/MMB29M) AppleWebKit/537.36 (KHTML, like Gecko)Version/4.0 Chrome/37.0.0.0 MQQBrowser/7.2 Mobile Safari/537.36',
)
[ info ] [ PARAM ] array (
  'index/base/login_html' => '',
)
[ info ] [ LANG ] E:\www\dbgj/application/index\lang\zh-cn.php
[ info ] [ SESSION ] INIT array (
  'prefix' => 'minishop',
  'type' => '',
  'auto_start' => true,
)
[ info ] [ RUN ] /**
     * 用户登录方法
     * @author  矢志bu渝 <745152620@qq.com>
     */
Method [ <user> public method login ] {
  @@ E:\www\dbgj\application\index\controller\Base.php 57 - 83
}

[ info ] [ VIEW ] ./themes/default/index/login.html [ array (
  0 => 'userinfo',
) ]
[ info ] [ LOG ] INIT file

---------------------------------------------------------------
[ 2017-09-28T18:54:41+08:00 ] 172.31.179.54 123.151.138.57 POST /index/base/login.html
[ log ] www.525354.top/index/base/login.html [运行时间：0.046875s][吞吐率：21.33req/s] [内存消耗：1,750.13kb] [文件加载：53]
[ info ] [ DB ] INIT mysql
[ info ] [ LANG ] E:\www\dbgj\core\lang\zh-cn.php
[ info ] [ ROUTE ] array (
  'type' => 'module',
  'module' => 
  array (
    0 => 'index',
    1 => 'base',
    2 => 'login',
  ),
)
[ info ] [ HEADER ] array (
  'x-requested-with' => 'XMLHttpRequest',
  'x-forwarded-for' => '113.5.2.42',
  'user-agent' => 'Mozilla/5.0 (Linux; U; Android 6.0; zh-cn; HUAWEI GRA-UL10 Build/HUAWEIGRA-UL10) AppleWebKit/537.36 (KHTML, like Gecko)Version/4.0 Chrome/37.0.0.0 MQQBrowser/7.8 Mobile Safari/537.36',
  'referer' => 'http://www.525354.top/index/base/login.html',
  'origin' => 'http://www.525354.top',
  'host' => 'www.525354.top',
  'cookie' => 'think_var=zh-cn; PHPSESSID=i5ugjhtp4v952g640280iaehc6; safedog-flow-item=',
  'connection' => 'close',
  'accept-language' => 'zh-CN,en-US;q=0.8',
  'accept-encoding' => 'gzip',
  'accept' => 'application/json, text/javascript, */*; q=0.01',
  'content-type' => 'application/x-www-form-urlencoded; charset=UTF-8',
  'content-length' => '31',
)
[ info ] [ PARAM ] array (
  'index/base/login_html' => '',
  'key' => '15561565556',
  'password' => '123456',
)
[ info ] [ LANG ] E:\www\dbgj/application/index\lang\zh-cn.php
[ info ] [ SESSION ] INIT array (
  'prefix' => 'minishop',
  'type' => '',
  'auto_start' => true,
)
[ info ] [ RUN ] /**
     * 用户登录方法
     * @author  矢志bu渝 <745152620@qq.com>
     */
Method [ <user> public method login ] {
  @@ E:\www\dbgj\application\index\controller\Base.php 57 - 83
}

[ info ] [ LOG ] INIT file

---------------------------------------------------------------
[ 2017-09-28T18:54:41+08:00 ] 172.31.179.54 123.151.138.57 GET /index/user/usercenter.html
[ log ] www.525354.top/index/user/usercenter.html [运行时间：0.078125s][吞吐率：12.80req/s] [内存消耗：1,814.75kb] [文件加载：53]
[ info ] [ DB ] INIT mysql
[ info ] [ LANG ] E:\www\dbgj\core\lang\zh-cn.php
[ info ] [ ROUTE ] array (
  'type' => 'module',
  'module' => 
  array (
    0 => 'index',
    1 => 'user',
    2 => 'usercenter',
  ),
)
[ info ] [ HEADER ] array (
  'x-forwarded-for' => '113.5.2.42',
  'user-agent' => 'Mozilla/5.0 (Linux; U; Android 6.0; zh-cn; HUAWEI GRA-UL10 Build/HUAWEIGRA-UL10) AppleWebKit/537.36 (KHTML, like Gecko)Version/4.0 Chrome/37.0.0.0 MQQBrowser/7.8 Mobile Safari/537.36',
  'referer' => 'http://www.525354.top/index/base/login.html',
  'host' => 'www.525354.top',
  'cookie' => 'think_var=zh-cn; PHPSESSID=i5ugjhtp4v952g640280iaehc6; safedog-flow-item=',
  'connection' => 'close',
  'accept-language' => 'zh-CN,en-US;q=0.8',
  'accept-encoding' => 'gzip',
  'accept' => 'text/html,application/xhtml+xml,application/xml;q=0.9,image/webp,*/*;q=0.8',
)
[ info ] [ PARAM ] array (
  'index/user/usercenter_html' => '',
)
[ info ] [ LANG ] E:\www\dbgj/application/index\lang\zh-cn.php
[ info ] [ SESSION ] INIT array (
  'prefix' => 'minishop',
  'type' => '',
  'auto_start' => true,
)
[ info ] [ RUN ] /**
     * 个人中心
     * @author  ILsunshine
     */
Method [ <user> public method userCenter ] {
  @@ E:\www\dbgj\application\index\controller\User.php 39 - 67
}

[ info ] [ VIEW ] ./themes/default/index/user_center.html [ array (
  0 => 'userinfo',
  1 => 'tyjfmc',
  2 => 'ytixian',
  3 => 'tuijianren',
  4 => 'userInfo',
  5 => 'hys',
  6 => 'scoreorder',
) ]
[ info ] [ LOG ] INIT file

---------------------------------------------------------------
[ 2017-09-28T18:54:46+08:00 ] 172.31.179.54 101.226.125.105 GET /index/index/index.html
[ log ] www.525354.top/index/index/index.html [运行时间：0.062500s][吞吐率：16.00req/s] [内存消耗：1,742.41kb] [文件加载：53]
[ info ] [ DB ] INIT mysql
[ info ] [ ROUTE ] array (
  'type' => 'module',
  'module' => 
  array (
    0 => 'index',
    1 => 'index',
    2 => 'index',
  ),
)
[ info ] [ HEADER ] array (
  'connection' => 'close',
  'host' => 'www.525354.top',
  'accept-language' => 'en-US,*',
  'accept-encoding' => 'gzip, deflate',
  'user-agent' => 'Mozilla/5.0 (iPhone; CPU iPhone OS 8_4 like Mac OS X) AppleWebKit/600.1.4 (KHTML, like Gecko) Version/8.0 Mobile/12H143 Safari/600.1.4',
  'referer' => '',
  'accept' => 'text/html,application/xhtml+xml,application/xml;q=0.9,*/*;q=0.8',
)
[ info ] [ PARAM ] array (
  'index/index/index_html' => '',
)
[ info ] [ LANG ] E:\www\dbgj/application/index\lang\en-us.php
[ info ] [ SESSION ] INIT array (
  'prefix' => 'minishop',
  'type' => '',
  'auto_start' => true,
)
[ info ] [ LOG ] INIT file

---------------------------------------------------------------
[ 2017-09-28T18:54:46+08:00 ] 172.31.179.54 101.226.125.105 GET /index/base/login.html
[ log ] www.525354.top/index/base/login.html [运行时间：0.046875s][吞吐率：21.33req/s] [内存消耗：1,726.94kb] [文件加载：51]
[ info ] [ DB ] INIT mysql
[ info ] [ ROUTE ] array (
  'type' => 'module',
  'module' => 
  array (
    0 => 'index',
    1 => 'base',
    2 => 'login',
  ),
)
[ info ] [ HEADER ] array (
  'connection' => 'close',
  'host' => 'www.525354.top',
  'accept-language' => 'en-US,*',
  'accept-encoding' => 'gzip, deflate',
  'cookie' => 'think_var=en-us; PHPSESSID=o8pm3mesp33fqeancb9kvfmqf6',
  'user-agent' => 'Mozilla/5.0 (iPhone; CPU iPhone OS 8_4 like Mac OS X) AppleWebKit/600.1.4 (KHTML, like Gecko) Version/8.0 Mobile/12H143 Safari/600.1.4',
  'referer' => '',
  'accept' => 'text/html,application/xhtml+xml,application/xml;q=0.9,*/*;q=0.8',
)
[ info ] [ PARAM ] array (
  'index/base/login_html' => '',
)
[ info ] [ LANG ] E:\www\dbgj/application/index\lang\en-us.php
[ info ] [ SESSION ] INIT array (
  'prefix' => 'minishop',
  'type' => '',
  'auto_start' => true,
)
[ info ] [ RUN ] /**
     * 用户登录方法
     * @author  矢志bu渝 <745152620@qq.com>
     */
Method [ <user> public method login ] {
  @@ E:\www\dbgj\application\index\controller\Base.php 57 - 83
}

[ info ] [ VIEW ] ./themes/default/index/login.html [ array (
  0 => 'userinfo',
) ]
[ info ] [ LOG ] INIT file

---------------------------------------------------------------
[ 2017-09-28T18:56:50+08:00 ] 172.31.179.54 123.151.42.145 GET /
[ log ] www.525354.top/ [运行时间：0.046875s][吞吐率：21.33req/s] [内存消耗：1,744.39kb] [文件加载：54]
[ info ] [ DB ] INIT mysql
[ info ] [ LANG ] E:\www\dbgj\core\lang\zh-cn.php
[ info ] [ ROUTE ] array (
  'type' => 'module',
  'module' => 
  array (
    0 => '',
    1 => NULL,
    2 => NULL,
  ),
)
[ info ] [ HEADER ] array (
  'x-forwarded-for' => '117.136.56.190',
  'user-agent' => 'Mozilla/5.0 (Linux; U; Android 7.0; zh-cn; HUAWEI NXT-AL10 Build/HUAWEINXT-AL10) AppleWebKit/537.36 (KHTML, like Gecko)Version/4.0 Chrome/37.0.0.0 MQQBrowser/7.9 Mobile Safari/537.36',
  'host' => 'www.525354.top',
  'connection' => 'close',
  'accept-language' => 'zh-CN,en-US;q=0.8',
  'accept-encoding' => 'gzip',
  'accept' => 'text/html,application/xhtml+xml,application/xml;q=0.9,image/webp,*/*;q=0.8',
)
[ info ] [ PARAM ] array (
)
[ info ] [ LANG ] E:\www\dbgj/application/index\lang\zh-cn.php
[ info ] [ SESSION ] INIT array (
  'prefix' => 'minishop',
  'type' => '',
  'auto_start' => true,
)
[ info ] [ LOG ] INIT file

---------------------------------------------------------------
[ 2017-09-28T18:56:51+08:00 ] 172.31.179.54 123.151.42.145 GET /index/base/login.html
[ log ] www.525354.top/index/base/login.html [运行时间：0.046875s][吞吐率：21.33req/s] [内存消耗：1,732.35kb] [文件加载：52]
[ info ] [ DB ] INIT mysql
[ info ] [ LANG ] E:\www\dbgj\core\lang\zh-cn.php
[ info ] [ ROUTE ] array (
  'type' => 'module',
  'module' => 
  array (
    0 => 'index',
    1 => 'base',
    2 => 'login',
  ),
)
[ info ] [ HEADER ] array (
  'x-forwarded-for' => '117.136.56.190',
  'user-agent' => 'Mozilla/5.0 (Linux; U; Android 7.0; zh-cn; HUAWEI NXT-AL10 Build/HUAWEINXT-AL10) AppleWebKit/537.36 (KHTML, like Gecko)Version/4.0 Chrome/37.0.0.0 MQQBrowser/7.9 Mobile Safari/537.36',
  'host' => 'www.525354.top',
  'cookie' => 'think_var=zh-cn; PHPSESSID=h2kna6pc7umu3mroiffd91lin0',
  'connection' => 'close',
  'accept-language' => 'zh-CN,en-US;q=0.8',
  'accept-encoding' => 'gzip',
  'accept' => 'text/html,application/xhtml+xml,application/xml;q=0.9,image/webp,*/*;q=0.8',
)
[ info ] [ PARAM ] array (
  'index/base/login_html' => '',
)
[ info ] [ LANG ] E:\www\dbgj/application/index\lang\zh-cn.php
[ info ] [ SESSION ] INIT array (
  'prefix' => 'minishop',
  'type' => '',
  'auto_start' => true,
)
[ info ] [ RUN ] /**
     * 用户登录方法
     * @author  矢志bu渝 <745152620@qq.com>
     */
Method [ <user> public method login ] {
  @@ E:\www\dbgj\application\index\controller\Base.php 57 - 83
}

[ info ] [ VIEW ] ./themes/default/index/login.html [ array (
  0 => 'userinfo',
) ]
[ info ] [ LOG ] INIT file

---------------------------------------------------------------
[ 2017-09-28T18:56:55+08:00 ] 172.31.179.54 117.136.56.190 GET /favicon.ico
[ log ] www.525354.top/favicon.ico [运行时间：0.046875s][吞吐率：21.33req/s] [内存消耗：1,409.77kb] [文件加载：41]
[ info ] [ DB ] INIT mysql
[ info ] [ LANG ] E:\www\dbgj\core\lang\zh-cn.php
[ info ] [ ROUTE ] array (
  'type' => 'module',
  'module' => 
  array (
    0 => 'favicon.ico',
    1 => NULL,
    2 => NULL,
  ),
)
[ info ] [ HEADER ] array (
  'cookie' => 'think_var=zh-cn; PHPSESSID=h2kna6pc7umu3mroiffd91lin0; safedog-flow-item=',
  'accept-language' => 'zh-CN,en-US;q=0.8',
  'accept-encoding' => 'gzip, deflate',
  'accept' => '*/*',
  'user-agent' => 'Mozilla/5.0 (Linux; U; Android 7.0; zh-cn; HUAWEI NXT-AL10 Build/HUAWEINXT-AL10) AppleWebKit/537.36 (KHTML, like Gecko)Version/4.0 Chrome/37.0.0.0 MQQBrowser/7.9 Mobile Safari/537.36',
  'connection' => 'close',
  'host' => 'www.525354.top',
)
[ info ] [ PARAM ] array (
  'favicon_ico' => '',
)
[ info ] [ LOG ] INIT file

---------------------------------------------------------------
[ 2017-09-28T18:56:56+08:00 ] 172.31.179.54 117.136.56.190 GET /favicon.ico
[ log ] www.525354.top/favicon.ico [运行时间：0.031250s][吞吐率：32.00req/s] [内存消耗：1,409.77kb] [文件加载：41]
[ info ] [ DB ] INIT mysql
[ info ] [ LANG ] E:\www\dbgj\core\lang\zh-cn.php
[ info ] [ ROUTE ] array (
  'type' => 'module',
  'module' => 
  array (
    0 => 'favicon.ico',
    1 => NULL,
    2 => NULL,
  ),
)
[ info ] [ HEADER ] array (
  'cookie' => 'think_var=zh-cn; PHPSESSID=h2kna6pc7umu3mroiffd91lin0; safedog-flow-item=',
  'accept-language' => 'zh-CN,en-US;q=0.8',
  'accept-encoding' => 'gzip, deflate',
  'accept' => '*/*',
  'user-agent' => 'Mozilla/5.0 (Linux; U; Android 7.0; zh-cn; HUAWEI NXT-AL10 Build/HUAWEINXT-AL10) AppleWebKit/537.36 (KHTML, like Gecko)Version/4.0 Chrome/37.0.0.0 MQQBrowser/7.9 Mobile Safari/537.36',
  'connection' => 'close',
  'host' => 'www.525354.top',
)
[ info ] [ PARAM ] array (
  'favicon_ico' => '',
)
[ info ] [ LOG ] INIT file

---------------------------------------------------------------
[ 2017-09-28T18:57:15+08:00 ] 172.31.179.54 123.151.42.145 POST /index/base/login.html
[ log ] www.525354.top/index/base/login.html [运行时间：0.046875s][吞吐率：21.33req/s] [内存消耗：1,720.73kb] [文件加载：52]
[ info ] [ DB ] INIT mysql
[ info ] [ LANG ] E:\www\dbgj\core\lang\zh-cn.php
[ info ] [ ROUTE ] array (
  'type' => 'module',
  'module' => 
  array (
    0 => 'index',
    1 => 'base',
    2 => 'login',
  ),
)
[ info ] [ HEADER ] array (
  'x-requested-with' => 'XMLHttpRequest',
  'x-forwarded-for' => '117.136.56.190',
  'user-agent' => 'Mozilla/5.0 (Linux; U; Android 7.0; zh-cn; HUAWEI NXT-AL10 Build/HUAWEINXT-AL10) AppleWebKit/537.36 (KHTML, like Gecko)Version/4.0 Chrome/37.0.0.0 MQQBrowser/7.9 Mobile Safari/537.36',
  'referer' => 'http://www.525354.top/index/base/login.html',
  'origin' => 'http://www.525354.top',
  'host' => 'www.525354.top',
  'cookie' => 'think_var=zh-cn; PHPSESSID=h2kna6pc7umu3mroiffd91lin0; safedog-flow-item=',
  'connection' => 'close',
  'accept-language' => 'zh-CN,en-US;q=0.8',
  'accept-encoding' => 'gzip',
  'accept' => 'application/json, text/javascript, */*; q=0.01',
  'content-type' => 'application/x-www-form-urlencoded; charset=UTF-8',
  'content-length' => '31',
)
[ info ] [ PARAM ] array (
  'index/base/login_html' => '',
  'key' => '13936079585',
  'password' => '700911',
)
[ info ] [ LANG ] E:\www\dbgj/application/index\lang\zh-cn.php
[ info ] [ SESSION ] INIT array (
  'prefix' => 'minishop',
  'type' => '',
  'auto_start' => true,
)
[ info ] [ RUN ] /**
     * 用户登录方法
     * @author  矢志bu渝 <745152620@qq.com>
     */
Method [ <user> public method login ] {
  @@ E:\www\dbgj\application\index\controller\Base.php 57 - 83
}

[ info ] [ LOG ] INIT file

---------------------------------------------------------------
[ 2017-09-28T18:57:20+08:00 ] 172.31.179.54 123.151.42.145 POST /index/base/login.html
[ log ] www.525354.top/index/base/login.html [运行时间：0.062500s][吞吐率：16.00req/s] [内存消耗：1,720.73kb] [文件加载：52]
[ info ] [ DB ] INIT mysql
[ info ] [ LANG ] E:\www\dbgj\core\lang\zh-cn.php
[ info ] [ ROUTE ] array (
  'type' => 'module',
  'module' => 
  array (
    0 => 'index',
    1 => 'base',
    2 => 'login',
  ),
)
[ info ] [ HEADER ] array (
  'x-requested-with' => 'XMLHttpRequest',
  'x-forwarded-for' => '117.136.56.190',
  'user-agent' => 'Mozilla/5.0 (Linux; U; Android 7.0; zh-cn; HUAWEI NXT-AL10 Build/HUAWEINXT-AL10) AppleWebKit/537.36 (KHTML, like Gecko)Version/4.0 Chrome/37.0.0.0 MQQBrowser/7.9 Mobile Safari/537.36',
  'referer' => 'http://www.525354.top/index/base/login.html',
  'origin' => 'http://www.525354.top',
  'host' => 'www.525354.top',
  'cookie' => 'think_var=zh-cn; PHPSESSID=h2kna6pc7umu3mroiffd91lin0; safedog-flow-item=',
  'connection' => 'close',
  'accept-language' => 'zh-CN,en-US;q=0.8',
  'accept-encoding' => 'gzip',
  'accept' => 'application/json, text/javascript, */*; q=0.01',
  'content-type' => 'application/x-www-form-urlencoded; charset=UTF-8',
  'content-length' => '31',
)
[ info ] [ PARAM ] array (
  'index/base/login_html' => '',
  'key' => '13936079585',
  'password' => '700911',
)
[ info ] [ LANG ] E:\www\dbgj/application/index\lang\zh-cn.php
[ info ] [ SESSION ] INIT array (
  'prefix' => 'minishop',
  'type' => '',
  'auto_start' => true,
)
[ info ] [ RUN ] /**
     * 用户登录方法
     * @author  矢志bu渝 <745152620@qq.com>
     */
Method [ <user> public method login ] {
  @@ E:\www\dbgj\application\index\controller\Base.php 57 - 83
}

[ info ] [ LOG ] INIT file

---------------------------------------------------------------
[ 2017-09-28T18:57:23+08:00 ] 172.31.179.54 123.151.42.145 POST /index/base/login.html
[ log ] www.525354.top/index/base/login.html [运行时间：0.062500s][吞吐率：16.00req/s] [内存消耗：1,720.73kb] [文件加载：52]
[ info ] [ DB ] INIT mysql
[ info ] [ LANG ] E:\www\dbgj\core\lang\zh-cn.php
[ info ] [ ROUTE ] array (
  'type' => 'module',
  'module' => 
  array (
    0 => 'index',
    1 => 'base',
    2 => 'login',
  ),
)
[ info ] [ HEADER ] array (
  'x-requested-with' => 'XMLHttpRequest',
  'x-forwarded-for' => '117.136.56.190',
  'user-agent' => 'Mozilla/5.0 (Linux; U; Android 7.0; zh-cn; HUAWEI NXT-AL10 Build/HUAWEINXT-AL10) AppleWebKit/537.36 (KHTML, like Gecko)Version/4.0 Chrome/37.0.0.0 MQQBrowser/7.9 Mobile Safari/537.36',
  'referer' => 'http://www.525354.top/index/base/login.html',
  'origin' => 'http://www.525354.top',
  'host' => 'www.525354.top',
  'cookie' => 'think_var=zh-cn; PHPSESSID=h2kna6pc7umu3mroiffd91lin0; safedog-flow-item=',
  'connection' => 'close',
  'accept-language' => 'zh-CN,en-US;q=0.8',
  'accept-encoding' => 'gzip',
  'accept' => 'application/json, text/javascript, */*; q=0.01',
  'content-type' => 'application/x-www-form-urlencoded; charset=UTF-8',
  'content-length' => '31',
)
[ info ] [ PARAM ] array (
  'index/base/login_html' => '',
  'key' => '13936079585',
  'password' => '700911',
)
[ info ] [ LANG ] E:\www\dbgj/application/index\lang\zh-cn.php
[ info ] [ SESSION ] INIT array (
  'prefix' => 'minishop',
  'type' => '',
  'auto_start' => true,
)
[ info ] [ RUN ] /**
     * 用户登录方法
     * @author  矢志bu渝 <745152620@qq.com>
     */
Method [ <user> public method login ] {
  @@ E:\www\dbgj\application\index\controller\Base.php 57 - 83
}

[ info ] [ LOG ] INIT file

---------------------------------------------------------------
[ 2017-09-28T18:57:27+08:00 ] 172.31.179.54 123.151.42.145 POST /index/base/login.html
[ log ] www.525354.top/index/base/login.html [运行时间：0.046875s][吞吐率：21.33req/s] [内存消耗：1,720.73kb] [文件加载：52]
[ info ] [ DB ] INIT mysql
[ info ] [ LANG ] E:\www\dbgj\core\lang\zh-cn.php
[ info ] [ ROUTE ] array (
  'type' => 'module',
  'module' => 
  array (
    0 => 'index',
    1 => 'base',
    2 => 'login',
  ),
)
[ info ] [ HEADER ] array (
  'x-requested-with' => 'XMLHttpRequest',
  'x-forwarded-for' => '117.136.56.190',
  'user-agent' => 'Mozilla/5.0 (Linux; U; Android 7.0; zh-cn; HUAWEI NXT-AL10 Build/HUAWEINXT-AL10) AppleWebKit/537.36 (KHTML, like Gecko)Version/4.0 Chrome/37.0.0.0 MQQBrowser/7.9 Mobile Safari/537.36',
  'referer' => 'http://www.525354.top/index/base/login.html',
  'origin' => 'http://www.525354.top',
  'host' => 'www.525354.top',
  'cookie' => 'think_var=zh-cn; PHPSESSID=h2kna6pc7umu3mroiffd91lin0; safedog-flow-item=',
  'connection' => 'close',
  'accept-language' => 'zh-CN,en-US;q=0.8',
  'accept-encoding' => 'gzip',
  'accept' => 'application/json, text/javascript, */*; q=0.01',
  'content-type' => 'application/x-www-form-urlencoded; charset=UTF-8',
  'content-length' => '31',
)
[ info ] [ PARAM ] array (
  'index/base/login_html' => '',
  'key' => '13936079585',
  'password' => '700911',
)
[ info ] [ LANG ] E:\www\dbgj/application/index\lang\zh-cn.php
[ info ] [ SESSION ] INIT array (
  'prefix' => 'minishop',
  'type' => '',
  'auto_start' => true,
)
[ info ] [ RUN ] /**
     * 用户登录方法
     * @author  矢志bu渝 <745152620@qq.com>
     */
Method [ <user> public method login ] {
  @@ E:\www\dbgj\application\index\controller\Base.php 57 - 83
}

[ info ] [ LOG ] INIT file

---------------------------------------------------------------
[ 2017-09-28T18:57:43+08:00 ] 172.31.179.54 123.151.42.145 POST /index/base/login.html
[ log ] www.525354.top/index/base/login.html [运行时间：0.062500s][吞吐率：16.00req/s] [内存消耗：1,720.73kb] [文件加载：52]
[ info ] [ DB ] INIT mysql
[ info ] [ LANG ] E:\www\dbgj\core\lang\zh-cn.php
[ info ] [ ROUTE ] array (
  'type' => 'module',
  'module' => 
  array (
    0 => 'index',
    1 => 'base',
    2 => 'login',
  ),
)
[ info ] [ HEADER ] array (
  'x-requested-with' => 'XMLHttpRequest',
  'x-forwarded-for' => '117.136.56.190',
  'user-agent' => 'Mozilla/5.0 (Linux; U; Android 7.0; zh-cn; HUAWEI NXT-AL10 Build/HUAWEINXT-AL10) AppleWebKit/537.36 (KHTML, like Gecko)Version/4.0 Chrome/37.0.0.0 MQQBrowser/7.9 Mobile Safari/537.36',
  'referer' => 'http://www.525354.top/index/base/login.html',
  'origin' => 'http://www.525354.top',
  'host' => 'www.525354.top',
  'cookie' => 'think_var=zh-cn; PHPSESSID=h2kna6pc7umu3mroiffd91lin0; safedog-flow-item=',
  'connection' => 'close',
  'accept-language' => 'zh-CN,en-US;q=0.8',
  'accept-encoding' => 'gzip',
  'accept' => 'application/json, text/javascript, */*; q=0.01',
  'content-type' => 'application/x-www-form-urlencoded; charset=UTF-8',
  'content-length' => '31',
)
[ info ] [ PARAM ] array (
  'index/base/login_html' => '',
  'key' => '13936079585',
  'password' => '700911',
)
[ info ] [ LANG ] E:\www\dbgj/application/index\lang\zh-cn.php
[ info ] [ SESSION ] INIT array (
  'prefix' => 'minishop',
  'type' => '',
  'auto_start' => true,
)
[ info ] [ RUN ] /**
     * 用户登录方法
     * @author  矢志bu渝 <745152620@qq.com>
     */
Method [ <user> public method login ] {
  @@ E:\www\dbgj\application\index\controller\Base.php 57 - 83
}

[ info ] [ LOG ] INIT file

---------------------------------------------------------------
[ 2017-09-28T18:57:46+08:00 ] 172.31.179.54 123.151.42.145 POST /index/base/login.html
[ log ] www.525354.top/index/base/login.html [运行时间：0.046875s][吞吐率：21.33req/s] [内存消耗：1,720.73kb] [文件加载：52]
[ info ] [ DB ] INIT mysql
[ info ] [ LANG ] E:\www\dbgj\core\lang\zh-cn.php
[ info ] [ ROUTE ] array (
  'type' => 'module',
  'module' => 
  array (
    0 => 'index',
    1 => 'base',
    2 => 'login',
  ),
)
[ info ] [ HEADER ] array (
  'x-requested-with' => 'XMLHttpRequest',
  'x-forwarded-for' => '117.136.56.190',
  'user-agent' => 'Mozilla/5.0 (Linux; U; Android 7.0; zh-cn; HUAWEI NXT-AL10 Build/HUAWEINXT-AL10) AppleWebKit/537.36 (KHTML, like Gecko)Version/4.0 Chrome/37.0.0.0 MQQBrowser/7.9 Mobile Safari/537.36',
  'referer' => 'http://www.525354.top/index/base/login.html',
  'origin' => 'http://www.525354.top',
  'host' => 'www.525354.top',
  'cookie' => 'think_var=zh-cn; PHPSESSID=h2kna6pc7umu3mroiffd91lin0; safedog-flow-item=',
  'connection' => 'close',
  'accept-language' => 'zh-CN,en-US;q=0.8',
  'accept-encoding' => 'gzip',
  'accept' => 'application/json, text/javascript, */*; q=0.01',
  'content-type' => 'application/x-www-form-urlencoded; charset=UTF-8',
  'content-length' => '31',
)
[ info ] [ PARAM ] array (
  'index/base/login_html' => '',
  'key' => '13936079585',
  'password' => '700911',
)
[ info ] [ LANG ] E:\www\dbgj/application/index\lang\zh-cn.php
[ info ] [ SESSION ] INIT array (
  'prefix' => 'minishop',
  'type' => '',
  'auto_start' => true,
)
[ info ] [ RUN ] /**
     * 用户登录方法
     * @author  矢志bu渝 <745152620@qq.com>
     */
Method [ <user> public method login ] {
  @@ E:\www\dbgj\application\index\controller\Base.php 57 - 83
}

[ info ] [ LOG ] INIT file

---------------------------------------------------------------
