[ 2017-10-06T00:10:14+08:00 ] 172.31.179.54 217.182.172.233 GET /main/wp-login.php
[ log ] www.525354.top/main/wp-login.php [运行时间：0.031250s][吞吐率：32.00req/s] [内存消耗：1,409.04kb] [文件加载：41]
[ info ] [ DB ] INIT mysql
[ info ] [ LANG ] E:\www\dbgj\core\lang\zh-cn.php
[ info ] [ ROUTE ] array (
  'type' => 'module',
  'module' => 
  array (
    0 => 'main',
    1 => 'wp-login.php',
    2 => NULL,
  ),
)
[ info ] [ HEADER ] array (
  'connection' => 'close',
  'accept' => '*/*',
  'user-agent' => 'Mozilla/5.0 (Windows NT 6.1; Win64; x64) AppleWebKit/537.36 (KHTML, like Gecko) Chrome/61.0.3163.100 Safari/537.36',
  'host' => 'www.525354.top',
)
[ info ] [ PARAM ] array (
  'main/wp-login_php' => '',
)
[ info ] [ LOG ] INIT file

---------------------------------------------------------------
[ 2017-10-06T00:15:22+08:00 ] 172.31.179.54 217.182.172.233 GET /blog/wp-login.php
[ log ] www.525354.top/blog/wp-login.php [运行时间：0.031250s][吞吐率：32.00req/s] [内存消耗：1,409.05kb] [文件加载：41]
[ info ] [ DB ] INIT mysql
[ info ] [ LANG ] E:\www\dbgj\core\lang\zh-cn.php
[ info ] [ ROUTE ] array (
  'type' => 'module',
  'module' => 
  array (
    0 => 'blog',
    1 => 'wp-login.php',
    2 => NULL,
  ),
)
[ info ] [ HEADER ] array (
  'connection' => 'close',
  'accept' => '*/*',
  'user-agent' => 'Mozilla/5.0 (Windows NT 6.1; Win64; x64) AppleWebKit/537.36 (KHTML, like Gecko) Chrome/61.0.3163.100 Safari/537.36',
  'host' => 'www.525354.top',
)
[ info ] [ PARAM ] array (
  'blog/wp-login_php' => '',
)
[ info ] [ LOG ] INIT file

---------------------------------------------------------------
[ 2017-10-06T00:39:33+08:00 ] 172.31.179.54 217.182.172.233 GET /en/wp-login.php
[ log ] www.525354.top/en/wp-login.php [运行时间：0.031250s][吞吐率：32.00req/s] [内存消耗：1,409.01kb] [文件加载：41]
[ info ] [ DB ] INIT mysql
[ info ] [ LANG ] E:\www\dbgj\core\lang\zh-cn.php
[ info ] [ ROUTE ] array (
  'type' => 'module',
  'module' => 
  array (
    0 => 'en',
    1 => 'wp-login.php',
    2 => NULL,
  ),
)
[ info ] [ HEADER ] array (
  'connection' => 'close',
  'accept' => '*/*',
  'user-agent' => 'Mozilla/5.0 (Windows NT 6.1; Win64; x64) AppleWebKit/537.36 (KHTML, like Gecko) Chrome/61.0.3163.100 Safari/537.36',
  'host' => 'www.525354.top',
)
[ info ] [ PARAM ] array (
  'en/wp-login_php' => '',
)
[ info ] [ LOG ] INIT file

---------------------------------------------------------------
[ 2017-10-06T00:39:35+08:00 ] 172.31.179.54 217.182.172.233 GET /wp/wp-login.php
[ log ] www.525354.top/wp/wp-login.php [运行时间：0.031251s][吞吐率：32.00req/s] [内存消耗：1,409.01kb] [文件加载：41]
[ info ] [ DB ] INIT mysql
[ info ] [ LANG ] E:\www\dbgj\core\lang\zh-cn.php
[ info ] [ ROUTE ] array (
  'type' => 'module',
  'module' => 
  array (
    0 => 'wp',
    1 => 'wp-login.php',
    2 => NULL,
  ),
)
[ info ] [ HEADER ] array (
  'connection' => 'close',
  'accept' => '*/*',
  'user-agent' => 'Mozilla/5.0 (Windows NT 6.1; Win64; x64) AppleWebKit/537.36 (KHTML, like Gecko) Chrome/61.0.3163.100 Safari/537.36',
  'host' => 'www.525354.top',
)
[ info ] [ PARAM ] array (
  'wp/wp-login_php' => '',
)
[ info ] [ LOG ] INIT file

---------------------------------------------------------------
[ 2017-10-06T01:03:36+08:00 ] 172.31.179.54 217.182.172.233 GET /web/wp-login.php
[ log ] www.525354.top/web/wp-login.php [运行时间：0.046875s][吞吐率：21.33req/s] [内存消耗：1,409.03kb] [文件加载：41]
[ info ] [ DB ] INIT mysql
[ info ] [ LANG ] E:\www\dbgj\core\lang\zh-cn.php
[ info ] [ ROUTE ] array (
  'type' => 'module',
  'module' => 
  array (
    0 => 'web',
    1 => 'wp-login.php',
    2 => NULL,
  ),
)
[ info ] [ HEADER ] array (
  'connection' => 'close',
  'accept' => '*/*',
  'user-agent' => 'Mozilla/5.0 (Windows NT 6.1; Win64; x64) AppleWebKit/537.36 (KHTML, like Gecko) Chrome/61.0.3163.100 Safari/537.36',
  'host' => 'www.525354.top',
)
[ info ] [ PARAM ] array (
  'web/wp-login_php' => '',
)
[ info ] [ LOG ] INIT file

---------------------------------------------------------------
[ 2017-10-06T01:10:04+08:00 ] 172.31.179.54 217.182.172.233 GET /new/wp-login.php
[ log ] www.525354.top/new/wp-login.php [运行时间：0.046875s][吞吐率：21.33req/s] [内存消耗：1,409.03kb] [文件加载：41]
[ info ] [ DB ] INIT mysql
[ info ] [ LANG ] E:\www\dbgj\core\lang\zh-cn.php
[ info ] [ ROUTE ] array (
  'type' => 'module',
  'module' => 
  array (
    0 => 'new',
    1 => 'wp-login.php',
    2 => NULL,
  ),
)
[ info ] [ HEADER ] array (
  'connection' => 'close',
  'accept' => '*/*',
  'user-agent' => 'Mozilla/5.0 (Windows NT 6.1; Win64; x64) AppleWebKit/537.36 (KHTML, like Gecko) Chrome/61.0.3163.100 Safari/537.36',
  'host' => 'www.525354.top',
)
[ info ] [ PARAM ] array (
  'new/wp-login_php' => '',
)
[ info ] [ LOG ] INIT file

---------------------------------------------------------------
[ 2017-10-06T01:40:42+08:00 ] 172.31.179.54 217.182.172.233 GET /blogs/wp-login.php
[ log ] www.525354.top/blogs/wp-login.php [运行时间：0.031251s][吞吐率：32.00req/s] [内存消耗：1,409.06kb] [文件加载：41]
[ info ] [ DB ] INIT mysql
[ info ] [ LANG ] E:\www\dbgj\core\lang\zh-cn.php
[ info ] [ ROUTE ] array (
  'type' => 'module',
  'module' => 
  array (
    0 => 'blogs',
    1 => 'wp-login.php',
    2 => NULL,
  ),
)
[ info ] [ HEADER ] array (
  'connection' => 'close',
  'accept' => '*/*',
  'user-agent' => 'Mozilla/5.0 (Windows NT 6.1; Win64; x64) AppleWebKit/537.36 (KHTML, like Gecko) Chrome/61.0.3163.100 Safari/537.36',
  'host' => 'www.525354.top',
)
[ info ] [ PARAM ] array (
  'blogs/wp-login_php' => '',
)
[ info ] [ LOG ] INIT file

---------------------------------------------------------------
[ 2017-10-06T02:00:35+08:00 ] 172.31.179.54 217.182.172.233 GET /news/wp-login.php
[ log ] www.525354.top/news/wp-login.php [运行时间：0.031250s][吞吐率：32.00req/s] [内存消耗：1,409.05kb] [文件加载：41]
[ info ] [ DB ] INIT mysql
[ info ] [ LANG ] E:\www\dbgj\core\lang\zh-cn.php
[ info ] [ ROUTE ] array (
  'type' => 'module',
  'module' => 
  array (
    0 => 'news',
    1 => 'wp-login.php',
    2 => NULL,
  ),
)
[ info ] [ HEADER ] array (
  'connection' => 'close',
  'accept' => '*/*',
  'user-agent' => 'Mozilla/5.0 (Windows NT 6.1; Win64; x64) AppleWebKit/537.36 (KHTML, like Gecko) Chrome/61.0.3163.100 Safari/537.36',
  'host' => 'www.525354.top',
)
[ info ] [ PARAM ] array (
  'news/wp-login_php' => '',
)
[ info ] [ LOG ] INIT file

---------------------------------------------------------------
[ 2017-10-06T02:58:26+08:00 ] 172.31.179.54 217.182.172.233 GET /wordpress/wp-login.php
[ log ] www.525354.top/wordpress/wp-login.php [运行时间：0.046875s][吞吐率：21.33req/s] [内存消耗：1,409.12kb] [文件加载：41]
[ info ] [ DB ] INIT mysql
[ info ] [ LANG ] E:\www\dbgj\core\lang\zh-cn.php
[ info ] [ ROUTE ] array (
  'type' => 'module',
  'module' => 
  array (
    0 => 'wordpress',
    1 => 'wp-login.php',
    2 => NULL,
  ),
)
[ info ] [ HEADER ] array (
  'connection' => 'close',
  'accept' => '*/*',
  'user-agent' => 'Mozilla/5.0 (Windows NT 6.1; Win64; x64) AppleWebKit/537.36 (KHTML, like Gecko) Chrome/61.0.3163.100 Safari/537.36',
  'host' => 'www.525354.top',
)
[ info ] [ PARAM ] array (
  'wordpress/wp-login_php' => '',
)
[ info ] [ LOG ] INIT file

---------------------------------------------------------------
[ 2017-10-06T03:03:53+08:00 ] 172.31.179.54 217.182.172.233 GET /site/wp-login.php
[ log ] www.525354.top/site/wp-login.php [运行时间：0.031251s][吞吐率：32.00req/s] [内存消耗：1,409.05kb] [文件加载：41]
[ info ] [ DB ] INIT mysql
[ info ] [ LANG ] E:\www\dbgj\core\lang\zh-cn.php
[ info ] [ ROUTE ] array (
  'type' => 'module',
  'module' => 
  array (
    0 => 'site',
    1 => 'wp-login.php',
    2 => NULL,
  ),
)
[ info ] [ HEADER ] array (
  'connection' => 'close',
  'accept' => '*/*',
  'user-agent' => 'Mozilla/5.0 (Windows NT 6.1; Win64; x64) AppleWebKit/537.36 (KHTML, like Gecko) Chrome/61.0.3163.100 Safari/537.36',
  'host' => 'www.525354.top',
)
[ info ] [ PARAM ] array (
  'site/wp-login_php' => '',
)
[ info ] [ LOG ] INIT file

---------------------------------------------------------------
[ 2017-10-06T22:53:02+08:00 ] 172.31.179.54 207.46.13.201 GET /robots.txt
[ log ] www.525354.top/robots.txt [运行时间：0.046875s][吞吐率：21.33req/s] [内存消耗：1,409.45kb] [文件加载：41]
[ info ] [ DB ] INIT mysql
[ info ] [ LANG ] E:\www\dbgj\core\lang\zh-cn.php
[ info ] [ ROUTE ] array (
  'type' => 'module',
  'module' => 
  array (
    0 => 'robots.txt',
    1 => NULL,
    2 => NULL,
  ),
)
[ info ] [ HEADER ] array (
  'user-agent' => 'Mozilla/5.0 (compatible; bingbot/2.0; +http://www.bing.com/bingbot.htm)',
  'host' => 'www.525354.top',
  'accept-encoding' => 'gzip, deflate',
  'accept' => '*/*',
  'pragma' => 'no-cache',
  'connection' => 'close',
  'cache-control' => 'no-cache',
)
[ info ] [ PARAM ] array (
  'robots_txt' => '',
)
[ info ] [ LOG ] INIT file

---------------------------------------------------------------
[ 2017-10-06T22:53:05+08:00 ] 172.31.179.54 207.46.13.57 GET /
[ log ] www.525354.top/ [运行时间：0.062501s][吞吐率：16.00req/s] [内存消耗：1,743.89kb] [文件加载：54]
[ info ] [ DB ] INIT mysql
[ info ] [ LANG ] E:\www\dbgj\core\lang\zh-cn.php
[ info ] [ ROUTE ] array (
  'type' => 'module',
  'module' => 
  array (
    0 => '',
    1 => NULL,
    2 => NULL,
  ),
)
[ info ] [ HEADER ] array (
  'user-agent' => 'Mozilla/5.0 (compatible; bingbot/2.0; +http://www.bing.com/bingbot.htm)',
  'host' => 'www.525354.top',
  'from' => 'bingbot(at)microsoft.com',
  'accept-encoding' => 'gzip, deflate',
  'accept' => '*/*',
  'pragma' => 'no-cache',
  'connection' => 'close',
  'cache-control' => 'no-cache',
)
[ info ] [ PARAM ] array (
)
[ info ] [ LANG ] E:\www\dbgj/application/index\lang\zh-cn.php
[ info ] [ SESSION ] INIT array (
  'prefix' => 'minishop',
  'type' => '',
  'auto_start' => true,
)
[ info ] [ LOG ] INIT file

---------------------------------------------------------------
[ 2017-10-06T22:53:06+08:00 ] 172.31.179.54 207.46.13.57 GET /index/base/login.html
[ log ] www.525354.top/index/base/login.html [运行时间：0.046876s][吞吐率：21.33req/s] [内存消耗：1,732.13kb] [文件加载：52]
[ info ] [ DB ] INIT mysql
[ info ] [ LANG ] E:\www\dbgj\core\lang\zh-cn.php
[ info ] [ ROUTE ] array (
  'type' => 'module',
  'module' => 
  array (
    0 => 'index',
    1 => 'base',
    2 => 'login',
  ),
)
[ info ] [ HEADER ] array (
  'user-agent' => 'Mozilla/5.0 (compatible; bingbot/2.0; +http://www.bing.com/bingbot.htm)',
  'host' => 'www.525354.top',
  'from' => 'bingbot(at)microsoft.com',
  'accept-encoding' => 'gzip, deflate',
  'accept' => '*/*',
  'pragma' => 'no-cache',
  'connection' => 'close',
  'cache-control' => 'no-cache',
)
[ info ] [ PARAM ] array (
  'index/base/login_html' => '',
)
[ info ] [ LANG ] E:\www\dbgj/application/index\lang\zh-cn.php
[ info ] [ SESSION ] INIT array (
  'prefix' => 'minishop',
  'type' => '',
  'auto_start' => true,
)
[ info ] [ RUN ] /**
     * 用户登录方法
     * @author  矢志bu渝 <745152620@qq.com>
     */
Method [ <user> public method login ] {
  @@ E:\www\dbgj\application\index\controller\Base.php 57 - 83
}

[ info ] [ VIEW ] ./themes/default/index/login.html [ array (
  0 => 'userinfo',
) ]
[ info ] [ LOG ] INIT file

---------------------------------------------------------------
[ 2017-10-06T22:53:10+08:00 ] 172.31.179.54 40.77.167.22 GET /robots.txt
[ log ] www.525354.top/robots.txt [运行时间：0.031250s][吞吐率：32.00req/s] [内存消耗：1,409.45kb] [文件加载：41]
[ info ] [ DB ] INIT mysql
[ info ] [ LANG ] E:\www\dbgj\core\lang\zh-cn.php
[ info ] [ ROUTE ] array (
  'type' => 'module',
  'module' => 
  array (
    0 => 'robots.txt',
    1 => NULL,
    2 => NULL,
  ),
)
[ info ] [ HEADER ] array (
  'user-agent' => 'Mozilla/5.0 (compatible; bingbot/2.0; +http://www.bing.com/bingbot.htm)',
  'host' => 'www.525354.top',
  'accept-encoding' => 'gzip, deflate',
  'accept' => '*/*',
  'pragma' => 'no-cache',
  'connection' => 'close',
  'cache-control' => 'no-cache',
)
[ info ] [ PARAM ] array (
  'robots_txt' => '',
)
[ info ] [ LOG ] INIT file

---------------------------------------------------------------
