[ 2017-10-18T17:47:57+08:00 ] 172.31.179.54 144.0.156.208 GET /favicon.ico
[ log ] dbgj.hoonking.com/favicon.ico [运行时间：0.078119s][吞吐率：12.80req/s] [内存消耗：1,409.87kb] [文件加载：41]
[ info ] [ DB ] INIT mysql
[ info ] [ LANG ] E:\www\dbgj\core\lang\zh-cn.php
[ info ] [ ROUTE ] array (
  'type' => 'module',
  'module' => 
  array (
    0 => 'favicon.ico',
    1 => NULL,
    2 => NULL,
  ),
)
[ info ] [ HEADER ] array (
  'cookie' => 'safedog-flow-item=',
  'accept-language' => 'zh-CN,zh;q=0.8',
  'accept-encoding' => 'gzip, deflate, sdch',
  'user-agent' => 'Mozilla/5.0 (Windows NT 6.1; WOW64) AppleWebKit/537.36 (KHTML, like Gecko) Chrome/55.0.2883.87 Safari/537.36',
  'connection' => 'close',
  'host' => 'dbgj.hoonking.com',
)
[ info ] [ PARAM ] array (
  'favicon_ico' => '',
)
[ info ] [ LOG ] INIT file

---------------------------------------------------------------
[ 2017-10-18T17:47:57+08:00 ] 172.31.179.54 144.0.156.208 GET /
[ log ] dbgj.hoonking.com/ [运行时间：0.046871s][吞吐率：21.34req/s] [内存消耗：1,744.20kb] [文件加载：54]
[ info ] [ DB ] INIT mysql
[ info ] [ LANG ] E:\www\dbgj\core\lang\zh-cn.php
[ info ] [ ROUTE ] array (
  'type' => 'module',
  'module' => 
  array (
    0 => '',
    1 => NULL,
    2 => NULL,
  ),
)
[ info ] [ HEADER ] array (
  'cookie' => 'safedog-flow-item=; think_var=zh-cn',
  'accept-language' => 'zh-CN,zh;q=0.8',
  'accept-encoding' => 'gzip, deflate, sdch',
  'accept' => 'text/html,application/xhtml+xml,application/xml;q=0.9,image/webp,*/*;q=0.8',
  'user-agent' => 'Mozilla/5.0 (Windows NT 6.1; WOW64) AppleWebKit/537.36 (KHTML, like Gecko) Chrome/55.0.2883.87 Safari/537.36',
  'upgrade-insecure-requests' => '1',
  'connection' => 'close',
  'host' => 'dbgj.hoonking.com',
)
[ info ] [ PARAM ] array (
)
[ info ] [ LANG ] E:\www\dbgj/application/index\lang\zh-cn.php
[ info ] [ SESSION ] INIT array (
  'prefix' => 'minishop',
  'type' => '',
  'auto_start' => true,
)
[ info ] [ LOG ] INIT file

---------------------------------------------------------------
[ 2017-10-18T17:47:58+08:00 ] 172.31.179.54 144.0.156.208 GET /index/base/login.html
[ log ] dbgj.hoonking.com/index/base/login.html [运行时间：0.078119s][吞吐率：12.80req/s] [内存消耗：1,732.42kb] [文件加载：52]
[ info ] [ DB ] INIT mysql
[ info ] [ LANG ] E:\www\dbgj\core\lang\zh-cn.php
[ info ] [ ROUTE ] array (
  'type' => 'module',
  'module' => 
  array (
    0 => 'index',
    1 => 'base',
    2 => 'login',
  ),
)
[ info ] [ HEADER ] array (
  'cookie' => 'safedog-flow-item=; think_var=zh-cn; PHPSESSID=78ed4ntrld0195la425fsj2uf5',
  'accept-language' => 'zh-CN,zh;q=0.8',
  'accept-encoding' => 'gzip, deflate, sdch',
  'accept' => 'text/html,application/xhtml+xml,application/xml;q=0.9,image/webp,*/*;q=0.8',
  'user-agent' => 'Mozilla/5.0 (Windows NT 6.1; WOW64) AppleWebKit/537.36 (KHTML, like Gecko) Chrome/55.0.2883.87 Safari/537.36',
  'upgrade-insecure-requests' => '1',
  'connection' => 'close',
  'host' => 'dbgj.hoonking.com',
)
[ info ] [ PARAM ] array (
  'index/base/login_html' => '',
)
[ info ] [ LANG ] E:\www\dbgj/application/index\lang\zh-cn.php
[ info ] [ SESSION ] INIT array (
  'prefix' => 'minishop',
  'type' => '',
  'auto_start' => true,
)
[ info ] [ RUN ] /**
     * 用户登录方法
     * @author  矢志bu渝 <745152620@qq.com>
     */
Method [ <user> public method login ] {
  @@ E:\www\dbgj\application\index\controller\Base.php 57 - 83
}

[ info ] [ VIEW ] ./themes/default/index/login.html [ array (
  0 => 'userinfo',
) ]
[ info ] [ LOG ] INIT file

---------------------------------------------------------------
[ 2017-10-18T17:47:59+08:00 ] 172.31.179.54 144.0.156.208 GET /favicon.ico
[ log ] dbgj.hoonking.com/favicon.ico [运行时间：0.031247s][吞吐率：32.00req/s] [内存消耗：1,410.23kb] [文件加载：41]
[ info ] [ DB ] INIT mysql
[ info ] [ LANG ] E:\www\dbgj\core\lang\zh-cn.php
[ info ] [ ROUTE ] array (
  'type' => 'module',
  'module' => 
  array (
    0 => 'favicon.ico',
    1 => NULL,
    2 => NULL,
  ),
)
[ info ] [ HEADER ] array (
  'cookie' => 'safedog-flow-item=; think_var=zh-cn; PHPSESSID=78ed4ntrld0195la425fsj2uf5; __guid=25234792.3819754891920474600.1508319939391.2576; monitor_count=1',
  'accept-language' => 'zh-CN,zh;q=0.8',
  'accept-encoding' => 'gzip, deflate, sdch',
  'referer' => 'http://dbgj.hoonking.com/index/base/login.html',
  'accept' => 'image/webp,image/*,*/*;q=0.8',
  'user-agent' => 'Mozilla/5.0 (Windows NT 6.1; WOW64) AppleWebKit/537.36 (KHTML, like Gecko) Chrome/55.0.2883.87 Safari/537.36',
  'connection' => 'close',
  'host' => 'dbgj.hoonking.com',
)
[ info ] [ PARAM ] array (
  'favicon_ico' => '',
)
[ info ] [ LOG ] INIT file

---------------------------------------------------------------
[ 2017-10-18T17:48:06+08:00 ] 172.31.179.54 144.0.156.208 POST /index/base/login.html
[ log ] dbgj.hoonking.com/index/base/login.html [运行时间：0.078119s][吞吐率：12.80req/s] [内存消耗：1,750.20kb] [文件加载：53]
[ info ] [ DB ] INIT mysql
[ info ] [ LANG ] E:\www\dbgj\core\lang\zh-cn.php
[ info ] [ ROUTE ] array (
  'type' => 'module',
  'module' => 
  array (
    0 => 'index',
    1 => 'base',
    2 => 'login',
  ),
)
[ info ] [ HEADER ] array (
  'cookie' => 'safedog-flow-item=; think_var=zh-cn; PHPSESSID=78ed4ntrld0195la425fsj2uf5; __guid=25234792.3819754891920474600.1508319939391.2576; monitor_count=1',
  'accept-language' => 'zh-CN,zh;q=0.8',
  'accept-encoding' => 'gzip, deflate',
  'referer' => 'http://dbgj.hoonking.com/index/base/login.html',
  'user-agent' => 'Mozilla/5.0 (Windows NT 6.1; WOW64) AppleWebKit/537.36 (KHTML, like Gecko) Chrome/55.0.2883.87 Safari/537.36',
  'x-requested-with' => 'XMLHttpRequest',
  'origin' => 'http://dbgj.hoonking.com',
  'accept' => 'application/json, text/javascript, */*; q=0.01',
  'connection' => 'close',
  'host' => 'dbgj.hoonking.com',
  'content-type' => 'application/x-www-form-urlencoded; charset=UTF-8',
  'content-length' => '31',
)
[ info ] [ PARAM ] array (
  'index/base/login_html' => '',
  'key' => '15666666666',
  'password' => '123456',
)
[ info ] [ LANG ] E:\www\dbgj/application/index\lang\zh-cn.php
[ info ] [ SESSION ] INIT array (
  'prefix' => 'minishop',
  'type' => '',
  'auto_start' => true,
)
[ info ] [ RUN ] /**
     * 用户登录方法
     * @author  矢志bu渝 <745152620@qq.com>
     */
Method [ <user> public method login ] {
  @@ E:\www\dbgj\application\index\controller\Base.php 57 - 83
}

[ info ] [ LOG ] INIT file

---------------------------------------------------------------
[ 2017-10-18T17:48:06+08:00 ] 172.31.179.54 144.0.156.208 GET /index/user/usercenter.html
[ log ] dbgj.hoonking.com/index/user/usercenter.html [运行时间：0.109367s][吞吐率：9.14req/s] [内存消耗：1,817.97kb] [文件加载：53]
[ info ] [ DB ] INIT mysql
[ info ] [ LANG ] E:\www\dbgj\core\lang\zh-cn.php
[ info ] [ ROUTE ] array (
  'type' => 'module',
  'module' => 
  array (
    0 => 'index',
    1 => 'user',
    2 => 'usercenter',
  ),
)
[ info ] [ HEADER ] array (
  'cookie' => 'safedog-flow-item=; think_var=zh-cn; PHPSESSID=78ed4ntrld0195la425fsj2uf5; __guid=25234792.3819754891920474600.1508319939391.2576; monitor_count=1',
  'accept-language' => 'zh-CN,zh;q=0.8',
  'accept-encoding' => 'gzip, deflate, sdch',
  'referer' => 'http://dbgj.hoonking.com/index/base/login.html',
  'accept' => 'text/html,application/xhtml+xml,application/xml;q=0.9,image/webp,*/*;q=0.8',
  'user-agent' => 'Mozilla/5.0 (Windows NT 6.1; WOW64) AppleWebKit/537.36 (KHTML, like Gecko) Chrome/55.0.2883.87 Safari/537.36',
  'upgrade-insecure-requests' => '1',
  'connection' => 'close',
  'host' => 'dbgj.hoonking.com',
)
[ info ] [ PARAM ] array (
  'index/user/usercenter_html' => '',
)
[ info ] [ LANG ] E:\www\dbgj/application/index\lang\zh-cn.php
[ info ] [ SESSION ] INIT array (
  'prefix' => 'minishop',
  'type' => '',
  'auto_start' => true,
)
[ info ] [ RUN ] /**
     * 个人中心
     * @author  ILsunshine
     */
Method [ <user> public method userCenter ] {
  @@ E:\www\dbgj\application\index\controller\User.php 39 - 67
}

[ info ] [ VIEW ] ./themes/default/index/user_center.html [ array (
  0 => 'userinfo',
  1 => 'tyjfmc',
  2 => 'zhscore',
  3 => 's_score',
  4 => 'ytixian',
  5 => 'tuijianren',
  6 => 'userInfo',
  7 => 'hys',
  8 => 'scoreorder',
) ]
[ info ] [ LOG ] INIT file

---------------------------------------------------------------
[ 2017-10-18T17:49:13+08:00 ] 172.31.179.54 101.81.180.25 GET /
[ log ] dbgj.hoonking.com/ [运行时间：0.031248s][吞吐率：32.00req/s] [内存消耗：1,744.34kb] [文件加载：54]
[ info ] [ DB ] INIT mysql
[ info ] [ LANG ] E:\www\dbgj\core\lang\zh-cn.php
[ info ] [ ROUTE ] array (
  'type' => 'module',
  'module' => 
  array (
    0 => '',
    1 => NULL,
    2 => NULL,
  ),
)
[ info ] [ HEADER ] array (
  'accept-language' => 'zh-CN,zh;q=0.8,en;q=0.6',
  'accept-encoding' => 'gzip, deflate',
  'accept' => 'text/html,application/xhtml+xml,application/xml;q=0.9,image/webp,image/apng,*/*;q=0.8',
  'upgrade-insecure-requests' => '1',
  'user-agent' => 'Mozilla/5.0 (Macintosh; Intel Mac OS X 10_12_4) AppleWebKit/537.36 (KHTML, like Gecko) Chrome/61.0.3163.100 Safari/537.36',
  'connection' => 'close',
  'host' => 'dbgj.hoonking.com',
)
[ info ] [ PARAM ] array (
)
[ info ] [ LANG ] E:\www\dbgj/application/index\lang\zh-cn.php
[ info ] [ SESSION ] INIT array (
  'prefix' => 'minishop',
  'type' => '',
  'auto_start' => true,
)
[ info ] [ LOG ] INIT file

---------------------------------------------------------------
[ 2017-10-18T17:49:13+08:00 ] 172.31.179.54 101.81.180.25 GET /index/base/login.html
[ log ] dbgj.hoonking.com/index/base/login.html [运行时间：0.046872s][吞吐率：21.33req/s] [内存消耗：1,732.34kb] [文件加载：52]
[ info ] [ DB ] INIT mysql
[ info ] [ LANG ] E:\www\dbgj\core\lang\zh-cn.php
[ info ] [ ROUTE ] array (
  'type' => 'module',
  'module' => 
  array (
    0 => 'index',
    1 => 'base',
    2 => 'login',
  ),
)
[ info ] [ HEADER ] array (
  'cookie' => 'think_var=zh-cn; PHPSESSID=pu2up00i0asdlvk61i0anfa6j5',
  'accept-language' => 'zh-CN,zh;q=0.8,en;q=0.6',
  'accept-encoding' => 'gzip, deflate',
  'accept' => 'text/html,application/xhtml+xml,application/xml;q=0.9,image/webp,image/apng,*/*;q=0.8',
  'upgrade-insecure-requests' => '1',
  'user-agent' => 'Mozilla/5.0 (Macintosh; Intel Mac OS X 10_12_4) AppleWebKit/537.36 (KHTML, like Gecko) Chrome/61.0.3163.100 Safari/537.36',
  'connection' => 'close',
  'host' => 'dbgj.hoonking.com',
)
[ info ] [ PARAM ] array (
  'index/base/login_html' => '',
)
[ info ] [ LANG ] E:\www\dbgj/application/index\lang\zh-cn.php
[ info ] [ SESSION ] INIT array (
  'prefix' => 'minishop',
  'type' => '',
  'auto_start' => true,
)
[ info ] [ RUN ] /**
     * 用户登录方法
     * @author  矢志bu渝 <745152620@qq.com>
     */
Method [ <user> public method login ] {
  @@ E:\www\dbgj\application\index\controller\Base.php 57 - 83
}

[ info ] [ VIEW ] ./themes/default/index/login.html [ array (
  0 => 'userinfo',
) ]
[ info ] [ LOG ] INIT file

---------------------------------------------------------------
[ 2017-10-18T17:49:14+08:00 ] 172.31.179.54 101.81.180.25 GET /favicon.ico
[ log ] dbgj.hoonking.com/favicon.ico [运行时间：0.046872s][吞吐率：21.33req/s] [内存消耗：1,409.93kb] [文件加载：41]
[ info ] [ DB ] INIT mysql
[ info ] [ LANG ] E:\www\dbgj\core\lang\zh-cn.php
[ info ] [ ROUTE ] array (
  'type' => 'module',
  'module' => 
  array (
    0 => 'favicon.ico',
    1 => NULL,
    2 => NULL,
  ),
)
[ info ] [ HEADER ] array (
  'cookie' => 'think_var=zh-cn; PHPSESSID=pu2up00i0asdlvk61i0anfa6j5; safedog-flow-item=',
  'accept-language' => 'zh-CN,zh;q=0.8,en;q=0.6',
  'accept-encoding' => 'gzip, deflate',
  'referer' => 'http://dbgj.hoonking.com/index/base/login.html',
  'accept' => 'image/webp,image/apng,image/*,*/*;q=0.8',
  'user-agent' => 'Mozilla/5.0 (Macintosh; Intel Mac OS X 10_12_4) AppleWebKit/537.36 (KHTML, like Gecko) Chrome/61.0.3163.100 Safari/537.36',
  'connection' => 'close',
  'host' => 'dbgj.hoonking.com',
)
[ info ] [ PARAM ] array (
  'favicon_ico' => '',
)
[ info ] [ LOG ] INIT file

---------------------------------------------------------------
[ 2017-10-18T17:49:24+08:00 ] 172.31.179.54 101.81.180.25 POST /index/base/login.html
[ log ] dbgj.hoonking.com/index/base/login.html [运行时间：0.062495s][吞吐率：16.00req/s] [内存消耗：1,749.93kb] [文件加载：53]
[ info ] [ DB ] INIT mysql
[ info ] [ LANG ] E:\www\dbgj\core\lang\zh-cn.php
[ info ] [ ROUTE ] array (
  'type' => 'module',
  'module' => 
  array (
    0 => 'index',
    1 => 'base',
    2 => 'login',
  ),
)
[ info ] [ HEADER ] array (
  'cookie' => 'think_var=zh-cn; PHPSESSID=pu2up00i0asdlvk61i0anfa6j5; safedog-flow-item=',
  'accept-language' => 'zh-CN,zh;q=0.8,en;q=0.6',
  'accept-encoding' => 'gzip, deflate',
  'referer' => 'http://dbgj.hoonking.com/index/base/login.html',
  'user-agent' => 'Mozilla/5.0 (Macintosh; Intel Mac OS X 10_12_4) AppleWebKit/537.36 (KHTML, like Gecko) Chrome/61.0.3163.100 Safari/537.36',
  'x-requested-with' => 'XMLHttpRequest',
  'origin' => 'http://dbgj.hoonking.com',
  'accept' => 'application/json, text/javascript, */*; q=0.01',
  'connection' => 'close',
  'host' => 'dbgj.hoonking.com',
  'content-type' => 'application/x-www-form-urlencoded; charset=UTF-8',
  'content-length' => '31',
)
[ info ] [ PARAM ] array (
  'index/base/login_html' => '',
  'key' => '15666666666',
  'password' => '123456',
)
[ info ] [ LANG ] E:\www\dbgj/application/index\lang\zh-cn.php
[ info ] [ SESSION ] INIT array (
  'prefix' => 'minishop',
  'type' => '',
  'auto_start' => true,
)
[ info ] [ RUN ] /**
     * 用户登录方法
     * @author  矢志bu渝 <745152620@qq.com>
     */
Method [ <user> public method login ] {
  @@ E:\www\dbgj\application\index\controller\Base.php 57 - 83
}

[ info ] [ LOG ] INIT file

---------------------------------------------------------------
[ 2017-10-18T17:49:24+08:00 ] 172.31.179.54 101.81.180.25 GET /index/user/usercenter.html
[ log ] dbgj.hoonking.com/index/user/usercenter.html [运行时间：0.109367s][吞吐率：9.14req/s] [内存消耗：1,817.74kb] [文件加载：53]
[ info ] [ DB ] INIT mysql
[ info ] [ LANG ] E:\www\dbgj\core\lang\zh-cn.php
[ info ] [ ROUTE ] array (
  'type' => 'module',
  'module' => 
  array (
    0 => 'index',
    1 => 'user',
    2 => 'usercenter',
  ),
)
[ info ] [ HEADER ] array (
  'cookie' => 'think_var=zh-cn; PHPSESSID=pu2up00i0asdlvk61i0anfa6j5; safedog-flow-item=',
  'accept-language' => 'zh-CN,zh;q=0.8,en;q=0.6',
  'accept-encoding' => 'gzip, deflate',
  'referer' => 'http://dbgj.hoonking.com/index/base/login.html',
  'accept' => 'text/html,application/xhtml+xml,application/xml;q=0.9,image/webp,image/apng,*/*;q=0.8',
  'user-agent' => 'Mozilla/5.0 (Macintosh; Intel Mac OS X 10_12_4) AppleWebKit/537.36 (KHTML, like Gecko) Chrome/61.0.3163.100 Safari/537.36',
  'upgrade-insecure-requests' => '1',
  'connection' => 'close',
  'host' => 'dbgj.hoonking.com',
)
[ info ] [ PARAM ] array (
  'index/user/usercenter_html' => '',
)
[ info ] [ LANG ] E:\www\dbgj/application/index\lang\zh-cn.php
[ info ] [ SESSION ] INIT array (
  'prefix' => 'minishop',
  'type' => '',
  'auto_start' => true,
)
[ info ] [ RUN ] /**
     * 个人中心
     * @author  ILsunshine
     */
Method [ <user> public method userCenter ] {
  @@ E:\www\dbgj\application\index\controller\User.php 39 - 67
}

[ info ] [ VIEW ] ./themes/default/index/user_center.html [ array (
  0 => 'userinfo',
  1 => 'tyjfmc',
  2 => 'zhscore',
  3 => 's_score',
  4 => 'ytixian',
  5 => 'tuijianren',
  6 => 'userInfo',
  7 => 'hys',
  8 => 'scoreorder',
) ]
[ info ] [ LOG ] INIT file

---------------------------------------------------------------
[ 2017-10-18T17:50:18+08:00 ] 172.31.179.54 101.226.102.94 GET /index/user/usercenter.html
[ log ] dbgj.hoonking.com/index/user/usercenter.html [运行时间：0.046872s][吞吐率：21.33req/s] [内存消耗：1,803.29kb] [文件加载：54]
[ info ] [ DB ] INIT mysql
[ info ] [ LANG ] E:\www\dbgj\core\lang\zh-cn.php
[ info ] [ ROUTE ] array (
  'type' => 'module',
  'module' => 
  array (
    0 => 'index',
    1 => 'user',
    2 => 'usercenter',
  ),
)
[ info ] [ HEADER ] array (
  'x-forwarded-for' => '101.81.180.25',
  'user-agent' => 'Mozilla/5.0 (Linux; Android 6.0; HUAWEI GRA-UL10 Build/HUAWEIGRA-UL10; wv) AppleWebKit/537.36 (KHTML, like Gecko) Version/4.0 Chrome/53.0.2785.49 Mobile MQQBrowser/6.2 TBS/043602 Safari/537.36 MicroMessenger/6.5.16.1120 NetType/WIFI Language/zh_CN',
  'upgrade-insecure-requests' => '1',
  'host' => 'dbgj.hoonking.com',
  'connection' => 'close',
  'accept-language' => 'zh-CN,en-US;q=0.8',
  'accept-encoding' => 'gzip',
  'accept' => 'text/html,application/xhtml+xml,application/xml;q=0.9,image/webp,image/wxpic,image/sharpp,*/*;q=0.8',
)
[ info ] [ PARAM ] array (
  'index/user/usercenter_html' => '',
)
[ info ] [ LANG ] E:\www\dbgj/application/index\lang\zh-cn.php
[ info ] [ SESSION ] INIT array (
  'prefix' => 'minishop',
  'type' => '',
  'auto_start' => true,
)
[ info ] [ LOG ] INIT file

---------------------------------------------------------------
[ 2017-10-18T17:50:18+08:00 ] 172.31.179.54 101.226.102.94 GET /index/base/login.html
[ log ] dbgj.hoonking.com/index/base/login.html [运行时间：0.046871s][吞吐率：21.34req/s] [内存消耗：1,732.77kb] [文件加载：52]
[ info ] [ DB ] INIT mysql
[ info ] [ LANG ] E:\www\dbgj\core\lang\zh-cn.php
[ info ] [ ROUTE ] array (
  'type' => 'module',
  'module' => 
  array (
    0 => 'index',
    1 => 'base',
    2 => 'login',
  ),
)
[ info ] [ HEADER ] array (
  'x-forwarded-for' => '101.81.180.25',
  'user-agent' => 'Mozilla/5.0 (Linux; Android 6.0; HUAWEI GRA-UL10 Build/HUAWEIGRA-UL10; wv) AppleWebKit/537.36 (KHTML, like Gecko) Version/4.0 Chrome/53.0.2785.49 Mobile MQQBrowser/6.2 TBS/043602 Safari/537.36 MicroMessenger/6.5.16.1120 NetType/WIFI Language/zh_CN',
  'upgrade-insecure-requests' => '1',
  'host' => 'dbgj.hoonking.com',
  'cookie' => 'think_var=zh-cn; PHPSESSID=56hvuc8fsbnlvp3qam5d2p9bk1',
  'connection' => 'close',
  'accept-language' => 'zh-CN,en-US;q=0.8',
  'accept-encoding' => 'gzip',
  'accept' => 'text/html,application/xhtml+xml,application/xml;q=0.9,image/webp,image/wxpic,image/sharpp,*/*;q=0.8',
)
[ info ] [ PARAM ] array (
  'index/base/login_html' => '',
)
[ info ] [ LANG ] E:\www\dbgj/application/index\lang\zh-cn.php
[ info ] [ SESSION ] INIT array (
  'prefix' => 'minishop',
  'type' => '',
  'auto_start' => true,
)
[ info ] [ RUN ] /**
     * 用户登录方法
     * @author  矢志bu渝 <745152620@qq.com>
     */
Method [ <user> public method login ] {
  @@ E:\www\dbgj\application\index\controller\Base.php 57 - 83
}

[ info ] [ VIEW ] ./themes/default/index/login.html [ array (
  0 => 'userinfo',
) ]
[ info ] [ LOG ] INIT file

---------------------------------------------------------------
[ 2017-10-18T17:50:28+08:00 ] 172.31.179.54 117.185.27.114 GET /index/base/login.html
[ log ] dbgj.hoonking.com/index/base/login.html [运行时间：0.046872s][吞吐率：21.33req/s] [内存消耗：1,732.45kb] [文件加载：52]
[ info ] [ DB ] INIT mysql
[ info ] [ LANG ] E:\www\dbgj\core\lang\zh-cn.php
[ info ] [ ROUTE ] array (
  'type' => 'module',
  'module' => 
  array (
    0 => 'index',
    1 => 'base',
    2 => 'login',
  ),
)
[ info ] [ HEADER ] array (
  'connection' => 'close',
  'host' => 'dbgj.hoonking.com',
  'accept-language' => 'zh-CN,zh;q=0.8,en-US;q=0.6,en;q=0.4',
  'accept-encoding' => 'gzip, deflate, sdch, br',
  'accept' => '*/*',
  'user-agent' => 'Mozilla/5.0 (Linux; Android 5.1.1; SM801 Build/LMY47V; wv) AppleWebKit/537.36 (KHTML, like Gecko) Version/4.0 Chrome/53.0.2785.49 Mobile MQQBrowser/6.2 TBS/043024 Safari/537.36 MicroMessenger/6.5.4.1000 NetType/4G Language/zh_CN',
)
[ info ] [ PARAM ] array (
  'index/base/login_html' => '',
)
[ info ] [ LANG ] E:\www\dbgj/application/index\lang\zh-cn.php
[ info ] [ SESSION ] INIT array (
  'prefix' => 'minishop',
  'type' => '',
  'auto_start' => true,
)
[ info ] [ RUN ] /**
     * 用户登录方法
     * @author  矢志bu渝 <745152620@qq.com>
     */
Method [ <user> public method login ] {
  @@ E:\www\dbgj\application\index\controller\Base.php 57 - 83
}

[ info ] [ VIEW ] ./themes/default/index/login.html [ array (
  0 => 'userinfo',
) ]
[ info ] [ LOG ] INIT file

---------------------------------------------------------------
[ 2017-10-18T17:50:31+08:00 ] 172.31.179.54 101.226.102.94 POST /index/base/login.html
[ log ] dbgj.hoonking.com/index/base/login.html [运行时间：0.046871s][吞吐率：21.34req/s] [内存消耗：1,720.65kb] [文件加载：52]
[ info ] [ DB ] INIT mysql
[ info ] [ LANG ] E:\www\dbgj\core\lang\zh-cn.php
[ info ] [ ROUTE ] array (
  'type' => 'module',
  'module' => 
  array (
    0 => 'index',
    1 => 'base',
    2 => 'login',
  ),
)
[ info ] [ HEADER ] array (
  'x-requested-with' => 'XMLHttpRequest',
  'x-forwarded-for' => '101.81.180.25',
  'user-agent' => 'Mozilla/5.0 (Linux; Android 6.0; HUAWEI GRA-UL10 Build/HUAWEIGRA-UL10; wv) AppleWebKit/537.36 (KHTML, like Gecko) Version/4.0 Chrome/53.0.2785.49 Mobile MQQBrowser/6.2 TBS/043602 Safari/537.36 MicroMessenger/6.5.16.1120 NetType/WIFI Language/zh_CN',
  'referer' => 'http://dbgj.hoonking.com/index/base/login.html',
  'origin' => 'http://dbgj.hoonking.com',
  'host' => 'dbgj.hoonking.com',
  'cookie' => 'think_var=zh-cn; PHPSESSID=56hvuc8fsbnlvp3qam5d2p9bk1; safedog-flow-item=',
  'connection' => 'close',
  'accept-language' => 'zh-CN,en-US;q=0.8',
  'accept-encoding' => 'gzip',
  'accept' => 'application/json, text/javascript, */*; q=0.01',
  'content-type' => 'application/x-www-form-urlencoded; charset=UTF-8',
  'content-length' => '32',
)
[ info ] [ PARAM ] array (
  'index/base/login_html' => '',
  'key' => '156666666666',
  'password' => '123456',
)
[ info ] [ LANG ] E:\www\dbgj/application/index\lang\zh-cn.php
[ info ] [ SESSION ] INIT array (
  'prefix' => 'minishop',
  'type' => '',
  'auto_start' => true,
)
[ info ] [ RUN ] /**
     * 用户登录方法
     * @author  矢志bu渝 <745152620@qq.com>
     */
Method [ <user> public method login ] {
  @@ E:\www\dbgj\application\index\controller\Base.php 57 - 83
}

[ info ] [ LOG ] INIT file

---------------------------------------------------------------
[ 2017-10-18T17:50:35+08:00 ] 172.31.179.54 101.226.102.94 POST /index/base/login.html
[ log ] dbgj.hoonking.com/index/base/login.html [运行时间：0.046872s][吞吐率：21.33req/s] [内存消耗：1,720.65kb] [文件加载：52]
[ info ] [ DB ] INIT mysql
[ info ] [ LANG ] E:\www\dbgj\core\lang\zh-cn.php
[ info ] [ ROUTE ] array (
  'type' => 'module',
  'module' => 
  array (
    0 => 'index',
    1 => 'base',
    2 => 'login',
  ),
)
[ info ] [ HEADER ] array (
  'x-requested-with' => 'XMLHttpRequest',
  'x-forwarded-for' => '101.81.180.25',
  'user-agent' => 'Mozilla/5.0 (Linux; Android 6.0; HUAWEI GRA-UL10 Build/HUAWEIGRA-UL10; wv) AppleWebKit/537.36 (KHTML, like Gecko) Version/4.0 Chrome/53.0.2785.49 Mobile MQQBrowser/6.2 TBS/043602 Safari/537.36 MicroMessenger/6.5.16.1120 NetType/WIFI Language/zh_CN',
  'referer' => 'http://dbgj.hoonking.com/index/base/login.html',
  'origin' => 'http://dbgj.hoonking.com',
  'host' => 'dbgj.hoonking.com',
  'cookie' => 'think_var=zh-cn; PHPSESSID=56hvuc8fsbnlvp3qam5d2p9bk1; safedog-flow-item=',
  'connection' => 'close',
  'accept-language' => 'zh-CN,en-US;q=0.8',
  'accept-encoding' => 'gzip',
  'accept' => 'application/json, text/javascript, */*; q=0.01',
  'content-type' => 'application/x-www-form-urlencoded; charset=UTF-8',
  'content-length' => '32',
)
[ info ] [ PARAM ] array (
  'index/base/login_html' => '',
  'key' => '156666666666',
  'password' => '123456',
)
[ info ] [ LANG ] E:\www\dbgj/application/index\lang\zh-cn.php
[ info ] [ SESSION ] INIT array (
  'prefix' => 'minishop',
  'type' => '',
  'auto_start' => true,
)
[ info ] [ RUN ] /**
     * 用户登录方法
     * @author  矢志bu渝 <745152620@qq.com>
     */
Method [ <user> public method login ] {
  @@ E:\www\dbgj\application\index\controller\Base.php 57 - 83
}

[ info ] [ LOG ] INIT file

---------------------------------------------------------------
[ 2017-10-18T17:51:07+08:00 ] 172.31.179.54 101.226.102.94 POST /index/base/login.html
[ log ] dbgj.hoonking.com/index/base/login.html [运行时间：0.062495s][吞吐率：16.00req/s] [内存消耗：1,750.17kb] [文件加载：53]
[ info ] [ DB ] INIT mysql
[ info ] [ LANG ] E:\www\dbgj\core\lang\zh-cn.php
[ info ] [ ROUTE ] array (
  'type' => 'module',
  'module' => 
  array (
    0 => 'index',
    1 => 'base',
    2 => 'login',
  ),
)
[ info ] [ HEADER ] array (
  'x-requested-with' => 'XMLHttpRequest',
  'x-forwarded-for' => '101.81.180.25',
  'user-agent' => 'Mozilla/5.0 (Linux; Android 6.0; HUAWEI GRA-UL10 Build/HUAWEIGRA-UL10; wv) AppleWebKit/537.36 (KHTML, like Gecko) Version/4.0 Chrome/53.0.2785.49 Mobile MQQBrowser/6.2 TBS/043602 Safari/537.36 MicroMessenger/6.5.16.1120 NetType/WIFI Language/zh_CN',
  'referer' => 'http://dbgj.hoonking.com/index/base/login.html',
  'origin' => 'http://dbgj.hoonking.com',
  'host' => 'dbgj.hoonking.com',
  'cookie' => 'think_var=zh-cn; PHPSESSID=56hvuc8fsbnlvp3qam5d2p9bk1; safedog-flow-item=',
  'connection' => 'close',
  'accept-language' => 'zh-CN,en-US;q=0.8',
  'accept-encoding' => 'gzip',
  'accept' => 'application/json, text/javascript, */*; q=0.01',
  'content-type' => 'application/x-www-form-urlencoded; charset=UTF-8',
  'content-length' => '31',
)
[ info ] [ PARAM ] array (
  'index/base/login_html' => '',
  'key' => '15666666666',
  'password' => '123456',
)
[ info ] [ LANG ] E:\www\dbgj/application/index\lang\zh-cn.php
[ info ] [ SESSION ] INIT array (
  'prefix' => 'minishop',
  'type' => '',
  'auto_start' => true,
)
[ info ] [ RUN ] /**
     * 用户登录方法
     * @author  矢志bu渝 <745152620@qq.com>
     */
Method [ <user> public method login ] {
  @@ E:\www\dbgj\application\index\controller\Base.php 57 - 83
}

[ info ] [ LOG ] INIT file

---------------------------------------------------------------
[ 2017-10-18T17:51:07+08:00 ] 172.31.179.54 101.226.102.94 GET /index/user/usercenter.html
[ log ] dbgj.hoonking.com/index/user/usercenter.html [运行时间：0.109366s][吞吐率：9.14req/s] [内存消耗：1,818.06kb] [文件加载：53]
[ info ] [ DB ] INIT mysql
[ info ] [ LANG ] E:\www\dbgj\core\lang\zh-cn.php
[ info ] [ ROUTE ] array (
  'type' => 'module',
  'module' => 
  array (
    0 => 'index',
    1 => 'user',
    2 => 'usercenter',
  ),
)
[ info ] [ HEADER ] array (
  'x-forwarded-for' => '101.81.180.25',
  'user-agent' => 'Mozilla/5.0 (Linux; Android 6.0; HUAWEI GRA-UL10 Build/HUAWEIGRA-UL10; wv) AppleWebKit/537.36 (KHTML, like Gecko) Version/4.0 Chrome/53.0.2785.49 Mobile MQQBrowser/6.2 TBS/043602 Safari/537.36 MicroMessenger/6.5.16.1120 NetType/WIFI Language/zh_CN',
  'upgrade-insecure-requests' => '1',
  'host' => 'dbgj.hoonking.com',
  'cookie' => 'think_var=zh-cn; PHPSESSID=56hvuc8fsbnlvp3qam5d2p9bk1; safedog-flow-item=',
  'connection' => 'close',
  'accept-language' => 'zh-CN,en-US;q=0.8',
  'accept-encoding' => 'gzip',
  'accept' => 'text/html,application/xhtml+xml,application/xml;q=0.9,image/webp,image/wxpic,image/sharpp,*/*;q=0.8',
)
[ info ] [ PARAM ] array (
  'index/user/usercenter_html' => '',
)
[ info ] [ LANG ] E:\www\dbgj/application/index\lang\zh-cn.php
[ info ] [ SESSION ] INIT array (
  'prefix' => 'minishop',
  'type' => '',
  'auto_start' => true,
)
[ info ] [ RUN ] /**
     * 个人中心
     * @author  ILsunshine
     */
Method [ <user> public method userCenter ] {
  @@ E:\www\dbgj\application\index\controller\User.php 39 - 67
}

[ info ] [ VIEW ] ./themes/default/index/user_center.html [ array (
  0 => 'userinfo',
  1 => 'tyjfmc',
  2 => 'zhscore',
  3 => 's_score',
  4 => 'ytixian',
  5 => 'tuijianren',
  6 => 'userInfo',
  7 => 'hys',
  8 => 'scoreorder',
) ]
[ info ] [ LOG ] INIT file

---------------------------------------------------------------
[ 2017-10-18T17:51:21+08:00 ] 172.31.179.54 101.226.102.94 GET /index/lucky/index.html
[ log ] dbgj.hoonking.com/index/lucky/index.html [运行时间：0.046872s][吞吐率：21.33req/s] [内存消耗：1,735.90kb] [文件加载：53]
[ info ] [ DB ] INIT mysql
[ info ] [ LANG ] E:\www\dbgj\core\lang\zh-cn.php
[ info ] [ ROUTE ] array (
  'type' => 'module',
  'module' => 
  array (
    0 => 'index',
    1 => 'lucky',
    2 => 'index',
  ),
)
[ info ] [ HEADER ] array (
  'x-forwarded-for' => '101.81.180.25',
  'user-agent' => 'Mozilla/5.0 (Linux; Android 6.0; HUAWEI GRA-UL10 Build/HUAWEIGRA-UL10; wv) AppleWebKit/537.36 (KHTML, like Gecko) Version/4.0 Chrome/53.0.2785.49 Mobile MQQBrowser/6.2 TBS/043602 Safari/537.36 MicroMessenger/6.5.16.1120 NetType/WIFI Language/zh_CN',
  'upgrade-insecure-requests' => '1',
  'referer' => 'http://dbgj.hoonking.com/index/user/usercenter.html',
  'host' => 'dbgj.hoonking.com',
  'cookie' => 'think_var=zh-cn; PHPSESSID=56hvuc8fsbnlvp3qam5d2p9bk1; safedog-flow-item=',
  'connection' => 'close',
  'accept-language' => 'zh-CN,en-US;q=0.8',
  'accept-encoding' => 'gzip',
  'accept' => 'text/html,application/xhtml+xml,application/xml;q=0.9,image/webp,image/wxpic,image/sharpp,*/*;q=0.8',
)
[ info ] [ PARAM ] array (
  'index/lucky/index_html' => '',
)
[ info ] [ LANG ] E:\www\dbgj/application/index\lang\zh-cn.php
[ info ] [ SESSION ] INIT array (
  'prefix' => 'minishop',
  'type' => '',
  'auto_start' => true,
)
[ info ] [ RUN ] Method [ <user> public method index ] {
  @@ E:\www\dbgj\application\index\controller\Lucky.php 12 - 18
}

[ info ] [ VIEW ] ./themes/default/index/lucky.html [ array (
  0 => 'userinfo',
  1 => 'tyjfmc',
  2 => 'list',
  3 => 'web_lucky_score',
) ]
[ info ] [ LOG ] INIT file

---------------------------------------------------------------
[ 2017-10-18T17:51:27+08:00 ] 172.31.179.54 101.226.102.94 GET /index/lucky/choujiang.html
[ log ] dbgj.hoonking.com/index/lucky/choujiang.html [运行时间：0.093743s][吞吐率：10.67req/s] [内存消耗：1,753.68kb] [文件加载：53]
[ info ] [ DB ] INIT mysql
[ info ] [ LANG ] E:\www\dbgj\core\lang\zh-cn.php
[ info ] [ ROUTE ] array (
  'type' => 'module',
  'module' => 
  array (
    0 => 'index',
    1 => 'lucky',
    2 => 'choujiang',
  ),
)
[ info ] [ HEADER ] array (
  'x-requested-with' => 'XMLHttpRequest',
  'x-forwarded-for' => '101.81.180.25',
  'user-agent' => 'Mozilla/5.0 (Linux; Android 6.0; HUAWEI GRA-UL10 Build/HUAWEIGRA-UL10; wv) AppleWebKit/537.36 (KHTML, like Gecko) Version/4.0 Chrome/53.0.2785.49 Mobile MQQBrowser/6.2 TBS/043602 Safari/537.36 MicroMessenger/6.5.16.1120 NetType/WIFI Language/zh_CN',
  'referer' => 'http://dbgj.hoonking.com/index/lucky/index.html',
  'host' => 'dbgj.hoonking.com',
  'cookie' => 'think_var=zh-cn; PHPSESSID=56hvuc8fsbnlvp3qam5d2p9bk1; safedog-flow-item=',
  'connection' => 'close',
  'accept-language' => 'zh-CN,en-US;q=0.8',
  'accept-encoding' => 'gzip',
  'accept' => 'application/json, text/javascript, */*; q=0.01',
)
[ info ] [ PARAM ] array (
  'index/lucky/choujiang_html' => '',
)
[ info ] [ LANG ] E:\www\dbgj/application/index\lang\zh-cn.php
[ info ] [ SESSION ] INIT array (
  'prefix' => 'minishop',
  'type' => '',
  'auto_start' => true,
)
[ info ] [ RUN ] Method [ <user> public method choujiang ] {
  @@ E:\www\dbgj\application\index\controller\Lucky.php 21 - 125
}

[ info ] [ CACHE ] INIT File
[ info ] [ LOG ] INIT file

---------------------------------------------------------------
[ 2017-10-18T17:51:38+08:00 ] 172.31.179.54 101.226.102.94 GET /index/user/usercenter.html
[ log ] dbgj.hoonking.com/index/user/usercenter.html [运行时间：0.093743s][吞吐率：10.67req/s] [内存消耗：1,818.06kb] [文件加载：53]
[ info ] [ DB ] INIT mysql
[ info ] [ LANG ] E:\www\dbgj\core\lang\zh-cn.php
[ info ] [ ROUTE ] array (
  'type' => 'module',
  'module' => 
  array (
    0 => 'index',
    1 => 'user',
    2 => 'usercenter',
  ),
)
[ info ] [ HEADER ] array (
  'x-forwarded-for' => '101.81.180.25',
  'user-agent' => 'Mozilla/5.0 (Linux; Android 6.0; HUAWEI GRA-UL10 Build/HUAWEIGRA-UL10; wv) AppleWebKit/537.36 (KHTML, like Gecko) Version/4.0 Chrome/53.0.2785.49 Mobile MQQBrowser/6.2 TBS/043602 Safari/537.36 MicroMessenger/6.5.16.1120 NetType/WIFI Language/zh_CN',
  'upgrade-insecure-requests' => '1',
  'host' => 'dbgj.hoonking.com',
  'cookie' => 'think_var=zh-cn; PHPSESSID=56hvuc8fsbnlvp3qam5d2p9bk1; safedog-flow-item=',
  'connection' => 'close',
  'accept-language' => 'zh-CN,en-US;q=0.8',
  'accept-encoding' => 'gzip',
  'accept' => 'text/html,application/xhtml+xml,application/xml;q=0.9,image/webp,image/wxpic,image/sharpp,*/*;q=0.8',
)
[ info ] [ PARAM ] array (
  'index/user/usercenter_html' => '',
)
[ info ] [ LANG ] E:\www\dbgj/application/index\lang\zh-cn.php
[ info ] [ SESSION ] INIT array (
  'prefix' => 'minishop',
  'type' => '',
  'auto_start' => true,
)
[ info ] [ RUN ] /**
     * 个人中心
     * @author  ILsunshine
     */
Method [ <user> public method userCenter ] {
  @@ E:\www\dbgj\application\index\controller\User.php 39 - 67
}

[ info ] [ VIEW ] ./themes/default/index/user_center.html [ array (
  0 => 'userinfo',
  1 => 'tyjfmc',
  2 => 'zhscore',
  3 => 's_score',
  4 => 'ytixian',
  5 => 'tuijianren',
  6 => 'userInfo',
  7 => 'hys',
  8 => 'scoreorder',
) ]
[ info ] [ LOG ] INIT file

---------------------------------------------------------------
[ 2017-10-18T17:51:40+08:00 ] 172.31.179.54 101.226.102.94 GET /index/index/index.html
[ log ] dbgj.hoonking.com/index/index/index.html [运行时间：0.046872s][吞吐率：21.33req/s] [内存消耗：1,766.80kb] [文件加载：53]
[ info ] [ DB ] INIT mysql
[ info ] [ LANG ] E:\www\dbgj\core\lang\zh-cn.php
[ info ] [ ROUTE ] array (
  'type' => 'module',
  'module' => 
  array (
    0 => 'index',
    1 => 'index',
    2 => 'index',
  ),
)
[ info ] [ HEADER ] array (
  'x-forwarded-for' => '101.81.180.25',
  'user-agent' => 'Mozilla/5.0 (Linux; Android 6.0; HUAWEI GRA-UL10 Build/HUAWEIGRA-UL10; wv) AppleWebKit/537.36 (KHTML, like Gecko) Version/4.0 Chrome/53.0.2785.49 Mobile MQQBrowser/6.2 TBS/043602 Safari/537.36 MicroMessenger/6.5.16.1120 NetType/WIFI Language/zh_CN',
  'upgrade-insecure-requests' => '1',
  'referer' => 'http://dbgj.hoonking.com/index/user/usercenter.html',
  'host' => 'dbgj.hoonking.com',
  'cookie' => 'think_var=zh-cn; PHPSESSID=56hvuc8fsbnlvp3qam5d2p9bk1; safedog-flow-item=',
  'connection' => 'close',
  'accept-language' => 'zh-CN,en-US;q=0.8',
  'accept-encoding' => 'gzip',
  'accept' => 'text/html,application/xhtml+xml,application/xml;q=0.9,image/webp,image/wxpic,image/sharpp,*/*;q=0.8',
)
[ info ] [ PARAM ] array (
  'index/index/index_html' => '',
)
[ info ] [ LANG ] E:\www\dbgj/application/index\lang\zh-cn.php
[ info ] [ SESSION ] INIT array (
  'prefix' => 'minishop',
  'type' => '',
  'auto_start' => true,
)
[ info ] [ RUN ] Method [ <user> public method index ] {
  @@ E:\www\dbgj\application\index\controller\Index.php 21 - 28
}

[ info ] [ VIEW ] ./themes/default/index/index.html [ array (
  0 => 'userinfo',
  1 => 'goodslist',
) ]
[ info ] [ LOG ] INIT file

---------------------------------------------------------------
[ 2017-10-18T17:52:01+08:00 ] 172.31.179.54 101.226.102.94 GET /index/goods/detail.html?id=44
[ log ] dbgj.hoonking.com/index/goods/detail.html?id=44 [运行时间：0.078119s][吞吐率：12.80req/s] [内存消耗：1,754.60kb] [文件加载：53]
[ info ] [ DB ] INIT mysql
[ info ] [ LANG ] E:\www\dbgj\core\lang\zh-cn.php
[ info ] [ ROUTE ] array (
  'type' => 'module',
  'module' => 
  array (
    0 => 'index',
    1 => 'goods',
    2 => 'detail',
  ),
)
[ info ] [ HEADER ] array (
  'x-forwarded-for' => '101.81.180.25',
  'user-agent' => 'Mozilla/5.0 (Linux; Android 6.0; HUAWEI GRA-UL10 Build/HUAWEIGRA-UL10; wv) AppleWebKit/537.36 (KHTML, like Gecko) Version/4.0 Chrome/53.0.2785.49 Mobile MQQBrowser/6.2 TBS/043602 Safari/537.36 MicroMessenger/6.5.16.1120 NetType/WIFI Language/zh_CN',
  'upgrade-insecure-requests' => '1',
  'referer' => 'http://dbgj.hoonking.com/index/index/index.html',
  'host' => 'dbgj.hoonking.com',
  'cookie' => 'think_var=zh-cn; PHPSESSID=56hvuc8fsbnlvp3qam5d2p9bk1; safedog-flow-item=',
  'connection' => 'close',
  'accept-language' => 'zh-CN,en-US;q=0.8',
  'accept-encoding' => 'gzip',
  'accept' => 'text/html,application/xhtml+xml,application/xml;q=0.9,image/webp,image/wxpic,image/sharpp,*/*;q=0.8',
)
[ info ] [ PARAM ] array (
  'index/goods/detail_html' => '',
  'id' => '44',
)
[ info ] [ LANG ] E:\www\dbgj/application/index\lang\zh-cn.php
[ info ] [ SESSION ] INIT array (
  'prefix' => 'minishop',
  'type' => '',
  'auto_start' => true,
)
[ info ] [ RUN ] Method [ <user> public method detail ] {
  @@ E:\www\dbgj\application\index\controller\Goods.php 25 - 45
}

[ info ] [ VIEW ] ./themes/default/index/goods_detail.html [ array (
  0 => 'userinfo',
  1 => 'data',
) ]
[ info ] [ LOG ] INIT file

---------------------------------------------------------------
[ 2017-10-18T17:52:02+08:00 ] 172.31.179.54 101.81.180.25 GET /minishop/uploads/editor/image/20161223/1482463174435180.jpg
[ log ] dbgj.hoonking.com/minishop/uploads/editor/image/20161223/1482463174435180.jpg [运行时间：0.031247s][吞吐率：32.00req/s] [内存消耗：1,410.73kb] [文件加载：41]
[ info ] [ DB ] INIT mysql
[ info ] [ LANG ] E:\www\dbgj\core\lang\zh-cn.php
[ info ] [ ROUTE ] array (
  'type' => 'module',
  'module' => 
  array (
    0 => 'minishop',
    1 => 'uploads',
    2 => 'editor',
  ),
)
[ info ] [ HEADER ] array (
  'cookie' => 'think_var=zh-cn; PHPSESSID=56hvuc8fsbnlvp3qam5d2p9bk1; safedog-flow-item=',
  'accept-language' => 'zh-CN,en-US;q=0.8',
  'accept-encoding' => 'gzip, deflate',
  'referer' => 'http://dbgj.hoonking.com/index/goods/detail.html?id=44',
  'accept' => 'image/webp,image/wxpic,image/sharpp,image/*,*/*;q=0.8',
  'user-agent' => 'Mozilla/5.0 (Linux; Android 6.0; HUAWEI GRA-UL10 Build/HUAWEIGRA-UL10; wv) AppleWebKit/537.36 (KHTML, like Gecko) Version/4.0 Chrome/53.0.2785.49 Mobile MQQBrowser/6.2 TBS/043602 Safari/537.36 MicroMessenger/6.5.16.1120 NetType/WIFI Language/zh_CN',
  'connection' => 'close',
  'host' => 'dbgj.hoonking.com',
)
[ info ] [ PARAM ] array (
  'minishop/uploads/editor/image/20161223/1482463174435180_jpg' => '',
  'image' => '20161223',
)
[ info ] [ LOG ] INIT file

---------------------------------------------------------------
[ 2017-10-18T17:52:08+08:00 ] 172.31.179.54 101.226.102.94 GET /index/index/index.html
[ log ] dbgj.hoonking.com/index/index/index.html [运行时间：0.046872s][吞吐率：21.33req/s] [内存消耗：1,766.80kb] [文件加载：53]
[ info ] [ DB ] INIT mysql
[ info ] [ LANG ] E:\www\dbgj\core\lang\zh-cn.php
[ info ] [ ROUTE ] array (
  'type' => 'module',
  'module' => 
  array (
    0 => 'index',
    1 => 'index',
    2 => 'index',
  ),
)
[ info ] [ HEADER ] array (
  'x-forwarded-for' => '101.81.180.25',
  'user-agent' => 'Mozilla/5.0 (Linux; Android 6.0; HUAWEI GRA-UL10 Build/HUAWEIGRA-UL10; wv) AppleWebKit/537.36 (KHTML, like Gecko) Version/4.0 Chrome/53.0.2785.49 Mobile MQQBrowser/6.2 TBS/043602 Safari/537.36 MicroMessenger/6.5.16.1120 NetType/WIFI Language/zh_CN',
  'upgrade-insecure-requests' => '1',
  'referer' => 'http://dbgj.hoonking.com/index/user/usercenter.html',
  'host' => 'dbgj.hoonking.com',
  'cookie' => 'think_var=zh-cn; PHPSESSID=56hvuc8fsbnlvp3qam5d2p9bk1; safedog-flow-item=',
  'connection' => 'close',
  'accept-language' => 'zh-CN,en-US;q=0.8',
  'accept-encoding' => 'gzip',
  'accept' => 'text/html,application/xhtml+xml,application/xml;q=0.9,image/webp,image/wxpic,image/sharpp,*/*;q=0.8',
)
[ info ] [ PARAM ] array (
  'index/index/index_html' => '',
)
[ info ] [ LANG ] E:\www\dbgj/application/index\lang\zh-cn.php
[ info ] [ SESSION ] INIT array (
  'prefix' => 'minishop',
  'type' => '',
  'auto_start' => true,
)
[ info ] [ RUN ] Method [ <user> public method index ] {
  @@ E:\www\dbgj\application\index\controller\Index.php 21 - 28
}

[ info ] [ VIEW ] ./themes/default/index/index.html [ array (
  0 => 'userinfo',
  1 => 'goodslist',
) ]
[ info ] [ LOG ] INIT file

---------------------------------------------------------------
[ 2017-10-18T17:52:10+08:00 ] 172.31.179.54 117.185.27.114 GET /index/goods/detail.html?id=44
[ log ] dbgj.hoonking.com/index/goods/detail.html?id=44 [运行时间：0.031248s][吞吐率：32.00req/s] [内存消耗：1,752.38kb] [文件加载：54]
[ info ] [ DB ] INIT mysql
[ info ] [ LANG ] E:\www\dbgj\core\lang\zh-cn.php
[ info ] [ ROUTE ] array (
  'type' => 'module',
  'module' => 
  array (
    0 => 'index',
    1 => 'goods',
    2 => 'detail',
  ),
)
[ info ] [ HEADER ] array (
  'connection' => 'close',
  'host' => 'dbgj.hoonking.com',
  'accept-language' => 'zh-CN,zh;q=0.8,en-US;q=0.6,en;q=0.4',
  'accept-encoding' => 'gzip, deflate, sdch, br',
  'accept' => '*/*',
  'user-agent' => 'Mozilla/5.0 (Linux; Android 4.4.4; HUAWEI ALE-CL00 Build/HuaweiALE-CL00; wv) AppleWebKit/537.36 (KHTML, like Gecko) Version/4.0 Chrome/53.0.2785.49 Mobile MQQBrowser/6.2 TBS/043024 Safari/537.36 MicroMessenger/6.5.4.1000 NetType/4G Language/zh_CN',
)
[ info ] [ PARAM ] array (
  'index/goods/detail_html' => '',
  'id' => '44',
)
[ info ] [ LANG ] E:\www\dbgj/application/index\lang\zh-cn.php
[ info ] [ SESSION ] INIT array (
  'prefix' => 'minishop',
  'type' => '',
  'auto_start' => true,
)
[ info ] [ LOG ] INIT file

---------------------------------------------------------------
[ 2017-10-18T17:52:10+08:00 ] 172.31.179.54 117.185.27.114 GET /index/base/login.html
[ log ] dbgj.hoonking.com/index/base/login.html [运行时间：0.046872s][吞吐率：21.33req/s] [内存消耗：1,732.38kb] [文件加载：52]
[ info ] [ DB ] INIT mysql
[ info ] [ LANG ] E:\www\dbgj\core\lang\zh-cn.php
[ info ] [ ROUTE ] array (
  'type' => 'module',
  'module' => 
  array (
    0 => 'index',
    1 => 'base',
    2 => 'login',
  ),
)
[ info ] [ HEADER ] array (
  'connection' => 'close',
  'host' => 'dbgj.hoonking.com',
  'accept-language' => 'zh-CN,zh;q=0.8,en-US;q=0.6,en;q=0.4',
  'cookie' => 'PHPSESSID=73vu38hsl7uu2li5q1silr1it7; think_var=zh-cn',
  'referer' => 'http://dbgj.hoonking.com/index/goods/detail.html?id=44',
  'accept-encoding' => 'gzip, deflate, sdch, br',
  'accept' => '*/*',
  'user-agent' => 'Mozilla/5.0 (Linux; Android 4.4.4; HUAWEI ALE-CL00 Build/HuaweiALE-CL00; wv) AppleWebKit/537.36 (KHTML, like Gecko) Version/4.0 Chrome/53.0.2785.49 Mobile MQQBrowser/6.2 TBS/043024 Safari/537.36 MicroMessenger/6.5.4.1000 NetType/4G Language/zh_CN',
)
[ info ] [ PARAM ] array (
  'index/base/login_html' => '',
)
[ info ] [ LANG ] E:\www\dbgj/application/index\lang\zh-cn.php
[ info ] [ SESSION ] INIT array (
  'prefix' => 'minishop',
  'type' => '',
  'auto_start' => true,
)
[ info ] [ RUN ] /**
     * 用户登录方法
     * @author  矢志bu渝 <745152620@qq.com>
     */
Method [ <user> public method login ] {
  @@ E:\www\dbgj\application\index\controller\Base.php 57 - 83
}

[ info ] [ VIEW ] ./themes/default/index/login.html [ array (
  0 => 'userinfo',
) ]
[ info ] [ LOG ] INIT file

---------------------------------------------------------------
[ 2017-10-18T17:52:12+08:00 ] 172.31.179.54 101.226.102.94 GET /index/lucky/index.html
[ log ] dbgj.hoonking.com/index/lucky/index.html [运行时间：0.046871s][吞吐率：21.34req/s] [内存消耗：1,735.85kb] [文件加载：53]
[ info ] [ DB ] INIT mysql
[ info ] [ LANG ] E:\www\dbgj\core\lang\zh-cn.php
[ info ] [ ROUTE ] array (
  'type' => 'module',
  'module' => 
  array (
    0 => 'index',
    1 => 'lucky',
    2 => 'index',
  ),
)
[ info ] [ HEADER ] array (
  'x-forwarded-for' => '101.81.180.25',
  'user-agent' => 'Mozilla/5.0 (Linux; Android 6.0; HUAWEI GRA-UL10 Build/HUAWEIGRA-UL10; wv) AppleWebKit/537.36 (KHTML, like Gecko) Version/4.0 Chrome/53.0.2785.49 Mobile MQQBrowser/6.2 TBS/043602 Safari/537.36 MicroMessenger/6.5.16.1120 NetType/WIFI Language/zh_CN',
  'upgrade-insecure-requests' => '1',
  'referer' => 'http://dbgj.hoonking.com/index/index/index.html',
  'host' => 'dbgj.hoonking.com',
  'cookie' => 'think_var=zh-cn; PHPSESSID=56hvuc8fsbnlvp3qam5d2p9bk1; safedog-flow-item=',
  'connection' => 'close',
  'accept-language' => 'zh-CN,en-US;q=0.8',
  'accept-encoding' => 'gzip',
  'accept' => 'text/html,application/xhtml+xml,application/xml;q=0.9,image/webp,image/wxpic,image/sharpp,*/*;q=0.8',
)
[ info ] [ PARAM ] array (
  'index/lucky/index_html' => '',
)
[ info ] [ LANG ] E:\www\dbgj/application/index\lang\zh-cn.php
[ info ] [ SESSION ] INIT array (
  'prefix' => 'minishop',
  'type' => '',
  'auto_start' => true,
)
[ info ] [ RUN ] Method [ <user> public method index ] {
  @@ E:\www\dbgj\application\index\controller\Lucky.php 12 - 18
}

[ info ] [ VIEW ] ./themes/default/index/lucky.html [ array (
  0 => 'userinfo',
  1 => 'tyjfmc',
  2 => 'list',
  3 => 'web_lucky_score',
) ]
[ info ] [ LOG ] INIT file

---------------------------------------------------------------
[ 2017-10-18T17:52:14+08:00 ] 172.31.179.54 101.226.102.94 GET /index/index/index.html
[ log ] dbgj.hoonking.com/index/index/index.html [运行时间：0.046871s][吞吐率：21.34req/s] [内存消耗：1,766.80kb] [文件加载：53]
[ info ] [ DB ] INIT mysql
[ info ] [ LANG ] E:\www\dbgj\core\lang\zh-cn.php
[ info ] [ ROUTE ] array (
  'type' => 'module',
  'module' => 
  array (
    0 => 'index',
    1 => 'index',
    2 => 'index',
  ),
)
[ info ] [ HEADER ] array (
  'x-forwarded-for' => '101.81.180.25',
  'user-agent' => 'Mozilla/5.0 (Linux; Android 6.0; HUAWEI GRA-UL10 Build/HUAWEIGRA-UL10; wv) AppleWebKit/537.36 (KHTML, like Gecko) Version/4.0 Chrome/53.0.2785.49 Mobile MQQBrowser/6.2 TBS/043602 Safari/537.36 MicroMessenger/6.5.16.1120 NetType/WIFI Language/zh_CN',
  'upgrade-insecure-requests' => '1',
  'referer' => 'http://dbgj.hoonking.com/index/user/usercenter.html',
  'host' => 'dbgj.hoonking.com',
  'cookie' => 'think_var=zh-cn; PHPSESSID=56hvuc8fsbnlvp3qam5d2p9bk1; safedog-flow-item=',
  'connection' => 'close',
  'accept-language' => 'zh-CN,en-US;q=0.8',
  'accept-encoding' => 'gzip',
  'accept' => 'text/html,application/xhtml+xml,application/xml;q=0.9,image/webp,image/wxpic,image/sharpp,*/*;q=0.8',
)
[ info ] [ PARAM ] array (
  'index/index/index_html' => '',
)
[ info ] [ LANG ] E:\www\dbgj/application/index\lang\zh-cn.php
[ info ] [ SESSION ] INIT array (
  'prefix' => 'minishop',
  'type' => '',
  'auto_start' => true,
)
[ info ] [ RUN ] Method [ <user> public method index ] {
  @@ E:\www\dbgj\application\index\controller\Index.php 21 - 28
}

[ info ] [ VIEW ] ./themes/default/index/index.html [ array (
  0 => 'userinfo',
  1 => 'goodslist',
) ]
[ info ] [ LOG ] INIT file

---------------------------------------------------------------
[ 2017-10-18T17:52:16+08:00 ] 172.31.179.54 101.226.102.94 GET /index/cart/index.html
[ log ] dbgj.hoonking.com/index/cart/index.html [运行时间：0.046871s][吞吐率：21.34req/s] [内存消耗：1,760.63kb] [文件加载：53]
[ info ] [ DB ] INIT mysql
[ info ] [ LANG ] E:\www\dbgj\core\lang\zh-cn.php
[ info ] [ ROUTE ] array (
  'type' => 'module',
  'module' => 
  array (
    0 => 'index',
    1 => 'cart',
    2 => 'index',
  ),
)
[ info ] [ HEADER ] array (
  'x-forwarded-for' => '101.81.180.25',
  'user-agent' => 'Mozilla/5.0 (Linux; Android 6.0; HUAWEI GRA-UL10 Build/HUAWEIGRA-UL10; wv) AppleWebKit/537.36 (KHTML, like Gecko) Version/4.0 Chrome/53.0.2785.49 Mobile MQQBrowser/6.2 TBS/043602 Safari/537.36 MicroMessenger/6.5.16.1120 NetType/WIFI Language/zh_CN',
  'upgrade-insecure-requests' => '1',
  'referer' => 'http://dbgj.hoonking.com/index/index/index.html',
  'host' => 'dbgj.hoonking.com',
  'cookie' => 'think_var=zh-cn; PHPSESSID=56hvuc8fsbnlvp3qam5d2p9bk1; safedog-flow-item=',
  'connection' => 'close',
  'accept-language' => 'zh-CN,en-US;q=0.8',
  'accept-encoding' => 'gzip',
  'accept' => 'text/html,application/xhtml+xml,application/xml;q=0.9,image/webp,image/wxpic,image/sharpp,*/*;q=0.8',
)
[ info ] [ PARAM ] array (
  'index/cart/index_html' => '',
)
[ info ] [ LANG ] E:\www\dbgj/application/index\lang\zh-cn.php
[ info ] [ SESSION ] INIT array (
  'prefix' => 'minishop',
  'type' => '',
  'auto_start' => true,
)
[ info ] [ RUN ] /**
	* 购物车首页
	* @author tangtanglove
	*/
Method [ <user> public method index ] {
  @@ E:\www\dbgj\application\index\controller\Cart.php 24 - 68
}

[ info ] [ VIEW ] ./themes/default/index/cart_index.html [ array (
  0 => 'userinfo',
  1 => 'tyjfmc',
  2 => 'cartMoney',
  3 => 'selectGoods',
  4 => 'lists',
) ]
[ info ] [ LOG ] INIT file

---------------------------------------------------------------
[ 2017-10-18T17:52:19+08:00 ] 172.31.179.54 101.226.102.94 GET /index/index/index.html
[ log ] dbgj.hoonking.com/index/index/index.html [运行时间：0.062495s][吞吐率：16.00req/s] [内存消耗：1,766.80kb] [文件加载：53]
[ info ] [ DB ] INIT mysql
[ info ] [ LANG ] E:\www\dbgj\core\lang\zh-cn.php
[ info ] [ ROUTE ] array (
  'type' => 'module',
  'module' => 
  array (
    0 => 'index',
    1 => 'index',
    2 => 'index',
  ),
)
[ info ] [ HEADER ] array (
  'x-forwarded-for' => '101.81.180.25',
  'user-agent' => 'Mozilla/5.0 (Linux; Android 6.0; HUAWEI GRA-UL10 Build/HUAWEIGRA-UL10; wv) AppleWebKit/537.36 (KHTML, like Gecko) Version/4.0 Chrome/53.0.2785.49 Mobile MQQBrowser/6.2 TBS/043602 Safari/537.36 MicroMessenger/6.5.16.1120 NetType/WIFI Language/zh_CN',
  'upgrade-insecure-requests' => '1',
  'referer' => 'http://dbgj.hoonking.com/index/user/usercenter.html',
  'host' => 'dbgj.hoonking.com',
  'cookie' => 'think_var=zh-cn; PHPSESSID=56hvuc8fsbnlvp3qam5d2p9bk1; safedog-flow-item=',
  'connection' => 'close',
  'accept-language' => 'zh-CN,en-US;q=0.8',
  'accept-encoding' => 'gzip',
  'accept' => 'text/html,application/xhtml+xml,application/xml;q=0.9,image/webp,image/wxpic,image/sharpp,*/*;q=0.8',
)
[ info ] [ PARAM ] array (
  'index/index/index_html' => '',
)
[ info ] [ LANG ] E:\www\dbgj/application/index\lang\zh-cn.php
[ info ] [ SESSION ] INIT array (
  'prefix' => 'minishop',
  'type' => '',
  'auto_start' => true,
)
[ info ] [ RUN ] Method [ <user> public method index ] {
  @@ E:\www\dbgj\application\index\controller\Index.php 21 - 28
}

[ info ] [ VIEW ] ./themes/default/index/index.html [ array (
  0 => 'userinfo',
  1 => 'goodslist',
) ]
[ info ] [ LOG ] INIT file

---------------------------------------------------------------
[ 2017-10-18T17:52:20+08:00 ] 172.31.179.54 101.226.102.94 GET /index/user/usercenter.html
[ log ] dbgj.hoonking.com/index/user/usercenter.html [运行时间：0.109367s][吞吐率：9.14req/s] [内存消耗：1,818.06kb] [文件加载：53]
[ info ] [ DB ] INIT mysql
[ info ] [ LANG ] E:\www\dbgj\core\lang\zh-cn.php
[ info ] [ ROUTE ] array (
  'type' => 'module',
  'module' => 
  array (
    0 => 'index',
    1 => 'user',
    2 => 'usercenter',
  ),
)
[ info ] [ HEADER ] array (
  'x-forwarded-for' => '101.81.180.25',
  'user-agent' => 'Mozilla/5.0 (Linux; Android 6.0; HUAWEI GRA-UL10 Build/HUAWEIGRA-UL10; wv) AppleWebKit/537.36 (KHTML, like Gecko) Version/4.0 Chrome/53.0.2785.49 Mobile MQQBrowser/6.2 TBS/043602 Safari/537.36 MicroMessenger/6.5.16.1120 NetType/WIFI Language/zh_CN',
  'upgrade-insecure-requests' => '1',
  'host' => 'dbgj.hoonking.com',
  'cookie' => 'think_var=zh-cn; PHPSESSID=56hvuc8fsbnlvp3qam5d2p9bk1; safedog-flow-item=',
  'connection' => 'close',
  'accept-language' => 'zh-CN,en-US;q=0.8',
  'accept-encoding' => 'gzip',
  'accept' => 'text/html,application/xhtml+xml,application/xml;q=0.9,image/webp,image/wxpic,image/sharpp,*/*;q=0.8',
)
[ info ] [ PARAM ] array (
  'index/user/usercenter_html' => '',
)
[ info ] [ LANG ] E:\www\dbgj/application/index\lang\zh-cn.php
[ info ] [ SESSION ] INIT array (
  'prefix' => 'minishop',
  'type' => '',
  'auto_start' => true,
)
[ info ] [ RUN ] /**
     * 个人中心
     * @author  ILsunshine
     */
Method [ <user> public method userCenter ] {
  @@ E:\www\dbgj\application\index\controller\User.php 39 - 67
}

[ info ] [ VIEW ] ./themes/default/index/user_center.html [ array (
  0 => 'userinfo',
  1 => 'tyjfmc',
  2 => 'zhscore',
  3 => 's_score',
  4 => 'ytixian',
  5 => 'tuijianren',
  6 => 'userInfo',
  7 => 'hys',
  8 => 'scoreorder',
) ]
[ info ] [ LOG ] INIT file

---------------------------------------------------------------
[ 2017-10-18T17:52:43+08:00 ] 172.31.179.54 101.226.102.94 GET /index/user/user_link.html
[ log ] dbgj.hoonking.com/index/user/user_link.html [运行时间：0.062495s][吞吐率：16.00req/s] [内存消耗：1,804.54kb] [文件加载：53]
[ info ] [ DB ] INIT mysql
[ info ] [ LANG ] E:\www\dbgj\core\lang\zh-cn.php
[ info ] [ ROUTE ] array (
  'type' => 'module',
  'module' => 
  array (
    0 => 'index',
    1 => 'user',
    2 => 'user_link',
  ),
)
[ info ] [ HEADER ] array (
  'x-forwarded-for' => '101.81.180.25',
  'user-agent' => 'Mozilla/5.0 (Linux; Android 6.0; HUAWEI GRA-UL10 Build/HUAWEIGRA-UL10; wv) AppleWebKit/537.36 (KHTML, like Gecko) Version/4.0 Chrome/53.0.2785.49 Mobile MQQBrowser/6.2 TBS/043602 Safari/537.36 MicroMessenger/6.5.16.1120 NetType/WIFI Language/zh_CN',
  'upgrade-insecure-requests' => '1',
  'referer' => 'http://dbgj.hoonking.com/index/user/usercenter.html',
  'host' => 'dbgj.hoonking.com',
  'cookie' => 'think_var=zh-cn; PHPSESSID=56hvuc8fsbnlvp3qam5d2p9bk1; safedog-flow-item=',
  'connection' => 'close',
  'accept-language' => 'zh-CN,en-US;q=0.8',
  'accept-encoding' => 'gzip',
  'accept' => 'text/html,application/xhtml+xml,application/xml;q=0.9,image/webp,image/wxpic,image/sharpp,*/*;q=0.8',
)
[ info ] [ PARAM ] array (
  'index/user/user_link_html' => '',
)
[ info ] [ LANG ] E:\www\dbgj/application/index\lang\zh-cn.php
[ info ] [ SESSION ] INIT array (
  'prefix' => 'minishop',
  'type' => '',
  'auto_start' => true,
)
[ info ] [ RUN ] /**
     * 推广链接
     * @author  赵祥祥654377754
     */
Method [ <user> public method user_link ] {
  @@ E:\www\dbgj\application\index\controller\User.php 358 - 361
}

[ info ] [ VIEW ] ./themes/default/index/user_link.html [ array (
  0 => 'userinfo',
  1 => 'tyjfmc',
) ]
[ info ] [ LOG ] INIT file

---------------------------------------------------------------
[ 2017-10-18T17:52:50+08:00 ] 172.31.179.54 101.226.102.94 GET /index/cart/index.html
[ log ] dbgj.hoonking.com/index/cart/index.html [运行时间：0.046871s][吞吐率：21.34req/s] [内存消耗：1,760.71kb] [文件加载：53]
[ info ] [ DB ] INIT mysql
[ info ] [ LANG ] E:\www\dbgj\core\lang\zh-cn.php
[ info ] [ ROUTE ] array (
  'type' => 'module',
  'module' => 
  array (
    0 => 'index',
    1 => 'cart',
    2 => 'index',
  ),
)
[ info ] [ HEADER ] array (
  'x-forwarded-for' => '101.81.180.25',
  'user-agent' => 'Mozilla/5.0 (Linux; Android 6.0; HUAWEI GRA-UL10 Build/HUAWEIGRA-UL10; wv) AppleWebKit/537.36 (KHTML, like Gecko) Version/4.0 Chrome/53.0.2785.49 Mobile MQQBrowser/6.2 TBS/043602 Safari/537.36 MicroMessenger/6.5.16.1120 NetType/WIFI Language/zh_CN',
  'upgrade-insecure-requests' => '1',
  'referer' => 'http://dbgj.hoonking.com/index/user/user_link.html',
  'host' => 'dbgj.hoonking.com',
  'cookie' => 'think_var=zh-cn; PHPSESSID=56hvuc8fsbnlvp3qam5d2p9bk1; safedog-flow-item=',
  'connection' => 'close',
  'accept-language' => 'zh-CN,en-US;q=0.8',
  'accept-encoding' => 'gzip',
  'accept' => 'text/html,application/xhtml+xml,application/xml;q=0.9,image/webp,image/wxpic,image/sharpp,*/*;q=0.8',
)
[ info ] [ PARAM ] array (
  'index/cart/index_html' => '',
)
[ info ] [ LANG ] E:\www\dbgj/application/index\lang\zh-cn.php
[ info ] [ SESSION ] INIT array (
  'prefix' => 'minishop',
  'type' => '',
  'auto_start' => true,
)
[ info ] [ RUN ] /**
	* 购物车首页
	* @author tangtanglove
	*/
Method [ <user> public method index ] {
  @@ E:\www\dbgj\application\index\controller\Cart.php 24 - 68
}

[ info ] [ VIEW ] ./themes/default/index/cart_index.html [ array (
  0 => 'userinfo',
  1 => 'tyjfmc',
  2 => 'cartMoney',
  3 => 'selectGoods',
  4 => 'lists',
) ]
[ info ] [ LOG ] INIT file

---------------------------------------------------------------
[ 2017-10-18T17:52:52+08:00 ] 172.31.179.54 101.226.102.94 POST /index/cart/sessionorder.html
[ log ] dbgj.hoonking.com/index/cart/sessionorder.html [运行时间：0.031247s][吞吐率：32.00req/s] [内存消耗：1,728.05kb] [文件加载：53]
[ info ] [ DB ] INIT mysql
[ info ] [ LANG ] E:\www\dbgj\core\lang\zh-cn.php
[ info ] [ ROUTE ] array (
  'type' => 'module',
  'module' => 
  array (
    0 => 'index',
    1 => 'cart',
    2 => 'sessionorder',
  ),
)
[ info ] [ HEADER ] array (
  'x-requested-with' => 'XMLHttpRequest',
  'x-forwarded-for' => '101.81.180.25',
  'user-agent' => 'Mozilla/5.0 (Linux; Android 6.0; HUAWEI GRA-UL10 Build/HUAWEIGRA-UL10; wv) AppleWebKit/537.36 (KHTML, like Gecko) Version/4.0 Chrome/53.0.2785.49 Mobile MQQBrowser/6.2 TBS/043602 Safari/537.36 MicroMessenger/6.5.16.1120 NetType/WIFI Language/zh_CN',
  'referer' => 'http://dbgj.hoonking.com/index/cart/index.html',
  'origin' => 'http://dbgj.hoonking.com',
  'host' => 'dbgj.hoonking.com',
  'cookie' => 'think_var=zh-cn; PHPSESSID=56hvuc8fsbnlvp3qam5d2p9bk1; safedog-flow-item=',
  'connection' => 'close',
  'accept-language' => 'zh-CN,en-US;q=0.8',
  'accept-encoding' => 'gzip',
  'accept' => '*/*',
  'content-type' => 'application/x-www-form-urlencoded; charset=UTF-8',
  'content-length' => '60',
)
[ info ] [ PARAM ] array (
  'index/cart/sessionorder_html' => '',
  'cart' => 
  array (
    0 => '
								,48,12.00,129',
  ),
)
[ info ] [ LANG ] E:\www\dbgj/application/index\lang\zh-cn.php
[ info ] [ SESSION ] INIT array (
  'prefix' => 'minishop',
  'type' => '',
  'auto_start' => true,
)
[ info ] [ RUN ] /**
	* 缓存订单数据
	* @author tangtanglove
	*/
Method [ <user> public method sessionorder ] {
  @@ E:\www\dbgj\application\index\controller\Cart.php 74 - 96
}

[ info ] [ LOG ] INIT file

---------------------------------------------------------------
[ 2017-10-18T17:52:56+08:00 ] 172.31.179.54 101.226.102.94 POST /index/cart/sessionorder.html
[ log ] dbgj.hoonking.com/index/cart/sessionorder.html [运行时间：0.046872s][吞吐率：21.33req/s] [内存消耗：1,737.22kb] [文件加载：53]
[ info ] [ DB ] INIT mysql
[ info ] [ LANG ] E:\www\dbgj\core\lang\zh-cn.php
[ info ] [ ROUTE ] array (
  'type' => 'module',
  'module' => 
  array (
    0 => 'index',
    1 => 'cart',
    2 => 'sessionorder',
  ),
)
[ info ] [ HEADER ] array (
  'x-requested-with' => 'XMLHttpRequest',
  'x-forwarded-for' => '101.81.180.25',
  'user-agent' => 'Mozilla/5.0 (Linux; Android 6.0; HUAWEI GRA-UL10 Build/HUAWEIGRA-UL10; wv) AppleWebKit/537.36 (KHTML, like Gecko) Version/4.0 Chrome/53.0.2785.49 Mobile MQQBrowser/6.2 TBS/043602 Safari/537.36 MicroMessenger/6.5.16.1120 NetType/WIFI Language/zh_CN',
  'referer' => 'http://dbgj.hoonking.com/index/cart/index.html',
  'origin' => 'http://dbgj.hoonking.com',
  'host' => 'dbgj.hoonking.com',
  'cookie' => 'think_var=zh-cn; PHPSESSID=56hvuc8fsbnlvp3qam5d2p9bk1; safedog-flow-item=',
  'connection' => 'close',
  'accept-language' => 'zh-CN,en-US;q=0.8',
  'accept-encoding' => 'gzip',
  'accept' => '*/*',
  'content-type' => 'application/x-www-form-urlencoded; charset=UTF-8',
  'content-length' => '33',
)
[ info ] [ PARAM ] array (
  'index/cart/sessionorder_html' => '',
  'cart' => 
  array (
    0 => 'yes,48,12.00,129',
  ),
)
[ info ] [ LANG ] E:\www\dbgj/application/index\lang\zh-cn.php
[ info ] [ SESSION ] INIT array (
  'prefix' => 'minishop',
  'type' => '',
  'auto_start' => true,
)
[ info ] [ RUN ] /**
	* 缓存订单数据
	* @author tangtanglove
	*/
Method [ <user> public method sessionorder ] {
  @@ E:\www\dbgj\application\index\controller\Cart.php 74 - 96
}

[ info ] [ LOG ] INIT file

---------------------------------------------------------------
[ 2017-10-18T17:52:59+08:00 ] 172.31.179.54 101.226.102.94 POST /index/cart/collection.html
[ log ] dbgj.hoonking.com/index/cart/collection.html [运行时间：0.046871s][吞吐率：21.34req/s] [内存消耗：1,727.59kb] [文件加载：53]
[ info ] [ DB ] INIT mysql
[ info ] [ LANG ] E:\www\dbgj\core\lang\zh-cn.php
[ info ] [ ROUTE ] array (
  'type' => 'module',
  'module' => 
  array (
    0 => 'index',
    1 => 'cart',
    2 => 'collection',
  ),
)
[ info ] [ HEADER ] array (
  'x-requested-with' => 'XMLHttpRequest',
  'x-forwarded-for' => '101.81.180.25',
  'user-agent' => 'Mozilla/5.0 (Linux; Android 6.0; HUAWEI GRA-UL10 Build/HUAWEIGRA-UL10; wv) AppleWebKit/537.36 (KHTML, like Gecko) Version/4.0 Chrome/53.0.2785.49 Mobile MQQBrowser/6.2 TBS/043602 Safari/537.36 MicroMessenger/6.5.16.1120 NetType/WIFI Language/zh_CN',
  'referer' => 'http://dbgj.hoonking.com/index/cart/index.html',
  'origin' => 'http://dbgj.hoonking.com',
  'host' => 'dbgj.hoonking.com',
  'cookie' => 'think_var=zh-cn; PHPSESSID=56hvuc8fsbnlvp3qam5d2p9bk1; safedog-flow-item=',
  'connection' => 'close',
  'accept-language' => 'zh-CN,en-US;q=0.8',
  'accept-encoding' => 'gzip',
  'accept' => '*/*',
  'content-type' => 'application/x-www-form-urlencoded; charset=UTF-8',
  'content-length' => '33',
)
[ info ] [ PARAM ] array (
  'index/cart/collection_html' => '',
  'cart' => 
  array (
    0 => 'yes,48,12.00,129',
  ),
)
[ info ] [ LANG ] E:\www\dbgj/application/index\lang\zh-cn.php
[ info ] [ SESSION ] INIT array (
  'prefix' => 'minishop',
  'type' => '',
  'auto_start' => true,
)
[ info ] [ RUN ] /**
	* 订单收藏
	* @author tangtanglove
	*/
Method [ <user> public method collection ] {
  @@ E:\www\dbgj\application\index\controller\Cart.php 300 - 327
}

[ info ] [ LOG ] INIT file

---------------------------------------------------------------
[ 2017-10-18T17:53:01+08:00 ] 172.31.179.54 101.226.102.94 GET /index/user/user_link.html
[ log ] dbgj.hoonking.com/index/user/user_link.html [运行时间：0.046872s][吞吐率：21.33req/s] [内存消耗：1,804.54kb] [文件加载：53]
[ info ] [ DB ] INIT mysql
[ info ] [ LANG ] E:\www\dbgj\core\lang\zh-cn.php
[ info ] [ ROUTE ] array (
  'type' => 'module',
  'module' => 
  array (
    0 => 'index',
    1 => 'user',
    2 => 'user_link',
  ),
)
[ info ] [ HEADER ] array (
  'x-forwarded-for' => '101.81.180.25',
  'user-agent' => 'Mozilla/5.0 (Linux; Android 6.0; HUAWEI GRA-UL10 Build/HUAWEIGRA-UL10; wv) AppleWebKit/537.36 (KHTML, like Gecko) Version/4.0 Chrome/53.0.2785.49 Mobile MQQBrowser/6.2 TBS/043602 Safari/537.36 MicroMessenger/6.5.16.1120 NetType/WIFI Language/zh_CN',
  'upgrade-insecure-requests' => '1',
  'referer' => 'http://dbgj.hoonking.com/index/user/usercenter.html',
  'host' => 'dbgj.hoonking.com',
  'cookie' => 'think_var=zh-cn; PHPSESSID=56hvuc8fsbnlvp3qam5d2p9bk1; safedog-flow-item=',
  'connection' => 'close',
  'accept-language' => 'zh-CN,en-US;q=0.8',
  'accept-encoding' => 'gzip',
  'accept' => 'text/html,application/xhtml+xml,application/xml;q=0.9,image/webp,image/wxpic,image/sharpp,*/*;q=0.8',
)
[ info ] [ PARAM ] array (
  'index/user/user_link_html' => '',
)
[ info ] [ LANG ] E:\www\dbgj/application/index\lang\zh-cn.php
[ info ] [ SESSION ] INIT array (
  'prefix' => 'minishop',
  'type' => '',
  'auto_start' => true,
)
[ info ] [ RUN ] /**
     * 推广链接
     * @author  赵祥祥654377754
     */
Method [ <user> public method user_link ] {
  @@ E:\www\dbgj\application\index\controller\User.php 358 - 361
}

[ info ] [ VIEW ] ./themes/default/index/user_link.html [ array (
  0 => 'userinfo',
  1 => 'tyjfmc',
) ]
[ info ] [ LOG ] INIT file

---------------------------------------------------------------
[ 2017-10-18T17:53:03+08:00 ] 172.31.179.54 101.226.102.94 GET /index/user/usercenter.html
[ log ] dbgj.hoonking.com/index/user/usercenter.html [运行时间：0.093742s][吞吐率：10.67req/s] [内存消耗：1,818.06kb] [文件加载：53]
[ info ] [ DB ] INIT mysql
[ info ] [ LANG ] E:\www\dbgj\core\lang\zh-cn.php
[ info ] [ ROUTE ] array (
  'type' => 'module',
  'module' => 
  array (
    0 => 'index',
    1 => 'user',
    2 => 'usercenter',
  ),
)
[ info ] [ HEADER ] array (
  'x-forwarded-for' => '101.81.180.25',
  'user-agent' => 'Mozilla/5.0 (Linux; Android 6.0; HUAWEI GRA-UL10 Build/HUAWEIGRA-UL10; wv) AppleWebKit/537.36 (KHTML, like Gecko) Version/4.0 Chrome/53.0.2785.49 Mobile MQQBrowser/6.2 TBS/043602 Safari/537.36 MicroMessenger/6.5.16.1120 NetType/WIFI Language/zh_CN',
  'upgrade-insecure-requests' => '1',
  'host' => 'dbgj.hoonking.com',
  'cookie' => 'think_var=zh-cn; PHPSESSID=56hvuc8fsbnlvp3qam5d2p9bk1; safedog-flow-item=',
  'connection' => 'close',
  'accept-language' => 'zh-CN,en-US;q=0.8',
  'accept-encoding' => 'gzip',
  'accept' => 'text/html,application/xhtml+xml,application/xml;q=0.9,image/webp,image/wxpic,image/sharpp,*/*;q=0.8',
)
[ info ] [ PARAM ] array (
  'index/user/usercenter_html' => '',
)
[ info ] [ LANG ] E:\www\dbgj/application/index\lang\zh-cn.php
[ info ] [ SESSION ] INIT array (
  'prefix' => 'minishop',
  'type' => '',
  'auto_start' => true,
)
[ info ] [ RUN ] /**
     * 个人中心
     * @author  ILsunshine
     */
Method [ <user> public method userCenter ] {
  @@ E:\www\dbgj\application\index\controller\User.php 39 - 67
}

[ info ] [ VIEW ] ./themes/default/index/user_center.html [ array (
  0 => 'userinfo',
  1 => 'tyjfmc',
  2 => 'zhscore',
  3 => 's_score',
  4 => 'ytixian',
  5 => 'tuijianren',
  6 => 'userInfo',
  7 => 'hys',
  8 => 'scoreorder',
) ]
[ info ] [ LOG ] INIT file

---------------------------------------------------------------
[ 2017-10-18T17:53:18+08:00 ] 172.31.179.54 101.226.102.94 GET /index/collection/collection.html
[ log ] dbgj.hoonking.com/index/collection/collection.html [运行时间：0.062496s][吞吐率：16.00req/s] [内存消耗：1,807.22kb] [文件加载：57]
[ info ] [ DB ] INIT mysql
[ info ] [ LANG ] E:\www\dbgj\core\lang\zh-cn.php
[ info ] [ ROUTE ] array (
  'type' => 'module',
  'module' => 
  array (
    0 => 'index',
    1 => 'collection',
    2 => 'collection',
  ),
)
[ info ] [ HEADER ] array (
  'x-forwarded-for' => '101.81.180.25',
  'user-agent' => 'Mozilla/5.0 (Linux; Android 6.0; HUAWEI GRA-UL10 Build/HUAWEIGRA-UL10; wv) AppleWebKit/537.36 (KHTML, like Gecko) Version/4.0 Chrome/53.0.2785.49 Mobile MQQBrowser/6.2 TBS/043602 Safari/537.36 MicroMessenger/6.5.16.1120 NetType/WIFI Language/zh_CN',
  'upgrade-insecure-requests' => '1',
  'referer' => 'http://dbgj.hoonking.com/index/user/usercenter.html',
  'host' => 'dbgj.hoonking.com',
  'cookie' => 'think_var=zh-cn; PHPSESSID=56hvuc8fsbnlvp3qam5d2p9bk1; safedog-flow-item=',
  'connection' => 'close',
  'accept-language' => 'zh-CN,en-US;q=0.8',
  'accept-encoding' => 'gzip',
  'accept' => 'text/html,application/xhtml+xml,application/xml;q=0.9,image/webp,image/wxpic,image/sharpp,*/*;q=0.8',
)
[ info ] [ PARAM ] array (
  'index/collection/collection_html' => '',
)
[ info ] [ LANG ] E:\www\dbgj/application/index\lang\zh-cn.php
[ info ] [ SESSION ] INIT array (
  'prefix' => 'minishop',
  'type' => '',
  'auto_start' => true,
)
[ info ] [ RUN ] /**
     * 我的收藏
     * @author ILsunshine
     */
Method [ <user> public method Collection ] {
  @@ E:\www\dbgj\application\index\controller\Collection.php 27 - 40
}

[ info ] [ VIEW ] ./themes/default/index/user_collection.html [ array (
  0 => 'userinfo',
  1 => 'tyjfmc',
  2 => 'page',
  3 => 'lists',
) ]
[ info ] [ LOG ] INIT file

---------------------------------------------------------------
[ 2017-10-18T17:53:21+08:00 ] 172.31.179.54 101.226.102.94 GET /index/user/usercenter.html
[ log ] dbgj.hoonking.com/index/user/usercenter.html [运行时间：0.124991s][吞吐率：8.00req/s] [内存消耗：1,818.07kb] [文件加载：53]
[ info ] [ DB ] INIT mysql
[ info ] [ LANG ] E:\www\dbgj\core\lang\zh-cn.php
[ info ] [ ROUTE ] array (
  'type' => 'module',
  'module' => 
  array (
    0 => 'index',
    1 => 'user',
    2 => 'usercenter',
  ),
)
[ info ] [ HEADER ] array (
  'x-forwarded-for' => '101.81.180.25',
  'user-agent' => 'Mozilla/5.0 (Linux; Android 6.0; HUAWEI GRA-UL10 Build/HUAWEIGRA-UL10; wv) AppleWebKit/537.36 (KHTML, like Gecko) Version/4.0 Chrome/53.0.2785.49 Mobile MQQBrowser/6.2 TBS/043602 Safari/537.36 MicroMessenger/6.5.16.1120 NetType/WIFI Language/zh_CN',
  'upgrade-insecure-requests' => '1',
  'host' => 'dbgj.hoonking.com',
  'cookie' => 'think_var=zh-cn; PHPSESSID=56hvuc8fsbnlvp3qam5d2p9bk1; safedog-flow-item=',
  'connection' => 'close',
  'accept-language' => 'zh-CN,en-US;q=0.8',
  'accept-encoding' => 'gzip',
  'accept' => 'text/html,application/xhtml+xml,application/xml;q=0.9,image/webp,image/wxpic,image/sharpp,*/*;q=0.8',
)
[ info ] [ PARAM ] array (
  'index/user/usercenter_html' => '',
)
[ info ] [ LANG ] E:\www\dbgj/application/index\lang\zh-cn.php
[ info ] [ SESSION ] INIT array (
  'prefix' => 'minishop',
  'type' => '',
  'auto_start' => true,
)
[ info ] [ RUN ] /**
     * 个人中心
     * @author  ILsunshine
     */
Method [ <user> public method userCenter ] {
  @@ E:\www\dbgj\application\index\controller\User.php 39 - 67
}

[ info ] [ VIEW ] ./themes/default/index/user_center.html [ array (
  0 => 'userinfo',
  1 => 'tyjfmc',
  2 => 'zhscore',
  3 => 's_score',
  4 => 'ytixian',
  5 => 'tuijianren',
  6 => 'userInfo',
  7 => 'hys',
  8 => 'scoreorder',
) ]
[ info ] [ LOG ] INIT file

---------------------------------------------------------------
[ 2017-10-18T17:53:34+08:00 ] 172.31.179.54 101.226.102.94 GET /index/order/orderlists.html
[ log ] dbgj.hoonking.com/index/order/orderlists.html [运行时间：0.093743s][吞吐率：10.67req/s] [内存消耗：1,820.02kb] [文件加载：57]
[ info ] [ DB ] INIT mysql
[ info ] [ LANG ] E:\www\dbgj\core\lang\zh-cn.php
[ info ] [ ROUTE ] array (
  'type' => 'module',
  'module' => 
  array (
    0 => 'index',
    1 => 'order',
    2 => 'orderlists',
  ),
)
[ info ] [ HEADER ] array (
  'x-forwarded-for' => '101.81.180.25',
  'user-agent' => 'Mozilla/5.0 (Linux; Android 6.0; HUAWEI GRA-UL10 Build/HUAWEIGRA-UL10; wv) AppleWebKit/537.36 (KHTML, like Gecko) Version/4.0 Chrome/53.0.2785.49 Mobile MQQBrowser/6.2 TBS/043602 Safari/537.36 MicroMessenger/6.5.16.1120 NetType/WIFI Language/zh_CN',
  'upgrade-insecure-requests' => '1',
  'referer' => 'http://dbgj.hoonking.com/index/user/usercenter.html',
  'host' => 'dbgj.hoonking.com',
  'cookie' => 'think_var=zh-cn; PHPSESSID=56hvuc8fsbnlvp3qam5d2p9bk1; safedog-flow-item=',
  'connection' => 'close',
  'accept-language' => 'zh-CN,en-US;q=0.8',
  'accept-encoding' => 'gzip',
  'accept' => 'text/html,application/xhtml+xml,application/xml;q=0.9,image/webp,image/wxpic,image/sharpp,*/*;q=0.8',
)
[ info ] [ PARAM ] array (
  'index/order/orderlists_html' => '',
)
[ info ] [ LANG ] E:\www\dbgj/application/index\lang\zh-cn.php
[ info ] [ SESSION ] INIT array (
  'prefix' => 'minishop',
  'type' => '',
  'auto_start' => true,
)
[ info ] [ RUN ] /**
     * 个人订单
     * @author ILsunshien
     */
Method [ <user> public method orderLists ] {
  @@ E:\www\dbgj\application\index\controller\Order.php 25 - 52
}

[ info ] [ VIEW ] ./themes/default/index/user_order.html [ array (
  0 => 'userinfo',
  1 => 'tyjfmc',
  2 => 'page',
  3 => 'lists',
) ]
[ info ] [ LOG ] INIT file

---------------------------------------------------------------
[ 2017-10-18T17:53:39+08:00 ] 172.31.179.54 101.226.102.94 GET /index/index/index.html
[ log ] dbgj.hoonking.com/index/index/index.html [运行时间：0.046871s][吞吐率：21.34req/s] [内存消耗：1,766.84kb] [文件加载：53]
[ info ] [ DB ] INIT mysql
[ info ] [ LANG ] E:\www\dbgj\core\lang\zh-cn.php
[ info ] [ ROUTE ] array (
  'type' => 'module',
  'module' => 
  array (
    0 => 'index',
    1 => 'index',
    2 => 'index',
  ),
)
[ info ] [ HEADER ] array (
  'x-forwarded-for' => '101.81.180.25',
  'user-agent' => 'Mozilla/5.0 (Linux; Android 6.0; HUAWEI GRA-UL10 Build/HUAWEIGRA-UL10; wv) AppleWebKit/537.36 (KHTML, like Gecko) Version/4.0 Chrome/53.0.2785.49 Mobile MQQBrowser/6.2 TBS/043602 Safari/537.36 MicroMessenger/6.5.16.1120 NetType/WIFI Language/zh_CN',
  'upgrade-insecure-requests' => '1',
  'referer' => 'http://dbgj.hoonking.com/index/order/orderlists.html',
  'host' => 'dbgj.hoonking.com',
  'cookie' => 'think_var=zh-cn; PHPSESSID=56hvuc8fsbnlvp3qam5d2p9bk1; safedog-flow-item=',
  'connection' => 'close',
  'accept-language' => 'zh-CN,en-US;q=0.8',
  'accept-encoding' => 'gzip',
  'accept' => 'text/html,application/xhtml+xml,application/xml;q=0.9,image/webp,image/wxpic,image/sharpp,*/*;q=0.8',
)
[ info ] [ PARAM ] array (
  'index/index/index_html' => '',
)
[ info ] [ LANG ] E:\www\dbgj/application/index\lang\zh-cn.php
[ info ] [ SESSION ] INIT array (
  'prefix' => 'minishop',
  'type' => '',
  'auto_start' => true,
)
[ info ] [ RUN ] Method [ <user> public method index ] {
  @@ E:\www\dbgj\application\index\controller\Index.php 21 - 28
}

[ info ] [ VIEW ] ./themes/default/index/index.html [ array (
  0 => 'userinfo',
  1 => 'goodslist',
) ]
[ info ] [ LOG ] INIT file

---------------------------------------------------------------
[ 2017-10-18T17:53:47+08:00 ] 172.31.179.54 101.226.102.94 GET /index/user/user_withdrawal.html
[ log ] dbgj.hoonking.com/index/user/user_withdrawal.html [运行时间：0.046872s][吞吐率：21.33req/s] [内存消耗：1,809.73kb] [文件加载：53]
[ info ] [ DB ] INIT mysql
[ info ] [ LANG ] E:\www\dbgj\core\lang\zh-cn.php
[ info ] [ ROUTE ] array (
  'type' => 'module',
  'module' => 
  array (
    0 => 'index',
    1 => 'user',
    2 => 'user_withdrawal',
  ),
)
[ info ] [ HEADER ] array (
  'x-forwarded-for' => '101.81.180.25',
  'user-agent' => 'Mozilla/5.0 (Linux; Android 6.0; HUAWEI GRA-UL10 Build/HUAWEIGRA-UL10; wv) AppleWebKit/537.36 (KHTML, like Gecko) Version/4.0 Chrome/53.0.2785.49 Mobile MQQBrowser/6.2 TBS/043602 Safari/537.36 MicroMessenger/6.5.16.1120 NetType/WIFI Language/zh_CN',
  'upgrade-insecure-requests' => '1',
  'referer' => 'http://dbgj.hoonking.com/index/index/index.html',
  'host' => 'dbgj.hoonking.com',
  'cookie' => 'think_var=zh-cn; PHPSESSID=56hvuc8fsbnlvp3qam5d2p9bk1; safedog-flow-item=',
  'connection' => 'close',
  'accept-language' => 'zh-CN,en-US;q=0.8',
  'accept-encoding' => 'gzip',
  'accept' => 'text/html,application/xhtml+xml,application/xml;q=0.9,image/webp,image/wxpic,image/sharpp,*/*;q=0.8',
)
[ info ] [ PARAM ] array (
  'index/user/user_withdrawal_html' => '',
)
[ info ] [ LANG ] E:\www\dbgj/application/index\lang\zh-cn.php
[ info ] [ SESSION ] INIT array (
  'prefix' => 'minishop',
  'type' => '',
  'auto_start' => true,
)
[ info ] [ RUN ] /**
     * 提现
     * @author  赵祥祥654377754
     */
Method [ <user> public method user_withdrawal ] {
  @@ E:\www\dbgj\application\index\controller\User.php 478 - 536
}

[ info ] [ VIEW ] ./themes/default/index/user_withdrawal.html [ array (
  0 => 'userinfo',
  1 => 'tyjfmc',
  2 => 'ytixian',
) ]
[ info ] [ LOG ] INIT file

---------------------------------------------------------------
[ 2017-10-18T17:53:53+08:00 ] 172.31.179.54 101.226.102.94 GET /index/user/money_detail.html
[ log ] dbgj.hoonking.com/index/user/money_detail.html [运行时间：0.062496s][吞吐率：16.00req/s] [内存消耗：1,911.62kb] [文件加载：57]
[ info ] [ DB ] INIT mysql
[ info ] [ LANG ] E:\www\dbgj\core\lang\zh-cn.php
[ info ] [ ROUTE ] array (
  'type' => 'module',
  'module' => 
  array (
    0 => 'index',
    1 => 'user',
    2 => 'money_detail',
  ),
)
[ info ] [ HEADER ] array (
  'x-forwarded-for' => '101.81.180.25',
  'user-agent' => 'Mozilla/5.0 (Linux; Android 6.0; HUAWEI GRA-UL10 Build/HUAWEIGRA-UL10; wv) AppleWebKit/537.36 (KHTML, like Gecko) Version/4.0 Chrome/53.0.2785.49 Mobile MQQBrowser/6.2 TBS/043602 Safari/537.36 MicroMessenger/6.5.16.1120 NetType/WIFI Language/zh_CN',
  'upgrade-insecure-requests' => '1',
  'referer' => 'http://dbgj.hoonking.com/index/user/user_withdrawal.html',
  'host' => 'dbgj.hoonking.com',
  'cookie' => 'think_var=zh-cn; PHPSESSID=56hvuc8fsbnlvp3qam5d2p9bk1; safedog-flow-item=',
  'connection' => 'close',
  'accept-language' => 'zh-CN,en-US;q=0.8',
  'accept-encoding' => 'gzip',
  'accept' => 'text/html,application/xhtml+xml,application/xml;q=0.9,image/webp,image/wxpic,image/sharpp,*/*;q=0.8',
)
[ info ] [ PARAM ] array (
  'index/user/money_detail_html' => '',
)
[ info ] [ LANG ] E:\www\dbgj/application/index\lang\zh-cn.php
[ info ] [ SESSION ] INIT array (
  'prefix' => 'minishop',
  'type' => '',
  'auto_start' => true,
)
[ info ] [ RUN ] /**
     * 资金详情
     * @author  赵祥祥654377754
     */
Method [ <user> public method money_detail ] {
  @@ E:\www\dbgj\application\index\controller\User.php 344 - 353
}

[ info ] [ VIEW ] ./themes/default/index/money_detail.html [ array (
  0 => 'userinfo',
  1 => 'tyjfmc',
  2 => 'page',
  3 => 'lists',
) ]
[ info ] [ LOG ] INIT file

---------------------------------------------------------------
[ 2017-10-18T17:54:02+08:00 ] 172.31.179.54 101.226.102.94 GET /index/index/index.html
[ log ] dbgj.hoonking.com/index/index/index.html [运行时间：0.046872s][吞吐率：21.33req/s] [内存消耗：1,766.84kb] [文件加载：53]
[ info ] [ DB ] INIT mysql
[ info ] [ LANG ] E:\www\dbgj\core\lang\zh-cn.php
[ info ] [ ROUTE ] array (
  'type' => 'module',
  'module' => 
  array (
    0 => 'index',
    1 => 'index',
    2 => 'index',
  ),
)
[ info ] [ HEADER ] array (
  'x-forwarded-for' => '101.81.180.25',
  'user-agent' => 'Mozilla/5.0 (Linux; Android 6.0; HUAWEI GRA-UL10 Build/HUAWEIGRA-UL10; wv) AppleWebKit/537.36 (KHTML, like Gecko) Version/4.0 Chrome/53.0.2785.49 Mobile MQQBrowser/6.2 TBS/043602 Safari/537.36 MicroMessenger/6.5.16.1120 NetType/WIFI Language/zh_CN',
  'upgrade-insecure-requests' => '1',
  'referer' => 'http://dbgj.hoonking.com/index/user/money_detail.html',
  'host' => 'dbgj.hoonking.com',
  'cookie' => 'think_var=zh-cn; PHPSESSID=56hvuc8fsbnlvp3qam5d2p9bk1; safedog-flow-item=',
  'connection' => 'close',
  'accept-language' => 'zh-CN,en-US;q=0.8',
  'accept-encoding' => 'gzip',
  'accept' => 'text/html,application/xhtml+xml,application/xml;q=0.9,image/webp,image/wxpic,image/sharpp,*/*;q=0.8',
)
[ info ] [ PARAM ] array (
  'index/index/index_html' => '',
)
[ info ] [ LANG ] E:\www\dbgj/application/index\lang\zh-cn.php
[ info ] [ SESSION ] INIT array (
  'prefix' => 'minishop',
  'type' => '',
  'auto_start' => true,
)
[ info ] [ RUN ] Method [ <user> public method index ] {
  @@ E:\www\dbgj\application\index\controller\Index.php 21 - 28
}

[ info ] [ VIEW ] ./themes/default/index/index.html [ array (
  0 => 'userinfo',
  1 => 'goodslist',
) ]
[ info ] [ LOG ] INIT file

---------------------------------------------------------------
[ 2017-10-18T17:54:03+08:00 ] 172.31.179.54 117.185.27.114 GET /index/user/money_detail.html
[ log ] dbgj.hoonking.com/index/user/money_detail.html [运行时间：0.046872s][吞吐率：21.33req/s] [内存消耗：1,802.75kb] [文件加载：54]
[ info ] [ DB ] INIT mysql
[ info ] [ LANG ] E:\www\dbgj\core\lang\zh-cn.php
[ info ] [ ROUTE ] array (
  'type' => 'module',
  'module' => 
  array (
    0 => 'index',
    1 => 'user',
    2 => 'money_detail',
  ),
)
[ info ] [ HEADER ] array (
  'connection' => 'close',
  'host' => 'dbgj.hoonking.com',
  'accept-language' => 'zh-CN,zh;q=0.8,en-US;q=0.6,en;q=0.4',
  'accept-encoding' => 'gzip, deflate, sdch, br',
  'accept' => '*/*',
  'user-agent' => 'Mozilla/5.0 (iPhone; CPU iPhone OS 10_2_1 like Mac OS X) AppleWebKit/602.4.6 (KHTML, like Gecko) Mobile/14D27 MicroMessenger/6.5.5 NetType/WIFI Language/zh_CN',
)
[ info ] [ PARAM ] array (
  'index/user/money_detail_html' => '',
)
[ info ] [ LANG ] E:\www\dbgj/application/index\lang\zh-cn.php
[ info ] [ SESSION ] INIT array (
  'prefix' => 'minishop',
  'type' => '',
  'auto_start' => true,
)
[ info ] [ LOG ] INIT file

---------------------------------------------------------------
[ 2017-10-18T17:54:03+08:00 ] 172.31.179.54 117.185.27.114 GET /index/base/login.html
[ log ] dbgj.hoonking.com/index/base/login.html [运行时间：0.031247s][吞吐率：32.00req/s] [内存消耗：1,732.33kb] [文件加载：52]
[ info ] [ DB ] INIT mysql
[ info ] [ LANG ] E:\www\dbgj\core\lang\zh-cn.php
[ info ] [ ROUTE ] array (
  'type' => 'module',
  'module' => 
  array (
    0 => 'index',
    1 => 'base',
    2 => 'login',
  ),
)
[ info ] [ HEADER ] array (
  'connection' => 'close',
  'host' => 'dbgj.hoonking.com',
  'accept-language' => 'zh-CN,zh;q=0.8,en-US;q=0.6,en;q=0.4',
  'cookie' => 'PHPSESSID=tfihjres0lc4tq5imsorf24ka5; think_var=zh-cn',
  'referer' => 'http://dbgj.hoonking.com/index/user/money_detail.html',
  'accept-encoding' => 'gzip, deflate, sdch, br',
  'accept' => '*/*',
  'user-agent' => 'Mozilla/5.0 (iPhone; CPU iPhone OS 10_2_1 like Mac OS X) AppleWebKit/602.4.6 (KHTML, like Gecko) Mobile/14D27 MicroMessenger/6.5.5 NetType/WIFI Language/zh_CN',
)
[ info ] [ PARAM ] array (
  'index/base/login_html' => '',
)
[ info ] [ LANG ] E:\www\dbgj/application/index\lang\zh-cn.php
[ info ] [ SESSION ] INIT array (
  'prefix' => 'minishop',
  'type' => '',
  'auto_start' => true,
)
[ info ] [ RUN ] /**
     * 用户登录方法
     * @author  矢志bu渝 <745152620@qq.com>
     */
Method [ <user> public method login ] {
  @@ E:\www\dbgj\application\index\controller\Base.php 57 - 83
}

[ info ] [ VIEW ] ./themes/default/index/login.html [ array (
  0 => 'userinfo',
) ]
[ info ] [ LOG ] INIT file

---------------------------------------------------------------
[ 2017-10-18T17:55:41+08:00 ] 172.31.179.54 101.226.33.201 GET /index/lucky/index.html
[ log ] dbgj.hoonking.com/index/lucky/index.html [运行时间：0.046872s][吞吐率：21.33req/s] [内存消耗：1,737.16kb] [文件加载：54]
[ info ] [ DB ] INIT mysql
[ info ] [ LANG ] E:\www\dbgj\core\lang\zh-cn.php
[ info ] [ ROUTE ] array (
  'type' => 'module',
  'module' => 
  array (
    0 => 'index',
    1 => 'lucky',
    2 => 'index',
  ),
)
[ info ] [ HEADER ] array (
  'connection' => 'close',
  'host' => 'dbgj.hoonking.com',
  'accept-language' => 'zh-CN,zh;q=0.8,en-US;q=0.6,en;q=0.4',
  'accept-encoding' => 'gzip, deflate, sdch, br',
  'accept' => '*/*',
  'user-agent' => 'Mozilla/5.0 (iPhone; CPU iPhone OS 10_2_1 like Mac OS X) AppleWebKit/602.4.6 (KHTML, like Gecko) Mobile/14D27 MicroMessenger/6.5.5 NetType/WIFI Language/en',
)
[ info ] [ PARAM ] array (
  'index/lucky/index_html' => '',
)
[ info ] [ LANG ] E:\www\dbgj/application/index\lang\zh-cn.php
[ info ] [ SESSION ] INIT array (
  'prefix' => 'minishop',
  'type' => '',
  'auto_start' => true,
)
[ info ] [ LOG ] INIT file

---------------------------------------------------------------
[ 2017-10-18T17:55:43+08:00 ] 172.31.179.54 101.226.33.201 GET /index/base/login.html
[ log ] dbgj.hoonking.com/index/base/login.html [运行时间：0.046871s][吞吐率：21.34req/s] [内存消耗：1,732.34kb] [文件加载：52]
[ info ] [ DB ] INIT mysql
[ info ] [ LANG ] E:\www\dbgj\core\lang\zh-cn.php
[ info ] [ ROUTE ] array (
  'type' => 'module',
  'module' => 
  array (
    0 => 'index',
    1 => 'base',
    2 => 'login',
  ),
)
[ info ] [ HEADER ] array (
  'connection' => 'close',
  'host' => 'dbgj.hoonking.com',
  'accept-language' => 'zh-CN,zh;q=0.8,en-US;q=0.6,en;q=0.4',
  'cookie' => 'PHPSESSID=nsb25prvid07g5a0siemc3uh84; think_var=zh-cn',
  'referer' => 'http://dbgj.hoonking.com/index/lucky/index.html',
  'accept-encoding' => 'gzip, deflate, sdch, br',
  'accept' => '*/*',
  'user-agent' => 'Mozilla/5.0 (iPhone; CPU iPhone OS 10_2_1 like Mac OS X) AppleWebKit/602.4.6 (KHTML, like Gecko) Mobile/14D27 MicroMessenger/6.5.5 NetType/WIFI Language/en',
)
[ info ] [ PARAM ] array (
  'index/base/login_html' => '',
)
[ info ] [ LANG ] E:\www\dbgj/application/index\lang\zh-cn.php
[ info ] [ SESSION ] INIT array (
  'prefix' => 'minishop',
  'type' => '',
  'auto_start' => true,
)
[ info ] [ RUN ] /**
     * 用户登录方法
     * @author  矢志bu渝 <745152620@qq.com>
     */
Method [ <user> public method login ] {
  @@ E:\www\dbgj\application\index\controller\Base.php 57 - 83
}

[ info ] [ VIEW ] ./themes/default/index/login.html [ array (
  0 => 'userinfo',
) ]
[ info ] [ LOG ] INIT file

---------------------------------------------------------------
[ 2017-10-18T17:57:49+08:00 ] 172.31.179.54 180.153.163.190 GET /index/collection/collection.html
[ log ] dbgj.hoonking.com/index/collection/collection.html [运行时间：0.046872s][吞吐率：21.33req/s] [内存消耗：1,719.22kb] [文件加载：54]
[ info ] [ DB ] INIT mysql
[ info ] [ LANG ] E:\www\dbgj\core\lang\zh-cn.php
[ info ] [ ROUTE ] array (
  'type' => 'module',
  'module' => 
  array (
    0 => 'index',
    1 => 'collection',
    2 => 'collection',
  ),
)
[ info ] [ HEADER ] array (
  'connection' => 'close',
  'host' => 'dbgj.hoonking.com',
  'accept-language' => 'zh-CN,zh;q=0.8,en-US;q=0.6,en;q=0.4',
  'accept-encoding' => 'gzip, deflate, sdch, br',
  'accept' => '*/*',
  'user-agent' => 'Mozilla/5.0 (iPhone; CPU iPhone OS 10_2_1 like Mac OS X) AppleWebKit/602.4.6 (KHTML, like Gecko) Mobile/14D27 MicroMessenger/6.5.5 NetType/WIFI Language/en',
)
[ info ] [ PARAM ] array (
  'index/collection/collection_html' => '',
)
[ info ] [ LANG ] E:\www\dbgj/application/index\lang\zh-cn.php
[ info ] [ SESSION ] INIT array (
  'prefix' => 'minishop',
  'type' => '',
  'auto_start' => true,
)
[ info ] [ LOG ] INIT file

---------------------------------------------------------------
[ 2017-10-18T17:57:50+08:00 ] 172.31.179.54 180.153.163.190 GET /index/base/login.html
[ log ] dbgj.hoonking.com/index/base/login.html [运行时间：0.046872s][吞吐率：21.33req/s] [内存消耗：1,732.34kb] [文件加载：52]
[ info ] [ DB ] INIT mysql
[ info ] [ LANG ] E:\www\dbgj\core\lang\zh-cn.php
[ info ] [ ROUTE ] array (
  'type' => 'module',
  'module' => 
  array (
    0 => 'index',
    1 => 'base',
    2 => 'login',
  ),
)
[ info ] [ HEADER ] array (
  'connection' => 'close',
  'host' => 'dbgj.hoonking.com',
  'accept-language' => 'zh-CN,zh;q=0.8,en-US;q=0.6,en;q=0.4',
  'cookie' => 'PHPSESSID=2sbk3ftpdop72ienklp1tuskq7; think_var=zh-cn',
  'referer' => 'http://dbgj.hoonking.com/index/collection/collection.html',
  'accept-encoding' => 'gzip, deflate, sdch, br',
  'accept' => '*/*',
  'user-agent' => 'Mozilla/5.0 (iPhone; CPU iPhone OS 10_2_1 like Mac OS X) AppleWebKit/602.4.6 (KHTML, like Gecko) Mobile/14D27 MicroMessenger/6.5.5 NetType/WIFI Language/en',
)
[ info ] [ PARAM ] array (
  'index/base/login_html' => '',
)
[ info ] [ LANG ] E:\www\dbgj/application/index\lang\zh-cn.php
[ info ] [ SESSION ] INIT array (
  'prefix' => 'minishop',
  'type' => '',
  'auto_start' => true,
)
[ info ] [ RUN ] /**
     * 用户登录方法
     * @author  矢志bu渝 <745152620@qq.com>
     */
Method [ <user> public method login ] {
  @@ E:\www\dbgj\application\index\controller\Base.php 57 - 83
}

[ info ] [ VIEW ] ./themes/default/index/login.html [ array (
  0 => 'userinfo',
) ]
[ info ] [ LOG ] INIT file

---------------------------------------------------------------
[ 2017-10-18T17:58:22+08:00 ] 172.31.179.54 101.226.66.181 GET /index/user/user_withdrawal.html
[ log ] dbgj.hoonking.com/index/user/user_withdrawal.html [运行时间：0.031248s][吞吐率：32.00req/s] [内存消耗：1,802.80kb] [文件加载：54]
[ info ] [ DB ] INIT mysql
[ info ] [ LANG ] E:\www\dbgj\core\lang\zh-cn.php
[ info ] [ ROUTE ] array (
  'type' => 'module',
  'module' => 
  array (
    0 => 'index',
    1 => 'user',
    2 => 'user_withdrawal',
  ),
)
[ info ] [ HEADER ] array (
  'connection' => 'close',
  'host' => 'dbgj.hoonking.com',
  'accept-language' => 'zh-CN,zh;q=0.8,en-US;q=0.6,en;q=0.4',
  'accept-encoding' => 'gzip, deflate, sdch, br',
  'accept' => '*/*',
  'user-agent' => 'Mozilla/5.0 (iPhone; CPU iPhone OS 10_2_1 like Mac OS X) AppleWebKit/602.4.6 (KHTML, like Gecko) Mobile/14D27 MicroMessenger/6.5.5 NetType/WIFI Language/en',
)
[ info ] [ PARAM ] array (
  'index/user/user_withdrawal_html' => '',
)
[ info ] [ LANG ] E:\www\dbgj/application/index\lang\zh-cn.php
[ info ] [ SESSION ] INIT array (
  'prefix' => 'minishop',
  'type' => '',
  'auto_start' => true,
)
[ info ] [ LOG ] INIT file

---------------------------------------------------------------
[ 2017-10-18T17:58:24+08:00 ] 172.31.179.54 101.226.66.181 GET /index/base/login.html
[ log ] dbgj.hoonking.com/index/base/login.html [运行时间：0.046872s][吞吐率：21.33req/s] [内存消耗：1,732.34kb] [文件加载：52]
[ info ] [ DB ] INIT mysql
[ info ] [ LANG ] E:\www\dbgj\core\lang\zh-cn.php
[ info ] [ ROUTE ] array (
  'type' => 'module',
  'module' => 
  array (
    0 => 'index',
    1 => 'base',
    2 => 'login',
  ),
)
[ info ] [ HEADER ] array (
  'connection' => 'close',
  'host' => 'dbgj.hoonking.com',
  'accept-language' => 'zh-CN,zh;q=0.8,en-US;q=0.6,en;q=0.4',
  'cookie' => 'PHPSESSID=bmgbcf7md7ptfemf2og23ut3f2; think_var=zh-cn',
  'referer' => 'http://dbgj.hoonking.com/index/user/user_withdrawal.html',
  'accept-encoding' => 'gzip, deflate, sdch, br',
  'accept' => '*/*',
  'user-agent' => 'Mozilla/5.0 (iPhone; CPU iPhone OS 10_2_1 like Mac OS X) AppleWebKit/602.4.6 (KHTML, like Gecko) Mobile/14D27 MicroMessenger/6.5.5 NetType/WIFI Language/en',
)
[ info ] [ PARAM ] array (
  'index/base/login_html' => '',
)
[ info ] [ LANG ] E:\www\dbgj/application/index\lang\zh-cn.php
[ info ] [ SESSION ] INIT array (
  'prefix' => 'minishop',
  'type' => '',
  'auto_start' => true,
)
[ info ] [ RUN ] /**
     * 用户登录方法
     * @author  矢志bu渝 <745152620@qq.com>
     */
Method [ <user> public method login ] {
  @@ E:\www\dbgj\application\index\controller\Base.php 57 - 83
}

[ info ] [ VIEW ] ./themes/default/index/login.html [ array (
  0 => 'userinfo',
) ]
[ info ] [ LOG ] INIT file

---------------------------------------------------------------
[ 2017-10-18T17:58:25+08:00 ] 172.31.179.54 101.226.102.94 GET /index/order/orderlists.html
[ log ] dbgj.hoonking.com/index/order/orderlists.html [运行时间：0.062496s][吞吐率：16.00req/s] [内存消耗：1,820.01kb] [文件加载：57]
[ info ] [ DB ] INIT mysql
[ info ] [ LANG ] E:\www\dbgj\core\lang\zh-cn.php
[ info ] [ ROUTE ] array (
  'type' => 'module',
  'module' => 
  array (
    0 => 'index',
    1 => 'order',
    2 => 'orderlists',
  ),
)
[ info ] [ HEADER ] array (
  'x-forwarded-for' => '101.81.180.25',
  'user-agent' => 'Mozilla/5.0 (Linux; Android 6.0; HUAWEI GRA-UL10 Build/HUAWEIGRA-UL10; wv) AppleWebKit/537.36 (KHTML, like Gecko) Version/4.0 Chrome/53.0.2785.49 Mobile MQQBrowser/6.2 TBS/043602 Safari/537.36 MicroMessenger/6.5.16.1120 NetType/WIFI Language/zh_CN',
  'upgrade-insecure-requests' => '1',
  'referer' => 'http://dbgj.hoonking.com/index/index/index.html',
  'host' => 'dbgj.hoonking.com',
  'cookie' => 'think_var=zh-cn; PHPSESSID=56hvuc8fsbnlvp3qam5d2p9bk1; safedog-flow-item=',
  'connection' => 'close',
  'accept-language' => 'zh-CN,en-US;q=0.8',
  'accept-encoding' => 'gzip',
  'accept' => 'text/html,application/xhtml+xml,application/xml;q=0.9,image/webp,image/wxpic,image/sharpp,*/*;q=0.8',
)
[ info ] [ PARAM ] array (
  'index/order/orderlists_html' => '',
)
[ info ] [ LANG ] E:\www\dbgj/application/index\lang\zh-cn.php
[ info ] [ SESSION ] INIT array (
  'prefix' => 'minishop',
  'type' => '',
  'auto_start' => true,
)
[ info ] [ RUN ] /**
     * 个人订单
     * @author ILsunshien
     */
Method [ <user> public method orderLists ] {
  @@ E:\www\dbgj\application\index\controller\Order.php 25 - 52
}

[ info ] [ VIEW ] ./themes/default/index/user_order.html [ array (
  0 => 'userinfo',
  1 => 'tyjfmc',
  2 => 'page',
  3 => 'lists',
) ]
[ info ] [ LOG ] INIT file

---------------------------------------------------------------
[ 2017-10-18T18:01:46+08:00 ] 172.31.179.54 144.0.156.208 GET /favicon.ico
[ log ] dbgj.hoonking.com/favicon.ico [运行时间：0.046872s][吞吐率：21.33req/s] [内存消耗：1,409.84kb] [文件加载：41]
[ info ] [ DB ] INIT mysql
[ info ] [ LANG ] E:\www\dbgj\core\lang\zh-cn.php
[ info ] [ ROUTE ] array (
  'type' => 'module',
  'module' => 
  array (
    0 => 'favicon.ico',
    1 => NULL,
    2 => NULL,
  ),
)
[ info ] [ HEADER ] array (
  'cookie' => 'safedog-flow-item=; think_var=zh-cn; PHPSESSID=78ed4ntrld0195la425fsj2uf5; __guid=25234792.3819754891920474600.1508319939391.2576; monitor_count=2',
  'accept-language' => 'zh-CN,zh;q=0.8',
  'accept-encoding' => 'gzip, deflate, sdch',
  'user-agent' => 'Mozilla/5.0 (Windows NT 6.1; WOW64) AppleWebKit/537.36 (KHTML, like Gecko) Chrome/55.0.2883.87 Safari/537.36',
  'connection' => 'close',
  'host' => 'dbgj.hoonking.com',
)
[ info ] [ PARAM ] array (
  'favicon_ico' => '',
)
[ info ] [ LOG ] INIT file

---------------------------------------------------------------
