[ 2017-10-25T09:57:09+08:00 ] 172.31.179.54 39.81.96.106 GET /admin
[ log ] dbgj.hoonking.com/admin [运行时间：0.046875s][吞吐率：21.33req/s] [内存消耗：1,727.05kb] [文件加载：53]
[ info ] [ DB ] INIT mysql
[ info ] [ LANG ] E:\www\dbgj\core\lang\zh-cn.php
[ info ] [ ROUTE ] array (
  'type' => 'module',
  'module' => 
  array (
    0 => 'admin',
    1 => NULL,
    2 => NULL,
  ),
)
[ info ] [ HEADER ] array (
  'cookie' => 'safedog-flow-item=',
  'accept-language' => 'zh-CN,zh;q=0.8',
  'accept-encoding' => 'gzip, deflate',
  'accept' => 'text/html,application/xhtml+xml,application/xml;q=0.9,image/webp,*/*;q=0.8',
  'user-agent' => 'Mozilla/5.0 (Linux; U; Android 5.1; zh-cn; OPPO R9m Build/LMY47I) AppleWebKit/537.36 (KHTML, like Gecko) Version/4.0 Chrome/53.0.2785.134 Mobile Safari/537.36 OppoBrowser/4.3.9',
  'upgrade-insecure-requests' => '1',
  'x-wap-profile' => 'http://www.oppo.com/resource/UA-PROF/OPPOOPPO R9m.xml',
  'connection' => 'close',
  'host' => 'dbgj.hoonking.com',
)
[ info ] [ PARAM ] array (
  'admin' => '',
)
[ info ] [ LANG ] E:\www\dbgj/application/admin\lang\zh-cn.php
[ info ] [ SESSION ] INIT array (
  'id' => '',
  'var_session_id' => 'session_id',
  'prefix' => 'minishop',
  'type' => '',
  'auto_start' => true,
)
[ info ] [ LOG ] INIT file

---------------------------------------------------------------
[ 2017-10-25T09:57:09+08:00 ] 172.31.179.54 39.81.96.106 GET /admin/base/login.html
[ log ] dbgj.hoonking.com/admin/base/login.html [运行时间：0.046875s][吞吐率：21.33req/s] [内存消耗：1,669.04kb] [文件加载：50]
[ info ] [ DB ] INIT mysql
[ info ] [ LANG ] E:\www\dbgj\core\lang\zh-cn.php
[ info ] [ ROUTE ] array (
  'type' => 'module',
  'module' => 
  array (
    0 => 'admin',
    1 => 'base',
    2 => 'login',
  ),
)
[ info ] [ HEADER ] array (
  'cookie' => 'safedog-flow-item=; think_var=zh-cn; PHPSESSID=2c94nvqnc5f1h43cuhk1f75274',
  'accept-language' => 'zh-CN,zh;q=0.8',
  'accept-encoding' => 'gzip, deflate',
  'accept' => 'text/html,application/xhtml+xml,application/xml;q=0.9,image/webp,*/*;q=0.8',
  'user-agent' => 'Mozilla/5.0 (Linux; U; Android 5.1; zh-cn; OPPO R9m Build/LMY47I) AppleWebKit/537.36 (KHTML, like Gecko) Version/4.0 Chrome/53.0.2785.134 Mobile Safari/537.36 OppoBrowser/4.3.9',
  'upgrade-insecure-requests' => '1',
  'x-wap-profile' => 'http://www.oppo.com/resource/UA-PROF/OPPOOPPO R9m.xml',
  'connection' => 'close',
  'host' => 'dbgj.hoonking.com',
)
[ info ] [ PARAM ] array (
  'admin/base/login_html' => '',
)
[ info ] [ LANG ] E:\www\dbgj/application/admin\lang\zh-cn.php
[ info ] [ RUN ] /**
     * 用户登录方法
     * @author  tangtanglove <dai_hang_love@126.com>
     */
Method [ <user> public method login ] {
  @@ E:\www\dbgj\application\admin\controller\Base.php 37 - 71
}

[ info ] [ VIEW ] E:\www\dbgj/application/admin\view\base\login.html [ array (
  0 => 'tyjfmc',
) ]
[ info ] [ LOG ] INIT file

---------------------------------------------------------------
[ 2017-10-25T09:57:09+08:00 ] 172.31.179.54 39.81.96.106 GET /static/bootstrap/css/font-awesome.min.css
[ log ] dbgj.hoonking.com/static/bootstrap/css/font-awesome.min.css [运行时间：0.046875s][吞吐率：21.33req/s] [内存消耗：1,410.47kb] [文件加载：41]
[ info ] [ DB ] INIT mysql
[ info ] [ LANG ] E:\www\dbgj\core\lang\zh-cn.php
[ info ] [ ROUTE ] array (
  'type' => 'module',
  'module' => 
  array (
    0 => 'static',
    1 => 'bootstrap',
    2 => 'css',
  ),
)
[ info ] [ HEADER ] array (
  'cookie' => 'safedog-flow-item=; think_var=zh-cn; PHPSESSID=2c94nvqnc5f1h43cuhk1f75274',
  'accept-language' => 'zh-CN,zh;q=0.8',
  'accept-encoding' => 'gzip, deflate',
  'referer' => 'http://dbgj.hoonking.com/admin/base/login.html',
  'accept' => 'text/css,*/*;q=0.1',
  'user-agent' => 'Mozilla/5.0 (Linux; U; Android 5.1; zh-cn; OPPO R9m Build/LMY47I) AppleWebKit/537.36 (KHTML, like Gecko) Version/4.0 Chrome/53.0.2785.134 Mobile Safari/537.36 OppoBrowser/4.3.9',
  'x-wap-profile' => 'http://www.oppo.com/resource/UA-PROF/OPPOOPPO R9m.xml',
  'connection' => 'close',
  'host' => 'dbgj.hoonking.com',
)
[ info ] [ PARAM ] array (
  'static/bootstrap/css/font-awesome_min_css' => '',
)
[ info ] [ LOG ] INIT file

---------------------------------------------------------------
[ 2017-10-25T09:57:10+08:00 ] 172.31.179.54 39.81.96.106 GET /static/bootstrap/css/ionicons.min.css
[ log ] dbgj.hoonking.com/static/bootstrap/css/ionicons.min.css [运行时间：0.031250s][吞吐率：32.00req/s] [内存消耗：1,410.41kb] [文件加载：41]
[ info ] [ DB ] INIT mysql
[ info ] [ LANG ] E:\www\dbgj\core\lang\zh-cn.php
[ info ] [ ROUTE ] array (
  'type' => 'module',
  'module' => 
  array (
    0 => 'static',
    1 => 'bootstrap',
    2 => 'css',
  ),
)
[ info ] [ HEADER ] array (
  'cookie' => 'safedog-flow-item=; think_var=zh-cn; PHPSESSID=2c94nvqnc5f1h43cuhk1f75274',
  'accept-language' => 'zh-CN,zh;q=0.8',
  'accept-encoding' => 'gzip, deflate',
  'referer' => 'http://dbgj.hoonking.com/admin/base/login.html',
  'accept' => 'text/css,*/*;q=0.1',
  'user-agent' => 'Mozilla/5.0 (Linux; U; Android 5.1; zh-cn; OPPO R9m Build/LMY47I) AppleWebKit/537.36 (KHTML, like Gecko) Version/4.0 Chrome/53.0.2785.134 Mobile Safari/537.36 OppoBrowser/4.3.9',
  'x-wap-profile' => 'http://www.oppo.com/resource/UA-PROF/OPPOOPPO R9m.xml',
  'connection' => 'close',
  'host' => 'dbgj.hoonking.com',
)
[ info ] [ PARAM ] array (
  'static/bootstrap/css/ionicons_min_css' => '',
)
[ info ] [ LOG ] INIT file

---------------------------------------------------------------
[ 2017-10-25T09:57:11+08:00 ] 172.31.179.54 39.81.96.106 GET /static/plugins/iCheck/square/blue.css
[ log ] dbgj.hoonking.com/static/plugins/iCheck/square/blue.css [运行时间：0.031250s][吞吐率：32.00req/s] [内存消耗：1,410.66kb] [文件加载：41]
[ info ] [ DB ] INIT mysql
[ info ] [ LANG ] E:\www\dbgj\core\lang\zh-cn.php
[ info ] [ ROUTE ] array (
  'type' => 'module',
  'module' => 
  array (
    0 => 'static',
    1 => 'plugins',
    2 => 'iCheck',
  ),
)
[ info ] [ HEADER ] array (
  'cookie' => 'safedog-flow-item=; think_var=zh-cn; PHPSESSID=2c94nvqnc5f1h43cuhk1f75274',
  'accept-language' => 'zh-CN,zh;q=0.8',
  'accept-encoding' => 'gzip, deflate',
  'referer' => 'http://dbgj.hoonking.com/admin/base/login.html',
  'accept' => 'text/css,*/*;q=0.1',
  'user-agent' => 'Mozilla/5.0 (Linux; U; Android 5.1; zh-cn; OPPO R9m Build/LMY47I) AppleWebKit/537.36 (KHTML, like Gecko) Version/4.0 Chrome/53.0.2785.134 Mobile Safari/537.36 OppoBrowser/4.3.9',
  'x-wap-profile' => 'http://www.oppo.com/resource/UA-PROF/OPPOOPPO R9m.xml',
  'connection' => 'close',
  'host' => 'dbgj.hoonking.com',
)
[ info ] [ PARAM ] array (
  'static/plugins/iCheck/square/blue_css' => '',
  'square' => 'blue.css',
)
[ info ] [ LOG ] INIT file

---------------------------------------------------------------
[ 2017-10-25T09:57:12+08:00 ] 172.31.179.54 39.81.96.106 GET /admin/base/captcha.html
[ log ] dbgj.hoonking.com/admin/base/captcha.html [运行时间：0.046875s][吞吐率：21.33req/s] [内存消耗：1,708.77kb] [文件加载：50]
[ info ] [ DB ] INIT mysql
[ info ] [ LANG ] E:\www\dbgj\core\lang\zh-cn.php
[ info ] [ ROUTE ] array (
  'type' => 'module',
  'module' => 
  array (
    0 => 'admin',
    1 => 'base',
    2 => 'captcha',
  ),
)
[ info ] [ HEADER ] array (
  'cookie' => 'safedog-flow-item=; think_var=zh-cn; PHPSESSID=2c94nvqnc5f1h43cuhk1f75274',
  'accept-language' => 'zh-CN,zh;q=0.8',
  'accept-encoding' => 'gzip, deflate',
  'referer' => 'http://dbgj.hoonking.com/admin/base/login.html',
  'accept' => 'image/webp,image/*,*/*;q=0.8',
  'user-agent' => 'Mozilla/5.0 (Linux; U; Android 5.1; zh-cn; OPPO R9m Build/LMY47I) AppleWebKit/537.36 (KHTML, like Gecko) Version/4.0 Chrome/53.0.2785.134 Mobile Safari/537.36 OppoBrowser/4.3.9',
  'x-wap-profile' => 'http://www.oppo.com/resource/UA-PROF/OPPOOPPO R9m.xml',
  'connection' => 'close',
  'host' => 'dbgj.hoonking.com',
)
[ info ] [ PARAM ] array (
  'admin/base/captcha_html' => '',
)
[ info ] [ LANG ] E:\www\dbgj/application/admin\lang\zh-cn.php
[ info ] [ RUN ] /**
     * 系统验证码方法
     * @author  tangtanglove <dai_hang_love@126.com>
     */
Method [ <user> public method captcha ] {
  @@ E:\www\dbgj\application\admin\controller\Base.php 77 - 81
}

[ info ] [ SESSION ] INIT array (
  'id' => '',
  'var_session_id' => 'session_id',
  'prefix' => 'minishop',
  'type' => '',
  'auto_start' => true,
)
[ info ] [ LOG ] INIT file

---------------------------------------------------------------
[ 2017-10-25T09:57:12+08:00 ] 172.31.179.54 39.81.96.106 GET /favicon.ico
[ log ] dbgj.hoonking.com/favicon.ico [运行时间：0.031250s][吞吐率：32.00req/s] [内存消耗：1,410.23kb] [文件加载：41]
[ info ] [ DB ] INIT mysql
[ info ] [ LANG ] E:\www\dbgj\core\lang\zh-cn.php
[ info ] [ ROUTE ] array (
  'type' => 'module',
  'module' => 
  array (
    0 => 'favicon.ico',
    1 => NULL,
    2 => NULL,
  ),
)
[ info ] [ HEADER ] array (
  'cookie' => 'safedog-flow-item=; think_var=zh-cn; PHPSESSID=2c94nvqnc5f1h43cuhk1f75274',
  'accept-language' => 'zh-CN,zh;q=0.8',
  'accept-encoding' => 'gzip, deflate',
  'referer' => 'http://dbgj.hoonking.com/admin/base/login.html',
  'accept' => '*/*',
  'user-agent' => 'Mozilla/5.0 (Linux; U; Android 5.1; zh-cn; OPPO R9m Build/LMY47I) AppleWebKit/537.36 (KHTML, like Gecko) Version/4.0 Chrome/53.0.2785.134 Mobile Safari/537.36 OppoBrowser/4.3.9',
  'x-wap-profile' => 'http://www.oppo.com/resource/UA-PROF/OPPOOPPO R9m.xml',
  'connection' => 'close',
  'host' => 'dbgj.hoonking.com',
)
[ info ] [ PARAM ] array (
  'favicon_ico' => '',
)
[ info ] [ LOG ] INIT file

---------------------------------------------------------------
[ 2017-10-25T09:57:22+08:00 ] 172.31.179.54 111.206.36.141 GET /admin/base/login.html
[ log ] dbgj.hoonking.com/admin/base/login.html [运行时间：0.046875s][吞吐率：21.33req/s] [内存消耗：1,663.47kb] [文件加载：49]
[ info ] [ DB ] INIT mysql
[ info ] [ ROUTE ] array (
  'type' => 'module',
  'module' => 
  array (
    0 => 'admin',
    1 => 'base',
    2 => 'login',
  ),
)
[ info ] [ HEADER ] array (
  'host' => 'dbgj.hoonking.com',
  'accept-language' => 'en-US,*',
  'accept-encoding' => 'gzip, deflate',
  'connection' => 'close',
  'referer' => 'http://www.baidu.com/s?wd=9NN',
  'user-agent' => 'Mozilla/5.0 (Linux; Android 6.0.1; SOV33 Build/35.0.D.0.326) AppleWebKit/537.36 (KHTML, like Gecko) Chrome/49.0.2623.91 Mobile Safari/537.36',
  'accept' => 'text/html,application/xhtml+xml,application/xml;q=0.9,*/*;q=0.8',
)
[ info ] [ PARAM ] array (
  'admin/base/login_html' => '',
)
[ info ] [ LANG ] E:\www\dbgj/application/admin\lang\en-us.php
[ info ] [ RUN ] /**
     * 用户登录方法
     * @author  tangtanglove <dai_hang_love@126.com>
     */
Method [ <user> public method login ] {
  @@ E:\www\dbgj\application\admin\controller\Base.php 37 - 71
}

[ info ] [ VIEW ] E:\www\dbgj/application/admin\view\base\login.html [ array (
  0 => 'tyjfmc',
) ]
[ info ] [ LOG ] INIT file

---------------------------------------------------------------
[ 2017-10-25T09:57:22+08:00 ] 172.31.179.54 111.206.36.146 GET /static/bootstrap/css/font-awesome.min.css
[ log ] dbgj.hoonking.com/static/bootstrap/css/font-awesome.min.css [运行时间：0.046875s][吞吐率：21.33req/s] [内存消耗：1,404.91kb] [文件加载：40]
[ info ] [ DB ] INIT mysql
[ info ] [ ROUTE ] array (
  'type' => 'module',
  'module' => 
  array (
    0 => 'static',
    1 => 'bootstrap',
    2 => 'css',
  ),
)
[ info ] [ HEADER ] array (
  'host' => 'dbgj.hoonking.com',
  'accept-language' => 'en-US,*',
  'accept-encoding' => 'gzip, deflate',
  'connection' => 'close',
  'cookie' => 'think_var=en-us; safedog-flow-item=',
  'user-agent' => 'Mozilla/5.0 (Linux; Android 6.0.1; SOV33 Build/35.0.D.0.326) AppleWebKit/537.36 (KHTML, like Gecko) Chrome/49.0.2623.91 Mobile Safari/537.36',
  'referer' => 'http://dbgj.hoonking.com/admin/base/login.html',
  'accept' => 'text/css,*/*;q=0.1',
)
[ info ] [ PARAM ] array (
  'static/bootstrap/css/font-awesome_min_css' => '',
)
[ info ] [ LOG ] INIT file

---------------------------------------------------------------
[ 2017-10-25T09:57:23+08:00 ] 172.31.179.54 111.206.36.8 GET /static/bootstrap/css/ionicons.min.css
[ log ] dbgj.hoonking.com/static/bootstrap/css/ionicons.min.css [运行时间：0.031250s][吞吐率：32.00req/s] [内存消耗：1,404.87kb] [文件加载：40]
[ info ] [ DB ] INIT mysql
[ info ] [ ROUTE ] array (
  'type' => 'module',
  'module' => 
  array (
    0 => 'static',
    1 => 'bootstrap',
    2 => 'css',
  ),
)
[ info ] [ HEADER ] array (
  'host' => 'dbgj.hoonking.com',
  'accept-language' => 'en-US,*',
  'accept-encoding' => 'gzip, deflate',
  'connection' => 'close',
  'cookie' => 'think_var=en-us; safedog-flow-item=',
  'user-agent' => 'Mozilla/5.0 (Linux; Android 6.0.1; SOV33 Build/35.0.D.0.326) AppleWebKit/537.36 (KHTML, like Gecko) Chrome/49.0.2623.91 Mobile Safari/537.36',
  'referer' => 'http://dbgj.hoonking.com/admin/base/login.html',
  'accept' => 'text/css,*/*;q=0.1',
)
[ info ] [ PARAM ] array (
  'static/bootstrap/css/ionicons_min_css' => '',
)
[ info ] [ LOG ] INIT file

---------------------------------------------------------------
[ 2017-10-25T09:57:35+08:00 ] 172.31.179.54 39.81.96.106 POST /admin/base/login.html
[ log ] dbgj.hoonking.com/admin/base/login.html [运行时间：0.046875s][吞吐率：21.33req/s] [内存消耗：1,907.32kb] [文件加载：55]
[ info ] [ DB ] INIT mysql
[ info ] [ LANG ] E:\www\dbgj\core\lang\zh-cn.php
[ info ] [ ROUTE ] array (
  'type' => 'module',
  'module' => 
  array (
    0 => 'admin',
    1 => 'base',
    2 => 'login',
  ),
)
[ info ] [ HEADER ] array (
  'cookie' => 'safedog-flow-item=; think_var=zh-cn; PHPSESSID=2c94nvqnc5f1h43cuhk1f75274',
  'accept-language' => 'zh-CN,zh;q=0.8',
  'accept-encoding' => 'gzip, deflate',
  'referer' => 'http://dbgj.hoonking.com/admin/base/login.html',
  'user-agent' => 'Mozilla/5.0 (Linux; U; Android 5.1; zh-cn; OPPO R9m Build/LMY47I) AppleWebKit/537.36 (KHTML, like Gecko) Version/4.0 Chrome/53.0.2785.134 Mobile Safari/537.36 OppoBrowser/4.3.9',
  'x-wap-profile' => 'http://www.oppo.com/resource/UA-PROF/OPPOOPPO R9m.xml',
  'x-requested-with' => 'XMLHttpRequest',
  'origin' => 'http://dbgj.hoonking.com',
  'accept' => '*/*',
  'connection' => 'close',
  'host' => 'dbgj.hoonking.com',
  'content-type' => 'application/x-www-form-urlencoded; charset=UTF-8',
  'content-length' => '43',
)
[ info ] [ PARAM ] array (
  'admin/base/login_html' => '',
  'username' => 'admin',
  'password' => '123456',
  'captcha' => 'u2rw',
)
[ info ] [ LANG ] E:\www\dbgj/application/admin\lang\zh-cn.php
[ info ] [ RUN ] /**
     * 用户登录方法
     * @author  tangtanglove <dai_hang_love@126.com>
     */
Method [ <user> public method login ] {
  @@ E:\www\dbgj\application\admin\controller\Base.php 37 - 71
}

[ info ] [ SESSION ] INIT array (
  'id' => '',
  'var_session_id' => 'session_id',
  'prefix' => 'minishop',
  'type' => '',
  'auto_start' => true,
)
[ info ] [ LOG ] INIT file

---------------------------------------------------------------
[ 2017-10-25T09:57:36+08:00 ] 172.31.179.54 39.81.96.106 GET /admin/index/index.html
[ log ] dbgj.hoonking.com/admin/index/index.html [运行时间：0.125000s][吞吐率：8.00req/s] [内存消耗：1,812.45kb] [文件加载：55]
[ info ] [ DB ] INIT mysql
[ info ] [ LANG ] E:\www\dbgj\core\lang\zh-cn.php
[ info ] [ ROUTE ] array (
  'type' => 'module',
  'module' => 
  array (
    0 => 'admin',
    1 => 'index',
    2 => 'index',
  ),
)
[ info ] [ HEADER ] array (
  'cookie' => 'safedog-flow-item=; think_var=zh-cn; PHPSESSID=2c94nvqnc5f1h43cuhk1f75274',
  'accept-language' => 'zh-CN,zh;q=0.8',
  'accept-encoding' => 'gzip, deflate',
  'referer' => 'http://dbgj.hoonking.com/admin/base/login.html',
  'accept' => 'text/html,application/xhtml+xml,application/xml;q=0.9,image/webp,*/*;q=0.8',
  'user-agent' => 'Mozilla/5.0 (Linux; U; Android 5.1; zh-cn; OPPO R9m Build/LMY47I) AppleWebKit/537.36 (KHTML, like Gecko) Version/4.0 Chrome/53.0.2785.134 Mobile Safari/537.36 OppoBrowser/4.3.9',
  'upgrade-insecure-requests' => '1',
  'x-wap-profile' => 'http://www.oppo.com/resource/UA-PROF/OPPOOPPO R9m.xml',
  'connection' => 'close',
  'host' => 'dbgj.hoonking.com',
)
[ info ] [ PARAM ] array (
  'admin/index/index_html' => '',
)
[ info ] [ LANG ] E:\www\dbgj/application/admin\lang\zh-cn.php
[ info ] [ SESSION ] INIT array (
  'id' => '',
  'var_session_id' => 'session_id',
  'prefix' => 'minishop',
  'type' => '',
  'auto_start' => true,
)
[ info ] [ RUN ] Method [ <user> public method index ] {
  @@ E:\www\dbgj\application\admin\controller\Index.php 21 - 40
}

[ info ] [ VIEW ] E:\www\dbgj/application/admin\view\index\index.html [ array (
  0 => 'menuTree',
  1 => 'order_num',
  2 => 'tixian',
  3 => 'jh_num',
  4 => 'wjh_num',
  5 => 'zjf_num',
  6 => 'user_num',
) ]
[ info ] [ CACHE ] INIT File
[ info ] [ LOG ] INIT file

---------------------------------------------------------------
[ 2017-10-25T09:58:08+08:00 ] 172.31.179.54 111.206.36.16 GET /admin/index/index.html
[ log ] dbgj.hoonking.com/admin/index/index.html [运行时间：0.046875s][吞吐率：21.33req/s] [内存消耗：1,721.42kb] [文件加载：52]
[ info ] [ DB ] INIT mysql
[ info ] [ ROUTE ] array (
  'type' => 'module',
  'module' => 
  array (
    0 => 'admin',
    1 => 'index',
    2 => 'index',
  ),
)
[ info ] [ HEADER ] array (
  'host' => 'dbgj.hoonking.com',
  'accept-language' => 'en-US,*',
  'accept-encoding' => 'gzip, deflate',
  'connection' => 'close',
  'referer' => 'http://www.baidu.com/s?wd=WVX',
  'user-agent' => 'Mozilla/5.0 (Linux; Android 6.0.1; SOV33 Build/35.0.D.0.326) AppleWebKit/537.36 (KHTML, like Gecko) Chrome/49.0.2623.91 Mobile Safari/537.36',
  'accept' => 'text/html,application/xhtml+xml,application/xml;q=0.9,*/*;q=0.8',
)
[ info ] [ PARAM ] array (
  'admin/index/index_html' => '',
)
[ info ] [ LANG ] E:\www\dbgj/application/admin\lang\en-us.php
[ info ] [ SESSION ] INIT array (
  'id' => '',
  'var_session_id' => 'session_id',
  'prefix' => 'minishop',
  'type' => '',
  'auto_start' => true,
)
[ info ] [ LOG ] INIT file

---------------------------------------------------------------
[ 2017-10-25T09:58:08+08:00 ] 172.31.179.54 111.206.36.16 GET /admin/base/login.html
[ log ] dbgj.hoonking.com/admin/base/login.html [运行时间：0.046875s][吞吐率：21.33req/s] [内存消耗：1,663.26kb] [文件加载：49]
[ info ] [ DB ] INIT mysql
[ info ] [ ROUTE ] array (
  'type' => 'module',
  'module' => 
  array (
    0 => 'admin',
    1 => 'base',
    2 => 'login',
  ),
)
[ info ] [ HEADER ] array (
  'host' => 'dbgj.hoonking.com',
  'accept-language' => 'en-US,*',
  'accept-encoding' => 'gzip, deflate',
  'connection' => 'close',
  'cookie' => 'think_var=en-us; PHPSESSID=senppt4vs7n5m5upckli8g21u0',
  'user-agent' => 'Mozilla/5.0 (Linux; Android 6.0.1; SOV33 Build/35.0.D.0.326) AppleWebKit/537.36 (KHTML, like Gecko) Chrome/49.0.2623.91 Mobile Safari/537.36',
  'accept' => 'text/html,application/xhtml+xml,application/xml;q=0.9,*/*;q=0.8',
)
[ info ] [ PARAM ] array (
  'admin/base/login_html' => '',
)
[ info ] [ LANG ] E:\www\dbgj/application/admin\lang\en-us.php
[ info ] [ RUN ] /**
     * 用户登录方法
     * @author  tangtanglove <dai_hang_love@126.com>
     */
Method [ <user> public method login ] {
  @@ E:\www\dbgj\application\admin\controller\Base.php 37 - 71
}

[ info ] [ VIEW ] E:\www\dbgj/application/admin\view\base\login.html [ array (
  0 => 'tyjfmc',
) ]
[ info ] [ LOG ] INIT file

---------------------------------------------------------------
[ 2017-10-25T09:58:08+08:00 ] 172.31.179.54 111.206.36.18 GET /static/bootstrap/css/font-awesome.min.css
[ log ] dbgj.hoonking.com/static/bootstrap/css/font-awesome.min.css [运行时间：0.031250s][吞吐率：32.00req/s] [内存消耗：1,405.03kb] [文件加载：40]
[ info ] [ DB ] INIT mysql
[ info ] [ ROUTE ] array (
  'type' => 'module',
  'module' => 
  array (
    0 => 'static',
    1 => 'bootstrap',
    2 => 'css',
  ),
)
[ info ] [ HEADER ] array (
  'host' => 'dbgj.hoonking.com',
  'accept-language' => 'en-US,*',
  'accept-encoding' => 'gzip, deflate',
  'connection' => 'close',
  'cookie' => 'think_var=en-us; PHPSESSID=senppt4vs7n5m5upckli8g21u0; safedog-flow-item=',
  'user-agent' => 'Mozilla/5.0 (Linux; Android 6.0.1; SOV33 Build/35.0.D.0.326) AppleWebKit/537.36 (KHTML, like Gecko) Chrome/49.0.2623.91 Mobile Safari/537.36',
  'referer' => 'http://dbgj.hoonking.com/admin/base/login.html',
  'accept' => 'text/css,*/*;q=0.1',
)
[ info ] [ PARAM ] array (
  'static/bootstrap/css/font-awesome_min_css' => '',
)
[ info ] [ LOG ] INIT file

---------------------------------------------------------------
[ 2017-10-25T09:58:09+08:00 ] 172.31.179.54 111.206.36.143 GET /static/plugins/iCheck/square/blue.css
[ log ] dbgj.hoonking.com/static/plugins/iCheck/square/blue.css [运行时间：0.062500s][吞吐率：16.00req/s] [内存消耗：1,405.17kb] [文件加载：40]
[ info ] [ DB ] INIT mysql
[ info ] [ ROUTE ] array (
  'type' => 'module',
  'module' => 
  array (
    0 => 'static',
    1 => 'plugins',
    2 => 'iCheck',
  ),
)
[ info ] [ HEADER ] array (
  'host' => 'dbgj.hoonking.com',
  'accept-language' => 'en-US,*',
  'accept-encoding' => 'gzip, deflate',
  'connection' => 'close',
  'cookie' => 'think_var=en-us; PHPSESSID=senppt4vs7n5m5upckli8g21u0; safedog-flow-item=',
  'user-agent' => 'Mozilla/5.0 (Linux; Android 6.0.1; SOV33 Build/35.0.D.0.326) AppleWebKit/537.36 (KHTML, like Gecko) Chrome/49.0.2623.91 Mobile Safari/537.36',
  'referer' => 'http://dbgj.hoonking.com/admin/base/login.html',
  'accept' => 'text/css,*/*;q=0.1',
)
[ info ] [ PARAM ] array (
  'static/plugins/iCheck/square/blue_css' => '',
  'square' => 'blue.css',
)
[ info ] [ LOG ] INIT file

---------------------------------------------------------------
[ 2017-10-25T09:58:09+08:00 ] 172.31.179.54 111.206.36.145 GET /static/bootstrap/css/ionicons.min.css
[ log ] dbgj.hoonking.com/static/bootstrap/css/ionicons.min.css [运行时间：0.046875s][吞吐率：21.33req/s] [内存消耗：1,404.96kb] [文件加载：40]
[ info ] [ DB ] INIT mysql
[ info ] [ ROUTE ] array (
  'type' => 'module',
  'module' => 
  array (
    0 => 'static',
    1 => 'bootstrap',
    2 => 'css',
  ),
)
[ info ] [ HEADER ] array (
  'host' => 'dbgj.hoonking.com',
  'accept-language' => 'en-US,*',
  'accept-encoding' => 'gzip, deflate',
  'connection' => 'close',
  'cookie' => 'think_var=en-us; PHPSESSID=senppt4vs7n5m5upckli8g21u0; safedog-flow-item=',
  'user-agent' => 'Mozilla/5.0 (Linux; Android 6.0.1; SOV33 Build/35.0.D.0.326) AppleWebKit/537.36 (KHTML, like Gecko) Chrome/49.0.2623.91 Mobile Safari/537.36',
  'referer' => 'http://dbgj.hoonking.com/admin/base/login.html',
  'accept' => 'text/css,*/*;q=0.1',
)
[ info ] [ PARAM ] array (
  'static/bootstrap/css/ionicons_min_css' => '',
)
[ info ] [ LOG ] INIT file

---------------------------------------------------------------
[ 2017-10-25T17:23:30+08:00 ] 172.31.179.54 144.0.155.94 GET /
[ log ] dbgj.hoonking.com/ [运行时间：0.062500s][吞吐率：16.00req/s] [内存消耗：1,744.40kb] [文件加载：54]
[ info ] [ DB ] INIT mysql
[ info ] [ LANG ] E:\www\dbgj\core\lang\zh-cn.php
[ info ] [ ROUTE ] array (
  'type' => 'module',
  'module' => 
  array (
    0 => '',
    1 => NULL,
    2 => NULL,
  ),
)
[ info ] [ HEADER ] array (
  'accept-language' => 'zh-CN,zh;q=0.8',
  'accept-encoding' => 'gzip, deflate, sdch',
  'accept' => 'text/html,application/xhtml+xml,application/xml;q=0.9,image/webp,*/*;q=0.8',
  'user-agent' => 'Mozilla/5.0 (Windows NT 6.1; WOW64) AppleWebKit/537.36 (KHTML, like Gecko) Chrome/55.0.2883.87 Safari/537.36',
  'upgrade-insecure-requests' => '1',
  'connection' => 'close',
  'host' => 'dbgj.hoonking.com',
)
[ info ] [ PARAM ] array (
)
[ info ] [ LANG ] E:\www\dbgj/application/index\lang\zh-cn.php
[ info ] [ SESSION ] INIT array (
  'prefix' => 'minishop',
  'type' => '',
  'auto_start' => true,
)
[ info ] [ LOG ] INIT file

---------------------------------------------------------------
[ 2017-10-25T17:23:30+08:00 ] 172.31.179.54 144.0.155.94 GET /index/base/login.html
[ log ] dbgj.hoonking.com/index/base/login.html [运行时间：0.046875s][吞吐率：21.33req/s] [内存消耗：1,732.33kb] [文件加载：52]
[ info ] [ DB ] INIT mysql
[ info ] [ LANG ] E:\www\dbgj\core\lang\zh-cn.php
[ info ] [ ROUTE ] array (
  'type' => 'module',
  'module' => 
  array (
    0 => 'index',
    1 => 'base',
    2 => 'login',
  ),
)
[ info ] [ HEADER ] array (
  'cookie' => 'think_var=zh-cn; PHPSESSID=pufekoabpoq83po22552h3kg14',
  'accept-language' => 'zh-CN,zh;q=0.8',
  'accept-encoding' => 'gzip, deflate, sdch',
  'accept' => 'text/html,application/xhtml+xml,application/xml;q=0.9,image/webp,*/*;q=0.8',
  'user-agent' => 'Mozilla/5.0 (Windows NT 6.1; WOW64) AppleWebKit/537.36 (KHTML, like Gecko) Chrome/55.0.2883.87 Safari/537.36',
  'upgrade-insecure-requests' => '1',
  'connection' => 'close',
  'host' => 'dbgj.hoonking.com',
)
[ info ] [ PARAM ] array (
  'index/base/login_html' => '',
)
[ info ] [ LANG ] E:\www\dbgj/application/index\lang\zh-cn.php
[ info ] [ SESSION ] INIT array (
  'prefix' => 'minishop',
  'type' => '',
  'auto_start' => true,
)
[ info ] [ RUN ] /**
     * 用户登录方法
     * @author  矢志bu渝 <745152620@qq.com>
     */
Method [ <user> public method login ] {
  @@ E:\www\dbgj\application\index\controller\Base.php 57 - 83
}

[ info ] [ VIEW ] ./themes/default/index/login.html [ array (
  0 => 'userinfo',
) ]
[ info ] [ LOG ] INIT file

---------------------------------------------------------------
[ 2017-10-25T17:23:31+08:00 ] 172.31.179.54 144.0.155.94 GET /favicon.ico
[ log ] dbgj.hoonking.com/favicon.ico [运行时间：0.031250s][吞吐率：32.00req/s] [内存消耗：1,410.23kb] [文件加载：41]
[ info ] [ DB ] INIT mysql
[ info ] [ LANG ] E:\www\dbgj\core\lang\zh-cn.php
[ info ] [ ROUTE ] array (
  'type' => 'module',
  'module' => 
  array (
    0 => 'favicon.ico',
    1 => NULL,
    2 => NULL,
  ),
)
[ info ] [ HEADER ] array (
  'cookie' => 'think_var=zh-cn; PHPSESSID=pufekoabpoq83po22552h3kg14; safedog-flow-item=; __guid=25234792.3932528647022949400.1508923256074.736; monitor_count=1',
  'accept-language' => 'zh-CN,zh;q=0.8',
  'accept-encoding' => 'gzip, deflate, sdch',
  'referer' => 'http://dbgj.hoonking.com/index/base/login.html',
  'accept' => 'image/webp,image/*,*/*;q=0.8',
  'user-agent' => 'Mozilla/5.0 (Windows NT 6.1; WOW64) AppleWebKit/537.36 (KHTML, like Gecko) Chrome/55.0.2883.87 Safari/537.36',
  'connection' => 'close',
  'host' => 'dbgj.hoonking.com',
)
[ info ] [ PARAM ] array (
  'favicon_ico' => '',
)
[ info ] [ LOG ] INIT file

---------------------------------------------------------------
[ 2017-10-25T17:23:37+08:00 ] 172.31.179.54 144.0.155.94 POST /index/base/login.html
[ log ] dbgj.hoonking.com/index/base/login.html [运行时间：0.062500s][吞吐率：16.00req/s] [内存消耗：1,750.20kb] [文件加载：53]
[ info ] [ DB ] INIT mysql
[ info ] [ LANG ] E:\www\dbgj\core\lang\zh-cn.php
[ info ] [ ROUTE ] array (
  'type' => 'module',
  'module' => 
  array (
    0 => 'index',
    1 => 'base',
    2 => 'login',
  ),
)
[ info ] [ HEADER ] array (
  'cookie' => 'think_var=zh-cn; PHPSESSID=pufekoabpoq83po22552h3kg14; safedog-flow-item=; __guid=25234792.3932528647022949400.1508923256074.736; monitor_count=1',
  'accept-language' => 'zh-CN,zh;q=0.8',
  'accept-encoding' => 'gzip, deflate',
  'referer' => 'http://dbgj.hoonking.com/index/base/login.html',
  'user-agent' => 'Mozilla/5.0 (Windows NT 6.1; WOW64) AppleWebKit/537.36 (KHTML, like Gecko) Chrome/55.0.2883.87 Safari/537.36',
  'x-requested-with' => 'XMLHttpRequest',
  'origin' => 'http://dbgj.hoonking.com',
  'accept' => 'application/json, text/javascript, */*; q=0.01',
  'connection' => 'close',
  'host' => 'dbgj.hoonking.com',
  'content-type' => 'application/x-www-form-urlencoded; charset=UTF-8',
  'content-length' => '31',
)
[ info ] [ PARAM ] array (
  'index/base/login_html' => '',
  'key' => '15666666666',
  'password' => '123456',
)
[ info ] [ LANG ] E:\www\dbgj/application/index\lang\zh-cn.php
[ info ] [ SESSION ] INIT array (
  'prefix' => 'minishop',
  'type' => '',
  'auto_start' => true,
)
[ info ] [ RUN ] /**
     * 用户登录方法
     * @author  矢志bu渝 <745152620@qq.com>
     */
Method [ <user> public method login ] {
  @@ E:\www\dbgj\application\index\controller\Base.php 57 - 83
}

[ info ] [ LOG ] INIT file

---------------------------------------------------------------
[ 2017-10-25T17:23:37+08:00 ] 172.31.179.54 144.0.155.94 GET /index/user/usercenter.html
[ log ] dbgj.hoonking.com/index/user/usercenter.html [运行时间：0.109375s][吞吐率：9.14req/s] [内存消耗：1,817.95kb] [文件加载：53]
[ info ] [ DB ] INIT mysql
[ info ] [ LANG ] E:\www\dbgj\core\lang\zh-cn.php
[ info ] [ ROUTE ] array (
  'type' => 'module',
  'module' => 
  array (
    0 => 'index',
    1 => 'user',
    2 => 'usercenter',
  ),
)
[ info ] [ HEADER ] array (
  'cookie' => 'think_var=zh-cn; PHPSESSID=pufekoabpoq83po22552h3kg14; safedog-flow-item=; __guid=25234792.3932528647022949400.1508923256074.736; monitor_count=1',
  'accept-language' => 'zh-CN,zh;q=0.8',
  'accept-encoding' => 'gzip, deflate, sdch',
  'referer' => 'http://dbgj.hoonking.com/index/base/login.html',
  'accept' => 'text/html,application/xhtml+xml,application/xml;q=0.9,image/webp,*/*;q=0.8',
  'user-agent' => 'Mozilla/5.0 (Windows NT 6.1; WOW64) AppleWebKit/537.36 (KHTML, like Gecko) Chrome/55.0.2883.87 Safari/537.36',
  'upgrade-insecure-requests' => '1',
  'connection' => 'close',
  'host' => 'dbgj.hoonking.com',
)
[ info ] [ PARAM ] array (
  'index/user/usercenter_html' => '',
)
[ info ] [ LANG ] E:\www\dbgj/application/index\lang\zh-cn.php
[ info ] [ SESSION ] INIT array (
  'prefix' => 'minishop',
  'type' => '',
  'auto_start' => true,
)
[ info ] [ RUN ] /**
     * 个人中心
     * @author  ILsunshine
     */
Method [ <user> public method userCenter ] {
  @@ E:\www\dbgj\application\index\controller\User.php 39 - 67
}

[ info ] [ VIEW ] ./themes/default/index/user_center.html [ array (
  0 => 'userinfo',
  1 => 'tyjfmc',
  2 => 'zhscore',
  3 => 's_score',
  4 => 'ytixian',
  5 => 'tuijianren',
  6 => 'userInfo',
  7 => 'hys',
  8 => 'scoreorder',
) ]
[ info ] [ LOG ] INIT file

---------------------------------------------------------------
[ 2017-10-25T17:23:45+08:00 ] 172.31.179.54 144.0.155.94 GET /favicon.ico
[ log ] dbgj.hoonking.com/favicon.ico [运行时间：0.046875s][吞吐率：21.33req/s] [内存消耗：1,409.84kb] [文件加载：41]
[ info ] [ DB ] INIT mysql
[ info ] [ LANG ] E:\www\dbgj\core\lang\zh-cn.php
[ info ] [ ROUTE ] array (
  'type' => 'module',
  'module' => 
  array (
    0 => 'favicon.ico',
    1 => NULL,
    2 => NULL,
  ),
)
[ info ] [ HEADER ] array (
  'cookie' => 'think_var=zh-cn; PHPSESSID=pufekoabpoq83po22552h3kg14; safedog-flow-item=; __guid=25234792.3932528647022949400.1508923256074.736; monitor_count=2',
  'accept-language' => 'zh-CN,zh;q=0.8',
  'accept-encoding' => 'gzip, deflate, sdch',
  'user-agent' => 'Mozilla/5.0 (Windows NT 6.1; WOW64) AppleWebKit/537.36 (KHTML, like Gecko) Chrome/55.0.2883.87 Safari/537.36',
  'connection' => 'close',
  'host' => 'dbgj.hoonking.com',
)
[ info ] [ PARAM ] array (
  'favicon_ico' => '',
)
[ info ] [ LOG ] INIT file

---------------------------------------------------------------
[ 2017-10-25T17:23:47+08:00 ] 172.31.179.54 106.11.230.200 GET /
[ log ] dbgj.hoonking.com/ [运行时间：0.031250s][吞吐率：32.00req/s] [内存消耗：1,743.31kb] [文件加载：54]
[ info ] [ DB ] INIT mysql
[ info ] [ LANG ] E:\www\dbgj\core\lang\zh-cn.php
[ info ] [ ROUTE ] array (
  'type' => 'module',
  'module' => 
  array (
    0 => '',
    1 => NULL,
    2 => NULL,
  ),
)
[ info ] [ HEADER ] array (
  'connection' => 'close',
  'accept' => '*/*',
  'host' => 'dbgj.hoonking.com',
)
[ info ] [ PARAM ] array (
)
[ info ] [ LANG ] E:\www\dbgj/application/index\lang\zh-cn.php
[ info ] [ SESSION ] INIT array (
  'prefix' => 'minishop',
  'type' => '',
  'auto_start' => true,
)
[ info ] [ LOG ] INIT file

---------------------------------------------------------------
[ 2017-10-25T17:23:47+08:00 ] 172.31.179.54 106.11.231.117 GET /index/base/login.html
[ log ] dbgj.hoonking.com/index/base/login.html [运行时间：0.046875s][吞吐率：21.33req/s] [内存消耗：1,731.30kb] [文件加载：52]
[ info ] [ DB ] INIT mysql
[ info ] [ LANG ] E:\www\dbgj\core\lang\zh-cn.php
[ info ] [ ROUTE ] array (
  'type' => 'module',
  'module' => 
  array (
    0 => 'index',
    1 => 'base',
    2 => 'login',
  ),
)
[ info ] [ HEADER ] array (
  'connection' => 'close',
  'accept' => '*/*',
  'host' => 'dbgj.hoonking.com',
)
[ info ] [ PARAM ] array (
  'index/base/login_html' => '',
)
[ info ] [ LANG ] E:\www\dbgj/application/index\lang\zh-cn.php
[ info ] [ SESSION ] INIT array (
  'prefix' => 'minishop',
  'type' => '',
  'auto_start' => true,
)
[ info ] [ RUN ] /**
     * 用户登录方法
     * @author  矢志bu渝 <745152620@qq.com>
     */
Method [ <user> public method login ] {
  @@ E:\www\dbgj\application\index\controller\Base.php 57 - 83
}

[ info ] [ VIEW ] ./themes/default/index/login.html [ array (
  0 => 'userinfo',
) ]
[ info ] [ LOG ] INIT file

---------------------------------------------------------------
[ 2017-10-25T17:24:01+08:00 ] 172.31.179.54 222.87.200.150 GET /
[ log ] dbgj.hoonking.com/ [运行时间：0.046875s][吞吐率：21.33req/s] [内存消耗：1,744.34kb] [文件加载：54]
[ info ] [ DB ] INIT mysql
[ info ] [ LANG ] E:\www\dbgj\core\lang\zh-cn.php
[ info ] [ ROUTE ] array (
  'type' => 'module',
  'module' => 
  array (
    0 => '',
    1 => NULL,
    2 => NULL,
  ),
)
[ info ] [ HEADER ] array (
  'accept-language' => 'zh-CN,zh;q=0.8',
  'accept-encoding' => 'gzip, deflate, sdch',
  'accept' => 'text/html,application/xhtml+xml,application/xml;q=0.9,image/webp,*/*;q=0.8',
  'user-agent' => 'Mozilla/5.0 (Windows NT 6.1; WOW64) AppleWebKit/537.36 (KHTML, like Gecko) Chrome/53.0.2785.104 Safari/537.36 Core/1.53.3427.400 QQBrowser/9.6.12513.400',
  'upgrade-insecure-requests' => '1',
  'connection' => 'close',
  'host' => 'dbgj.hoonking.com',
)
[ info ] [ PARAM ] array (
)
[ info ] [ LANG ] E:\www\dbgj/application/index\lang\zh-cn.php
[ info ] [ SESSION ] INIT array (
  'prefix' => 'minishop',
  'type' => '',
  'auto_start' => true,
)
[ info ] [ LOG ] INIT file

---------------------------------------------------------------
[ 2017-10-25T17:24:01+08:00 ] 172.31.179.54 222.87.200.150 GET /index/base/login.html
[ log ] dbgj.hoonking.com/index/base/login.html [运行时间：0.046875s][吞吐率：21.33req/s] [内存消耗：1,732.34kb] [文件加载：52]
[ info ] [ DB ] INIT mysql
[ info ] [ LANG ] E:\www\dbgj\core\lang\zh-cn.php
[ info ] [ ROUTE ] array (
  'type' => 'module',
  'module' => 
  array (
    0 => 'index',
    1 => 'base',
    2 => 'login',
  ),
)
[ info ] [ HEADER ] array (
  'cookie' => 'think_var=zh-cn; PHPSESSID=elt370hppi2o4gptbvjnchajt6',
  'accept-language' => 'zh-CN,zh;q=0.8',
  'accept-encoding' => 'gzip, deflate, sdch',
  'accept' => 'text/html,application/xhtml+xml,application/xml;q=0.9,image/webp,*/*;q=0.8',
  'user-agent' => 'Mozilla/5.0 (Windows NT 6.1; WOW64) AppleWebKit/537.36 (KHTML, like Gecko) Chrome/53.0.2785.104 Safari/537.36 Core/1.53.3427.400 QQBrowser/9.6.12513.400',
  'upgrade-insecure-requests' => '1',
  'connection' => 'close',
  'host' => 'dbgj.hoonking.com',
)
[ info ] [ PARAM ] array (
  'index/base/login_html' => '',
)
[ info ] [ LANG ] E:\www\dbgj/application/index\lang\zh-cn.php
[ info ] [ SESSION ] INIT array (
  'prefix' => 'minishop',
  'type' => '',
  'auto_start' => true,
)
[ info ] [ RUN ] /**
     * 用户登录方法
     * @author  矢志bu渝 <745152620@qq.com>
     */
Method [ <user> public method login ] {
  @@ E:\www\dbgj\application\index\controller\Base.php 57 - 83
}

[ info ] [ VIEW ] ./themes/default/index/login.html [ array (
  0 => 'userinfo',
) ]
[ info ] [ LOG ] INIT file

---------------------------------------------------------------
[ 2017-10-25T17:24:02+08:00 ] 172.31.179.54 222.87.200.150 GET /favicon.ico
[ log ] dbgj.hoonking.com/favicon.ico [运行时间：0.031250s][吞吐率：32.00req/s] [内存消耗：1,409.94kb] [文件加载：41]
[ info ] [ DB ] INIT mysql
[ info ] [ LANG ] E:\www\dbgj\core\lang\zh-cn.php
[ info ] [ ROUTE ] array (
  'type' => 'module',
  'module' => 
  array (
    0 => 'favicon.ico',
    1 => NULL,
    2 => NULL,
  ),
)
[ info ] [ HEADER ] array (
  'cookie' => 'think_var=zh-cn; PHPSESSID=elt370hppi2o4gptbvjnchajt6; safedog-flow-item=',
  'accept-language' => 'zh-CN,zh;q=0.8',
  'accept-encoding' => 'gzip, deflate, sdch',
  'referer' => 'http://dbgj.hoonking.com/index/base/login.html',
  'accept' => '*/*',
  'user-agent' => 'Mozilla/5.0 (Windows NT 6.1; WOW64) AppleWebKit/537.36 (KHTML, like Gecko) Chrome/53.0.2785.104 Safari/537.36 Core/1.53.3427.400 QQBrowser/9.6.12513.400',
  'connection' => 'close',
  'host' => 'dbgj.hoonking.com',
)
[ info ] [ PARAM ] array (
  'favicon_ico' => '',
)
[ info ] [ LOG ] INIT file

---------------------------------------------------------------
[ 2017-10-25T17:24:05+08:00 ] 172.31.179.54 42.156.251.189 GET /
[ log ] dbgj.hoonking.com/ [运行时间：0.031250s][吞吐率：32.00req/s] [内存消耗：1,744.49kb] [文件加载：54]
[ info ] [ DB ] INIT mysql
[ info ] [ LANG ] E:\www\dbgj\core\lang\zh-cn.php
[ info ] [ ROUTE ] array (
  'type' => 'module',
  'module' => 
  array (
    0 => '',
    1 => NULL,
    2 => NULL,
  ),
)
[ info ] [ HEADER ] array (
  'host' => 'dbgj.hoonking.com',
  'accept-language' => 'zh-CN,zh;q=0.8,en;q=0.6',
  'cookie' => 'PHPSESSID=gv1skih40jmmmvra0l635c8gq7; path=/',
  'accept-encoding' => 'gzip, deflate',
  'user-agent' => 'Mozilla/5.0 (Linux; Android 5.0.2; SM-A5000 Build/LRX22C) AppleWebKit/603.2.4 (KHTML, like Gecko) Mobile/14F89 Tx(Tx/6.8.1) WindVane/8.2.0 1125x2001',
  'accept' => 'text/html,application/xhtml+xml,application/xml;q=0.9,image/webp,*/*;q=0.8',
  'connection' => 'close',
)
[ info ] [ PARAM ] array (
)
[ info ] [ LANG ] E:\www\dbgj/application/index\lang\zh-cn.php
[ info ] [ SESSION ] INIT array (
  'prefix' => 'minishop',
  'type' => '',
  'auto_start' => true,
)
[ info ] [ LOG ] INIT file

---------------------------------------------------------------
[ 2017-10-25T17:24:05+08:00 ] 172.31.179.54 42.156.251.189 GET /index/base/login.html
[ log ] dbgj.hoonking.com/index/base/login.html [运行时间：0.046875s][吞吐率：21.33req/s] [内存消耗：1,732.46kb] [文件加载：52]
[ info ] [ DB ] INIT mysql
[ info ] [ LANG ] E:\www\dbgj\core\lang\zh-cn.php
[ info ] [ ROUTE ] array (
  'type' => 'module',
  'module' => 
  array (
    0 => 'index',
    1 => 'base',
    2 => 'login',
  ),
)
[ info ] [ HEADER ] array (
  'host' => 'dbgj.hoonking.com',
  'accept-language' => 'zh-CN,zh;q=0.8,en;q=0.6',
  'cookie' => 'think_var=zh-cn; expires=Wed, 25-Oct-2017 10:24:05 GMT; path=/, think_var=zh-cn',
  'accept-encoding' => 'gzip, deflate',
  'user-agent' => 'Mozilla/5.0 (Linux; Android 6.0.1; SM-N9100 Build/LRX22C  ) AppleWebKit/601.1.46 (KHTML, like Gecko) Mobile/13D15 Tx(Tx/6.6.0) WindVane/8.2.0 1125x2001',
  'accept' => 'text/html,application/xhtml+xml,application/xml;q=0.9,image/webp,*/*;q=0.8',
  'connection' => 'close',
)
[ info ] [ PARAM ] array (
  'index/base/login_html' => '',
)
[ info ] [ LANG ] E:\www\dbgj/application/index\lang\zh-cn.php
[ info ] [ SESSION ] INIT array (
  'prefix' => 'minishop',
  'type' => '',
  'auto_start' => true,
)
[ info ] [ RUN ] /**
     * 用户登录方法
     * @author  矢志bu渝 <745152620@qq.com>
     */
Method [ <user> public method login ] {
  @@ E:\www\dbgj\application\index\controller\Base.php 57 - 83
}

[ info ] [ VIEW ] ./themes/default/index/login.html [ array (
  0 => 'userinfo',
) ]
[ info ] [ LOG ] INIT file

---------------------------------------------------------------
[ 2017-10-25T17:24:09+08:00 ] 172.31.179.54 42.156.251.189 GET /
[ log ] dbgj.hoonking.com/ [运行时间：0.046875s][吞吐率：21.33req/s] [内存消耗：1,744.28kb] [文件加载：54]
[ info ] [ DB ] INIT mysql
[ info ] [ LANG ] E:\www\dbgj\core\lang\zh-cn.php
[ info ] [ ROUTE ] array (
  'type' => 'module',
  'module' => 
  array (
    0 => '',
    1 => NULL,
    2 => NULL,
  ),
)
[ info ] [ HEADER ] array (
  'host' => 'dbgj.hoonking.com',
  'accept-language' => 'zh-CN,en,*',
  'accept-encoding' => 'gzip, deflate',
  'connection' => 'close',
  'user-agent' => 'Mozilla/5.0 (Linux; Android 5.0.2; SM-A5000 Build/LRX22C) AppleWebKit/603.2.4 (KHTML, like Gecko) Mobile/14F89 Tx(Tx/6.8.1) WindVane/8.2.0 1125x2001',
  'accept' => 'text/html,application/xhtml+xml,application/xml;q=0.9,*/*;q=0.8',
)
[ info ] [ PARAM ] array (
)
[ info ] [ LANG ] E:\www\dbgj/application/index\lang\zh-cn.php
[ info ] [ SESSION ] INIT array (
  'prefix' => 'minishop',
  'type' => '',
  'auto_start' => true,
)
[ info ] [ LOG ] INIT file

---------------------------------------------------------------
[ 2017-10-25T17:24:09+08:00 ] 172.31.179.54 42.156.251.189 GET /index/base/login.html
[ log ] dbgj.hoonking.com/index/base/login.html [运行时间：0.046875s][吞吐率：21.33req/s] [内存消耗：1,732.13kb] [文件加载：52]
[ info ] [ DB ] INIT mysql
[ info ] [ LANG ] E:\www\dbgj\core\lang\zh-cn.php
[ info ] [ ROUTE ] array (
  'type' => 'module',
  'module' => 
  array (
    0 => 'index',
    1 => 'base',
    2 => 'login',
  ),
)
[ info ] [ HEADER ] array (
  'host' => 'dbgj.hoonking.com',
  'accept-language' => 'zh-CN,en,*',
  'accept-encoding' => 'gzip, deflate',
  'connection' => 'close',
  'cookie' => 'think_var=zh-cn; PHPSESSID=dq7m9pig2mcedjm09ikcp1tva2',
  'user-agent' => 'Mozilla/5.0 (Linux; Android 5.0.2; SM-A5000 Build/LRX22C) AppleWebKit/603.2.4 (KHTML, like Gecko) Mobile/14F89 Tx(Tx/6.8.1) WindVane/8.2.0 1125x2001',
  'accept' => 'text/html,application/xhtml+xml,application/xml;q=0.9,*/*;q=0.8',
)
[ info ] [ PARAM ] array (
  'index/base/login_html' => '',
)
[ info ] [ LANG ] E:\www\dbgj/application/index\lang\zh-cn.php
[ info ] [ SESSION ] INIT array (
  'prefix' => 'minishop',
  'type' => '',
  'auto_start' => true,
)
[ info ] [ RUN ] /**
     * 用户登录方法
     * @author  矢志bu渝 <745152620@qq.com>
     */
Method [ <user> public method login ] {
  @@ E:\www\dbgj\application\index\controller\Base.php 57 - 83
}

[ info ] [ VIEW ] ./themes/default/index/login.html [ array (
  0 => 'userinfo',
) ]
[ info ] [ LOG ] INIT file

---------------------------------------------------------------
[ 2017-10-25T17:24:12+08:00 ] 172.31.179.54 101.226.33.239 GET /index/base/login.html
[ log ] dbgj.hoonking.com/index/base/login.html [运行时间：0.046875s][吞吐率：21.33req/s] [内存消耗：1,732.53kb] [文件加载：52]
[ info ] [ DB ] INIT mysql
[ info ] [ LANG ] E:\www\dbgj\core\lang\zh-cn.php
[ info ] [ ROUTE ] array (
  'type' => 'module',
  'module' => 
  array (
    0 => 'index',
    1 => 'base',
    2 => 'login',
  ),
)
[ info ] [ HEADER ] array (
  'connection' => 'close',
  'host' => 'dbgj.hoonking.com',
  'accept-language' => 'zh-CN,zh;q=0.8,en-US;q=0.6,en;q=0.4',
  'referer' => 'blank',
  'accept-encoding' => 'gzip, deflate, sdch, br',
  'accept' => '*/*',
  'user-agent' => 'Mozilla/5.0 (Windows NT 6.1; WOW64) AppleWebKit/537.36 (KHTML, like Gecko) Chrome/56.0.2924.87 Safari/537.36',
)
[ info ] [ PARAM ] array (
  'index/base/login_html' => '',
)
[ info ] [ LANG ] E:\www\dbgj/application/index\lang\zh-cn.php
[ info ] [ SESSION ] INIT array (
  'prefix' => 'minishop',
  'type' => '',
  'auto_start' => true,
)
[ info ] [ RUN ] /**
     * 用户登录方法
     * @author  矢志bu渝 <745152620@qq.com>
     */
Method [ <user> public method login ] {
  @@ E:\www\dbgj\application\index\controller\Base.php 57 - 83
}

[ info ] [ VIEW ] ./themes/default/index/login.html [ array (
  0 => 'userinfo',
) ]
[ info ] [ LOG ] INIT file

---------------------------------------------------------------
[ 2017-10-25T17:24:14+08:00 ] 172.31.179.54 61.151.218.119 GET /
[ log ] dbgj.hoonking.com/ [运行时间：0.031250s][吞吐率：32.00req/s] [内存消耗：1,744.33kb] [文件加载：54]
[ info ] [ DB ] INIT mysql
[ info ] [ LANG ] E:\www\dbgj\core\lang\zh-cn.php
[ info ] [ ROUTE ] array (
  'type' => 'module',
  'module' => 
  array (
    0 => '',
    1 => NULL,
    2 => NULL,
  ),
)
[ info ] [ HEADER ] array (
  'connection' => 'close',
  'host' => 'dbgj.hoonking.com',
  'accept-language' => 'zh-CN,zh;q=0.8,en-US;q=0.6,en;q=0.4',
  'referer' => 'blank',
  'accept-encoding' => 'gzip, deflate, sdch, br',
  'accept' => '*/*',
  'user-agent' => 'Mozilla/5.0 (Windows NT 6.1; WOW64; Trident/7.0; SLCC2; .NET CLR 2.0.50727; .NET CLR 3.5.30729; .NET CLR 3.0.30729; Media Center PC 6.0; .NET4.0C; .NET4.0E; InfoPath.3; rv:11.0) like Gecko',
)
[ info ] [ PARAM ] array (
)
[ info ] [ LANG ] E:\www\dbgj/application/index\lang\zh-cn.php
[ info ] [ SESSION ] INIT array (
  'prefix' => 'minishop',
  'type' => '',
  'auto_start' => true,
)
[ info ] [ LOG ] INIT file

---------------------------------------------------------------
[ 2017-10-25T17:24:15+08:00 ] 172.31.179.54 61.151.218.119 GET /index/base/login.html
[ log ] dbgj.hoonking.com/index/base/login.html [运行时间：0.046875s][吞吐率：21.33req/s] [内存消耗：1,732.30kb] [文件加载：52]
[ info ] [ DB ] INIT mysql
[ info ] [ LANG ] E:\www\dbgj\core\lang\zh-cn.php
[ info ] [ ROUTE ] array (
  'type' => 'module',
  'module' => 
  array (
    0 => 'index',
    1 => 'base',
    2 => 'login',
  ),
)
[ info ] [ HEADER ] array (
  'connection' => 'close',
  'host' => 'dbgj.hoonking.com',
  'accept-language' => 'zh-CN,zh;q=0.8,en-US;q=0.6,en;q=0.4',
  'cookie' => 'PHPSESSID=2k3u0qko36kna55v2cd9ibgl63; think_var=zh-cn',
  'referer' => 'http://dbgj.hoonking.com/',
  'accept-encoding' => 'gzip, deflate, sdch, br',
  'accept' => '*/*',
  'user-agent' => 'Mozilla/5.0 (Windows NT 6.1; WOW64; Trident/7.0; SLCC2; .NET CLR 2.0.50727; .NET CLR 3.5.30729; .NET CLR 3.0.30729; Media Center PC 6.0; .NET4.0C; .NET4.0E; InfoPath.3; rv:11.0) like Gecko',
)
[ info ] [ PARAM ] array (
  'index/base/login_html' => '',
)
[ info ] [ LANG ] E:\www\dbgj/application/index\lang\zh-cn.php
[ info ] [ SESSION ] INIT array (
  'prefix' => 'minishop',
  'type' => '',
  'auto_start' => true,
)
[ info ] [ RUN ] /**
     * 用户登录方法
     * @author  矢志bu渝 <745152620@qq.com>
     */
Method [ <user> public method login ] {
  @@ E:\www\dbgj\application\index\controller\Base.php 57 - 83
}

[ info ] [ VIEW ] ./themes/default/index/login.html [ array (
  0 => 'userinfo',
) ]
[ info ] [ LOG ] INIT file

---------------------------------------------------------------
[ 2017-10-25T17:24:18+08:00 ] 172.31.179.54 222.87.200.150 POST /index/base/login.html
[ log ] dbgj.hoonking.com/index/base/login.html [运行时间：0.093750s][吞吐率：10.67req/s] [内存消耗：1,750.00kb] [文件加载：53]
[ info ] [ DB ] INIT mysql
[ info ] [ LANG ] E:\www\dbgj\core\lang\zh-cn.php
[ info ] [ ROUTE ] array (
  'type' => 'module',
  'module' => 
  array (
    0 => 'index',
    1 => 'base',
    2 => 'login',
  ),
)
[ info ] [ HEADER ] array (
  'cookie' => 'think_var=zh-cn; PHPSESSID=elt370hppi2o4gptbvjnchajt6; safedog-flow-item=',
  'accept-language' => 'zh-CN,zh;q=0.8',
  'accept-encoding' => 'gzip, deflate',
  'referer' => 'http://dbgj.hoonking.com/index/base/login.html',
  'user-agent' => 'Mozilla/5.0 (Windows NT 6.1; WOW64) AppleWebKit/537.36 (KHTML, like Gecko) Chrome/53.0.2785.104 Safari/537.36 Core/1.53.3427.400 QQBrowser/9.6.12513.400',
  'x-requested-with' => 'XMLHttpRequest',
  'origin' => 'http://dbgj.hoonking.com',
  'accept' => 'application/json, text/javascript, */*; q=0.01',
  'connection' => 'close',
  'host' => 'dbgj.hoonking.com',
  'content-type' => 'application/x-www-form-urlencoded; charset=UTF-8',
  'content-length' => '31',
)
[ info ] [ PARAM ] array (
  'index/base/login_html' => '',
  'key' => '15666666666',
  'password' => '123456',
)
[ info ] [ LANG ] E:\www\dbgj/application/index\lang\zh-cn.php
[ info ] [ SESSION ] INIT array (
  'prefix' => 'minishop',
  'type' => '',
  'auto_start' => true,
)
[ info ] [ RUN ] /**
     * 用户登录方法
     * @author  矢志bu渝 <745152620@qq.com>
     */
Method [ <user> public method login ] {
  @@ E:\www\dbgj\application\index\controller\Base.php 57 - 83
}

[ info ] [ LOG ] INIT file

---------------------------------------------------------------
[ 2017-10-25T17:24:18+08:00 ] 172.31.179.54 222.87.200.150 GET /index/user/usercenter.html
[ log ] dbgj.hoonking.com/index/user/usercenter.html [运行时间：0.109375s][吞吐率：9.14req/s] [内存消耗：1,817.86kb] [文件加载：53]
[ info ] [ DB ] INIT mysql
[ info ] [ LANG ] E:\www\dbgj\core\lang\zh-cn.php
[ info ] [ ROUTE ] array (
  'type' => 'module',
  'module' => 
  array (
    0 => 'index',
    1 => 'user',
    2 => 'usercenter',
  ),
)
[ info ] [ HEADER ] array (
  'cookie' => 'think_var=zh-cn; PHPSESSID=elt370hppi2o4gptbvjnchajt6; safedog-flow-item=',
  'accept-language' => 'zh-CN,zh;q=0.8',
  'accept-encoding' => 'gzip, deflate, sdch',
  'referer' => 'http://dbgj.hoonking.com/index/base/login.html',
  'accept' => 'text/html,application/xhtml+xml,application/xml;q=0.9,image/webp,*/*;q=0.8',
  'user-agent' => 'Mozilla/5.0 (Windows NT 6.1; WOW64) AppleWebKit/537.36 (KHTML, like Gecko) Chrome/53.0.2785.104 Safari/537.36 Core/1.53.3427.400 QQBrowser/9.6.12513.400',
  'upgrade-insecure-requests' => '1',
  'connection' => 'close',
  'host' => 'dbgj.hoonking.com',
)
[ info ] [ PARAM ] array (
  'index/user/usercenter_html' => '',
)
[ info ] [ LANG ] E:\www\dbgj/application/index\lang\zh-cn.php
[ info ] [ SESSION ] INIT array (
  'prefix' => 'minishop',
  'type' => '',
  'auto_start' => true,
)
[ info ] [ RUN ] /**
     * 个人中心
     * @author  ILsunshine
     */
Method [ <user> public method userCenter ] {
  @@ E:\www\dbgj\application\index\controller\User.php 39 - 67
}

[ info ] [ VIEW ] ./themes/default/index/user_center.html [ array (
  0 => 'userinfo',
  1 => 'tyjfmc',
  2 => 'zhscore',
  3 => 's_score',
  4 => 'ytixian',
  5 => 'tuijianren',
  6 => 'userInfo',
  7 => 'hys',
  8 => 'scoreorder',
) ]
[ info ] [ LOG ] INIT file

---------------------------------------------------------------
[ 2017-10-25T17:24:27+08:00 ] 172.31.179.54 120.92.32.141 GET /
[ log ] dbgj.hoonking.com/ [运行时间：0.046875s][吞吐率：21.33req/s] [内存消耗：1,739.13kb] [文件加载：52]
[ info ] [ DB ] INIT mysql
[ info ] [ ROUTE ] array (
  'type' => 'module',
  'module' => 
  array (
    0 => '',
    1 => NULL,
    2 => NULL,
  ),
)
[ info ] [ HEADER ] array (
  'connection' => 'close',
  'cookie' => 'ASPSESSIONIDQASBQDRC=HJNCEIDDOOKIJECJODIJEKMD;ASPSESSIONIDQSCCTADB=ACDBJAOCGNMMIABENILOEENF;',
  'accept-charset' => 'UTF-8,*;q=0.5',
  'user-agent' => 'Mozilla/5.0 (Windows NT 6.1; WOW64) AppleWebKit/537.36 (KHTML, like Gecko) Chrome/39.0.2171.95  Safari/537.36',
  'accept' => 'text/html,application/xhtml+xml,application/xml;q=0.9,image/webp,*/*;q=0.8',
  'accept-encoding' => 'gzip,deflate,sdch',
  'accept-language' => 'zh,zh-CN;q=0.8,zh-TW;q=0.6,en;q=0.4',
  'host' => 'dbgj.hoonking.com',
)
[ info ] [ PARAM ] array (
)
[ info ] [ SESSION ] INIT array (
  'prefix' => 'minishop',
  'type' => '',
  'auto_start' => true,
)
[ info ] [ LOG ] INIT file

---------------------------------------------------------------
[ 2017-10-25T17:24:28+08:00 ] 172.31.179.54 120.92.32.141 GET /index/base/login.html
[ log ] dbgj.hoonking.com/index/base/login.html [运行时间：0.046875s][吞吐率：21.33req/s] [内存消耗：1,727.02kb] [文件加载：50]
[ info ] [ DB ] INIT mysql
[ info ] [ ROUTE ] array (
  'type' => 'module',
  'module' => 
  array (
    0 => 'index',
    1 => 'base',
    2 => 'login',
  ),
)
[ info ] [ HEADER ] array (
  'connection' => 'close',
  'cookie' => 'ASPSESSIONIDQASBQDRC=HJNCEIDDOOKIJECJODIJEKMD;ASPSESSIONIDQSCCTADB=ACDBJAOCGNMMIABENILOEENF;think_var=zh;25-Oct-2017 10:24:27 GMT;PHPSESSID=58l1b0n0d4ru1dpbo39sauske1;',
  'accept-charset' => 'UTF-8,*;q=0.5',
  'user-agent' => 'Mozilla/5.0 (Windows NT 6.1; WOW64) AppleWebKit/537.36 (KHTML, like Gecko) Chrome/39.0.2171.95  Safari/537.36',
  'accept' => 'text/html,application/xhtml+xml,application/xml;q=0.9,image/webp,*/*;q=0.8',
  'accept-encoding' => 'gzip,deflate,sdch',
  'accept-language' => 'zh,zh-CN;q=0.8,zh-TW;q=0.6,en;q=0.4',
  'host' => 'dbgj.hoonking.com',
)
[ info ] [ PARAM ] array (
  'index/base/login_html' => '',
)
[ info ] [ SESSION ] INIT array (
  'prefix' => 'minishop',
  'type' => '',
  'auto_start' => true,
)
[ info ] [ RUN ] /**
     * 用户登录方法
     * @author  矢志bu渝 <745152620@qq.com>
     */
Method [ <user> public method login ] {
  @@ E:\www\dbgj\application\index\controller\Base.php 57 - 83
}

[ info ] [ VIEW ] ./themes/default/index/login.html [ array (
  0 => 'userinfo',
) ]
[ info ] [ LOG ] INIT file

---------------------------------------------------------------
[ 2017-10-25T17:24:28+08:00 ] 172.31.179.54 120.92.32.141 GET /index/base/login.html
[ log ] dbgj.hoonking.com/index/base/login.html [运行时间：0.046875s][吞吐率：21.33req/s] [内存消耗：1,727.11kb] [文件加载：50]
[ info ] [ DB ] INIT mysql
[ info ] [ ROUTE ] array (
  'type' => 'module',
  'module' => 
  array (
    0 => 'index',
    1 => 'base',
    2 => 'login',
  ),
)
[ info ] [ HEADER ] array (
  'connection' => 'close',
  'cookie' => 'ASPSESSIONIDQASBQDRC=HJNCEIDDOOKIJECJODIJEKMD;ASPSESSIONIDQSCCTADB=ACDBJAOCGNMMIABENILOEENF;think_var=zh;25-Oct-2017 10:24:27 GMT;PHPSESSID=58l1b0n0d4ru1dpbo39sauske1;safedog-flow-item=;25-Oct-2017 16:00:28 GMT;',
  'accept-charset' => 'UTF-8,*;q=0.5',
  'user-agent' => 'Mozilla/5.0 (Windows NT 6.1; WOW64) AppleWebKit/537.36 (KHTML, like Gecko) Chrome/39.0.2171.95  Safari/537.36',
  'accept' => 'text/html,application/xhtml+xml,application/xml;q=0.9,image/webp,*/*;q=0.8',
  'accept-encoding' => 'gzip,deflate,sdch',
  'accept-language' => 'zh,zh-CN;q=0.8,zh-TW;q=0.6,en;q=0.4',
  'host' => 'dbgj.hoonking.com',
)
[ info ] [ PARAM ] array (
  'index/base/login_html' => '',
)
[ info ] [ SESSION ] INIT array (
  'prefix' => 'minishop',
  'type' => '',
  'auto_start' => true,
)
[ info ] [ RUN ] /**
     * 用户登录方法
     * @author  矢志bu渝 <745152620@qq.com>
     */
Method [ <user> public method login ] {
  @@ E:\www\dbgj\application\index\controller\Base.php 57 - 83
}

[ info ] [ VIEW ] ./themes/default/index/login.html [ array (
  0 => 'userinfo',
) ]
[ info ] [ LOG ] INIT file

---------------------------------------------------------------
[ 2017-10-25T17:25:02+08:00 ] 172.31.179.54 222.87.200.150 GET /index/user/money_detail.html
[ log ] dbgj.hoonking.com/index/user/money_detail.html [运行时间：0.062500s][吞吐率：16.00req/s] [内存消耗：1,911.32kb] [文件加载：57]
[ info ] [ DB ] INIT mysql
[ info ] [ LANG ] E:\www\dbgj\core\lang\zh-cn.php
[ info ] [ ROUTE ] array (
  'type' => 'module',
  'module' => 
  array (
    0 => 'index',
    1 => 'user',
    2 => 'money_detail',
  ),
)
[ info ] [ HEADER ] array (
  'cookie' => 'think_var=zh-cn; PHPSESSID=elt370hppi2o4gptbvjnchajt6; safedog-flow-item=',
  'accept-language' => 'zh-CN,zh;q=0.8',
  'accept-encoding' => 'gzip, deflate, sdch',
  'referer' => 'http://dbgj.hoonking.com/index/user/usercenter.html',
  'accept' => 'text/html,application/xhtml+xml,application/xml;q=0.9,image/webp,*/*;q=0.8',
  'user-agent' => 'Mozilla/5.0 (Windows NT 6.1; WOW64) AppleWebKit/537.36 (KHTML, like Gecko) Chrome/53.0.2785.104 Safari/537.36 Core/1.53.3427.400 QQBrowser/9.6.12513.400',
  'upgrade-insecure-requests' => '1',
  'connection' => 'close',
  'host' => 'dbgj.hoonking.com',
)
[ info ] [ PARAM ] array (
  'index/user/money_detail_html' => '',
)
[ info ] [ LANG ] E:\www\dbgj/application/index\lang\zh-cn.php
[ info ] [ SESSION ] INIT array (
  'prefix' => 'minishop',
  'type' => '',
  'auto_start' => true,
)
[ info ] [ RUN ] /**
     * 资金详情
     * @author  赵祥祥654377754
     */
Method [ <user> public method money_detail ] {
  @@ E:\www\dbgj\application\index\controller\User.php 344 - 353
}

[ info ] [ VIEW ] ./themes/default/index/money_detail.html [ array (
  0 => 'userinfo',
  1 => 'tyjfmc',
  2 => 'page',
  3 => 'lists',
) ]
[ info ] [ LOG ] INIT file

---------------------------------------------------------------
[ 2017-10-25T17:25:08+08:00 ] 172.31.179.54 222.87.200.150 GET /index/user/usercenter.html
[ log ] dbgj.hoonking.com/index/user/usercenter.html [运行时间：0.109375s][吞吐率：9.14req/s] [内存消耗：1,817.86kb] [文件加载：53]
[ info ] [ DB ] INIT mysql
[ info ] [ LANG ] E:\www\dbgj\core\lang\zh-cn.php
[ info ] [ ROUTE ] array (
  'type' => 'module',
  'module' => 
  array (
    0 => 'index',
    1 => 'user',
    2 => 'usercenter',
  ),
)
[ info ] [ HEADER ] array (
  'cookie' => 'think_var=zh-cn; PHPSESSID=elt370hppi2o4gptbvjnchajt6; safedog-flow-item=',
  'accept-language' => 'zh-CN,zh;q=0.8',
  'accept-encoding' => 'gzip, deflate, sdch',
  'referer' => 'http://dbgj.hoonking.com/index/base/login.html',
  'accept' => 'text/html,application/xhtml+xml,application/xml;q=0.9,image/webp,*/*;q=0.8',
  'user-agent' => 'Mozilla/5.0 (Windows NT 6.1; WOW64) AppleWebKit/537.36 (KHTML, like Gecko) Chrome/53.0.2785.104 Safari/537.36 Core/1.53.3427.400 QQBrowser/9.6.12513.400',
  'upgrade-insecure-requests' => '1',
  'connection' => 'close',
  'host' => 'dbgj.hoonking.com',
)
[ info ] [ PARAM ] array (
  'index/user/usercenter_html' => '',
)
[ info ] [ LANG ] E:\www\dbgj/application/index\lang\zh-cn.php
[ info ] [ SESSION ] INIT array (
  'prefix' => 'minishop',
  'type' => '',
  'auto_start' => true,
)
[ info ] [ RUN ] /**
     * 个人中心
     * @author  ILsunshine
     */
Method [ <user> public method userCenter ] {
  @@ E:\www\dbgj\application\index\controller\User.php 39 - 67
}

[ info ] [ VIEW ] ./themes/default/index/user_center.html [ array (
  0 => 'userinfo',
  1 => 'tyjfmc',
  2 => 'zhscore',
  3 => 's_score',
  4 => 'ytixian',
  5 => 'tuijianren',
  6 => 'userInfo',
  7 => 'hys',
  8 => 'scoreorder',
) ]
[ info ] [ LOG ] INIT file

---------------------------------------------------------------
[ 2017-10-25T17:25:14+08:00 ] 172.31.179.54 101.226.66.172 GET /index/user/money_detail.html
[ log ] dbgj.hoonking.com/index/user/money_detail.html [运行时间：0.031250s][吞吐率：32.00req/s] [内存消耗：1,802.97kb] [文件加载：54]
[ info ] [ DB ] INIT mysql
[ info ] [ LANG ] E:\www\dbgj\core\lang\zh-cn.php
[ info ] [ ROUTE ] array (
  'type' => 'module',
  'module' => 
  array (
    0 => 'index',
    1 => 'user',
    2 => 'money_detail',
  ),
)
[ info ] [ HEADER ] array (
  'connection' => 'close',
  'host' => 'dbgj.hoonking.com',
  'accept-language' => 'zh-CN,zh;q=0.8,en-US;q=0.6,en;q=0.4',
  'referer' => 'blank',
  'accept-encoding' => 'gzip, deflate, sdch, br',
  'accept' => '*/*',
  'user-agent' => 'Mozilla/5.0 (Windows NT 6.1; WOW64) AppleWebKit/537.36 (KHTML, like Gecko) Chrome/53.0.2785.104 Safari/537.36 Core/1.53.2141.400 QQBrowser/9.5.10219.400',
)
[ info ] [ PARAM ] array (
  'index/user/money_detail_html' => '',
)
[ info ] [ LANG ] E:\www\dbgj/application/index\lang\zh-cn.php
[ info ] [ SESSION ] INIT array (
  'prefix' => 'minishop',
  'type' => '',
  'auto_start' => true,
)
[ info ] [ LOG ] INIT file

---------------------------------------------------------------
[ 2017-10-25T17:25:15+08:00 ] 172.31.179.54 101.226.66.172 GET /index/base/login.html
[ log ] dbgj.hoonking.com/index/base/login.html [运行时间：0.046875s][吞吐率：21.33req/s] [内存消耗：1,732.33kb] [文件加载：52]
[ info ] [ DB ] INIT mysql
[ info ] [ LANG ] E:\www\dbgj\core\lang\zh-cn.php
[ info ] [ ROUTE ] array (
  'type' => 'module',
  'module' => 
  array (
    0 => 'index',
    1 => 'base',
    2 => 'login',
  ),
)
[ info ] [ HEADER ] array (
  'connection' => 'close',
  'host' => 'dbgj.hoonking.com',
  'accept-language' => 'zh-CN,zh;q=0.8,en-US;q=0.6,en;q=0.4',
  'cookie' => 'PHPSESSID=2rttcu22l0ns88h8mbcqpkrro4; think_var=zh-cn',
  'referer' => 'http://dbgj.hoonking.com/index/user/money_detail.html',
  'accept-encoding' => 'gzip, deflate, sdch, br',
  'accept' => '*/*',
  'user-agent' => 'Mozilla/5.0 (Windows NT 6.1; WOW64) AppleWebKit/537.36 (KHTML, like Gecko) Chrome/53.0.2785.104 Safari/537.36 Core/1.53.2141.400 QQBrowser/9.5.10219.400',
)
[ info ] [ PARAM ] array (
  'index/base/login_html' => '',
)
[ info ] [ LANG ] E:\www\dbgj/application/index\lang\zh-cn.php
[ info ] [ SESSION ] INIT array (
  'prefix' => 'minishop',
  'type' => '',
  'auto_start' => true,
)
[ info ] [ RUN ] /**
     * 用户登录方法
     * @author  矢志bu渝 <745152620@qq.com>
     */
Method [ <user> public method login ] {
  @@ E:\www\dbgj\application\index\controller\Base.php 57 - 83
}

[ info ] [ VIEW ] ./themes/default/index/login.html [ array (
  0 => 'userinfo',
) ]
[ info ] [ LOG ] INIT file

---------------------------------------------------------------
[ 2017-10-25T17:25:25+08:00 ] 172.31.179.54 222.87.200.150 GET /index/user/score_detail.html
[ log ] dbgj.hoonking.com/index/user/score_detail.html [运行时间：0.062500s][吞吐率：16.00req/s] [内存消耗：1,918.59kb] [文件加载：57]
[ info ] [ DB ] INIT mysql
[ info ] [ LANG ] E:\www\dbgj\core\lang\zh-cn.php
[ info ] [ ROUTE ] array (
  'type' => 'module',
  'module' => 
  array (
    0 => 'index',
    1 => 'user',
    2 => 'score_detail',
  ),
)
[ info ] [ HEADER ] array (
  'cookie' => 'think_var=zh-cn; PHPSESSID=elt370hppi2o4gptbvjnchajt6; safedog-flow-item=',
  'accept-language' => 'zh-CN,zh;q=0.8',
  'accept-encoding' => 'gzip, deflate, sdch',
  'referer' => 'http://dbgj.hoonking.com/index/user/usercenter.html',
  'accept' => 'text/html,application/xhtml+xml,application/xml;q=0.9,image/webp,*/*;q=0.8',
  'user-agent' => 'Mozilla/5.0 (Windows NT 6.1; WOW64) AppleWebKit/537.36 (KHTML, like Gecko) Chrome/53.0.2785.104 Safari/537.36 Core/1.53.3427.400 QQBrowser/9.6.12513.400',
  'upgrade-insecure-requests' => '1',
  'connection' => 'close',
  'host' => 'dbgj.hoonking.com',
)
[ info ] [ PARAM ] array (
  'index/user/score_detail_html' => '',
)
[ info ] [ LANG ] E:\www\dbgj/application/index\lang\zh-cn.php
[ info ] [ SESSION ] INIT array (
  'prefix' => 'minishop',
  'type' => '',
  'auto_start' => true,
)
[ info ] [ RUN ] /**
     * 积分详情
     * @author  赵祥祥654377754
     */
Method [ <user> public method score_detail ] {
  @@ E:\www\dbgj\application\index\controller\User.php 326 - 339
}

[ info ] [ VIEW ] ./themes/default/index/score_detail.html [ array (
  0 => 'userinfo',
  1 => 'tyjfmc',
  2 => 'page',
  3 => 'lists',
) ]
[ info ] [ LOG ] INIT file

---------------------------------------------------------------
[ 2017-10-25T17:25:32+08:00 ] 172.31.179.54 222.87.200.150 GET /index/user/usercenter.html
[ log ] dbgj.hoonking.com/index/user/usercenter.html [运行时间：0.093750s][吞吐率：10.67req/s] [内存消耗：1,817.86kb] [文件加载：53]
[ info ] [ DB ] INIT mysql
[ info ] [ LANG ] E:\www\dbgj\core\lang\zh-cn.php
[ info ] [ ROUTE ] array (
  'type' => 'module',
  'module' => 
  array (
    0 => 'index',
    1 => 'user',
    2 => 'usercenter',
  ),
)
[ info ] [ HEADER ] array (
  'cookie' => 'think_var=zh-cn; PHPSESSID=elt370hppi2o4gptbvjnchajt6; safedog-flow-item=',
  'accept-language' => 'zh-CN,zh;q=0.8',
  'accept-encoding' => 'gzip, deflate, sdch',
  'referer' => 'http://dbgj.hoonking.com/index/base/login.html',
  'accept' => 'text/html,application/xhtml+xml,application/xml;q=0.9,image/webp,*/*;q=0.8',
  'user-agent' => 'Mozilla/5.0 (Windows NT 6.1; WOW64) AppleWebKit/537.36 (KHTML, like Gecko) Chrome/53.0.2785.104 Safari/537.36 Core/1.53.3427.400 QQBrowser/9.6.12513.400',
  'upgrade-insecure-requests' => '1',
  'connection' => 'close',
  'host' => 'dbgj.hoonking.com',
)
[ info ] [ PARAM ] array (
  'index/user/usercenter_html' => '',
)
[ info ] [ LANG ] E:\www\dbgj/application/index\lang\zh-cn.php
[ info ] [ SESSION ] INIT array (
  'prefix' => 'minishop',
  'type' => '',
  'auto_start' => true,
)
[ info ] [ RUN ] /**
     * 个人中心
     * @author  ILsunshine
     */
Method [ <user> public method userCenter ] {
  @@ E:\www\dbgj\application\index\controller\User.php 39 - 67
}

[ info ] [ VIEW ] ./themes/default/index/user_center.html [ array (
  0 => 'userinfo',
  1 => 'tyjfmc',
  2 => 'zhscore',
  3 => 's_score',
  4 => 'ytixian',
  5 => 'tuijianren',
  6 => 'userInfo',
  7 => 'hys',
  8 => 'scoreorder',
) ]
[ info ] [ LOG ] INIT file

---------------------------------------------------------------
[ 2017-10-25T17:25:35+08:00 ] 172.31.179.54 101.226.33.203 GET /index/user/score_detail.html
[ log ] dbgj.hoonking.com/index/user/score_detail.html [运行时间：0.046875s][吞吐率：21.33req/s] [内存消耗：1,802.98kb] [文件加载：54]
[ info ] [ DB ] INIT mysql
[ info ] [ LANG ] E:\www\dbgj\core\lang\zh-cn.php
[ info ] [ ROUTE ] array (
  'type' => 'module',
  'module' => 
  array (
    0 => 'index',
    1 => 'user',
    2 => 'score_detail',
  ),
)
[ info ] [ HEADER ] array (
  'connection' => 'close',
  'host' => 'dbgj.hoonking.com',
  'accept-language' => 'zh-CN,zh;q=0.8,en-US;q=0.6,en;q=0.4',
  'referer' => 'blank',
  'accept-encoding' => 'gzip, deflate, sdch, br',
  'accept' => '*/*',
  'user-agent' => 'Mozilla/5.0 (Windows NT 6.1; WOW64) AppleWebKit/537.36 (KHTML, like Gecko) Chrome/43.0.2357.124 Safari/537.36',
)
[ info ] [ PARAM ] array (
  'index/user/score_detail_html' => '',
)
[ info ] [ LANG ] E:\www\dbgj/application/index\lang\zh-cn.php
[ info ] [ SESSION ] INIT array (
  'prefix' => 'minishop',
  'type' => '',
  'auto_start' => true,
)
[ info ] [ LOG ] INIT file

---------------------------------------------------------------
[ 2017-10-25T17:25:35+08:00 ] 172.31.179.54 101.226.33.203 GET /index/base/login.html
[ log ] dbgj.hoonking.com/index/base/login.html [运行时间：0.046875s][吞吐率：21.33req/s] [内存消耗：1,732.38kb] [文件加载：52]
[ info ] [ DB ] INIT mysql
[ info ] [ LANG ] E:\www\dbgj\core\lang\zh-cn.php
[ info ] [ ROUTE ] array (
  'type' => 'module',
  'module' => 
  array (
    0 => 'index',
    1 => 'base',
    2 => 'login',
  ),
)
[ info ] [ HEADER ] array (
  'connection' => 'close',
  'host' => 'dbgj.hoonking.com',
  'accept-language' => 'zh-CN,zh;q=0.8,en-US;q=0.6,en;q=0.4',
  'cookie' => 'PHPSESSID=4r92ri5fnh7dhfl0tikk2h2g35; think_var=zh-cn',
  'referer' => 'http://dbgj.hoonking.com/index/user/score_detail.html',
  'accept-encoding' => 'gzip, deflate, sdch, br',
  'accept' => '*/*',
  'user-agent' => 'Mozilla/5.0 (Windows NT 6.1; WOW64) AppleWebKit/537.36 (KHTML, like Gecko) Chrome/43.0.2357.124 Safari/537.36',
)
[ info ] [ PARAM ] array (
  'index/base/login_html' => '',
)
[ info ] [ LANG ] E:\www\dbgj/application/index\lang\zh-cn.php
[ info ] [ SESSION ] INIT array (
  'prefix' => 'minishop',
  'type' => '',
  'auto_start' => true,
)
[ info ] [ RUN ] /**
     * 用户登录方法
     * @author  矢志bu渝 <745152620@qq.com>
     */
Method [ <user> public method login ] {
  @@ E:\www\dbgj\application\index\controller\Base.php 57 - 83
}

[ info ] [ VIEW ] ./themes/default/index/login.html [ array (
  0 => 'userinfo',
) ]
[ info ] [ LOG ] INIT file

---------------------------------------------------------------
[ 2017-10-25T17:25:39+08:00 ] 172.31.179.54 101.226.65.102 GET /index/user/score_detail.html
[ log ] dbgj.hoonking.com/index/user/score_detail.html [运行时间：0.031250s][吞吐率：32.00req/s] [内存消耗：1,802.79kb] [文件加载：54]
[ info ] [ DB ] INIT mysql
[ info ] [ LANG ] E:\www\dbgj\core\lang\zh-cn.php
[ info ] [ ROUTE ] array (
  'type' => 'module',
  'module' => 
  array (
    0 => 'index',
    1 => 'user',
    2 => 'score_detail',
  ),
)
[ info ] [ HEADER ] array (
  'connection' => 'close',
  'host' => 'dbgj.hoonking.com',
  'accept-language' => 'zh-CN,zh;q=0.8,en-US;q=0.6,en;q=0.4',
  'accept-encoding' => 'gzip, deflate, sdch, br',
  'accept' => '*/*',
  'user-agent' => 'Mozilla/5.0 (Macintosh; Intel Mac OS X 10_12_4) AppleWebKit/537.36 (KHTML, like Gecko) 			Chrome/55.0.2883.95 Safari/537.36',
)
[ info ] [ PARAM ] array (
  'index/user/score_detail_html' => '',
)
[ info ] [ LANG ] E:\www\dbgj/application/index\lang\zh-cn.php
[ info ] [ SESSION ] INIT array (
  'prefix' => 'minishop',
  'type' => '',
  'auto_start' => true,
)
[ info ] [ LOG ] INIT file

---------------------------------------------------------------
[ 2017-10-25T17:25:39+08:00 ] 172.31.179.54 101.226.65.102 GET /index/base/login.html
[ log ] dbgj.hoonking.com/index/base/login.html [运行时间：0.046875s][吞吐率：21.33req/s] [内存消耗：1,732.31kb] [文件加载：52]
[ info ] [ DB ] INIT mysql
[ info ] [ LANG ] E:\www\dbgj\core\lang\zh-cn.php
[ info ] [ ROUTE ] array (
  'type' => 'module',
  'module' => 
  array (
    0 => 'index',
    1 => 'base',
    2 => 'login',
  ),
)
[ info ] [ HEADER ] array (
  'connection' => 'close',
  'host' => 'dbgj.hoonking.com',
  'accept-language' => 'zh-CN,zh;q=0.8,en-US;q=0.6,en;q=0.4',
  'cookie' => 'PHPSESSID=66f8ufr3ie940b7co6absikeg3; think_var=zh-cn',
  'referer' => 'http://dbgj.hoonking.com/index/user/score_detail.html',
  'accept-encoding' => 'gzip, deflate, sdch, br',
  'accept' => '*/*',
  'user-agent' => 'Mozilla/5.0 (Macintosh; Intel Mac OS X 10_12_4) AppleWebKit/537.36 (KHTML, like Gecko) 			Chrome/55.0.2883.95 Safari/537.36',
)
[ info ] [ PARAM ] array (
  'index/base/login_html' => '',
)
[ info ] [ LANG ] E:\www\dbgj/application/index\lang\zh-cn.php
[ info ] [ SESSION ] INIT array (
  'prefix' => 'minishop',
  'type' => '',
  'auto_start' => true,
)
[ info ] [ RUN ] /**
     * 用户登录方法
     * @author  矢志bu渝 <745152620@qq.com>
     */
Method [ <user> public method login ] {
  @@ E:\www\dbgj\application\index\controller\Base.php 57 - 83
}

[ info ] [ VIEW ] ./themes/default/index/login.html [ array (
  0 => 'userinfo',
) ]
[ info ] [ LOG ] INIT file

---------------------------------------------------------------
[ 2017-10-25T17:27:58+08:00 ] 172.31.179.54 101.226.66.193 GET /index/user/usercenter.html
[ log ] dbgj.hoonking.com/index/user/usercenter.html [运行时间：0.046875s][吞吐率：21.33req/s] [内存消耗：1,802.86kb] [文件加载：54]
[ info ] [ DB ] INIT mysql
[ info ] [ LANG ] E:\www\dbgj\core\lang\zh-cn.php
[ info ] [ ROUTE ] array (
  'type' => 'module',
  'module' => 
  array (
    0 => 'index',
    1 => 'user',
    2 => 'usercenter',
  ),
)
[ info ] [ HEADER ] array (
  'connection' => 'close',
  'host' => 'dbgj.hoonking.com',
  'accept-language' => 'zh-CN,zh;q=0.8,en-US;q=0.6,en;q=0.4',
  'referer' => 'blank',
  'accept-encoding' => 'gzip, deflate, sdch, br',
  'accept' => '*/*',
  'user-agent' => 'Mozilla/5.0 (Windows NT 6.1; WOW64) AppleWebKit/537.36 (KHTML, like Gecko) Chrome/56.0.2924.87 Safari/537.36',
)
[ info ] [ PARAM ] array (
  'index/user/usercenter_html' => '',
)
[ info ] [ LANG ] E:\www\dbgj/application/index\lang\zh-cn.php
[ info ] [ SESSION ] INIT array (
  'prefix' => 'minishop',
  'type' => '',
  'auto_start' => true,
)
[ info ] [ LOG ] INIT file

---------------------------------------------------------------
[ 2017-10-25T17:27:59+08:00 ] 172.31.179.54 101.226.66.193 GET /index/base/login.html
[ log ] dbgj.hoonking.com/index/base/login.html [运行时间：0.046875s][吞吐率：21.33req/s] [内存消耗：1,732.33kb] [文件加载：52]
[ info ] [ DB ] INIT mysql
[ info ] [ LANG ] E:\www\dbgj\core\lang\zh-cn.php
[ info ] [ ROUTE ] array (
  'type' => 'module',
  'module' => 
  array (
    0 => 'index',
    1 => 'base',
    2 => 'login',
  ),
)
[ info ] [ HEADER ] array (
  'connection' => 'close',
  'host' => 'dbgj.hoonking.com',
  'accept-language' => 'zh-CN,zh;q=0.8,en-US;q=0.6,en;q=0.4',
  'cookie' => 'PHPSESSID=5e234keom42gr4pra811jjr4k7; think_var=zh-cn',
  'referer' => 'http://dbgj.hoonking.com/index/user/usercenter.html',
  'accept-encoding' => 'gzip, deflate, sdch, br',
  'accept' => '*/*',
  'user-agent' => 'Mozilla/5.0 (Windows NT 6.1; WOW64) AppleWebKit/537.36 (KHTML, like Gecko) Chrome/56.0.2924.87 Safari/537.36',
)
[ info ] [ PARAM ] array (
  'index/base/login_html' => '',
)
[ info ] [ LANG ] E:\www\dbgj/application/index\lang\zh-cn.php
[ info ] [ SESSION ] INIT array (
  'prefix' => 'minishop',
  'type' => '',
  'auto_start' => true,
)
[ info ] [ RUN ] /**
     * 用户登录方法
     * @author  矢志bu渝 <745152620@qq.com>
     */
Method [ <user> public method login ] {
  @@ E:\www\dbgj\application\index\controller\Base.php 57 - 83
}

[ info ] [ VIEW ] ./themes/default/index/login.html [ array (
  0 => 'userinfo',
) ]
[ info ] [ LOG ] INIT file

---------------------------------------------------------------
