[ 2018-02-02T11:40:07+08:00 ] 127.0.0.1 127.0.0.1 GET /index.php/index/base/register
[ log ] 127.0.0.1:815/index.php/index/base/register [运行时间：0.393000s][吞吐率：2.54req/s] [内存消耗：2,305.55kb] [文件加载：55]
[ info ] [ DB ] INIT mysql
[ info ] [ LANG ] E:\ceshi\dbgj\core\lang\zh-cn.php
[ info ] [ ROUTE ] array (
  'type' => 'module',
  'module' => 
  array (
    0 => 'index',
    1 => 'base',
    2 => 'register',
  ),
)
[ info ] [ HEADER ] array (
  'host' => '127.0.0.1:815',
  'connection' => 'keep-alive',
  'upgrade-insecure-requests' => '1',
  'user-agent' => 'Mozilla/5.0 (Linux; Android 6.0; Nexus 5 Build/MRA58N) AppleWebKit/537.36 (KHTML, like Gecko) Chrome/55.0.2883.87 Mobile Safari/537.36',
  'accept' => 'text/html,application/xhtml+xml,application/xml;q=0.9,image/webp,*/*;q=0.8',
  'accept-encoding' => 'gzip, deflate, sdch, br',
  'accept-language' => 'zh-CN,zh;q=0.8',
  'cookie' => 'PHPSESSID=mhg0fbuha82hhqqtf2spdqb9a1; __guid=96992031.4177938332263249400.1517539023080.669; monitor_count=51; think_var=zh-cn',
)
[ info ] [ PARAM ] array (
)
[ info ] [ LANG ] E:\ceshi\dbgj/application/index\lang\zh-cn.php
[ info ] [ SESSION ] INIT array (
  'prefix' => 'minishop',
  'type' => '',
  'auto_start' => true,
)
[ info ] [ RUN ] /**
     * 用户注册方法
     * @author  矢志bu渝 <745152620@qq.com>
     */
Method [ <user> public method register ] {
  @@ E:\ceshi\dbgj\application\index\controller\Base.php 89 - 143
}

[ info ] [ VIEW ] E:\ceshi\dbgj\themes/default/index/dispatch_jump.html [ array (
  0 => 'userinfo',
  1 => 'code',
  2 => 'msg',
  3 => 'data',
  4 => 'url',
  5 => 'wait',
) ]
[ info ] [ LOG ] INIT file

---------------------------------------------------------------
[ 2018-02-02T11:40:08+08:00 ] 127.0.0.1 127.0.0.1 GET /themes/default/index/js/jquery.min.map
[ log ] 127.0.0.1:815/themes/default/index/js/jquery.min.map [运行时间：0.088000s][吞吐率：11.36req/s] [内存消耗：1,774.35kb] [文件加载：41]
[ info ] [ DB ] INIT mysql
[ info ] [ LANG ] E:\ceshi\dbgj\core\lang\zh-cn.php
[ info ] [ ROUTE ] array (
  'type' => 'module',
  'module' => 
  array (
    0 => 'themes',
    1 => 'default',
    2 => 'index',
  ),
)
[ info ] [ HEADER ] array (
  'host' => '127.0.0.1:815',
  'connection' => 'keep-alive',
  'user-agent' => 'Mozilla/5.0 (Linux; Android 6.0; Nexus 5 Build/MRA58N) AppleWebKit/537.36 (KHTML, like Gecko) Chrome/55.0.2883.87 Mobile Safari/537.36',
  'accept-encoding' => 'gzip, deflate, sdch, br',
  'accept-language' => 'zh-CN,zh;q=0.8',
)
[ info ] [ PARAM ] array (
  'themes/default/index/js/jquery_min_map' => '',
  'js' => 'jquery.min.map',
)
[ info ] [ LOG ] INIT file

---------------------------------------------------------------
[ 2018-02-02T11:40:08+08:00 ] 127.0.0.1 127.0.0.1 GET /favicon.ico
[ log ] 127.0.0.1:815/favicon.ico [运行时间：0.052000s][吞吐率：19.23req/s] [内存消耗：1,774.28kb] [文件加载：41]
[ info ] [ DB ] INIT mysql
[ info ] [ LANG ] E:\ceshi\dbgj\core\lang\zh-cn.php
[ info ] [ ROUTE ] array (
  'type' => 'module',
  'module' => 
  array (
    0 => 'favicon.ico',
    1 => NULL,
    2 => NULL,
  ),
)
[ info ] [ HEADER ] array (
  'host' => '127.0.0.1:815',
  'connection' => 'keep-alive',
  'user-agent' => 'Mozilla/5.0 (Linux; Android 6.0; Nexus 5 Build/MRA58N) AppleWebKit/537.36 (KHTML, like Gecko) Chrome/55.0.2883.87 Mobile Safari/537.36',
  'accept' => 'image/webp,image/*,*/*;q=0.8',
  'referer' => 'http://127.0.0.1:815/index.php/index/base/register',
  'accept-encoding' => 'gzip, deflate, sdch, br',
  'accept-language' => 'zh-CN,zh;q=0.8',
  'cookie' => 'PHPSESSID=mhg0fbuha82hhqqtf2spdqb9a1; __guid=96992031.4177938332263249400.1517539023080.669; think_var=zh-cn; monitor_count=52',
)
[ info ] [ PARAM ] array (
  'favicon_ico' => '',
)
[ info ] [ LOG ] INIT file

---------------------------------------------------------------
[ 2018-02-02T11:40:56+08:00 ] 127.0.0.1 127.0.0.1 GET /index.php/index/base/register
[ log ] 127.0.0.1:815/index.php/index/base/register [运行时间：0.179000s][吞吐率：5.59req/s] [内存消耗：2,172.63kb] [文件加载：54]
[ info ] [ DB ] INIT mysql
[ info ] [ LANG ] E:\ceshi\dbgj\core\lang\zh-cn.php
[ info ] [ ROUTE ] array (
  'type' => 'module',
  'module' => 
  array (
    0 => 'index',
    1 => 'base',
    2 => 'register',
  ),
)
[ info ] [ HEADER ] array (
  'host' => '127.0.0.1:815',
  'connection' => 'keep-alive',
  'upgrade-insecure-requests' => '1',
  'user-agent' => 'Mozilla/5.0 (Linux; Android 6.0; Nexus 5 Build/MRA58N) AppleWebKit/537.36 (KHTML, like Gecko) Chrome/55.0.2883.87 Mobile Safari/537.36',
  'accept' => 'text/html,application/xhtml+xml,application/xml;q=0.9,image/webp,*/*;q=0.8',
  'accept-encoding' => 'gzip, deflate, sdch, br',
  'accept-language' => 'zh-CN,zh;q=0.8',
  'cookie' => 'PHPSESSID=mhg0fbuha82hhqqtf2spdqb9a1; __guid=96992031.4177938332263249400.1517539023080.669; think_var=zh-cn; monitor_count=53',
)
[ info ] [ PARAM ] array (
)
[ info ] [ LANG ] E:\ceshi\dbgj/application/index\lang\zh-cn.php
[ info ] [ SESSION ] INIT array (
  'prefix' => 'minishop',
  'type' => '',
  'auto_start' => true,
)
[ info ] [ RUN ] /**
     * 用户注册方法
     * @author  矢志bu渝 <745152620@qq.com>
     */
Method [ <user> public method register ] {
  @@ E:\ceshi\dbgj\application\index\controller\Base.php 89 - 143
}

[ info ] [ LOG ] INIT file
[ error ] [8]未定义变量: Users[E:\ceshi\dbgj\application\index\controller\Base.php:137]

---------------------------------------------------------------
[ 2018-02-02T11:40:58+08:00 ] 127.0.0.1 127.0.0.1 GET /index.php/index/base/register
[ log ] 127.0.0.1:815/index.php/index/base/register [运行时间：0.174000s][吞吐率：5.75req/s] [内存消耗：2,172.90kb] [文件加载：54]
[ info ] [ DB ] INIT mysql
[ info ] [ LANG ] E:\ceshi\dbgj\core\lang\zh-cn.php
[ info ] [ ROUTE ] array (
  'type' => 'module',
  'module' => 
  array (
    0 => 'index',
    1 => 'base',
    2 => 'register',
  ),
)
[ info ] [ HEADER ] array (
  'host' => '127.0.0.1:815',
  'connection' => 'keep-alive',
  'cache-control' => 'max-age=0',
  'upgrade-insecure-requests' => '1',
  'user-agent' => 'Mozilla/5.0 (Linux; Android 6.0; Nexus 5 Build/MRA58N) AppleWebKit/537.36 (KHTML, like Gecko) Chrome/55.0.2883.87 Mobile Safari/537.36',
  'accept' => 'text/html,application/xhtml+xml,application/xml;q=0.9,image/webp,*/*;q=0.8',
  'accept-encoding' => 'gzip, deflate, sdch, br',
  'accept-language' => 'zh-CN,zh;q=0.8',
  'cookie' => 'PHPSESSID=mhg0fbuha82hhqqtf2spdqb9a1; __guid=96992031.4177938332263249400.1517539023080.669; think_var=zh-cn; monitor_count=54',
)
[ info ] [ PARAM ] array (
)
[ info ] [ LANG ] E:\ceshi\dbgj/application/index\lang\zh-cn.php
[ info ] [ SESSION ] INIT array (
  'prefix' => 'minishop',
  'type' => '',
  'auto_start' => true,
)
[ info ] [ RUN ] /**
     * 用户注册方法
     * @author  矢志bu渝 <745152620@qq.com>
     */
Method [ <user> public method register ] {
  @@ E:\ceshi\dbgj\application\index\controller\Base.php 89 - 143
}

[ info ] [ LOG ] INIT file
[ error ] [8]未定义变量: Users[E:\ceshi\dbgj\application\index\controller\Base.php:137]

---------------------------------------------------------------
