[ 2017-12-18T09:26:02+08:00 ] 172.31.179.54 123.164.18.138 GET /favicon.ico
[ log ] dbgj.hoonking.com/favicon.ico [运行时间：0.046875s][吞吐率：21.33req/s] [内存消耗：1,774.02kb] [文件加载：41]
[ info ] [ DB ] INIT mysql
[ info ] [ LANG ] E:\www\dbgj\core\lang\zh-cn.php
[ info ] [ ROUTE ] array (
  'type' => 'module',
  'module' => 
  array (
    0 => 'favicon.ico',
    1 => NULL,
    2 => NULL,
  ),
)
[ info ] [ HEADER ] array (
  'host' => 'dbgj.hoonking.com',
  'connection' => 'keep-alive',
  'user-agent' => 'Mozilla/5.0 (Windows NT 6.1; WOW64) AppleWebKit/537.36 (KHTML, like Gecko) Chrome/57.0.2987.98 Safari/537.36 LBBROWSER',
  'accept' => 'image/webp,image/*,*/*;q=0.8',
  'accept-encoding' => 'gzip, deflate, sdch',
  'accept-language' => 'zh-CN,zh;q=0.8',
)
[ info ] [ PARAM ] array (
  'favicon_ico' => '',
)
[ info ] [ LOG ] INIT file

---------------------------------------------------------------
[ 2017-12-18T09:26:06+08:00 ] 172.31.179.54 123.164.18.138 GET /favicon.ico
[ log ] dbgj.hoonking.com/favicon.ico [运行时间：0.031250s][吞吐率：32.00req/s] [内存消耗：1,774.07kb] [文件加载：41]
[ info ] [ DB ] INIT mysql
[ info ] [ LANG ] E:\www\dbgj\core\lang\zh-cn.php
[ info ] [ ROUTE ] array (
  'type' => 'module',
  'module' => 
  array (
    0 => 'favicon.ico',
    1 => NULL,
    2 => NULL,
  ),
)
[ info ] [ HEADER ] array (
  'host' => 'dbgj.hoonking.com',
  'connection' => 'keep-alive',
  'user-agent' => 'Mozilla/5.0 (Windows NT 6.1; WOW64) AppleWebKit/537.36 (KHTML, like Gecko) Chrome/57.0.2987.98 Safari/537.36 LBBROWSER',
  'accept' => 'image/webp,image/*,*/*;q=0.8',
  'accept-encoding' => 'gzip, deflate, sdch',
  'accept-language' => 'zh-CN,zh;q=0.8',
)
[ info ] [ PARAM ] array (
  'favicon_ico' => '',
)
[ info ] [ LOG ] INIT file

---------------------------------------------------------------
[ 2017-12-18T11:04:52+08:00 ] 172.31.179.54 61.158.149.121 GET /
[ log ] dbgj.hoonking.com/ [运行时间：0.062500s][吞吐率：16.00req/s] [内存消耗：2,197.96kb] [文件加载：54]
[ info ] [ DB ] INIT mysql
[ info ] [ LANG ] E:\www\dbgj\core\lang\zh-cn.php
[ info ] [ ROUTE ] array (
  'type' => 'module',
  'module' => 
  array (
    0 => '',
    1 => NULL,
    2 => NULL,
  ),
)
[ info ] [ HEADER ] array (
  'host' => 'dbgj.hoonking.com',
  'accept' => 'text/html,application/xhtml+xml,application/xml;q=0.9,*/*;q=0.8',
  'cookie' => 'PHPSESSID=upp38so1854d147bj0kk97rdc4; safedog-flow-item=',
  'user-agent' => 'Mozilla/5.0 (iPhone; CPU iPhone OS 9_3_1 like Mac OS X) AppleWebKit/601.1.46 (KHTML, like Gecko) Mobile/13E238 MicroMessenger/6.6.0 NetType/4G Language/zh_CN',
  'accept-language' => 'zh-cn',
  'accept-encoding' => 'gzip, deflate',
  'connection' => 'keep-alive',
)
[ info ] [ PARAM ] array (
)
[ info ] [ LANG ] E:\www\dbgj/application/index\lang\zh-cn.php
[ info ] [ SESSION ] INIT array (
  'prefix' => 'minishop',
  'type' => '',
  'auto_start' => true,
)
[ info ] [ LOG ] INIT file

---------------------------------------------------------------
[ 2017-12-18T11:04:52+08:00 ] 172.31.179.54 61.158.149.121 GET /index/base/login.html
[ log ] dbgj.hoonking.com/index/base/login.html [运行时间：0.046875s][吞吐率：21.33req/s] [内存消耗：2,182.51kb] [文件加载：52]
[ info ] [ DB ] INIT mysql
[ info ] [ LANG ] E:\www\dbgj\core\lang\zh-cn.php
[ info ] [ ROUTE ] array (
  'type' => 'module',
  'module' => 
  array (
    0 => 'index',
    1 => 'base',
    2 => 'login',
  ),
)
[ info ] [ HEADER ] array (
  'host' => 'dbgj.hoonking.com',
  'accept' => 'text/html,application/xhtml+xml,application/xml;q=0.9,*/*;q=0.8',
  'cookie' => 'PHPSESSID=upp38so1854d147bj0kk97rdc4; think_var=zh-cn; safedog-flow-item=',
  'user-agent' => 'Mozilla/5.0 (iPhone; CPU iPhone OS 9_3_1 like Mac OS X) AppleWebKit/601.1.46 (KHTML, like Gecko) Mobile/13E238 MicroMessenger/6.6.0 NetType/4G Language/zh_CN',
  'accept-language' => 'zh-cn',
  'accept-encoding' => 'gzip, deflate',
  'connection' => 'keep-alive',
)
[ info ] [ PARAM ] array (
  'index/base/login_html' => '',
)
[ info ] [ LANG ] E:\www\dbgj/application/index\lang\zh-cn.php
[ info ] [ SESSION ] INIT array (
  'prefix' => 'minishop',
  'type' => '',
  'auto_start' => true,
)
[ info ] [ RUN ] /**
     * 用户登录方法
     * @author  矢志bu渝 <745152620@qq.com>
     */
Method [ <user> public method login ] {
  @@ E:\www\dbgj\application\index\controller\Base.php 57 - 83
}

[ info ] [ VIEW ] ./themes/default/index/login.html [ array (
  0 => 'userinfo',
) ]
[ info ] [ LOG ] INIT file

---------------------------------------------------------------
[ 2017-12-18T11:05:04+08:00 ] 172.31.179.54 61.158.149.121 POST /index/base/login.html
[ log ] dbgj.hoonking.com/index/base/login.html [运行时间：0.078125s][吞吐率：12.80req/s] [内存消耗：2,200.17kb] [文件加载：53]
[ info ] [ DB ] INIT mysql
[ info ] [ LANG ] E:\www\dbgj\core\lang\zh-cn.php
[ info ] [ ROUTE ] array (
  'type' => 'module',
  'module' => 
  array (
    0 => 'index',
    1 => 'base',
    2 => 'login',
  ),
)
[ info ] [ HEADER ] array (
  'host' => 'dbgj.hoonking.com',
  'accept' => 'application/json, text/javascript, */*; q=0.01',
  'x-requested-with' => 'XMLHttpRequest',
  'accept-encoding' => 'gzip, deflate',
  'accept-language' => 'zh-cn',
  'origin' => 'http://dbgj.hoonking.com',
  'connection' => 'keep-alive',
  'user-agent' => 'Mozilla/5.0 (iPhone; CPU iPhone OS 9_3_1 like Mac OS X) AppleWebKit/601.1.46 (KHTML, like Gecko) Mobile/13E238 MicroMessenger/6.6.0 NetType/4G Language/zh_CN',
  'referer' => 'http://dbgj.hoonking.com/index/base/login.html',
  'cookie' => 'PHPSESSID=upp38so1854d147bj0kk97rdc4; think_var=zh-cn; safedog-flow-item=',
  'content-type' => 'application/x-www-form-urlencoded; charset=UTF-8',
  'content-length' => '31',
)
[ info ] [ PARAM ] array (
  'index/base/login_html' => '',
  'key' => '15666666666',
  'password' => '123456',
)
[ info ] [ LANG ] E:\www\dbgj/application/index\lang\zh-cn.php
[ info ] [ SESSION ] INIT array (
  'prefix' => 'minishop',
  'type' => '',
  'auto_start' => true,
)
[ info ] [ RUN ] /**
     * 用户登录方法
     * @author  矢志bu渝 <745152620@qq.com>
     */
Method [ <user> public method login ] {
  @@ E:\www\dbgj\application\index\controller\Base.php 57 - 83
}

[ info ] [ LOG ] INIT file

---------------------------------------------------------------
[ 2017-12-18T11:05:05+08:00 ] 172.31.179.54 61.158.149.121 GET /index/user/usercenter.html
[ log ] dbgj.hoonking.com/index/user/usercenter.html [运行时间：0.125000s][吞吐率：8.00req/s] [内存消耗：2,294.04kb] [文件加载：53]
[ info ] [ DB ] INIT mysql
[ info ] [ LANG ] E:\www\dbgj\core\lang\zh-cn.php
[ info ] [ ROUTE ] array (
  'type' => 'module',
  'module' => 
  array (
    0 => 'index',
    1 => 'user',
    2 => 'usercenter',
  ),
)
[ info ] [ HEADER ] array (
  'host' => 'dbgj.hoonking.com',
  'accept' => 'text/html,application/xhtml+xml,application/xml;q=0.9,*/*;q=0.8',
  'connection' => 'keep-alive',
  'cookie' => 'PHPSESSID=upp38so1854d147bj0kk97rdc4; think_var=zh-cn; safedog-flow-item=',
  'user-agent' => 'Mozilla/5.0 (iPhone; CPU iPhone OS 9_3_1 like Mac OS X) AppleWebKit/601.1.46 (KHTML, like Gecko) Mobile/13E238 MicroMessenger/6.6.0 NetType/4G Language/zh_CN',
  'accept-language' => 'zh-cn',
  'referer' => 'http://dbgj.hoonking.com/index/base/login.html',
  'accept-encoding' => 'gzip, deflate',
)
[ info ] [ PARAM ] array (
  'index/user/usercenter_html' => '',
)
[ info ] [ LANG ] E:\www\dbgj/application/index\lang\zh-cn.php
[ info ] [ SESSION ] INIT array (
  'prefix' => 'minishop',
  'type' => '',
  'auto_start' => true,
)
[ info ] [ RUN ] /**
     * 个人中心
     * @author  ILsunshine
     */
Method [ <user> public method userCenter ] {
  @@ E:\www\dbgj\application\index\controller\User.php 39 - 67
}

[ info ] [ VIEW ] ./themes/default/index/user_center.html [ array (
  0 => 'userinfo',
  1 => 'tyjfmc',
  2 => 'zhscore',
  3 => 's_score',
  4 => 'ytixian',
  5 => 'tuijianren',
  6 => 'userInfo',
  7 => 'hys',
  8 => 'scoreorder',
) ]
[ info ] [ LOG ] INIT file

---------------------------------------------------------------
[ 2017-12-18T11:05:22+08:00 ] 172.31.179.54 61.158.149.121 GET /index/user/user_friends.html
[ log ] dbgj.hoonking.com/index/user/user_friends.html [运行时间：0.109375s][吞吐率：9.14req/s] [内存消耗：2,409.21kb] [文件加载：57]
[ info ] [ DB ] INIT mysql
[ info ] [ LANG ] E:\www\dbgj\core\lang\zh-cn.php
[ info ] [ ROUTE ] array (
  'type' => 'module',
  'module' => 
  array (
    0 => 'index',
    1 => 'user',
    2 => 'user_friends',
  ),
)
[ info ] [ HEADER ] array (
  'host' => 'dbgj.hoonking.com',
  'accept' => 'text/html,application/xhtml+xml,application/xml;q=0.9,*/*;q=0.8',
  'connection' => 'keep-alive',
  'cookie' => 'PHPSESSID=upp38so1854d147bj0kk97rdc4; think_var=zh-cn; safedog-flow-item=',
  'user-agent' => 'Mozilla/5.0 (iPhone; CPU iPhone OS 9_3_1 like Mac OS X) AppleWebKit/601.1.46 (KHTML, like Gecko) Mobile/13E238 MicroMessenger/6.6.0 NetType/4G Language/zh_CN',
  'accept-language' => 'zh-cn',
  'referer' => 'http://dbgj.hoonking.com/index/user/usercenter.html',
  'accept-encoding' => 'gzip, deflate',
)
[ info ] [ PARAM ] array (
  'index/user/user_friends_html' => '',
)
[ info ] [ LANG ] E:\www\dbgj/application/index\lang\zh-cn.php
[ info ] [ SESSION ] INIT array (
  'prefix' => 'minishop',
  'type' => '',
  'auto_start' => true,
)
[ info ] [ RUN ] Method [ <user> public method user_friends ] {
  @@ E:\www\dbgj\application\index\controller\User.php 430 - 473
}

[ info ] [ VIEW ] ./themes/default/index/user_friends.html [ array (
  0 => 'userinfo',
  1 => 'tyjfmc',
  2 => 'zjh',
  3 => 'hys',
  4 => 'lists',
  5 => 'page',
) ]
[ info ] [ LOG ] INIT file

---------------------------------------------------------------
[ 2017-12-18T11:05:36+08:00 ] 172.31.179.54 61.158.149.121 GET /index/lucky/index.html
[ log ] dbgj.hoonking.com/index/lucky/index.html [运行时间：0.078125s][吞吐率：12.80req/s] [内存消耗：2,183.65kb] [文件加载：53]
[ info ] [ DB ] INIT mysql
[ info ] [ LANG ] E:\www\dbgj\core\lang\zh-cn.php
[ info ] [ ROUTE ] array (
  'type' => 'module',
  'module' => 
  array (
    0 => 'index',
    1 => 'lucky',
    2 => 'index',
  ),
)
[ info ] [ HEADER ] array (
  'host' => 'dbgj.hoonking.com',
  'accept' => 'text/html,application/xhtml+xml,application/xml;q=0.9,*/*;q=0.8',
  'connection' => 'keep-alive',
  'cookie' => 'PHPSESSID=upp38so1854d147bj0kk97rdc4; think_var=zh-cn; safedog-flow-item=',
  'user-agent' => 'Mozilla/5.0 (iPhone; CPU iPhone OS 9_3_1 like Mac OS X) AppleWebKit/601.1.46 (KHTML, like Gecko) Mobile/13E238 MicroMessenger/6.6.0 NetType/4G Language/zh_CN',
  'accept-language' => 'zh-cn',
  'referer' => 'http://dbgj.hoonking.com/index/user/user_friends.html',
  'accept-encoding' => 'gzip, deflate',
)
[ info ] [ PARAM ] array (
  'index/lucky/index_html' => '',
)
[ info ] [ LANG ] E:\www\dbgj/application/index\lang\zh-cn.php
[ info ] [ SESSION ] INIT array (
  'prefix' => 'minishop',
  'type' => '',
  'auto_start' => true,
)
[ info ] [ RUN ] Method [ <user> public method index ] {
  @@ E:\www\dbgj\application\index\controller\Lucky.php 12 - 18
}

[ info ] [ VIEW ] ./themes/default/index/lucky.html [ array (
  0 => 'userinfo',
  1 => 'tyjfmc',
  2 => 'list',
  3 => 'web_lucky_score',
) ]
[ info ] [ LOG ] INIT file

---------------------------------------------------------------
[ 2017-12-18T11:05:45+08:00 ] 172.31.179.54 120.204.17.70 GET /index/lucky/index.html
[ log ] dbgj.hoonking.com/index/lucky/index.html [运行时间：0.062500s][吞吐率：16.00req/s] [内存消耗：2,186.31kb] [文件加载：54]
[ info ] [ DB ] INIT mysql
[ info ] [ LANG ] E:\www\dbgj\core\lang\zh-cn.php
[ info ] [ ROUTE ] array (
  'type' => 'module',
  'module' => 
  array (
    0 => 'index',
    1 => 'lucky',
    2 => 'index',
  ),
)
[ info ] [ HEADER ] array (
  'user-agent' => 'Mozilla/5.0 (Linux; Android 4.4.4; Coolpad Y82-520 Build/KTU84P) AppleWebKit/537.36 (KHTML, like Gecko) Version/4.0 Chrome/33.0.0.0 Mobile Safari/537.36 MicroMessenger/6.5.4.1000 NetType/4G Language/zh_CN',
  'accept' => '*/*',
  'accept-encoding' => 'gzip, deflate, sdch, br',
  'accept-language' => 'zh-CN,zh;q=0.8,en-US;q=0.6,en;q=0.4',
  'host' => 'dbgj.hoonking.com',
  'connection' => 'keep-alive',
)
[ info ] [ PARAM ] array (
  'index/lucky/index_html' => '',
)
[ info ] [ LANG ] E:\www\dbgj/application/index\lang\zh-cn.php
[ info ] [ SESSION ] INIT array (
  'prefix' => 'minishop',
  'type' => '',
  'auto_start' => true,
)
[ info ] [ LOG ] INIT file

---------------------------------------------------------------
[ 2017-12-18T11:05:45+08:00 ] 172.31.179.54 120.204.17.70 GET /index/base/login.html
[ log ] dbgj.hoonking.com/index/base/login.html [运行时间：0.078125s][吞吐率：12.80req/s] [内存消耗：2,182.62kb] [文件加载：52]
[ info ] [ DB ] INIT mysql
[ info ] [ LANG ] E:\www\dbgj\core\lang\zh-cn.php
[ info ] [ ROUTE ] array (
  'type' => 'module',
  'module' => 
  array (
    0 => 'index',
    1 => 'base',
    2 => 'login',
  ),
)
[ info ] [ HEADER ] array (
  'user-agent' => 'Mozilla/5.0 (Linux; Android 4.4.4; Coolpad Y82-520 Build/KTU84P) AppleWebKit/537.36 (KHTML, like Gecko) Version/4.0 Chrome/33.0.0.0 Mobile Safari/537.36 MicroMessenger/6.5.4.1000 NetType/4G Language/zh_CN',
  'accept' => '*/*',
  'accept-encoding' => 'gzip, deflate, sdch, br',
  'referer' => 'http://dbgj.hoonking.com/index/lucky/index.html',
  'cookie' => 'PHPSESSID=n018oui69ifbfp46dmss0hm5r7; think_var=zh-cn',
  'accept-language' => 'zh-CN,zh;q=0.8,en-US;q=0.6,en;q=0.4',
  'host' => 'dbgj.hoonking.com',
  'connection' => 'keep-alive',
)
[ info ] [ PARAM ] array (
  'index/base/login_html' => '',
)
[ info ] [ LANG ] E:\www\dbgj/application/index\lang\zh-cn.php
[ info ] [ SESSION ] INIT array (
  'prefix' => 'minishop',
  'type' => '',
  'auto_start' => true,
)
[ info ] [ RUN ] /**
     * 用户登录方法
     * @author  矢志bu渝 <745152620@qq.com>
     */
Method [ <user> public method login ] {
  @@ E:\www\dbgj\application\index\controller\Base.php 57 - 83
}

[ info ] [ VIEW ] ./themes/default/index/login.html [ array (
  0 => 'userinfo',
) ]
[ info ] [ LOG ] INIT file

---------------------------------------------------------------
[ 2017-12-18T11:06:18+08:00 ] 172.31.179.54 61.158.149.121 GET /index/index/index.html
[ log ] dbgj.hoonking.com/index/index/index.html [运行时间：0.093750s][吞吐率：10.67req/s] [内存消耗：2,217.85kb] [文件加载：53]
[ info ] [ DB ] INIT mysql
[ info ] [ LANG ] E:\www\dbgj\core\lang\zh-cn.php
[ info ] [ ROUTE ] array (
  'type' => 'module',
  'module' => 
  array (
    0 => 'index',
    1 => 'index',
    2 => 'index',
  ),
)
[ info ] [ HEADER ] array (
  'host' => 'dbgj.hoonking.com',
  'accept' => 'text/html,application/xhtml+xml,application/xml;q=0.9,*/*;q=0.8',
  'connection' => 'keep-alive',
  'cookie' => 'PHPSESSID=upp38so1854d147bj0kk97rdc4; think_var=zh-cn; safedog-flow-item=',
  'user-agent' => 'Mozilla/5.0 (iPhone; CPU iPhone OS 9_3_1 like Mac OS X) AppleWebKit/601.1.46 (KHTML, like Gecko) Mobile/13E238 MicroMessenger/6.6.0 NetType/4G Language/zh_CN',
  'accept-language' => 'zh-cn',
  'referer' => 'http://dbgj.hoonking.com/index/user/usercenter.html',
  'accept-encoding' => 'gzip, deflate',
)
[ info ] [ PARAM ] array (
  'index/index/index_html' => '',
)
[ info ] [ LANG ] E:\www\dbgj/application/index\lang\zh-cn.php
[ info ] [ SESSION ] INIT array (
  'prefix' => 'minishop',
  'type' => '',
  'auto_start' => true,
)
[ info ] [ RUN ] Method [ <user> public method index ] {
  @@ E:\www\dbgj\application\index\controller\Index.php 21 - 28
}

[ info ] [ VIEW ] ./themes/default/index/index.html [ array (
  0 => 'userinfo',
  1 => 'goodslist',
) ]
[ info ] [ LOG ] INIT file

---------------------------------------------------------------
[ 2017-12-18T11:06:27+08:00 ] 172.31.179.54 61.158.149.121 GET /index/user/user_withdrawal.html
[ log ] dbgj.hoonking.com/index/user/user_withdrawal.html [运行时间：0.093750s][吞吐率：10.67req/s] [内存消耗：2,285.50kb] [文件加载：53]
[ info ] [ DB ] INIT mysql
[ info ] [ LANG ] E:\www\dbgj\core\lang\zh-cn.php
[ info ] [ ROUTE ] array (
  'type' => 'module',
  'module' => 
  array (
    0 => 'index',
    1 => 'user',
    2 => 'user_withdrawal',
  ),
)
[ info ] [ HEADER ] array (
  'host' => 'dbgj.hoonking.com',
  'accept' => 'text/html,application/xhtml+xml,application/xml;q=0.9,*/*;q=0.8',
  'connection' => 'keep-alive',
  'cookie' => 'PHPSESSID=upp38so1854d147bj0kk97rdc4; think_var=zh-cn; safedog-flow-item=',
  'user-agent' => 'Mozilla/5.0 (iPhone; CPU iPhone OS 9_3_1 like Mac OS X) AppleWebKit/601.1.46 (KHTML, like Gecko) Mobile/13E238 MicroMessenger/6.6.0 NetType/4G Language/zh_CN',
  'accept-language' => 'zh-cn',
  'referer' => 'http://dbgj.hoonking.com/index/user/usercenter.html',
  'accept-encoding' => 'gzip, deflate',
)
[ info ] [ PARAM ] array (
  'index/user/user_withdrawal_html' => '',
)
[ info ] [ LANG ] E:\www\dbgj/application/index\lang\zh-cn.php
[ info ] [ SESSION ] INIT array (
  'prefix' => 'minishop',
  'type' => '',
  'auto_start' => true,
)
[ info ] [ RUN ] /**
     * 提现
     * @author  赵祥祥654377754
     */
Method [ <user> public method user_withdrawal ] {
  @@ E:\www\dbgj\application\index\controller\User.php 478 - 536
}

[ info ] [ VIEW ] ./themes/default/index/user_withdrawal.html [ array (
  0 => 'userinfo',
  1 => 'tyjfmc',
  2 => 'ytixian',
) ]
[ info ] [ LOG ] INIT file

---------------------------------------------------------------
[ 2017-12-18T11:06:40+08:00 ] 172.31.179.54 61.158.149.121 GET /index/user/money_detail.html
[ log ] dbgj.hoonking.com/index/user/money_detail.html [运行时间：0.093750s][吞吐率：10.67req/s] [内存消耗：2,404.27kb] [文件加载：57]
[ info ] [ DB ] INIT mysql
[ info ] [ LANG ] E:\www\dbgj\core\lang\zh-cn.php
[ info ] [ ROUTE ] array (
  'type' => 'module',
  'module' => 
  array (
    0 => 'index',
    1 => 'user',
    2 => 'money_detail',
  ),
)
[ info ] [ HEADER ] array (
  'host' => 'dbgj.hoonking.com',
  'accept' => 'text/html,application/xhtml+xml,application/xml;q=0.9,*/*;q=0.8',
  'connection' => 'keep-alive',
  'cookie' => 'PHPSESSID=upp38so1854d147bj0kk97rdc4; think_var=zh-cn; safedog-flow-item=',
  'user-agent' => 'Mozilla/5.0 (iPhone; CPU iPhone OS 9_3_1 like Mac OS X) AppleWebKit/601.1.46 (KHTML, like Gecko) Mobile/13E238 MicroMessenger/6.6.0 NetType/4G Language/zh_CN',
  'accept-language' => 'zh-cn',
  'referer' => 'http://dbgj.hoonking.com/index/user/user_withdrawal.html',
  'accept-encoding' => 'gzip, deflate',
)
[ info ] [ PARAM ] array (
  'index/user/money_detail_html' => '',
)
[ info ] [ LANG ] E:\www\dbgj/application/index\lang\zh-cn.php
[ info ] [ SESSION ] INIT array (
  'prefix' => 'minishop',
  'type' => '',
  'auto_start' => true,
)
[ info ] [ RUN ] /**
     * 资金详情
     * @author  赵祥祥654377754
     */
Method [ <user> public method money_detail ] {
  @@ E:\www\dbgj\application\index\controller\User.php 344 - 353
}

[ info ] [ VIEW ] ./themes/default/index/money_detail.html [ array (
  0 => 'userinfo',
  1 => 'tyjfmc',
  2 => 'page',
  3 => 'lists',
) ]
[ info ] [ LOG ] INIT file

---------------------------------------------------------------
[ 2017-12-18T11:06:49+08:00 ] 172.31.179.54 61.158.149.121 GET /index/user/money_detail.html
[ log ] dbgj.hoonking.com/index/user/money_detail.html [运行时间：0.078125s][吞吐率：12.80req/s] [内存消耗：2,404.15kb] [文件加载：57]
[ info ] [ DB ] INIT mysql
[ info ] [ LANG ] E:\www\dbgj\core\lang\zh-cn.php
[ info ] [ ROUTE ] array (
  'type' => 'module',
  'module' => 
  array (
    0 => 'index',
    1 => 'user',
    2 => 'money_detail',
  ),
)
[ info ] [ HEADER ] array (
  'host' => 'dbgj.hoonking.com',
  'accept' => 'text/html,application/xhtml+xml,application/xml;q=0.9,*/*;q=0.8',
  'connection' => 'keep-alive',
  'cookie' => 'PHPSESSID=upp38so1854d147bj0kk97rdc4; think_var=zh-cn; safedog-flow-item=',
  'user-agent' => 'Mozilla/5.0 (iPhone; CPU iPhone OS 9_3_1 like Mac OS X) AppleWebKit/601.1.46 (KHTML, like Gecko) Mobile/13E238 MicroMessenger/6.6.0 NetType/4G Language/zh_CN',
  'accept-language' => 'zh-cn',
  'referer' => 'http://dbgj.hoonking.com/index/user/usercenter.html',
  'accept-encoding' => 'gzip, deflate',
)
[ info ] [ PARAM ] array (
  'index/user/money_detail_html' => '',
)
[ info ] [ LANG ] E:\www\dbgj/application/index\lang\zh-cn.php
[ info ] [ SESSION ] INIT array (
  'prefix' => 'minishop',
  'type' => '',
  'auto_start' => true,
)
[ info ] [ RUN ] /**
     * 资金详情
     * @author  赵祥祥654377754
     */
Method [ <user> public method money_detail ] {
  @@ E:\www\dbgj\application\index\controller\User.php 344 - 353
}

[ info ] [ VIEW ] ./themes/default/index/money_detail.html [ array (
  0 => 'userinfo',
  1 => 'tyjfmc',
  2 => 'page',
  3 => 'lists',
) ]
[ info ] [ LOG ] INIT file

---------------------------------------------------------------
[ 2017-12-18T11:06:50+08:00 ] 172.31.179.54 183.192.201.97 GET /index/user/money_detail.html
[ log ] dbgj.hoonking.com/index/user/money_detail.html [运行时间：0.046875s][吞吐率：21.33req/s] [内存消耗：2,280.79kb] [文件加载：54]
[ info ] [ DB ] INIT mysql
[ info ] [ LANG ] E:\www\dbgj\core\lang\zh-cn.php
[ info ] [ ROUTE ] array (
  'type' => 'module',
  'module' => 
  array (
    0 => 'index',
    1 => 'user',
    2 => 'money_detail',
  ),
)
[ info ] [ HEADER ] array (
  'user-agent' => 'Mozilla/5.0 (iPhone; CPU iPhone OS 10_2_1 like Mac OS X) AppleWebKit/602.4.6 (KHTML, like Gecko) Mobile/14D27 MicroMessenger/6.5.5 NetType/WIFI Language/zh_CN',
  'accept' => '*/*',
  'accept-encoding' => 'gzip, deflate, sdch, br',
  'accept-language' => 'zh-CN,zh;q=0.8,en-US;q=0.6,en;q=0.4',
  'host' => 'dbgj.hoonking.com',
  'connection' => 'keep-alive',
)
[ info ] [ PARAM ] array (
  'index/user/money_detail_html' => '',
)
[ info ] [ LANG ] E:\www\dbgj/application/index\lang\zh-cn.php
[ info ] [ SESSION ] INIT array (
  'prefix' => 'minishop',
  'type' => '',
  'auto_start' => true,
)
[ info ] [ LOG ] INIT file

---------------------------------------------------------------
[ 2017-12-18T11:06:50+08:00 ] 172.31.179.54 183.192.201.97 GET /index/base/login.html
[ log ] dbgj.hoonking.com/index/base/login.html [运行时间：0.046875s][吞吐率：21.33req/s] [内存消耗：2,182.66kb] [文件加载：52]
[ info ] [ DB ] INIT mysql
[ info ] [ LANG ] E:\www\dbgj\core\lang\zh-cn.php
[ info ] [ ROUTE ] array (
  'type' => 'module',
  'module' => 
  array (
    0 => 'index',
    1 => 'base',
    2 => 'login',
  ),
)
[ info ] [ HEADER ] array (
  'user-agent' => 'Mozilla/5.0 (iPhone; CPU iPhone OS 10_2_1 like Mac OS X) AppleWebKit/602.4.6 (KHTML, like Gecko) Mobile/14D27 MicroMessenger/6.5.5 NetType/WIFI Language/zh_CN',
  'accept' => '*/*',
  'accept-encoding' => 'gzip, deflate, sdch, br',
  'referer' => 'http://dbgj.hoonking.com/index/user/money_detail.html',
  'cookie' => 'PHPSESSID=iajtmmnjdv16tloj5qu6f82gp5; think_var=zh-cn',
  'accept-language' => 'zh-CN,zh;q=0.8,en-US;q=0.6,en;q=0.4',
  'host' => 'dbgj.hoonking.com',
  'connection' => 'keep-alive',
)
[ info ] [ PARAM ] array (
  'index/base/login_html' => '',
)
[ info ] [ LANG ] E:\www\dbgj/application/index\lang\zh-cn.php
[ info ] [ SESSION ] INIT array (
  'prefix' => 'minishop',
  'type' => '',
  'auto_start' => true,
)
[ info ] [ RUN ] /**
     * 用户登录方法
     * @author  矢志bu渝 <745152620@qq.com>
     */
Method [ <user> public method login ] {
  @@ E:\www\dbgj\application\index\controller\Base.php 57 - 83
}

[ info ] [ VIEW ] ./themes/default/index/login.html [ array (
  0 => 'userinfo',
) ]
[ info ] [ LOG ] INIT file

---------------------------------------------------------------
[ 2017-12-18T11:06:52+08:00 ] 172.31.179.54 61.158.149.121 GET /index/user/score_detail.html
[ log ] dbgj.hoonking.com/index/user/score_detail.html [运行时间：0.093750s][吞吐率：10.67req/s] [内存消耗：2,411.71kb] [文件加载：57]
[ info ] [ DB ] INIT mysql
[ info ] [ LANG ] E:\www\dbgj\core\lang\zh-cn.php
[ info ] [ ROUTE ] array (
  'type' => 'module',
  'module' => 
  array (
    0 => 'index',
    1 => 'user',
    2 => 'score_detail',
  ),
)
[ info ] [ HEADER ] array (
  'host' => 'dbgj.hoonking.com',
  'accept' => 'text/html,application/xhtml+xml,application/xml;q=0.9,*/*;q=0.8',
  'connection' => 'keep-alive',
  'cookie' => 'PHPSESSID=upp38so1854d147bj0kk97rdc4; think_var=zh-cn; safedog-flow-item=',
  'user-agent' => 'Mozilla/5.0 (iPhone; CPU iPhone OS 9_3_1 like Mac OS X) AppleWebKit/601.1.46 (KHTML, like Gecko) Mobile/13E238 MicroMessenger/6.6.0 NetType/4G Language/zh_CN',
  'accept-language' => 'zh-cn',
  'referer' => 'http://dbgj.hoonking.com/index/user/usercenter.html',
  'accept-encoding' => 'gzip, deflate',
)
[ info ] [ PARAM ] array (
  'index/user/score_detail_html' => '',
)
[ info ] [ LANG ] E:\www\dbgj/application/index\lang\zh-cn.php
[ info ] [ SESSION ] INIT array (
  'prefix' => 'minishop',
  'type' => '',
  'auto_start' => true,
)
[ info ] [ RUN ] /**
     * 积分详情
     * @author  赵祥祥654377754
     */
Method [ <user> public method score_detail ] {
  @@ E:\www\dbgj\application\index\controller\User.php 326 - 339
}

[ info ] [ VIEW ] ./themes/default/index/score_detail.html [ array (
  0 => 'userinfo',
  1 => 'tyjfmc',
  2 => 'page',
  3 => 'lists',
) ]
[ info ] [ LOG ] INIT file

---------------------------------------------------------------
[ 2017-12-18T11:06:56+08:00 ] 172.31.179.54 61.158.149.121 GET /index/user/editmobile.html
[ log ] dbgj.hoonking.com/index/user/editmobile.html [运行时间：0.062500s][吞吐率：16.00req/s] [内存消耗：2,283.23kb] [文件加载：53]
[ info ] [ DB ] INIT mysql
[ info ] [ LANG ] E:\www\dbgj\core\lang\zh-cn.php
[ info ] [ ROUTE ] array (
  'type' => 'module',
  'module' => 
  array (
    0 => 'index',
    1 => 'user',
    2 => 'editmobile',
  ),
)
[ info ] [ HEADER ] array (
  'host' => 'dbgj.hoonking.com',
  'accept' => 'text/html,application/xhtml+xml,application/xml;q=0.9,*/*;q=0.8',
  'connection' => 'keep-alive',
  'cookie' => 'PHPSESSID=upp38so1854d147bj0kk97rdc4; think_var=zh-cn; safedog-flow-item=',
  'user-agent' => 'Mozilla/5.0 (iPhone; CPU iPhone OS 9_3_1 like Mac OS X) AppleWebKit/601.1.46 (KHTML, like Gecko) Mobile/13E238 MicroMessenger/6.6.0 NetType/4G Language/zh_CN',
  'accept-language' => 'zh-cn',
  'referer' => 'http://dbgj.hoonking.com/index/user/usercenter.html',
  'accept-encoding' => 'gzip, deflate',
)
[ info ] [ PARAM ] array (
  'index/user/editmobile_html' => '',
)
[ info ] [ LANG ] E:\www\dbgj/application/index\lang\zh-cn.php
[ info ] [ SESSION ] INIT array (
  'prefix' => 'minishop',
  'type' => '',
  'auto_start' => true,
)
[ info ] [ RUN ] /**
     * 修改手机号
     * @author  赵祥祥654377754
     */
Method [ <user> public method editMobile ] {
  @@ E:\www\dbgj\application\index\controller\User.php 115 - 147
}

[ info ] [ VIEW ] ./themes/default/index/edit_mobile.html [ array (
  0 => 'userinfo',
  1 => 'tyjfmc',
  2 => 'userInfo',
) ]
[ info ] [ LOG ] INIT file

---------------------------------------------------------------
[ 2017-12-18T11:06:59+08:00 ] 172.31.179.54 61.158.149.121 GET /index/user/user_link.html
[ log ] dbgj.hoonking.com/index/user/user_link.html [运行时间：0.062500s][吞吐率：16.00req/s] [内存消耗：2,280.43kb] [文件加载：53]
[ info ] [ DB ] INIT mysql
[ info ] [ LANG ] E:\www\dbgj\core\lang\zh-cn.php
[ info ] [ ROUTE ] array (
  'type' => 'module',
  'module' => 
  array (
    0 => 'index',
    1 => 'user',
    2 => 'user_link',
  ),
)
[ info ] [ HEADER ] array (
  'host' => 'dbgj.hoonking.com',
  'accept' => 'text/html,application/xhtml+xml,application/xml;q=0.9,*/*;q=0.8',
  'connection' => 'keep-alive',
  'cookie' => 'PHPSESSID=upp38so1854d147bj0kk97rdc4; think_var=zh-cn; safedog-flow-item=',
  'user-agent' => 'Mozilla/5.0 (iPhone; CPU iPhone OS 9_3_1 like Mac OS X) AppleWebKit/601.1.46 (KHTML, like Gecko) Mobile/13E238 MicroMessenger/6.6.0 NetType/4G Language/zh_CN',
  'accept-language' => 'zh-cn',
  'referer' => 'http://dbgj.hoonking.com/index/user/usercenter.html',
  'accept-encoding' => 'gzip, deflate',
)
[ info ] [ PARAM ] array (
  'index/user/user_link_html' => '',
)
[ info ] [ LANG ] E:\www\dbgj/application/index\lang\zh-cn.php
[ info ] [ SESSION ] INIT array (
  'prefix' => 'minishop',
  'type' => '',
  'auto_start' => true,
)
[ info ] [ RUN ] /**
     * 推广链接
     * @author  赵祥祥654377754
     */
Method [ <user> public method user_link ] {
  @@ E:\www\dbgj\application\index\controller\User.php 358 - 361
}

[ info ] [ VIEW ] ./themes/default/index/user_link.html [ array (
  0 => 'userinfo',
  1 => 'tyjfmc',
) ]
[ info ] [ LOG ] INIT file

---------------------------------------------------------------
[ 2017-12-18T11:07:06+08:00 ] 172.31.179.54 120.204.17.67 GET /index/user/editmobile.html
[ log ] dbgj.hoonking.com/index/user/editmobile.html [运行时间：0.031250s][吞吐率：32.00req/s] [内存消耗：2,280.82kb] [文件加载：54]
[ info ] [ DB ] INIT mysql
[ info ] [ LANG ] E:\www\dbgj\core\lang\zh-cn.php
[ info ] [ ROUTE ] array (
  'type' => 'module',
  'module' => 
  array (
    0 => 'index',
    1 => 'user',
    2 => 'editmobile',
  ),
)
[ info ] [ HEADER ] array (
  'user-agent' => 'Mozilla/5.0 (Linux; Android 5.1.1; SM801 Build/LMY47V; wv) AppleWebKit/537.36 (KHTML, like Gecko) Version/4.0 Chrome/53.0.2785.49 Mobile MQQBrowser/6.2 TBS/043024 Safari/537.36 MicroMessenger/6.5.4.1000 NetType/4G Language/zh_CN',
  'accept' => '*/*',
  'accept-encoding' => 'gzip, deflate, sdch, br',
  'accept-language' => 'zh-CN,zh;q=0.8,en-US;q=0.6,en;q=0.4',
  'host' => 'dbgj.hoonking.com',
  'connection' => 'keep-alive',
)
[ info ] [ PARAM ] array (
  'index/user/editmobile_html' => '',
)
[ info ] [ LANG ] E:\www\dbgj/application/index\lang\zh-cn.php
[ info ] [ SESSION ] INIT array (
  'prefix' => 'minishop',
  'type' => '',
  'auto_start' => true,
)
[ info ] [ LOG ] INIT file

---------------------------------------------------------------
[ 2017-12-18T11:07:07+08:00 ] 172.31.179.54 120.204.17.67 GET /index/base/login.html
[ log ] dbgj.hoonking.com/index/base/login.html [运行时间：0.046875s][吞吐率：21.33req/s] [内存消耗：2,182.70kb] [文件加载：52]
[ info ] [ DB ] INIT mysql
[ info ] [ LANG ] E:\www\dbgj\core\lang\zh-cn.php
[ info ] [ ROUTE ] array (
  'type' => 'module',
  'module' => 
  array (
    0 => 'index',
    1 => 'base',
    2 => 'login',
  ),
)
[ info ] [ HEADER ] array (
  'user-agent' => 'Mozilla/5.0 (Linux; Android 5.1.1; SM801 Build/LMY47V; wv) AppleWebKit/537.36 (KHTML, like Gecko) Version/4.0 Chrome/53.0.2785.49 Mobile MQQBrowser/6.2 TBS/043024 Safari/537.36 MicroMessenger/6.5.4.1000 NetType/4G Language/zh_CN',
  'accept' => '*/*',
  'accept-encoding' => 'gzip, deflate, sdch, br',
  'referer' => 'http://dbgj.hoonking.com/index/user/editmobile.html',
  'cookie' => 'PHPSESSID=cn8v5oc8cskpcnm39bf3lt36v3; think_var=zh-cn',
  'accept-language' => 'zh-CN,zh;q=0.8,en-US;q=0.6,en;q=0.4',
  'host' => 'dbgj.hoonking.com',
  'connection' => 'keep-alive',
)
[ info ] [ PARAM ] array (
  'index/base/login_html' => '',
)
[ info ] [ LANG ] E:\www\dbgj/application/index\lang\zh-cn.php
[ info ] [ SESSION ] INIT array (
  'prefix' => 'minishop',
  'type' => '',
  'auto_start' => true,
)
[ info ] [ RUN ] /**
     * 用户登录方法
     * @author  矢志bu渝 <745152620@qq.com>
     */
Method [ <user> public method login ] {
  @@ E:\www\dbgj\application\index\controller\Base.php 57 - 83
}

[ info ] [ VIEW ] ./themes/default/index/login.html [ array (
  0 => 'userinfo',
) ]
[ info ] [ LOG ] INIT file

---------------------------------------------------------------
[ 2017-12-18T11:07:09+08:00 ] 172.31.179.54 183.192.201.97 GET /index/user/user_link.html
[ log ] dbgj.hoonking.com/index/user/user_link.html [运行时间：0.046875s][吞吐率：21.33req/s] [内存消耗：2,280.68kb] [文件加载：54]
[ info ] [ DB ] INIT mysql
[ info ] [ LANG ] E:\www\dbgj\core\lang\zh-cn.php
[ info ] [ ROUTE ] array (
  'type' => 'module',
  'module' => 
  array (
    0 => 'index',
    1 => 'user',
    2 => 'user_link',
  ),
)
[ info ] [ HEADER ] array (
  'user-agent' => 'Mozilla/5.0 (iPhone; CPU iPhone OS 10_2_1 like Mac OS X) AppleWebKit/602.4.6 (KHTML, like Gecko) Mobile/14D27 MicroMessenger/6.5.5 NetType/WIFI Language/zh_CN',
  'accept' => '*/*',
  'accept-encoding' => 'gzip, deflate, sdch, br',
  'accept-language' => 'zh-CN,zh;q=0.8,en-US;q=0.6,en;q=0.4',
  'host' => 'dbgj.hoonking.com',
  'connection' => 'keep-alive',
)
[ info ] [ PARAM ] array (
  'index/user/user_link_html' => '',
)
[ info ] [ LANG ] E:\www\dbgj/application/index\lang\zh-cn.php
[ info ] [ SESSION ] INIT array (
  'prefix' => 'minishop',
  'type' => '',
  'auto_start' => true,
)
[ info ] [ LOG ] INIT file

---------------------------------------------------------------
[ 2017-12-18T11:07:09+08:00 ] 172.31.179.54 183.192.201.97 GET /index/base/login.html
[ log ] dbgj.hoonking.com/index/base/login.html [运行时间：0.062500s][吞吐率：16.00req/s] [内存消耗：2,182.69kb] [文件加载：52]
[ info ] [ DB ] INIT mysql
[ info ] [ LANG ] E:\www\dbgj\core\lang\zh-cn.php
[ info ] [ ROUTE ] array (
  'type' => 'module',
  'module' => 
  array (
    0 => 'index',
    1 => 'base',
    2 => 'login',
  ),
)
[ info ] [ HEADER ] array (
  'user-agent' => 'Mozilla/5.0 (iPhone; CPU iPhone OS 10_2_1 like Mac OS X) AppleWebKit/602.4.6 (KHTML, like Gecko) Mobile/14D27 MicroMessenger/6.5.5 NetType/WIFI Language/zh_CN',
  'accept' => '*/*',
  'accept-encoding' => 'gzip, deflate, sdch, br',
  'referer' => 'http://dbgj.hoonking.com/index/user/user_link.html',
  'cookie' => 'PHPSESSID=pj5l07791kd96se1b0liihcsa6; think_var=zh-cn',
  'accept-language' => 'zh-CN,zh;q=0.8,en-US;q=0.6,en;q=0.4',
  'host' => 'dbgj.hoonking.com',
  'connection' => 'keep-alive',
)
[ info ] [ PARAM ] array (
  'index/base/login_html' => '',
)
[ info ] [ LANG ] E:\www\dbgj/application/index\lang\zh-cn.php
[ info ] [ SESSION ] INIT array (
  'prefix' => 'minishop',
  'type' => '',
  'auto_start' => true,
)
[ info ] [ RUN ] /**
     * 用户登录方法
     * @author  矢志bu渝 <745152620@qq.com>
     */
Method [ <user> public method login ] {
  @@ E:\www\dbgj\application\index\controller\Base.php 57 - 83
}

[ info ] [ VIEW ] ./themes/default/index/login.html [ array (
  0 => 'userinfo',
) ]
[ info ] [ LOG ] INIT file

---------------------------------------------------------------
[ 2017-12-18T11:07:15+08:00 ] 172.31.179.54 61.158.149.121 GET /index/base/login.html
[ log ] dbgj.hoonking.com/index/base/login.html [运行时间：0.046875s][吞吐率：21.33req/s] [内存消耗：2,183.26kb] [文件加载：52]
[ info ] [ DB ] INIT mysql
[ info ] [ LANG ] E:\www\dbgj\core\lang\zh-cn.php
[ info ] [ ROUTE ] array (
  'type' => 'module',
  'module' => 
  array (
    0 => 'index',
    1 => 'base',
    2 => 'login',
  ),
)
[ info ] [ HEADER ] array (
  'host' => 'dbgj.hoonking.com',
  'accept' => 'text/html,application/xhtml+xml,application/xml;q=0.9,*/*;q=0.8',
  'cookie' => 'PHPSESSID=upp38so1854d147bj0kk97rdc4; think_var=zh-cn; safedog-flow-item=',
  'user-agent' => 'Mozilla/5.0 (iPhone; CPU iPhone OS 9_3_1 like Mac OS X) AppleWebKit/601.1.46 (KHTML, like Gecko) Mobile/13E238 MicroMessenger/6.6.0 NetType/4G Language/zh_CN',
  'accept-language' => 'zh-cn',
  'accept-encoding' => 'gzip, deflate',
  'connection' => 'keep-alive',
)
[ info ] [ PARAM ] array (
  'index/base/login_html' => '',
)
[ info ] [ LANG ] E:\www\dbgj/application/index\lang\zh-cn.php
[ info ] [ SESSION ] INIT array (
  'prefix' => 'minishop',
  'type' => '',
  'auto_start' => true,
)
[ info ] [ RUN ] /**
     * 用户登录方法
     * @author  矢志bu渝 <745152620@qq.com>
     */
Method [ <user> public method login ] {
  @@ E:\www\dbgj\application\index\controller\Base.php 57 - 83
}

[ info ] [ VIEW ] ./themes/default/index/login.html [ array (
  0 => 'userinfo',
) ]
[ info ] [ LOG ] INIT file

---------------------------------------------------------------
