[ 2018-06-05T00:00:00+08:00 ] 0.0.0.0 0.0.0.0 CLI 
[ log ] cmd:think auto [运行时间：0.328125s][吞吐率：3.05req/s] [内存消耗：1,609.95kb] [文件加载：54]
[ info ] [ DB ] INIT mysql
[ info ] [ LOG ] INIT file

---------------------------------------------------------------
[ 2018-06-05T00:00:01+08:00 ] 0.0.0.0 0.0.0.0 CLI 
[ log ] cmd:think auto [运行时间：0.093750s][吞吐率：10.67req/s] [内存消耗：1,609.95kb] [文件加载：54]
[ info ] [ DB ] INIT mysql
[ info ] [ LOG ] INIT file

---------------------------------------------------------------
[ 2018-06-05T00:00:02+08:00 ] 0.0.0.0 0.0.0.0 CLI 
[ log ] cmd:think auto [运行时间：0.093750s][吞吐率：10.67req/s] [内存消耗：1,609.95kb] [文件加载：54]
[ info ] [ DB ] INIT mysql
[ info ] [ LOG ] INIT file

---------------------------------------------------------------
[ 2018-06-05T00:00:03+08:00 ] 0.0.0.0 0.0.0.0 CLI 
[ log ] cmd:think auto [运行时间：0.187500s][吞吐率：5.33req/s] [内存消耗：1,609.95kb] [文件加载：54]
[ info ] [ DB ] INIT mysql
[ info ] [ LOG ] INIT file

---------------------------------------------------------------
[ 2018-06-05T00:00:04+08:00 ] 0.0.0.0 0.0.0.0 CLI 
[ log ] cmd:think auto [运行时间：0.109375s][吞吐率：9.14req/s] [内存消耗：1,609.95kb] [文件加载：54]
[ info ] [ DB ] INIT mysql
[ info ] [ LOG ] INIT file

---------------------------------------------------------------
[ 2018-06-05T00:00:05+08:00 ] 0.0.0.0 0.0.0.0 CLI 
[ log ] cmd:think auto [运行时间：0.125000s][吞吐率：8.00req/s] [内存消耗：1,609.95kb] [文件加载：54]
[ info ] [ DB ] INIT mysql
[ info ] [ LOG ] INIT file

---------------------------------------------------------------
[ 2018-06-05T00:00:06+08:00 ] 0.0.0.0 0.0.0.0 CLI 
[ log ] cmd:think auto [运行时间：0.140625s][吞吐率：7.11req/s] [内存消耗：1,609.95kb] [文件加载：54]
[ info ] [ DB ] INIT mysql
[ info ] [ LOG ] INIT file

---------------------------------------------------------------
[ 2018-06-05T00:00:07+08:00 ] 0.0.0.0 0.0.0.0 CLI 
[ log ] cmd:think auto [运行时间：0.171875s][吞吐率：5.82req/s] [内存消耗：1,609.95kb] [文件加载：54]
[ info ] [ DB ] INIT mysql
[ info ] [ LOG ] INIT file

---------------------------------------------------------------
[ 2018-06-05T00:00:08+08:00 ] 0.0.0.0 0.0.0.0 CLI 
[ log ] cmd:think auto [运行时间：0.156250s][吞吐率：6.40req/s] [内存消耗：1,609.95kb] [文件加载：54]
[ info ] [ DB ] INIT mysql
[ info ] [ LOG ] INIT file

---------------------------------------------------------------
[ 2018-06-05T00:00:09+08:00 ] 0.0.0.0 0.0.0.0 CLI 
[ log ] cmd:think auto [运行时间：0.093750s][吞吐率：10.67req/s] [内存消耗：1,609.95kb] [文件加载：54]
[ info ] [ DB ] INIT mysql
[ info ] [ LOG ] INIT file

---------------------------------------------------------------
[ 2018-06-05T00:00:10+08:00 ] 0.0.0.0 0.0.0.0 CLI 
[ log ] cmd:think auto [运行时间：0.125000s][吞吐率：8.00req/s] [内存消耗：1,609.95kb] [文件加载：54]
[ info ] [ DB ] INIT mysql
[ info ] [ LOG ] INIT file

---------------------------------------------------------------
[ 2018-06-05T00:00:11+08:00 ] 0.0.0.0 0.0.0.0 CLI 
[ log ] cmd:think auto [运行时间：0.109375s][吞吐率：9.14req/s] [内存消耗：1,609.95kb] [文件加载：54]
[ info ] [ DB ] INIT mysql
[ info ] [ LOG ] INIT file

---------------------------------------------------------------
[ 2018-06-05T00:00:12+08:00 ] 0.0.0.0 0.0.0.0 CLI 
[ log ] cmd:think auto [运行时间：0.093750s][吞吐率：10.67req/s] [内存消耗：1,609.95kb] [文件加载：54]
[ info ] [ DB ] INIT mysql
[ info ] [ LOG ] INIT file

---------------------------------------------------------------
[ 2018-06-05T00:00:13+08:00 ] 0.0.0.0 0.0.0.0 CLI 
[ log ] cmd:think auto [运行时间：0.109375s][吞吐率：9.14req/s] [内存消耗：1,609.95kb] [文件加载：54]
[ info ] [ DB ] INIT mysql
[ info ] [ LOG ] INIT file

---------------------------------------------------------------
[ 2018-06-05T00:00:14+08:00 ] 0.0.0.0 0.0.0.0 CLI 
[ log ] cmd:think auto [运行时间：0.093750s][吞吐率：10.67req/s] [内存消耗：1,609.95kb] [文件加载：54]
[ info ] [ DB ] INIT mysql
[ info ] [ LOG ] INIT file

---------------------------------------------------------------
[ 2018-06-05T00:00:15+08:00 ] 0.0.0.0 0.0.0.0 CLI 
[ log ] cmd:think auto [运行时间：0.093750s][吞吐率：10.67req/s] [内存消耗：1,609.95kb] [文件加载：54]
[ info ] [ DB ] INIT mysql
[ info ] [ LOG ] INIT file

---------------------------------------------------------------
[ 2018-06-05T00:00:16+08:00 ] 0.0.0.0 0.0.0.0 CLI 
[ log ] cmd:think auto [运行时间：0.140625s][吞吐率：7.11req/s] [内存消耗：1,609.95kb] [文件加载：54]
[ info ] [ DB ] INIT mysql
[ info ] [ LOG ] INIT file

---------------------------------------------------------------
[ 2018-06-05T00:00:17+08:00 ] 0.0.0.0 0.0.0.0 CLI 
[ log ] cmd:think auto [运行时间：0.187500s][吞吐率：5.33req/s] [内存消耗：1,609.95kb] [文件加载：54]
[ info ] [ DB ] INIT mysql
[ info ] [ LOG ] INIT file

---------------------------------------------------------------
[ 2018-06-05T00:00:18+08:00 ] 0.0.0.0 0.0.0.0 CLI 
[ log ] cmd:think auto [运行时间：0.093750s][吞吐率：10.67req/s] [内存消耗：1,609.95kb] [文件加载：54]
[ info ] [ DB ] INIT mysql
[ info ] [ LOG ] INIT file

---------------------------------------------------------------
[ 2018-06-05T00:00:19+08:00 ] 0.0.0.0 0.0.0.0 CLI 
[ log ] cmd:think auto [运行时间：0.140625s][吞吐率：7.11req/s] [内存消耗：1,609.95kb] [文件加载：54]
[ info ] [ DB ] INIT mysql
[ info ] [ LOG ] INIT file

---------------------------------------------------------------
[ 2018-06-05T00:00:20+08:00 ] 0.0.0.0 0.0.0.0 CLI 
[ log ] cmd:think auto [运行时间：0.203125s][吞吐率：4.92req/s] [内存消耗：1,609.95kb] [文件加载：54]
[ info ] [ DB ] INIT mysql
[ info ] [ LOG ] INIT file

---------------------------------------------------------------
[ 2018-06-05T00:00:21+08:00 ] 0.0.0.0 0.0.0.0 CLI 
[ log ] cmd:think auto [运行时间：0.140625s][吞吐率：7.11req/s] [内存消耗：1,609.95kb] [文件加载：54]
[ info ] [ DB ] INIT mysql
[ info ] [ LOG ] INIT file

---------------------------------------------------------------
[ 2018-06-05T00:00:22+08:00 ] 0.0.0.0 0.0.0.0 CLI 
[ log ] cmd:think auto [运行时间：0.140625s][吞吐率：7.11req/s] [内存消耗：1,609.95kb] [文件加载：54]
[ info ] [ DB ] INIT mysql
[ info ] [ LOG ] INIT file

---------------------------------------------------------------
[ 2018-06-05T00:00:23+08:00 ] 0.0.0.0 0.0.0.0 CLI 
[ log ] cmd:think auto [运行时间：0.125000s][吞吐率：8.00req/s] [内存消耗：1,609.95kb] [文件加载：54]
[ info ] [ DB ] INIT mysql
[ info ] [ LOG ] INIT file

---------------------------------------------------------------
[ 2018-06-05T00:00:24+08:00 ] 0.0.0.0 0.0.0.0 CLI 
[ log ] cmd:think auto [运行时间：0.093750s][吞吐率：10.67req/s] [内存消耗：1,609.95kb] [文件加载：54]
[ info ] [ DB ] INIT mysql
[ info ] [ LOG ] INIT file

---------------------------------------------------------------
[ 2018-06-05T00:00:25+08:00 ] 0.0.0.0 0.0.0.0 CLI 
[ log ] cmd:think auto [运行时间：0.125000s][吞吐率：8.00req/s] [内存消耗：1,609.95kb] [文件加载：54]
[ info ] [ DB ] INIT mysql
[ info ] [ LOG ] INIT file

---------------------------------------------------------------
[ 2018-06-05T00:00:26+08:00 ] 0.0.0.0 0.0.0.0 CLI 
[ log ] cmd:think auto [运行时间：0.093750s][吞吐率：10.67req/s] [内存消耗：1,609.95kb] [文件加载：54]
[ info ] [ DB ] INIT mysql
[ info ] [ LOG ] INIT file

---------------------------------------------------------------
[ 2018-06-05T00:00:27+08:00 ] 0.0.0.0 0.0.0.0 CLI 
[ log ] cmd:think auto [运行时间：0.078125s][吞吐率：12.80req/s] [内存消耗：1,609.95kb] [文件加载：54]
[ info ] [ DB ] INIT mysql
[ info ] [ LOG ] INIT file

---------------------------------------------------------------
[ 2018-06-05T00:00:28+08:00 ] 0.0.0.0 0.0.0.0 CLI 
[ log ] cmd:think auto [运行时间：0.093750s][吞吐率：10.67req/s] [内存消耗：1,609.95kb] [文件加载：54]
[ info ] [ DB ] INIT mysql
[ info ] [ LOG ] INIT file

---------------------------------------------------------------
[ 2018-06-05T00:00:29+08:00 ] 0.0.0.0 0.0.0.0 CLI 
[ log ] cmd:think auto [运行时间：0.093750s][吞吐率：10.67req/s] [内存消耗：1,609.95kb] [文件加载：54]
[ info ] [ DB ] INIT mysql
[ info ] [ LOG ] INIT file

---------------------------------------------------------------
[ 2018-06-05T00:00:30+08:00 ] 0.0.0.0 0.0.0.0 CLI 
[ log ] cmd:think auto [运行时间：0.078125s][吞吐率：12.80req/s] [内存消耗：1,609.95kb] [文件加载：54]
[ info ] [ DB ] INIT mysql
[ info ] [ LOG ] INIT file

---------------------------------------------------------------
[ 2018-06-05T00:00:31+08:00 ] 0.0.0.0 0.0.0.0 CLI 
[ log ] cmd:think auto [运行时间：0.093750s][吞吐率：10.67req/s] [内存消耗：1,609.95kb] [文件加载：54]
[ info ] [ DB ] INIT mysql
[ info ] [ LOG ] INIT file

---------------------------------------------------------------
[ 2018-06-05T00:00:32+08:00 ] 0.0.0.0 0.0.0.0 CLI 
[ log ] cmd:think auto [运行时间：0.109375s][吞吐率：9.14req/s] [内存消耗：1,609.95kb] [文件加载：54]
[ info ] [ DB ] INIT mysql
[ info ] [ LOG ] INIT file

---------------------------------------------------------------
[ 2018-06-05T00:00:33+08:00 ] 0.0.0.0 0.0.0.0 CLI 
[ log ] cmd:think auto [运行时间：0.140625s][吞吐率：7.11req/s] [内存消耗：1,609.95kb] [文件加载：54]
[ info ] [ DB ] INIT mysql
[ info ] [ LOG ] INIT file

---------------------------------------------------------------
[ 2018-06-05T00:00:34+08:00 ] 0.0.0.0 0.0.0.0 CLI 
[ log ] cmd:think auto [运行时间：0.125000s][吞吐率：8.00req/s] [内存消耗：1,609.95kb] [文件加载：54]
[ info ] [ DB ] INIT mysql
[ info ] [ LOG ] INIT file

---------------------------------------------------------------
[ 2018-06-05T00:00:35+08:00 ] 0.0.0.0 0.0.0.0 CLI 
[ log ] cmd:think auto [运行时间：0.140625s][吞吐率：7.11req/s] [内存消耗：1,609.95kb] [文件加载：54]
[ info ] [ DB ] INIT mysql
[ info ] [ LOG ] INIT file

---------------------------------------------------------------
[ 2018-06-05T00:00:36+08:00 ] 0.0.0.0 0.0.0.0 CLI 
[ log ] cmd:think auto [运行时间：0.093750s][吞吐率：10.67req/s] [内存消耗：1,609.95kb] [文件加载：54]
[ info ] [ DB ] INIT mysql
[ info ] [ LOG ] INIT file

---------------------------------------------------------------
[ 2018-06-05T00:00:37+08:00 ] 0.0.0.0 0.0.0.0 CLI 
[ log ] cmd:think auto [运行时间：0.093750s][吞吐率：10.67req/s] [内存消耗：1,609.95kb] [文件加载：54]
[ info ] [ DB ] INIT mysql
[ info ] [ LOG ] INIT file

---------------------------------------------------------------
[ 2018-06-05T00:00:38+08:00 ] 0.0.0.0 0.0.0.0 CLI 
[ log ] cmd:think auto [运行时间：0.109375s][吞吐率：9.14req/s] [内存消耗：1,609.95kb] [文件加载：54]
[ info ] [ DB ] INIT mysql
[ info ] [ LOG ] INIT file

---------------------------------------------------------------
[ 2018-06-05T00:00:39+08:00 ] 0.0.0.0 0.0.0.0 CLI 
[ log ] cmd:think auto [运行时间：0.140625s][吞吐率：7.11req/s] [内存消耗：1,609.95kb] [文件加载：54]
[ info ] [ DB ] INIT mysql
[ info ] [ LOG ] INIT file

---------------------------------------------------------------
[ 2018-06-05T00:00:40+08:00 ] 0.0.0.0 0.0.0.0 CLI 
[ log ] cmd:think auto [运行时间：0.093750s][吞吐率：10.67req/s] [内存消耗：1,609.95kb] [文件加载：54]
[ info ] [ DB ] INIT mysql
[ info ] [ LOG ] INIT file

---------------------------------------------------------------
[ 2018-06-05T00:00:41+08:00 ] 0.0.0.0 0.0.0.0 CLI 
[ log ] cmd:think auto [运行时间：0.093750s][吞吐率：10.67req/s] [内存消耗：1,609.95kb] [文件加载：54]
[ info ] [ DB ] INIT mysql
[ info ] [ LOG ] INIT file

---------------------------------------------------------------
[ 2018-06-05T00:00:42+08:00 ] 0.0.0.0 0.0.0.0 CLI 
[ log ] cmd:think auto [运行时间：0.093750s][吞吐率：10.67req/s] [内存消耗：1,609.95kb] [文件加载：54]
[ info ] [ DB ] INIT mysql
[ info ] [ LOG ] INIT file

---------------------------------------------------------------
[ 2018-06-05T00:00:43+08:00 ] 0.0.0.0 0.0.0.0 CLI 
[ log ] cmd:think auto [运行时间：0.093750s][吞吐率：10.67req/s] [内存消耗：1,609.95kb] [文件加载：54]
[ info ] [ DB ] INIT mysql
[ info ] [ LOG ] INIT file

---------------------------------------------------------------
[ 2018-06-05T00:00:44+08:00 ] 0.0.0.0 0.0.0.0 CLI 
[ log ] cmd:think auto [运行时间：0.078125s][吞吐率：12.80req/s] [内存消耗：1,609.95kb] [文件加载：54]
[ info ] [ DB ] INIT mysql
[ info ] [ LOG ] INIT file

---------------------------------------------------------------
[ 2018-06-05T00:00:45+08:00 ] 0.0.0.0 0.0.0.0 CLI 
[ log ] cmd:think auto [运行时间：0.171875s][吞吐率：5.82req/s] [内存消耗：1,609.95kb] [文件加载：54]
[ info ] [ DB ] INIT mysql
[ info ] [ LOG ] INIT file

---------------------------------------------------------------
[ 2018-06-05T00:00:46+08:00 ] 0.0.0.0 0.0.0.0 CLI 
[ log ] cmd:think auto [运行时间：0.078125s][吞吐率：12.80req/s] [内存消耗：1,609.95kb] [文件加载：54]
[ info ] [ DB ] INIT mysql
[ info ] [ LOG ] INIT file

---------------------------------------------------------------
[ 2018-06-05T00:00:47+08:00 ] 0.0.0.0 0.0.0.0 CLI 
[ log ] cmd:think auto [运行时间：0.093750s][吞吐率：10.67req/s] [内存消耗：1,609.95kb] [文件加载：54]
[ info ] [ DB ] INIT mysql
[ info ] [ LOG ] INIT file

---------------------------------------------------------------
[ 2018-06-05T00:00:48+08:00 ] 0.0.0.0 0.0.0.0 CLI 
[ log ] cmd:think auto [运行时间：0.156250s][吞吐率：6.40req/s] [内存消耗：1,609.95kb] [文件加载：54]
[ info ] [ DB ] INIT mysql
[ info ] [ LOG ] INIT file

---------------------------------------------------------------
[ 2018-06-05T00:00:49+08:00 ] 0.0.0.0 0.0.0.0 CLI 
[ log ] cmd:think auto [运行时间：0.171875s][吞吐率：5.82req/s] [内存消耗：1,609.95kb] [文件加载：54]
[ info ] [ DB ] INIT mysql
[ info ] [ LOG ] INIT file

---------------------------------------------------------------
[ 2018-06-05T00:00:50+08:00 ] 0.0.0.0 0.0.0.0 CLI 
[ log ] cmd:think auto [运行时间：0.125000s][吞吐率：8.00req/s] [内存消耗：1,609.95kb] [文件加载：54]
[ info ] [ DB ] INIT mysql
[ info ] [ LOG ] INIT file

---------------------------------------------------------------
[ 2018-06-05T00:00:51+08:00 ] 0.0.0.0 0.0.0.0 CLI 
[ log ] cmd:think auto [运行时间：0.093750s][吞吐率：10.67req/s] [内存消耗：1,609.95kb] [文件加载：54]
[ info ] [ DB ] INIT mysql
[ info ] [ LOG ] INIT file

---------------------------------------------------------------
[ 2018-06-05T00:00:52+08:00 ] 0.0.0.0 0.0.0.0 CLI 
[ log ] cmd:think auto [运行时间：0.093750s][吞吐率：10.67req/s] [内存消耗：1,609.95kb] [文件加载：54]
[ info ] [ DB ] INIT mysql
[ info ] [ LOG ] INIT file

---------------------------------------------------------------
[ 2018-06-05T00:00:53+08:00 ] 0.0.0.0 0.0.0.0 CLI 
[ log ] cmd:think auto [运行时间：0.109375s][吞吐率：9.14req/s] [内存消耗：1,609.95kb] [文件加载：54]
[ info ] [ DB ] INIT mysql
[ info ] [ LOG ] INIT file

---------------------------------------------------------------
[ 2018-06-05T00:00:54+08:00 ] 0.0.0.0 0.0.0.0 CLI 
[ log ] cmd:think auto [运行时间：0.078125s][吞吐率：12.80req/s] [内存消耗：1,609.95kb] [文件加载：54]
[ info ] [ DB ] INIT mysql
[ info ] [ LOG ] INIT file

---------------------------------------------------------------
[ 2018-06-05T00:00:55+08:00 ] 0.0.0.0 0.0.0.0 CLI 
[ log ] cmd:think auto [运行时间：0.093750s][吞吐率：10.67req/s] [内存消耗：1,609.95kb] [文件加载：54]
[ info ] [ DB ] INIT mysql
[ info ] [ LOG ] INIT file

---------------------------------------------------------------
[ 2018-06-05T00:00:56+08:00 ] 0.0.0.0 0.0.0.0 CLI 
[ log ] cmd:think auto [运行时间：0.062500s][吞吐率：16.00req/s] [内存消耗：1,609.95kb] [文件加载：54]
[ info ] [ DB ] INIT mysql
[ info ] [ LOG ] INIT file

---------------------------------------------------------------
[ 2018-06-05T00:00:57+08:00 ] 0.0.0.0 0.0.0.0 CLI 
[ log ] cmd:think auto [运行时间：0.140625s][吞吐率：7.11req/s] [内存消耗：1,609.95kb] [文件加载：54]
[ info ] [ DB ] INIT mysql
[ info ] [ LOG ] INIT file

---------------------------------------------------------------
[ 2018-06-05T00:00:58+08:00 ] 0.0.0.0 0.0.0.0 CLI 
[ log ] cmd:think auto [运行时间：0.109375s][吞吐率：9.14req/s] [内存消耗：1,609.95kb] [文件加载：54]
[ info ] [ DB ] INIT mysql
[ info ] [ LOG ] INIT file

---------------------------------------------------------------
[ 2018-06-05T16:08:17+08:00 ] 122.114.73.147 117.152.45.216 GET /index/base/login.html
[ log ] zsh.ruishengkj.net/index/base/login.html [运行时间：0.109375s][吞吐率：9.14req/s] [内存消耗：1,780.44kb] [文件加载：52]
[ info ] [ DB ] INIT mysql
[ info ] [ LANG ] Z:\wwwroot\zsh.ruishengkj.net\core\lang\zh-cn.php
[ info ] [ ROUTE ] array (
  'type' => 'module',
  'module' => 
  array (
    0 => 'index',
    1 => 'base',
    2 => 'login',
  ),
)
[ info ] [ HEADER ] array (
  'upgrade-insecure-requests' => '1',
  'connection' => 'close',
  'cookie' => 'PHPSESSID=gvhl6cdo9eac4d37uro8e6fbv4',
  'accept-encoding' => 'gzip, deflate',
  'accept-language' => 'zh-CN,zh;q=0.8,zh-TW;q=0.7,zh-HK;q=0.5,en-US;q=0.3,en;q=0.2',
  'accept' => 'text/html,application/xhtml+xml,application/xml;q=0.9,*/*;q=0.8',
  'user-agent' => 'Mozilla/5.0 (Windows NT 6.1; Win64; x64; rv:57.0) Gecko/20100101 Firefox/57.0',
  'host' => 'zsh.ruishengkj.net',
)
[ info ] [ PARAM ] array (
  '/index/base/login_html' => '',
)
[ info ] [ LANG ] Z:\wwwroot\zsh.ruishengkj.net/application/index\lang\zh-cn.php
[ info ] [ SESSION ] INIT array (
  'prefix' => 'minishop',
  'type' => '',
  'auto_start' => true,
)
[ info ] [ RUN ] /**
     * 用户登录方法
     * @author  矢志bu渝 <745152620@qq.com>
     */
Method [ <user> public method login ] {
  @@ Z:\wwwroot\zsh.ruishengkj.net\application\index\controller\Base.php 57 - 83
}

[ info ] [ VIEW ] ./themes/default/index/login.html [ array (
  0 => 'userinfo',
) ]
[ info ] [ LOG ] INIT file

---------------------------------------------------------------
[ 2018-06-05T18:32:06+08:00 ] 122.114.73.147 117.152.45.216 GET /
[ log ] zsh.ruishengkj.net/ [运行时间：0.078125s][吞吐率：12.80req/s] [内存消耗：1,790.66kb] [文件加载：54]
[ info ] [ DB ] INIT mysql
[ info ] [ LANG ] Z:\wwwroot\zsh.ruishengkj.net\core\lang\zh-cn.php
[ info ] [ ROUTE ] array (
  'type' => 'module',
  'module' => 
  array (
    0 => '',
    1 => NULL,
    2 => NULL,
  ),
)
[ info ] [ HEADER ] array (
  'upgrade-insecure-requests' => '1',
  'connection' => 'close',
  'cookie' => 'PHPSESSID=gvhl6cdo9eac4d37uro8e6fbv4',
  'accept-encoding' => 'gzip, deflate',
  'accept-language' => 'zh-CN,zh;q=0.8,zh-TW;q=0.7,zh-HK;q=0.5,en-US;q=0.3,en;q=0.2',
  'accept' => 'text/html,application/xhtml+xml,application/xml;q=0.9,*/*;q=0.8',
  'user-agent' => 'Mozilla/5.0 (Windows NT 6.1; Win64; x64; rv:57.0) Gecko/20100101 Firefox/57.0',
  'host' => 'zsh.ruishengkj.net',
)
[ info ] [ PARAM ] array (
)
[ info ] [ LANG ] Z:\wwwroot\zsh.ruishengkj.net/application/index\lang\zh-cn.php
[ info ] [ SESSION ] INIT array (
  'prefix' => 'minishop',
  'type' => '',
  'auto_start' => true,
)
[ info ] [ LOG ] INIT file

---------------------------------------------------------------
[ 2018-06-05T18:32:06+08:00 ] 122.114.73.147 117.152.45.216 GET /index/base/login.html
[ log ] zsh.ruishengkj.net/index/base/login.html [运行时间：0.062500s][吞吐率：16.00req/s] [内存消耗：1,780.04kb] [文件加载：52]
[ info ] [ DB ] INIT mysql
[ info ] [ LANG ] Z:\wwwroot\zsh.ruishengkj.net\core\lang\zh-cn.php
[ info ] [ ROUTE ] array (
  'type' => 'module',
  'module' => 
  array (
    0 => 'index',
    1 => 'base',
    2 => 'login',
  ),
)
[ info ] [ HEADER ] array (
  'upgrade-insecure-requests' => '1',
  'connection' => 'close',
  'cookie' => 'PHPSESSID=gvhl6cdo9eac4d37uro8e6fbv4; think_var=zh-cn',
  'accept-encoding' => 'gzip, deflate',
  'accept-language' => 'zh-CN,zh;q=0.8,zh-TW;q=0.7,zh-HK;q=0.5,en-US;q=0.3,en;q=0.2',
  'accept' => 'text/html,application/xhtml+xml,application/xml;q=0.9,*/*;q=0.8',
  'user-agent' => 'Mozilla/5.0 (Windows NT 6.1; Win64; x64; rv:57.0) Gecko/20100101 Firefox/57.0',
  'host' => 'zsh.ruishengkj.net',
)
[ info ] [ PARAM ] array (
  '/index/base/login_html' => '',
)
[ info ] [ LANG ] Z:\wwwroot\zsh.ruishengkj.net/application/index\lang\zh-cn.php
[ info ] [ SESSION ] INIT array (
  'prefix' => 'minishop',
  'type' => '',
  'auto_start' => true,
)
[ info ] [ RUN ] /**
     * 用户登录方法
     * @author  矢志bu渝 <745152620@qq.com>
     */
Method [ <user> public method login ] {
  @@ Z:\wwwroot\zsh.ruishengkj.net\application\index\controller\Base.php 57 - 83
}

[ info ] [ VIEW ] ./themes/default/index/login.html [ array (
  0 => 'userinfo',
) ]
[ info ] [ LOG ] INIT file

---------------------------------------------------------------
[ 2018-06-05T18:32:07+08:00 ] 122.114.73.147 117.152.45.216 GET /favicon.ico
[ log ] zsh.ruishengkj.net/favicon.ico [运行时间：0.046875s][吞吐率：21.33req/s] [内存消耗：1,450.38kb] [文件加载：41]
[ info ] [ DB ] INIT mysql
[ info ] [ LANG ] Z:\wwwroot\zsh.ruishengkj.net\core\lang\zh-cn.php
[ info ] [ ROUTE ] array (
  'type' => 'module',
  'module' => 
  array (
    0 => 'favicon.ico',
    1 => NULL,
    2 => NULL,
  ),
)
[ info ] [ HEADER ] array (
  'connection' => 'close',
  'cookie' => 'PHPSESSID=gvhl6cdo9eac4d37uro8e6fbv4; think_var=zh-cn',
  'accept-encoding' => 'gzip, deflate',
  'accept-language' => 'zh-CN,zh;q=0.8,zh-TW;q=0.7,zh-HK;q=0.5,en-US;q=0.3,en;q=0.2',
  'accept' => 'text/html,application/xhtml+xml,application/xml;q=0.9,*/*;q=0.8',
  'user-agent' => 'Mozilla/5.0 (Windows NT 6.1; Win64; x64; rv:57.0) Gecko/20100101 Firefox/57.0',
  'host' => 'zsh.ruishengkj.net',
)
[ info ] [ PARAM ] array (
  '/favicon_ico' => '',
)
[ info ] [ LOG ] INIT file

---------------------------------------------------------------
[ 2018-06-05T18:32:15+08:00 ] 122.114.73.147 117.152.45.216 GET /admin
[ log ] zsh.ruishengkj.net/admin [运行时间：0.093750s][吞吐率：10.67req/s] [内存消耗：1,770.73kb] [文件加载：53]
[ info ] [ DB ] INIT mysql
[ info ] [ LANG ] Z:\wwwroot\zsh.ruishengkj.net\core\lang\zh-cn.php
[ info ] [ ROUTE ] array (
  'type' => 'module',
  'module' => 
  array (
    0 => 'admin',
    1 => NULL,
    2 => NULL,
  ),
)
[ info ] [ HEADER ] array (
  'upgrade-insecure-requests' => '1',
  'connection' => 'close',
  'cookie' => 'PHPSESSID=gvhl6cdo9eac4d37uro8e6fbv4; think_var=zh-cn',
  'accept-encoding' => 'gzip, deflate',
  'accept-language' => 'zh-CN,zh;q=0.8,zh-TW;q=0.7,zh-HK;q=0.5,en-US;q=0.3,en;q=0.2',
  'accept' => 'text/html,application/xhtml+xml,application/xml;q=0.9,*/*;q=0.8',
  'user-agent' => 'Mozilla/5.0 (Windows NT 6.1; Win64; x64; rv:57.0) Gecko/20100101 Firefox/57.0',
  'host' => 'zsh.ruishengkj.net',
)
[ info ] [ PARAM ] array (
  '/admin' => '',
)
[ info ] [ LANG ] Z:\wwwroot\zsh.ruishengkj.net/application/admin\lang\zh-cn.php
[ info ] [ SESSION ] INIT array (
  'id' => '',
  'var_session_id' => 'session_id',
  'prefix' => 'minishop',
  'type' => '',
  'auto_start' => true,
)
[ info ] [ LOG ] INIT file

---------------------------------------------------------------
[ 2018-06-05T18:32:15+08:00 ] 122.114.73.147 117.152.45.216 GET /admin/base/login.html
[ log ] zsh.ruishengkj.net/admin/base/login.html [运行时间：0.078125s][吞吐率：12.80req/s] [内存消耗：1,718.07kb] [文件加载：50]
[ info ] [ DB ] INIT mysql
[ info ] [ LANG ] Z:\wwwroot\zsh.ruishengkj.net\core\lang\zh-cn.php
[ info ] [ ROUTE ] array (
  'type' => 'module',
  'module' => 
  array (
    0 => 'admin',
    1 => 'base',
    2 => 'login',
  ),
)
[ info ] [ HEADER ] array (
  'upgrade-insecure-requests' => '1',
  'connection' => 'close',
  'cookie' => 'PHPSESSID=gvhl6cdo9eac4d37uro8e6fbv4; think_var=zh-cn',
  'accept-encoding' => 'gzip, deflate',
  'accept-language' => 'zh-CN,zh;q=0.8,zh-TW;q=0.7,zh-HK;q=0.5,en-US;q=0.3,en;q=0.2',
  'accept' => 'text/html,application/xhtml+xml,application/xml;q=0.9,*/*;q=0.8',
  'user-agent' => 'Mozilla/5.0 (Windows NT 6.1; Win64; x64; rv:57.0) Gecko/20100101 Firefox/57.0',
  'host' => 'zsh.ruishengkj.net',
)
[ info ] [ PARAM ] array (
  '/admin/base/login_html' => '',
)
[ info ] [ LANG ] Z:\wwwroot\zsh.ruishengkj.net/application/admin\lang\zh-cn.php
[ info ] [ RUN ] /**
     * 用户登录方法
     * @author  tangtanglove <dai_hang_love@126.com>
     */
Method [ <user> public method login ] {
  @@ Z:\wwwroot\zsh.ruishengkj.net\application\admin\controller\Base.php 39 - 73
}

[ info ] [ VIEW ] Z:\wwwroot\zsh.ruishengkj.net/application/admin\view\base\login.html [ array (
  0 => 'tyjfmc',
) ]
[ info ] [ LOG ] INIT file

---------------------------------------------------------------
[ 2018-06-05T18:32:16+08:00 ] 122.114.73.147 117.152.45.216 GET /static/bootstrap/css/font-awesome.min.css
[ log ] zsh.ruishengkj.net/static/bootstrap/css/font-awesome.min.css [运行时间：0.062500s][吞吐率：16.00req/s] [内存消耗：1,450.61kb] [文件加载：41]
[ info ] [ DB ] INIT mysql
[ info ] [ LANG ] Z:\wwwroot\zsh.ruishengkj.net\core\lang\zh-cn.php
[ info ] [ ROUTE ] array (
  'type' => 'module',
  'module' => 
  array (
    0 => 'static',
    1 => 'bootstrap',
    2 => 'css',
  ),
)
[ info ] [ HEADER ] array (
  'connection' => 'close',
  'cookie' => 'PHPSESSID=gvhl6cdo9eac4d37uro8e6fbv4; think_var=zh-cn',
  'referer' => 'http://zsh.ruishengkj.net/admin/base/login.html',
  'accept-encoding' => 'gzip, deflate',
  'accept-language' => 'zh-CN,zh;q=0.8,zh-TW;q=0.7,zh-HK;q=0.5,en-US;q=0.3,en;q=0.2',
  'accept' => 'text/css,*/*;q=0.1',
  'user-agent' => 'Mozilla/5.0 (Windows NT 6.1; Win64; x64; rv:57.0) Gecko/20100101 Firefox/57.0',
  'host' => 'zsh.ruishengkj.net',
)
[ info ] [ PARAM ] array (
  '/static/bootstrap/css/font-awesome_min_css' => '',
)
[ info ] [ LOG ] INIT file

---------------------------------------------------------------
[ 2018-06-05T18:32:17+08:00 ] 122.114.73.147 117.152.45.216 GET /static/plugins/iCheck/square/blue.css
[ log ] zsh.ruishengkj.net/static/plugins/iCheck/square/blue.css [运行时间：0.046875s][吞吐率：21.33req/s] [内存消耗：1,450.91kb] [文件加载：41]
[ info ] [ DB ] INIT mysql
[ info ] [ LANG ] Z:\wwwroot\zsh.ruishengkj.net\core\lang\zh-cn.php
[ info ] [ ROUTE ] array (
  'type' => 'module',
  'module' => 
  array (
    0 => 'static',
    1 => 'plugins',
    2 => 'iCheck',
  ),
)
[ info ] [ HEADER ] array (
  'connection' => 'close',
  'cookie' => 'PHPSESSID=gvhl6cdo9eac4d37uro8e6fbv4; think_var=zh-cn',
  'referer' => 'http://zsh.ruishengkj.net/admin/base/login.html',
  'accept-encoding' => 'gzip, deflate',
  'accept-language' => 'zh-CN,zh;q=0.8,zh-TW;q=0.7,zh-HK;q=0.5,en-US;q=0.3,en;q=0.2',
  'accept' => 'text/css,*/*;q=0.1',
  'user-agent' => 'Mozilla/5.0 (Windows NT 6.1; Win64; x64; rv:57.0) Gecko/20100101 Firefox/57.0',
  'host' => 'zsh.ruishengkj.net',
)
[ info ] [ PARAM ] array (
  '/static/plugins/iCheck/square/blue_css' => '',
  'square' => 'blue.css',
)
[ info ] [ LOG ] INIT file

---------------------------------------------------------------
[ 2018-06-05T18:32:17+08:00 ] 122.114.73.147 117.152.45.216 GET /static/bootstrap/css/ionicons.min.css
[ log ] zsh.ruishengkj.net/static/bootstrap/css/ionicons.min.css [运行时间：0.062500s][吞吐率：16.00req/s] [内存消耗：1,450.63kb] [文件加载：41]
[ info ] [ DB ] INIT mysql
[ info ] [ LANG ] Z:\wwwroot\zsh.ruishengkj.net\core\lang\zh-cn.php
[ info ] [ ROUTE ] array (
  'type' => 'module',
  'module' => 
  array (
    0 => 'static',
    1 => 'bootstrap',
    2 => 'css',
  ),
)
[ info ] [ HEADER ] array (
  'connection' => 'close',
  'cookie' => 'PHPSESSID=gvhl6cdo9eac4d37uro8e6fbv4; think_var=zh-cn',
  'referer' => 'http://zsh.ruishengkj.net/admin/base/login.html',
  'accept-encoding' => 'gzip, deflate',
  'accept-language' => 'zh-CN,zh;q=0.8,zh-TW;q=0.7,zh-HK;q=0.5,en-US;q=0.3,en;q=0.2',
  'accept' => 'text/css,*/*;q=0.1',
  'user-agent' => 'Mozilla/5.0 (Windows NT 6.1; Win64; x64; rv:57.0) Gecko/20100101 Firefox/57.0',
  'host' => 'zsh.ruishengkj.net',
)
[ info ] [ PARAM ] array (
  '/static/bootstrap/css/ionicons_min_css' => '',
)
[ info ] [ LOG ] INIT file

---------------------------------------------------------------
[ 2018-06-05T18:32:17+08:00 ] 122.114.73.147 117.152.45.216 GET /admin/base/captcha.html
[ log ] zsh.ruishengkj.net/admin/base/captcha.html [运行时间：0.140625s][吞吐率：7.11req/s] [内存消耗：1,758.02kb] [文件加载：50]
[ info ] [ DB ] INIT mysql
[ info ] [ LANG ] Z:\wwwroot\zsh.ruishengkj.net\core\lang\zh-cn.php
[ info ] [ ROUTE ] array (
  'type' => 'module',
  'module' => 
  array (
    0 => 'admin',
    1 => 'base',
    2 => 'captcha',
  ),
)
[ info ] [ HEADER ] array (
  'connection' => 'close',
  'cookie' => 'PHPSESSID=gvhl6cdo9eac4d37uro8e6fbv4; think_var=zh-cn',
  'referer' => 'http://zsh.ruishengkj.net/admin/base/login.html',
  'accept-encoding' => 'gzip, deflate',
  'accept-language' => 'zh-CN,zh;q=0.8,zh-TW;q=0.7,zh-HK;q=0.5,en-US;q=0.3,en;q=0.2',
  'accept' => '*/*',
  'user-agent' => 'Mozilla/5.0 (Windows NT 6.1; Win64; x64; rv:57.0) Gecko/20100101 Firefox/57.0',
  'host' => 'zsh.ruishengkj.net',
)
[ info ] [ PARAM ] array (
  '/admin/base/captcha_html' => '',
)
[ info ] [ LANG ] Z:\wwwroot\zsh.ruishengkj.net/application/admin\lang\zh-cn.php
[ info ] [ RUN ] /**
     * 系统验证码方法
     * @author  tangtanglove <dai_hang_love@126.com>
     */
Method [ <user> public method captcha ] {
  @@ Z:\wwwroot\zsh.ruishengkj.net\application\admin\controller\Base.php 79 - 83
}

[ info ] [ SESSION ] INIT array (
  'id' => '',
  'var_session_id' => 'session_id',
  'prefix' => 'minishop',
  'type' => '',
  'auto_start' => true,
)
[ info ] [ LOG ] INIT file

---------------------------------------------------------------
[ 2018-06-05T18:32:26+08:00 ] 122.114.73.147 117.152.45.216 GET /admin/base/captcha.html?rand=0.7704083720969942
[ log ] zsh.ruishengkj.net/admin/base/captcha.html?rand=0.7704083720969942 [运行时间：0.062500s][吞吐率：16.00req/s] [内存消耗：1,758.14kb] [文件加载：50]
[ info ] [ DB ] INIT mysql
[ info ] [ LANG ] Z:\wwwroot\zsh.ruishengkj.net\core\lang\zh-cn.php
[ info ] [ ROUTE ] array (
  'type' => 'module',
  'module' => 
  array (
    0 => 'admin',
    1 => 'base',
    2 => 'captcha',
  ),
)
[ info ] [ HEADER ] array (
  'connection' => 'close',
  'cookie' => 'PHPSESSID=gvhl6cdo9eac4d37uro8e6fbv4; think_var=zh-cn',
  'referer' => 'http://zsh.ruishengkj.net/admin/base/login.html',
  'accept-encoding' => 'gzip, deflate',
  'accept-language' => 'zh-CN,zh;q=0.8,zh-TW;q=0.7,zh-HK;q=0.5,en-US;q=0.3,en;q=0.2',
  'accept' => '*/*',
  'user-agent' => 'Mozilla/5.0 (Windows NT 6.1; Win64; x64; rv:57.0) Gecko/20100101 Firefox/57.0',
  'host' => 'zsh.ruishengkj.net',
)
[ info ] [ PARAM ] array (
  '/admin/base/captcha_html' => '',
  'rand' => '0.7704083720969942',
)
[ info ] [ LANG ] Z:\wwwroot\zsh.ruishengkj.net/application/admin\lang\zh-cn.php
[ info ] [ RUN ] /**
     * 系统验证码方法
     * @author  tangtanglove <dai_hang_love@126.com>
     */
Method [ <user> public method captcha ] {
  @@ Z:\wwwroot\zsh.ruishengkj.net\application\admin\controller\Base.php 79 - 83
}

[ info ] [ SESSION ] INIT array (
  'id' => '',
  'var_session_id' => 'session_id',
  'prefix' => 'minishop',
  'type' => '',
  'auto_start' => true,
)
[ info ] [ LOG ] INIT file

---------------------------------------------------------------
[ 2018-06-05T18:32:27+08:00 ] 122.114.73.147 117.152.45.216 GET /admin/base/captcha.html?rand=0.04017328972516765
[ log ] zsh.ruishengkj.net/admin/base/captcha.html?rand=0.04017328972516765 [运行时间：0.078125s][吞吐率：12.80req/s] [内存消耗：1,758.14kb] [文件加载：50]
[ info ] [ DB ] INIT mysql
[ info ] [ LANG ] Z:\wwwroot\zsh.ruishengkj.net\core\lang\zh-cn.php
[ info ] [ ROUTE ] array (
  'type' => 'module',
  'module' => 
  array (
    0 => 'admin',
    1 => 'base',
    2 => 'captcha',
  ),
)
[ info ] [ HEADER ] array (
  'connection' => 'close',
  'cookie' => 'PHPSESSID=gvhl6cdo9eac4d37uro8e6fbv4; think_var=zh-cn',
  'referer' => 'http://zsh.ruishengkj.net/admin/base/login.html',
  'accept-encoding' => 'gzip, deflate',
  'accept-language' => 'zh-CN,zh;q=0.8,zh-TW;q=0.7,zh-HK;q=0.5,en-US;q=0.3,en;q=0.2',
  'accept' => '*/*',
  'user-agent' => 'Mozilla/5.0 (Windows NT 6.1; Win64; x64; rv:57.0) Gecko/20100101 Firefox/57.0',
  'host' => 'zsh.ruishengkj.net',
)
[ info ] [ PARAM ] array (
  '/admin/base/captcha_html' => '',
  'rand' => '0.04017328972516765',
)
[ info ] [ LANG ] Z:\wwwroot\zsh.ruishengkj.net/application/admin\lang\zh-cn.php
[ info ] [ RUN ] /**
     * 系统验证码方法
     * @author  tangtanglove <dai_hang_love@126.com>
     */
Method [ <user> public method captcha ] {
  @@ Z:\wwwroot\zsh.ruishengkj.net\application\admin\controller\Base.php 79 - 83
}

[ info ] [ SESSION ] INIT array (
  'id' => '',
  'var_session_id' => 'session_id',
  'prefix' => 'minishop',
  'type' => '',
  'auto_start' => true,
)
[ info ] [ LOG ] INIT file

---------------------------------------------------------------
[ 2018-06-05T18:32:29+08:00 ] 122.114.73.147 117.152.45.216 GET /admin/base/captcha.html?rand=0.36546628252650215
[ log ] zsh.ruishengkj.net/admin/base/captcha.html?rand=0.36546628252650215 [运行时间：0.046875s][吞吐率：21.33req/s] [内存消耗：1,758.14kb] [文件加载：50]
[ info ] [ DB ] INIT mysql
[ info ] [ LANG ] Z:\wwwroot\zsh.ruishengkj.net\core\lang\zh-cn.php
[ info ] [ ROUTE ] array (
  'type' => 'module',
  'module' => 
  array (
    0 => 'admin',
    1 => 'base',
    2 => 'captcha',
  ),
)
[ info ] [ HEADER ] array (
  'connection' => 'close',
  'cookie' => 'PHPSESSID=gvhl6cdo9eac4d37uro8e6fbv4; think_var=zh-cn',
  'referer' => 'http://zsh.ruishengkj.net/admin/base/login.html',
  'accept-encoding' => 'gzip, deflate',
  'accept-language' => 'zh-CN,zh;q=0.8,zh-TW;q=0.7,zh-HK;q=0.5,en-US;q=0.3,en;q=0.2',
  'accept' => '*/*',
  'user-agent' => 'Mozilla/5.0 (Windows NT 6.1; Win64; x64; rv:57.0) Gecko/20100101 Firefox/57.0',
  'host' => 'zsh.ruishengkj.net',
)
[ info ] [ PARAM ] array (
  '/admin/base/captcha_html' => '',
  'rand' => '0.36546628252650215',
)
[ info ] [ LANG ] Z:\wwwroot\zsh.ruishengkj.net/application/admin\lang\zh-cn.php
[ info ] [ RUN ] /**
     * 系统验证码方法
     * @author  tangtanglove <dai_hang_love@126.com>
     */
Method [ <user> public method captcha ] {
  @@ Z:\wwwroot\zsh.ruishengkj.net\application\admin\controller\Base.php 79 - 83
}

[ info ] [ SESSION ] INIT array (
  'id' => '',
  'var_session_id' => 'session_id',
  'prefix' => 'minishop',
  'type' => '',
  'auto_start' => true,
)
[ info ] [ LOG ] INIT file

---------------------------------------------------------------
[ 2018-06-05T18:32:35+08:00 ] 122.114.73.147 117.152.45.216 POST /admin/base/login.html
[ log ] zsh.ruishengkj.net/admin/base/login.html [运行时间：0.109375s][吞吐率：9.14req/s] [内存消耗：1,960.95kb] [文件加载：55]
[ info ] [ DB ] INIT mysql
[ info ] [ LANG ] Z:\wwwroot\zsh.ruishengkj.net\core\lang\zh-cn.php
[ info ] [ ROUTE ] array (
  'type' => 'module',
  'module' => 
  array (
    0 => 'admin',
    1 => 'base',
    2 => 'login',
  ),
)
[ info ] [ HEADER ] array (
  'connection' => 'close',
  'cookie' => 'PHPSESSID=gvhl6cdo9eac4d37uro8e6fbv4; think_var=zh-cn',
  'x-requested-with' => 'XMLHttpRequest',
  'referer' => 'http://zsh.ruishengkj.net/admin/base/login.html',
  'accept-encoding' => 'gzip, deflate',
  'accept-language' => 'zh-CN,zh;q=0.8,zh-TW;q=0.7,zh-HK;q=0.5,en-US;q=0.3,en;q=0.2',
  'accept' => '*/*',
  'user-agent' => 'Mozilla/5.0 (Windows NT 6.1; Win64; x64; rv:57.0) Gecko/20100101 Firefox/57.0',
  'host' => 'zsh.ruishengkj.net',
  'content-type' => 'application/x-www-form-urlencoded; charset=UTF-8',
  'content-length' => '43',
)
[ info ] [ PARAM ] array (
  '/admin/base/login_html' => '',
  'username' => 'admin',
  'password' => '123456',
  'captcha' => 'bj6v',
)
[ info ] [ LANG ] Z:\wwwroot\zsh.ruishengkj.net/application/admin\lang\zh-cn.php
[ info ] [ RUN ] /**
     * 用户登录方法
     * @author  tangtanglove <dai_hang_love@126.com>
     */
Method [ <user> public method login ] {
  @@ Z:\wwwroot\zsh.ruishengkj.net\application\admin\controller\Base.php 39 - 73
}

[ info ] [ SESSION ] INIT array (
  'id' => '',
  'var_session_id' => 'session_id',
  'prefix' => 'minishop',
  'type' => '',
  'auto_start' => true,
)
[ info ] [ LOG ] INIT file

---------------------------------------------------------------
[ 2018-06-05T18:32:36+08:00 ] 122.114.73.147 117.152.45.216 GET /admin/index/index.html
[ log ] zsh.ruishengkj.net/admin/index/index.html [运行时间：0.406250s][吞吐率：2.46req/s] [内存消耗：1,861.40kb] [文件加载：55]
[ info ] [ DB ] INIT mysql
[ info ] [ LANG ] Z:\wwwroot\zsh.ruishengkj.net\core\lang\zh-cn.php
[ info ] [ ROUTE ] array (
  'type' => 'module',
  'module' => 
  array (
    0 => 'admin',
    1 => 'index',
    2 => 'index',
  ),
)
[ info ] [ HEADER ] array (
  'upgrade-insecure-requests' => '1',
  'connection' => 'close',
  'cookie' => 'PHPSESSID=gvhl6cdo9eac4d37uro8e6fbv4; think_var=zh-cn',
  'referer' => 'http://zsh.ruishengkj.net/admin/base/login.html',
  'accept-encoding' => 'gzip, deflate',
  'accept-language' => 'zh-CN,zh;q=0.8,zh-TW;q=0.7,zh-HK;q=0.5,en-US;q=0.3,en;q=0.2',
  'accept' => 'text/html,application/xhtml+xml,application/xml;q=0.9,*/*;q=0.8',
  'user-agent' => 'Mozilla/5.0 (Windows NT 6.1; Win64; x64; rv:57.0) Gecko/20100101 Firefox/57.0',
  'host' => 'zsh.ruishengkj.net',
)
[ info ] [ PARAM ] array (
  '/admin/index/index_html' => '',
)
[ info ] [ LANG ] Z:\wwwroot\zsh.ruishengkj.net/application/admin\lang\zh-cn.php
[ info ] [ SESSION ] INIT array (
  'id' => '',
  'var_session_id' => 'session_id',
  'prefix' => 'minishop',
  'type' => '',
  'auto_start' => true,
)
[ info ] [ RUN ] Method [ <user> public method index ] {
  @@ Z:\wwwroot\zsh.ruishengkj.net\application\admin\controller\Index.php 21 - 40
}

[ info ] [ VIEW ] Z:\wwwroot\zsh.ruishengkj.net/application/admin\view\index\index.html [ array (
  0 => 'menuTree',
  1 => 'order_num',
  2 => 'tixian',
  3 => 'jh_num',
  4 => 'wjh_num',
  5 => 'zjf_num',
  6 => 'user_num',
) ]
[ info ] [ CACHE ] INIT File
[ info ] [ LOG ] INIT file

---------------------------------------------------------------
[ 2018-06-05T18:32:40+08:00 ] 122.114.73.147 117.152.45.216 GET /admin/config/edit.html
[ log ] zsh.ruishengkj.net/admin/config/edit.html [运行时间：0.125000s][吞吐率：8.00req/s] [内存消耗：1,899.78kb] [文件加载：55]
[ info ] [ DB ] INIT mysql
[ info ] [ LANG ] Z:\wwwroot\zsh.ruishengkj.net\core\lang\zh-cn.php
[ info ] [ ROUTE ] array (
  'type' => 'module',
  'module' => 
  array (
    0 => 'admin',
    1 => 'config',
    2 => 'edit',
  ),
)
[ info ] [ HEADER ] array (
  'upgrade-insecure-requests' => '1',
  'connection' => 'close',
  'cookie' => 'PHPSESSID=gvhl6cdo9eac4d37uro8e6fbv4; think_var=zh-cn',
  'referer' => 'http://zsh.ruishengkj.net/admin/index/index.html',
  'accept-encoding' => 'gzip, deflate',
  'accept-language' => 'zh-CN,zh;q=0.8,zh-TW;q=0.7,zh-HK;q=0.5,en-US;q=0.3,en;q=0.2',
  'accept' => 'text/html,application/xhtml+xml,application/xml;q=0.9,*/*;q=0.8',
  'user-agent' => 'Mozilla/5.0 (Windows NT 6.1; Win64; x64; rv:57.0) Gecko/20100101 Firefox/57.0',
  'host' => 'zsh.ruishengkj.net',
)
[ info ] [ PARAM ] array (
  '/admin/config/edit_html' => '',
)
[ info ] [ LANG ] Z:\wwwroot\zsh.ruishengkj.net/application/admin\lang\zh-cn.php
[ info ] [ SESSION ] INIT array (
  'id' => '',
  'var_session_id' => 'session_id',
  'prefix' => 'minishop',
  'type' => '',
  'auto_start' => true,
)
[ info ] [ RUN ] /**
     * 系统配置
     */
Method [ <user> public method edit ] {
  @@ Z:\wwwroot\zsh.ruishengkj.net\application\admin\controller\Config.php 25 - 45
}

[ info ] [ VIEW ] Z:\wwwroot\zsh.ruishengkj.net/application/admin\view\config\edit.html [ array (
  0 => 'menuTree',
  1 => 'list',
) ]
[ info ] [ CACHE ] INIT File
[ info ] [ LOG ] INIT file

---------------------------------------------------------------
[ 2018-06-05T18:32:42+08:00 ] 122.114.73.147 117.152.45.216 GET /admin/ueditor/index.html?action=config&&noCache=1528194802074
[ log ] zsh.ruishengkj.net/admin/ueditor/index.html?action=config&&noCache=1528194802074 [运行时间：0.109375s][吞吐率：9.14req/s] [内存消耗：1,769.57kb] [文件加载：50]
[ info ] [ DB ] INIT mysql
[ info ] [ LANG ] Z:\wwwroot\zsh.ruishengkj.net\core\lang\zh-cn.php
[ info ] [ ROUTE ] array (
  'type' => 'module',
  'module' => 
  array (
    0 => 'admin',
    1 => 'ueditor',
    2 => 'index',
  ),
)
[ info ] [ HEADER ] array (
  'connection' => 'close',
  'cookie' => 'PHPSESSID=gvhl6cdo9eac4d37uro8e6fbv4; think_var=zh-cn',
  'referer' => 'http://zsh.ruishengkj.net/admin/config/edit.html',
  'accept-encoding' => 'gzip, deflate',
  'accept-language' => 'zh-CN,zh;q=0.8,zh-TW;q=0.7,zh-HK;q=0.5,en-US;q=0.3,en;q=0.2',
  'accept' => '*/*',
  'user-agent' => 'Mozilla/5.0 (Windows NT 6.1; Win64; x64; rv:57.0) Gecko/20100101 Firefox/57.0',
  'host' => 'zsh.ruishengkj.net',
)
[ info ] [ PARAM ] array (
  '/admin/ueditor/index_html' => '',
  'action' => 'config',
  'noCache' => '1528194802074',
)
[ info ] [ LANG ] Z:\wwwroot\zsh.ruishengkj.net/application/admin\lang\zh-cn.php
[ info ] [ SESSION ] INIT array (
  'id' => '',
  'var_session_id' => 'session_id',
  'prefix' => 'minishop',
  'type' => '',
  'auto_start' => true,
)
[ info ] [ RUN ] /**
     * 上传文件
     * @author tangtanglove <dai_hang_love@126.com>
     */
Method [ <user> public method index ] {
  @@ Z:\wwwroot\zsh.ruishengkj.net\application\admin\controller\Ueditor.php 27 - 81
}

[ info ] [ LOG ] INIT file

---------------------------------------------------------------
[ 2018-06-05T18:32:42+08:00 ] 122.114.73.147 117.152.45.216 GET /admin/ueditor/index.html?action=config&&noCache=1528194802073
[ log ] zsh.ruishengkj.net/admin/ueditor/index.html?action=config&&noCache=1528194802073 [运行时间：0.156250s][吞吐率：6.40req/s] [内存消耗：1,769.57kb] [文件加载：50]
[ info ] [ DB ] INIT mysql
[ info ] [ LANG ] Z:\wwwroot\zsh.ruishengkj.net\core\lang\zh-cn.php
[ info ] [ ROUTE ] array (
  'type' => 'module',
  'module' => 
  array (
    0 => 'admin',
    1 => 'ueditor',
    2 => 'index',
  ),
)
[ info ] [ HEADER ] array (
  'connection' => 'close',
  'cookie' => 'PHPSESSID=gvhl6cdo9eac4d37uro8e6fbv4; think_var=zh-cn',
  'referer' => 'http://zsh.ruishengkj.net/admin/config/edit.html',
  'accept-encoding' => 'gzip, deflate',
  'accept-language' => 'zh-CN,zh;q=0.8,zh-TW;q=0.7,zh-HK;q=0.5,en-US;q=0.3,en;q=0.2',
  'accept' => '*/*',
  'user-agent' => 'Mozilla/5.0 (Windows NT 6.1; Win64; x64; rv:57.0) Gecko/20100101 Firefox/57.0',
  'host' => 'zsh.ruishengkj.net',
)
[ info ] [ PARAM ] array (
  '/admin/ueditor/index_html' => '',
  'action' => 'config',
  'noCache' => '1528194802073',
)
[ info ] [ LANG ] Z:\wwwroot\zsh.ruishengkj.net/application/admin\lang\zh-cn.php
[ info ] [ SESSION ] INIT array (
  'id' => '',
  'var_session_id' => 'session_id',
  'prefix' => 'minishop',
  'type' => '',
  'auto_start' => true,
)
[ info ] [ RUN ] /**
     * 上传文件
     * @author tangtanglove <dai_hang_love@126.com>
     */
Method [ <user> public method index ] {
  @@ Z:\wwwroot\zsh.ruishengkj.net\application\admin\controller\Ueditor.php 27 - 81
}

[ info ] [ LOG ] INIT file

---------------------------------------------------------------
[ 2018-06-05T18:32:52+08:00 ] 122.114.73.147 117.152.45.216 GET /
[ log ] zsh.ruishengkj.net/ [运行时间：0.062500s][吞吐率：16.00req/s] [内存消耗：1,790.97kb] [文件加载：54]
[ info ] [ DB ] INIT mysql
[ info ] [ LANG ] Z:\wwwroot\zsh.ruishengkj.net\core\lang\zh-cn.php
[ info ] [ ROUTE ] array (
  'type' => 'module',
  'module' => 
  array (
    0 => '',
    1 => NULL,
    2 => NULL,
  ),
)
[ info ] [ HEADER ] array (
  'upgrade-insecure-requests' => '1',
  'connection' => 'close',
  'cookie' => 'PHPSESSID=gvhl6cdo9eac4d37uro8e6fbv4; think_var=zh-cn',
  'accept-encoding' => 'gzip, deflate',
  'accept-language' => 'zh-CN,zh;q=0.8,zh-TW;q=0.7,zh-HK;q=0.5,en-US;q=0.3,en;q=0.2',
  'accept' => 'text/html,application/xhtml+xml,application/xml;q=0.9,*/*;q=0.8',
  'user-agent' => 'Mozilla/5.0 (Windows NT 6.1; Win64; x64; rv:57.0) Gecko/20100101 Firefox/57.0',
  'host' => 'zsh.ruishengkj.net',
)
[ info ] [ PARAM ] array (
)
[ info ] [ LANG ] Z:\wwwroot\zsh.ruishengkj.net/application/index\lang\zh-cn.php
[ info ] [ SESSION ] INIT array (
  'prefix' => 'minishop',
  'type' => '',
  'auto_start' => true,
)
[ info ] [ LOG ] INIT file

---------------------------------------------------------------
[ 2018-06-05T18:32:52+08:00 ] 122.114.73.147 117.152.45.216 GET /index/base/login.html
[ log ] zsh.ruishengkj.net/index/base/login.html [运行时间：0.046875s][吞吐率：21.33req/s] [内存消耗：1,780.82kb] [文件加载：52]
[ info ] [ DB ] INIT mysql
[ info ] [ LANG ] Z:\wwwroot\zsh.ruishengkj.net\core\lang\zh-cn.php
[ info ] [ ROUTE ] array (
  'type' => 'module',
  'module' => 
  array (
    0 => 'index',
    1 => 'base',
    2 => 'login',
  ),
)
[ info ] [ HEADER ] array (
  'upgrade-insecure-requests' => '1',
  'connection' => 'close',
  'cookie' => 'PHPSESSID=gvhl6cdo9eac4d37uro8e6fbv4; think_var=zh-cn',
  'accept-encoding' => 'gzip, deflate',
  'accept-language' => 'zh-CN,zh;q=0.8,zh-TW;q=0.7,zh-HK;q=0.5,en-US;q=0.3,en;q=0.2',
  'accept' => 'text/html,application/xhtml+xml,application/xml;q=0.9,*/*;q=0.8',
  'user-agent' => 'Mozilla/5.0 (Windows NT 6.1; Win64; x64; rv:57.0) Gecko/20100101 Firefox/57.0',
  'host' => 'zsh.ruishengkj.net',
)
[ info ] [ PARAM ] array (
  '/index/base/login_html' => '',
)
[ info ] [ LANG ] Z:\wwwroot\zsh.ruishengkj.net/application/index\lang\zh-cn.php
[ info ] [ SESSION ] INIT array (
  'prefix' => 'minishop',
  'type' => '',
  'auto_start' => true,
)
[ info ] [ RUN ] /**
     * 用户登录方法
     * @author  矢志bu渝 <745152620@qq.com>
     */
Method [ <user> public method login ] {
  @@ Z:\wwwroot\zsh.ruishengkj.net\application\index\controller\Base.php 57 - 83
}

[ info ] [ VIEW ] ./themes/default/index/login.html [ array (
  0 => 'userinfo',
) ]
[ info ] [ LOG ] INIT file

---------------------------------------------------------------
[ 2018-06-05T18:33:04+08:00 ] 122.114.73.147 117.152.45.216 GET /admin
[ log ] zsh.ruishengkj.net/admin [运行时间：0.109375s][吞吐率：9.14req/s] [内存消耗：1,861.04kb] [文件加载：55]
[ info ] [ DB ] INIT mysql
[ info ] [ LANG ] Z:\wwwroot\zsh.ruishengkj.net\core\lang\zh-cn.php
[ info ] [ ROUTE ] array (
  'type' => 'module',
  'module' => 
  array (
    0 => 'admin',
    1 => NULL,
    2 => NULL,
  ),
)
[ info ] [ HEADER ] array (
  'upgrade-insecure-requests' => '1',
  'connection' => 'close',
  'cookie' => 'PHPSESSID=gvhl6cdo9eac4d37uro8e6fbv4; think_var=zh-cn',
  'accept-encoding' => 'gzip, deflate',
  'accept-language' => 'zh-CN,zh;q=0.8,zh-TW;q=0.7,zh-HK;q=0.5,en-US;q=0.3,en;q=0.2',
  'accept' => 'text/html,application/xhtml+xml,application/xml;q=0.9,*/*;q=0.8',
  'user-agent' => 'Mozilla/5.0 (Windows NT 6.1; Win64; x64; rv:57.0) Gecko/20100101 Firefox/57.0',
  'host' => 'zsh.ruishengkj.net',
)
[ info ] [ PARAM ] array (
  '/admin' => '',
)
[ info ] [ LANG ] Z:\wwwroot\zsh.ruishengkj.net/application/admin\lang\zh-cn.php
[ info ] [ SESSION ] INIT array (
  'id' => '',
  'var_session_id' => 'session_id',
  'prefix' => 'minishop',
  'type' => '',
  'auto_start' => true,
)
[ info ] [ RUN ] Method [ <user> public method index ] {
  @@ Z:\wwwroot\zsh.ruishengkj.net\application\admin\controller\Index.php 21 - 40
}

[ info ] [ VIEW ] Z:\wwwroot\zsh.ruishengkj.net/application/admin\view\index\index.html [ array (
  0 => 'menuTree',
  1 => 'order_num',
  2 => 'tixian',
  3 => 'jh_num',
  4 => 'wjh_num',
  5 => 'zjf_num',
  6 => 'user_num',
) ]
[ info ] [ CACHE ] INIT File
[ info ] [ LOG ] INIT file

---------------------------------------------------------------
[ 2018-06-05T18:33:07+08:00 ] 122.114.73.147 117.152.45.216 GET /admin/order/index.html
[ log ] zsh.ruishengkj.net/admin/order/index.html [运行时间：0.203125s][吞吐率：4.92req/s] [内存消耗：2,001.53kb] [文件加载：59]
[ info ] [ DB ] INIT mysql
[ info ] [ LANG ] Z:\wwwroot\zsh.ruishengkj.net\core\lang\zh-cn.php
[ info ] [ ROUTE ] array (
  'type' => 'module',
  'module' => 
  array (
    0 => 'admin',
    1 => 'order',
    2 => 'index',
  ),
)
[ info ] [ HEADER ] array (
  'upgrade-insecure-requests' => '1',
  'connection' => 'close',
  'cookie' => 'PHPSESSID=gvhl6cdo9eac4d37uro8e6fbv4; think_var=zh-cn',
  'referer' => 'http://zsh.ruishengkj.net/admin',
  'accept-encoding' => 'gzip, deflate',
  'accept-language' => 'zh-CN,zh;q=0.8,zh-TW;q=0.7,zh-HK;q=0.5,en-US;q=0.3,en;q=0.2',
  'accept' => 'text/html,application/xhtml+xml,application/xml;q=0.9,*/*;q=0.8',
  'user-agent' => 'Mozilla/5.0 (Windows NT 6.1; Win64; x64; rv:57.0) Gecko/20100101 Firefox/57.0',
  'host' => 'zsh.ruishengkj.net',
)
[ info ] [ PARAM ] array (
  '/admin/order/index_html' => '',
)
[ info ] [ LANG ] Z:\wwwroot\zsh.ruishengkj.net/application/admin\lang\zh-cn.php
[ info ] [ SESSION ] INIT array (
  'id' => '',
  'var_session_id' => 'session_id',
  'prefix' => 'minishop',
  'type' => '',
  'auto_start' => true,
)
[ info ] [ RUN ] /**
     * 订单列表
     * @author 
     */
Method [ <user> public method index ] {
  @@ Z:\wwwroot\zsh.ruishengkj.net\application\admin\controller\Order.php 26 - 51
}

[ info ] [ VIEW ] Z:\wwwroot\zsh.ruishengkj.net/application/admin\view\order\index.html [ array (
  0 => 'menuTree',
  1 => 'ordersList',
) ]
[ info ] [ CACHE ] INIT File
[ info ] [ LOG ] INIT file

---------------------------------------------------------------
[ 2018-06-05T18:33:09+08:00 ] 122.114.73.147 117.152.45.216 GET /admin/member/gongpai_xinxi.html
[ log ] zsh.ruishengkj.net/admin/member/gongpai_xinxi.html [运行时间：0.156250s][吞吐率：6.40req/s] [内存消耗：2,032.87kb] [文件加载：59]
[ info ] [ DB ] INIT mysql
[ info ] [ LANG ] Z:\wwwroot\zsh.ruishengkj.net\core\lang\zh-cn.php
[ info ] [ ROUTE ] array (
  'type' => 'module',
  'module' => 
  array (
    0 => 'admin',
    1 => 'member',
    2 => 'gongpai_xinxi',
  ),
)
[ info ] [ HEADER ] array (
  'upgrade-insecure-requests' => '1',
  'connection' => 'close',
  'cookie' => 'PHPSESSID=gvhl6cdo9eac4d37uro8e6fbv4; think_var=zh-cn',
  'referer' => 'http://zsh.ruishengkj.net/admin/order/index.html',
  'accept-encoding' => 'gzip, deflate',
  'accept-language' => 'zh-CN,zh;q=0.8,zh-TW;q=0.7,zh-HK;q=0.5,en-US;q=0.3,en;q=0.2',
  'accept' => 'text/html,application/xhtml+xml,application/xml;q=0.9,*/*;q=0.8',
  'user-agent' => 'Mozilla/5.0 (Windows NT 6.1; Win64; x64; rv:57.0) Gecko/20100101 Firefox/57.0',
  'host' => 'zsh.ruishengkj.net',
)
[ info ] [ PARAM ] array (
  '/admin/member/gongpai_xinxi_html' => '',
)
[ info ] [ LANG ] Z:\wwwroot\zsh.ruishengkj.net/application/admin\lang\zh-cn.php
[ info ] [ SESSION ] INIT array (
  'id' => '',
  'var_session_id' => 'session_id',
  'prefix' => 'minishop',
  'type' => '',
  'auto_start' => true,
)
[ info ] [ RUN ] Method [ <user> public method gongpai_xinxi ] {
  @@ Z:\wwwroot\zsh.ruishengkj.net\application\admin\controller\Member.php 55 - 88
}

[ info ] [ VIEW ] Z:\wwwroot\zsh.ruishengkj.net/application/admin\view\member\gongpai_xinxi.html [ array (
  0 => 'menuTree',
  1 => 'userList',
) ]
[ info ] [ CACHE ] INIT File
[ info ] [ LOG ] INIT file

---------------------------------------------------------------
[ 2018-06-05T18:33:10+08:00 ] 122.114.73.147 117.152.45.216 GET /admin/member/withdrawal.html
[ log ] zsh.ruishengkj.net/admin/member/withdrawal.html [运行时间：0.156250s][吞吐率：6.40req/s] [内存消耗：1,994.82kb] [文件加载：59]
[ info ] [ DB ] INIT mysql
[ info ] [ LANG ] Z:\wwwroot\zsh.ruishengkj.net\core\lang\zh-cn.php
[ info ] [ ROUTE ] array (
  'type' => 'module',
  'module' => 
  array (
    0 => 'admin',
    1 => 'member',
    2 => 'withdrawal',
  ),
)
[ info ] [ HEADER ] array (
  'upgrade-insecure-requests' => '1',
  'connection' => 'close',
  'cookie' => 'PHPSESSID=gvhl6cdo9eac4d37uro8e6fbv4; think_var=zh-cn',
  'referer' => 'http://zsh.ruishengkj.net/admin/member/gongpai_xinxi.html',
  'accept-encoding' => 'gzip, deflate',
  'accept-language' => 'zh-CN,zh;q=0.8,zh-TW;q=0.7,zh-HK;q=0.5,en-US;q=0.3,en;q=0.2',
  'accept' => 'text/html,application/xhtml+xml,application/xml;q=0.9,*/*;q=0.8',
  'user-agent' => 'Mozilla/5.0 (Windows NT 6.1; Win64; x64; rv:57.0) Gecko/20100101 Firefox/57.0',
  'host' => 'zsh.ruishengkj.net',
)
[ info ] [ PARAM ] array (
  '/admin/member/withdrawal_html' => '',
)
[ info ] [ LANG ] Z:\wwwroot\zsh.ruishengkj.net/application/admin\lang\zh-cn.php
[ info ] [ SESSION ] INIT array (
  'id' => '',
  'var_session_id' => 'session_id',
  'prefix' => 'minishop',
  'type' => '',
  'auto_start' => true,
)
[ info ] [ RUN ] Method [ <user> public method withdrawal ] {
  @@ Z:\wwwroot\zsh.ruishengkj.net\application\admin\controller\Member.php 273 - 301
}

[ info ] [ VIEW ] Z:\wwwroot\zsh.ruishengkj.net/application/admin\view\member\withdrawal.html [ array (
  0 => 'menuTree',
  1 => 'userList',
) ]
[ info ] [ CACHE ] INIT File
[ info ] [ LOG ] INIT file

---------------------------------------------------------------
[ 2018-06-05T18:33:11+08:00 ] 122.114.73.147 117.152.45.216 GET /admin/member/turnadd.html
[ log ] zsh.ruishengkj.net/admin/member/turnadd.html [运行时间：0.140625s][吞吐率：7.11req/s] [内存消耗：2,021.90kb] [文件加载：59]
[ info ] [ DB ] INIT mysql
[ info ] [ LANG ] Z:\wwwroot\zsh.ruishengkj.net\core\lang\zh-cn.php
[ info ] [ ROUTE ] array (
  'type' => 'module',
  'module' => 
  array (
    0 => 'admin',
    1 => 'member',
    2 => 'turnadd',
  ),
)
[ info ] [ HEADER ] array (
  'upgrade-insecure-requests' => '1',
  'connection' => 'close',
  'cookie' => 'PHPSESSID=gvhl6cdo9eac4d37uro8e6fbv4; think_var=zh-cn',
  'referer' => 'http://zsh.ruishengkj.net/admin/member/withdrawal.html',
  'accept-encoding' => 'gzip, deflate',
  'accept-language' => 'zh-CN,zh;q=0.8,zh-TW;q=0.7,zh-HK;q=0.5,en-US;q=0.3,en;q=0.2',
  'accept' => 'text/html,application/xhtml+xml,application/xml;q=0.9,*/*;q=0.8',
  'user-agent' => 'Mozilla/5.0 (Windows NT 6.1; Win64; x64; rv:57.0) Gecko/20100101 Firefox/57.0',
  'host' => 'zsh.ruishengkj.net',
)
[ info ] [ PARAM ] array (
  '/admin/member/turnadd_html' => '',
)
[ info ] [ LANG ] Z:\wwwroot\zsh.ruishengkj.net/application/admin\lang\zh-cn.php
[ info ] [ SESSION ] INIT array (
  'id' => '',
  'var_session_id' => 'session_id',
  'prefix' => 'minishop',
  'type' => '',
  'auto_start' => true,
)
[ info ] [ RUN ] Method [ <user> public method turnadd ] {
  @@ Z:\wwwroot\zsh.ruishengkj.net\application\admin\controller\Member.php 373 - 397
}

[ info ] [ VIEW ] Z:\wwwroot\zsh.ruishengkj.net/application/admin\view\member\turnadd.html [ array (
  0 => 'menuTree',
  1 => 'userList',
) ]
[ info ] [ CACHE ] INIT File
[ info ] [ LOG ] INIT file

---------------------------------------------------------------
[ 2018-06-05T18:33:12+08:00 ] 122.114.73.147 117.152.45.216 GET /admin/member/index.html
[ log ] zsh.ruishengkj.net/admin/member/index.html [运行时间：0.109375s][吞吐率：9.14req/s] [内存消耗：2,029.80kb] [文件加载：59]
[ info ] [ DB ] INIT mysql
[ info ] [ LANG ] Z:\wwwroot\zsh.ruishengkj.net\core\lang\zh-cn.php
[ info ] [ ROUTE ] array (
  'type' => 'module',
  'module' => 
  array (
    0 => 'admin',
    1 => 'member',
    2 => 'index',
  ),
)
[ info ] [ HEADER ] array (
  'upgrade-insecure-requests' => '1',
  'connection' => 'close',
  'cookie' => 'PHPSESSID=gvhl6cdo9eac4d37uro8e6fbv4; think_var=zh-cn',
  'referer' => 'http://zsh.ruishengkj.net/admin/member/turnadd.html',
  'accept-encoding' => 'gzip, deflate',
  'accept-language' => 'zh-CN,zh;q=0.8,zh-TW;q=0.7,zh-HK;q=0.5,en-US;q=0.3,en;q=0.2',
  'accept' => 'text/html,application/xhtml+xml,application/xml;q=0.9,*/*;q=0.8',
  'user-agent' => 'Mozilla/5.0 (Windows NT 6.1; Win64; x64; rv:57.0) Gecko/20100101 Firefox/57.0',
  'host' => 'zsh.ruishengkj.net',
)
[ info ] [ PARAM ] array (
  '/admin/member/index_html' => '',
)
[ info ] [ LANG ] Z:\wwwroot\zsh.ruishengkj.net/application/admin\lang\zh-cn.php
[ info ] [ SESSION ] INIT array (
  'id' => '',
  'var_session_id' => 'session_id',
  'prefix' => 'minishop',
  'type' => '',
  'auto_start' => true,
)
[ info ] [ RUN ] Method [ <user> public method index ] {
  @@ Z:\wwwroot\zsh.ruishengkj.net\application\admin\controller\Member.php 23 - 53
}

[ info ] [ VIEW ] Z:\wwwroot\zsh.ruishengkj.net/application/admin\view\member\index.html [ array (
  0 => 'menuTree',
  1 => 'userList',
) ]
[ info ] [ CACHE ] INIT File
[ info ] [ LOG ] INIT file

---------------------------------------------------------------
[ 2018-06-05T18:33:17+08:00 ] 122.114.73.147 117.152.45.216 GET /admin/member/turnadd.html
[ log ] zsh.ruishengkj.net/admin/member/turnadd.html [运行时间：0.109375s][吞吐率：9.14req/s] [内存消耗：2,021.85kb] [文件加载：59]
[ info ] [ DB ] INIT mysql
[ info ] [ LANG ] Z:\wwwroot\zsh.ruishengkj.net\core\lang\zh-cn.php
[ info ] [ ROUTE ] array (
  'type' => 'module',
  'module' => 
  array (
    0 => 'admin',
    1 => 'member',
    2 => 'turnadd',
  ),
)
[ info ] [ HEADER ] array (
  'upgrade-insecure-requests' => '1',
  'connection' => 'close',
  'cookie' => 'PHPSESSID=gvhl6cdo9eac4d37uro8e6fbv4; think_var=zh-cn',
  'referer' => 'http://zsh.ruishengkj.net/admin/member/index.html',
  'accept-encoding' => 'gzip, deflate',
  'accept-language' => 'zh-CN,zh;q=0.8,zh-TW;q=0.7,zh-HK;q=0.5,en-US;q=0.3,en;q=0.2',
  'accept' => 'text/html,application/xhtml+xml,application/xml;q=0.9,*/*;q=0.8',
  'user-agent' => 'Mozilla/5.0 (Windows NT 6.1; Win64; x64; rv:57.0) Gecko/20100101 Firefox/57.0',
  'host' => 'zsh.ruishengkj.net',
)
[ info ] [ PARAM ] array (
  '/admin/member/turnadd_html' => '',
)
[ info ] [ LANG ] Z:\wwwroot\zsh.ruishengkj.net/application/admin\lang\zh-cn.php
[ info ] [ SESSION ] INIT array (
  'id' => '',
  'var_session_id' => 'session_id',
  'prefix' => 'minishop',
  'type' => '',
  'auto_start' => true,
)
[ info ] [ RUN ] Method [ <user> public method turnadd ] {
  @@ Z:\wwwroot\zsh.ruishengkj.net\application\admin\controller\Member.php 373 - 397
}

[ info ] [ VIEW ] Z:\wwwroot\zsh.ruishengkj.net/application/admin\view\member\turnadd.html [ array (
  0 => 'menuTree',
  1 => 'userList',
) ]
[ info ] [ CACHE ] INIT File
[ info ] [ LOG ] INIT file

---------------------------------------------------------------
[ 2018-06-05T18:33:24+08:00 ] 122.114.73.147 117.152.45.216 GET /admin/member/turnadd.html?page=2
[ log ] zsh.ruishengkj.net/admin/member/turnadd.html?page=2 [运行时间：0.187500s][吞吐率：5.33req/s] [内存消耗：2,021.98kb] [文件加载：59]
[ info ] [ DB ] INIT mysql
[ info ] [ LANG ] Z:\wwwroot\zsh.ruishengkj.net\core\lang\zh-cn.php
[ info ] [ ROUTE ] array (
  'type' => 'module',
  'module' => 
  array (
    0 => 'admin',
    1 => 'member',
    2 => 'turnadd',
  ),
)
[ info ] [ HEADER ] array (
  'upgrade-insecure-requests' => '1',
  'connection' => 'close',
  'cookie' => 'PHPSESSID=gvhl6cdo9eac4d37uro8e6fbv4; think_var=zh-cn',
  'referer' => 'http://zsh.ruishengkj.net/admin/member/turnadd.html',
  'accept-encoding' => 'gzip, deflate',
  'accept-language' => 'zh-CN,zh;q=0.8,zh-TW;q=0.7,zh-HK;q=0.5,en-US;q=0.3,en;q=0.2',
  'accept' => 'text/html,application/xhtml+xml,application/xml;q=0.9,*/*;q=0.8',
  'user-agent' => 'Mozilla/5.0 (Windows NT 6.1; Win64; x64; rv:57.0) Gecko/20100101 Firefox/57.0',
  'host' => 'zsh.ruishengkj.net',
)
[ info ] [ PARAM ] array (
  '/admin/member/turnadd_html' => '',
  'page' => '2',
)
[ info ] [ LANG ] Z:\wwwroot\zsh.ruishengkj.net/application/admin\lang\zh-cn.php
[ info ] [ SESSION ] INIT array (
  'id' => '',
  'var_session_id' => 'session_id',
  'prefix' => 'minishop',
  'type' => '',
  'auto_start' => true,
)
[ info ] [ RUN ] Method [ <user> public method turnadd ] {
  @@ Z:\wwwroot\zsh.ruishengkj.net\application\admin\controller\Member.php 373 - 397
}

[ info ] [ VIEW ] Z:\wwwroot\zsh.ruishengkj.net/application/admin\view\member\turnadd.html [ array (
  0 => 'menuTree',
  1 => 'userList',
) ]
[ info ] [ CACHE ] INIT File
[ info ] [ LOG ] INIT file

---------------------------------------------------------------
[ 2018-06-05T18:33:26+08:00 ] 122.114.73.147 117.152.45.216 GET /admin/member/turnadd.html?page=3
[ log ] zsh.ruishengkj.net/admin/member/turnadd.html?page=3 [运行时间：0.171875s][吞吐率：5.82req/s] [内存消耗：1,997.85kb] [文件加载：59]
[ info ] [ DB ] INIT mysql
[ info ] [ LANG ] Z:\wwwroot\zsh.ruishengkj.net\core\lang\zh-cn.php
[ info ] [ ROUTE ] array (
  'type' => 'module',
  'module' => 
  array (
    0 => 'admin',
    1 => 'member',
    2 => 'turnadd',
  ),
)
[ info ] [ HEADER ] array (
  'upgrade-insecure-requests' => '1',
  'connection' => 'close',
  'cookie' => 'PHPSESSID=gvhl6cdo9eac4d37uro8e6fbv4; think_var=zh-cn',
  'referer' => 'http://zsh.ruishengkj.net/admin/member/turnadd.html?page=2',
  'accept-encoding' => 'gzip, deflate',
  'accept-language' => 'zh-CN,zh;q=0.8,zh-TW;q=0.7,zh-HK;q=0.5,en-US;q=0.3,en;q=0.2',
  'accept' => 'text/html,application/xhtml+xml,application/xml;q=0.9,*/*;q=0.8',
  'user-agent' => 'Mozilla/5.0 (Windows NT 6.1; Win64; x64; rv:57.0) Gecko/20100101 Firefox/57.0',
  'host' => 'zsh.ruishengkj.net',
)
[ info ] [ PARAM ] array (
  '/admin/member/turnadd_html' => '',
  'page' => '3',
)
[ info ] [ LANG ] Z:\wwwroot\zsh.ruishengkj.net/application/admin\lang\zh-cn.php
[ info ] [ SESSION ] INIT array (
  'id' => '',
  'var_session_id' => 'session_id',
  'prefix' => 'minishop',
  'type' => '',
  'auto_start' => true,
)
[ info ] [ RUN ] Method [ <user> public method turnadd ] {
  @@ Z:\wwwroot\zsh.ruishengkj.net\application\admin\controller\Member.php 373 - 397
}

[ info ] [ VIEW ] Z:\wwwroot\zsh.ruishengkj.net/application/admin\view\member\turnadd.html [ array (
  0 => 'menuTree',
  1 => 'userList',
) ]
[ info ] [ CACHE ] INIT File
[ info ] [ LOG ] INIT file

---------------------------------------------------------------
[ 2018-06-05T18:33:29+08:00 ] 122.114.73.147 117.152.45.216 GET /admin/config/edit.html
[ log ] zsh.ruishengkj.net/admin/config/edit.html [运行时间：0.093750s][吞吐率：10.67req/s] [内存消耗：1,899.85kb] [文件加载：55]
[ info ] [ DB ] INIT mysql
[ info ] [ LANG ] Z:\wwwroot\zsh.ruishengkj.net\core\lang\zh-cn.php
[ info ] [ ROUTE ] array (
  'type' => 'module',
  'module' => 
  array (
    0 => 'admin',
    1 => 'config',
    2 => 'edit',
  ),
)
[ info ] [ HEADER ] array (
  'upgrade-insecure-requests' => '1',
  'connection' => 'close',
  'cookie' => 'PHPSESSID=gvhl6cdo9eac4d37uro8e6fbv4; think_var=zh-cn',
  'referer' => 'http://zsh.ruishengkj.net/admin/member/turnadd.html?page=3',
  'accept-encoding' => 'gzip, deflate',
  'accept-language' => 'zh-CN,zh;q=0.8,zh-TW;q=0.7,zh-HK;q=0.5,en-US;q=0.3,en;q=0.2',
  'accept' => 'text/html,application/xhtml+xml,application/xml;q=0.9,*/*;q=0.8',
  'user-agent' => 'Mozilla/5.0 (Windows NT 6.1; Win64; x64; rv:57.0) Gecko/20100101 Firefox/57.0',
  'host' => 'zsh.ruishengkj.net',
)
[ info ] [ PARAM ] array (
  '/admin/config/edit_html' => '',
)
[ info ] [ LANG ] Z:\wwwroot\zsh.ruishengkj.net/application/admin\lang\zh-cn.php
[ info ] [ SESSION ] INIT array (
  'id' => '',
  'var_session_id' => 'session_id',
  'prefix' => 'minishop',
  'type' => '',
  'auto_start' => true,
)
[ info ] [ RUN ] /**
     * 系统配置
     */
Method [ <user> public method edit ] {
  @@ Z:\wwwroot\zsh.ruishengkj.net\application\admin\controller\Config.php 25 - 45
}

[ info ] [ VIEW ] Z:\wwwroot\zsh.ruishengkj.net/application/admin\view\config\edit.html [ array (
  0 => 'menuTree',
  1 => 'list',
) ]
[ info ] [ CACHE ] INIT File
[ info ] [ LOG ] INIT file

---------------------------------------------------------------
[ 2018-06-05T18:33:29+08:00 ] 122.114.73.147 117.152.45.216 GET /admin/ueditor/index.html?action=config&&noCache=1528194850034
[ log ] zsh.ruishengkj.net/admin/ueditor/index.html?action=config&&noCache=1528194850034 [运行时间：0.062500s][吞吐率：16.00req/s] [内存消耗：1,769.57kb] [文件加载：50]
[ info ] [ DB ] INIT mysql
[ info ] [ LANG ] Z:\wwwroot\zsh.ruishengkj.net\core\lang\zh-cn.php
[ info ] [ ROUTE ] array (
  'type' => 'module',
  'module' => 
  array (
    0 => 'admin',
    1 => 'ueditor',
    2 => 'index',
  ),
)
[ info ] [ HEADER ] array (
  'connection' => 'close',
  'cookie' => 'PHPSESSID=gvhl6cdo9eac4d37uro8e6fbv4; think_var=zh-cn',
  'referer' => 'http://zsh.ruishengkj.net/admin/config/edit.html',
  'accept-encoding' => 'gzip, deflate',
  'accept-language' => 'zh-CN,zh;q=0.8,zh-TW;q=0.7,zh-HK;q=0.5,en-US;q=0.3,en;q=0.2',
  'accept' => '*/*',
  'user-agent' => 'Mozilla/5.0 (Windows NT 6.1; Win64; x64; rv:57.0) Gecko/20100101 Firefox/57.0',
  'host' => 'zsh.ruishengkj.net',
)
[ info ] [ PARAM ] array (
  '/admin/ueditor/index_html' => '',
  'action' => 'config',
  'noCache' => '1528194850034',
)
[ info ] [ LANG ] Z:\wwwroot\zsh.ruishengkj.net/application/admin\lang\zh-cn.php
[ info ] [ SESSION ] INIT array (
  'id' => '',
  'var_session_id' => 'session_id',
  'prefix' => 'minishop',
  'type' => '',
  'auto_start' => true,
)
[ info ] [ RUN ] /**
     * 上传文件
     * @author tangtanglove <dai_hang_love@126.com>
     */
Method [ <user> public method index ] {
  @@ Z:\wwwroot\zsh.ruishengkj.net\application\admin\controller\Ueditor.php 27 - 81
}

[ info ] [ LOG ] INIT file

---------------------------------------------------------------
[ 2018-06-05T18:33:29+08:00 ] 122.114.73.147 117.152.45.216 GET /admin/ueditor/index.html?action=config&&noCache=1528194850035
[ log ] zsh.ruishengkj.net/admin/ueditor/index.html?action=config&&noCache=1528194850035 [运行时间：0.093750s][吞吐率：10.67req/s] [内存消耗：1,769.57kb] [文件加载：50]
[ info ] [ DB ] INIT mysql
[ info ] [ LANG ] Z:\wwwroot\zsh.ruishengkj.net\core\lang\zh-cn.php
[ info ] [ ROUTE ] array (
  'type' => 'module',
  'module' => 
  array (
    0 => 'admin',
    1 => 'ueditor',
    2 => 'index',
  ),
)
[ info ] [ HEADER ] array (
  'connection' => 'close',
  'cookie' => 'PHPSESSID=gvhl6cdo9eac4d37uro8e6fbv4; think_var=zh-cn',
  'referer' => 'http://zsh.ruishengkj.net/admin/config/edit.html',
  'accept-encoding' => 'gzip, deflate',
  'accept-language' => 'zh-CN,zh;q=0.8,zh-TW;q=0.7,zh-HK;q=0.5,en-US;q=0.3,en;q=0.2',
  'accept' => '*/*',
  'user-agent' => 'Mozilla/5.0 (Windows NT 6.1; Win64; x64; rv:57.0) Gecko/20100101 Firefox/57.0',
  'host' => 'zsh.ruishengkj.net',
)
[ info ] [ PARAM ] array (
  '/admin/ueditor/index_html' => '',
  'action' => 'config',
  'noCache' => '1528194850035',
)
[ info ] [ LANG ] Z:\wwwroot\zsh.ruishengkj.net/application/admin\lang\zh-cn.php
[ info ] [ SESSION ] INIT array (
  'id' => '',
  'var_session_id' => 'session_id',
  'prefix' => 'minishop',
  'type' => '',
  'auto_start' => true,
)
[ info ] [ RUN ] /**
     * 上传文件
     * @author tangtanglove <dai_hang_love@126.com>
     */
Method [ <user> public method index ] {
  @@ Z:\wwwroot\zsh.ruishengkj.net\application\admin\controller\Ueditor.php 27 - 81
}

[ info ] [ LOG ] INIT file

---------------------------------------------------------------
[ 2018-06-05T21:51:11+08:00 ] 122.114.73.147 120.92.11.166 GET /
[ log ] zsh.ruishengkj.net/ [运行时间：0.062500s][吞吐率：16.00req/s] [内存消耗：1,790.07kb] [文件加载：54]
[ info ] [ DB ] INIT mysql
[ info ] [ LANG ] Z:\wwwroot\zsh.ruishengkj.net\core\lang\zh-cn.php
[ info ] [ ROUTE ] array (
  'type' => 'module',
  'module' => 
  array (
    0 => '',
    1 => NULL,
    2 => NULL,
  ),
)
[ info ] [ HEADER ] array (
  'cookie' => '',
  'connection' => 'close',
  'accept' => '*/*',
  'accept-encoding' => 'gzip, deflate',
  'user-agent' => 'Mozilla/5.0 (Windows NT 10.0; Win64; x64) AppleWebKit/537.36 (KHTML, like Gecko) Chrome/46.0.2486.0 Safari/537.36 Edge/13.10586',
  'host' => 'zsh.ruishengkj.net',
)
[ info ] [ PARAM ] array (
)
[ info ] [ LANG ] Z:\wwwroot\zsh.ruishengkj.net/application/index\lang\zh-cn.php
[ info ] [ SESSION ] INIT array (
  'prefix' => 'minishop',
  'type' => '',
  'auto_start' => true,
)
[ info ] [ LOG ] INIT file

---------------------------------------------------------------
[ 2018-06-05T21:51:11+08:00 ] 122.114.73.147 120.92.11.166 GET /index/base/login.html
[ log ] zsh.ruishengkj.net/index/base/login.html [运行时间：0.062500s][吞吐率：16.00req/s] [内存消耗：1,779.59kb] [文件加载：52]
[ info ] [ DB ] INIT mysql
[ info ] [ LANG ] Z:\wwwroot\zsh.ruishengkj.net\core\lang\zh-cn.php
[ info ] [ ROUTE ] array (
  'type' => 'module',
  'module' => 
  array (
    0 => 'index',
    1 => 'base',
    2 => 'login',
  ),
)
[ info ] [ HEADER ] array (
  'cookie' => 'PHPSESSID=sea6im1j92pia23g6fp8mqtdi3',
  'connection' => 'close',
  'accept' => '*/*',
  'accept-encoding' => 'gzip, deflate',
  'user-agent' => 'Mozilla/5.0 (Windows NT 10.0; Win64; x64) AppleWebKit/537.36 (KHTML, like Gecko) Chrome/46.0.2486.0 Safari/537.36 Edge/13.10586',
  'host' => 'zsh.ruishengkj.net',
)
[ info ] [ PARAM ] array (
  '/index/base/login_html' => '',
)
[ info ] [ LANG ] Z:\wwwroot\zsh.ruishengkj.net/application/index\lang\zh-cn.php
[ info ] [ SESSION ] INIT array (
  'prefix' => 'minishop',
  'type' => '',
  'auto_start' => true,
)
[ info ] [ RUN ] /**
     * 用户登录方法
     * @author  矢志bu渝 <745152620@qq.com>
     */
Method [ <user> public method login ] {
  @@ Z:\wwwroot\zsh.ruishengkj.net\application\index\controller\Base.php 57 - 83
}

[ info ] [ VIEW ] ./themes/default/index/login.html [ array (
  0 => 'userinfo',
) ]
[ info ] [ LOG ] INIT file

---------------------------------------------------------------
[ 2018-06-05T21:51:12+08:00 ] 122.114.73.147 120.92.11.176 GET /
[ log ] zsh.ruishengkj.net/ [运行时间：0.062500s][吞吐率：16.00req/s] [内存消耗：1,790.24kb] [文件加载：54]
[ info ] [ DB ] INIT mysql
[ info ] [ LANG ] Z:\wwwroot\zsh.ruishengkj.net\core\lang\zh-cn.php
[ info ] [ ROUTE ] array (
  'type' => 'module',
  'module' => 
  array (
    0 => '',
    1 => NULL,
    2 => NULL,
  ),
)
[ info ] [ HEADER ] array (
  'cookie' => '',
  'referer' => 'http://zsh.ruishengkj.net/index/base/login.html',
  'connection' => 'close',
  'accept' => '*/*',
  'accept-encoding' => 'gzip, deflate',
  'user-agent' => 'Mozilla/5.0 (Windows NT 10.0; Win64; x64) AppleWebKit/537.36 (KHTML, like Gecko) Chrome/46.0.2486.0 Safari/537.36 Edge/13.10586',
  'host' => 'zsh.ruishengkj.net',
)
[ info ] [ PARAM ] array (
)
[ info ] [ LANG ] Z:\wwwroot\zsh.ruishengkj.net/application/index\lang\zh-cn.php
[ info ] [ SESSION ] INIT array (
  'prefix' => 'minishop',
  'type' => '',
  'auto_start' => true,
)
[ info ] [ LOG ] INIT file

---------------------------------------------------------------
[ 2018-06-05T21:51:12+08:00 ] 122.114.73.147 120.92.11.176 GET /index/base/login.html
[ log ] zsh.ruishengkj.net/index/base/login.html [运行时间：0.062500s][吞吐率：16.00req/s] [内存消耗：1,779.69kb] [文件加载：52]
[ info ] [ DB ] INIT mysql
[ info ] [ LANG ] Z:\wwwroot\zsh.ruishengkj.net\core\lang\zh-cn.php
[ info ] [ ROUTE ] array (
  'type' => 'module',
  'module' => 
  array (
    0 => 'index',
    1 => 'base',
    2 => 'login',
  ),
)
[ info ] [ HEADER ] array (
  'cookie' => 'PHPSESSID=muq21sc7horbrj1avn2je9pb82',
  'referer' => 'http://zsh.ruishengkj.net/index/base/login.html',
  'connection' => 'close',
  'accept' => '*/*',
  'accept-encoding' => 'gzip, deflate',
  'user-agent' => 'Mozilla/5.0 (Windows NT 10.0; Win64; x64) AppleWebKit/537.36 (KHTML, like Gecko) Chrome/46.0.2486.0 Safari/537.36 Edge/13.10586',
  'host' => 'zsh.ruishengkj.net',
)
[ info ] [ PARAM ] array (
  '/index/base/login_html' => '',
)
[ info ] [ LANG ] Z:\wwwroot\zsh.ruishengkj.net/application/index\lang\zh-cn.php
[ info ] [ SESSION ] INIT array (
  'prefix' => 'minishop',
  'type' => '',
  'auto_start' => true,
)
[ info ] [ RUN ] /**
     * 用户登录方法
     * @author  矢志bu渝 <745152620@qq.com>
     */
Method [ <user> public method login ] {
  @@ Z:\wwwroot\zsh.ruishengkj.net\application\index\controller\Base.php 57 - 83
}

[ info ] [ VIEW ] ./themes/default/index/login.html [ array (
  0 => 'userinfo',
) ]
[ info ] [ LOG ] INIT file

---------------------------------------------------------------
[ 2018-06-05T21:52:14+08:00 ] 122.114.73.147 61.151.226.77 GET /
[ log ] zsh.ruishengkj.net/ [运行时间：0.062500s][吞吐率：16.00req/s] [内存消耗：1,790.32kb] [文件加载：54]
[ info ] [ DB ] INIT mysql
[ info ] [ LANG ] Z:\wwwroot\zsh.ruishengkj.net\core\lang\zh-cn.php
[ info ] [ ROUTE ] array (
  'type' => 'module',
  'module' => 
  array (
    0 => '',
    1 => NULL,
    2 => NULL,
  ),
)
[ info ] [ HEADER ] array (
  'connection' => 'close',
  'host' => 'zsh.ruishengkj.net',
  'accept-language' => 'zh-CN,zh;q=0.8,en-US;q=0.6,en;q=0.4',
  'accept' => '*/*',
  'user-agent' => 'Mozilla/5.0 (Windows NT 6.1; WOW64) AppleWebKit/537.36 (KHTML, like Gecko) Chrome/43.0.2357.124 Safari/537.36',
)
[ info ] [ PARAM ] array (
)
[ info ] [ LANG ] Z:\wwwroot\zsh.ruishengkj.net/application/index\lang\zh-cn.php
[ info ] [ SESSION ] INIT array (
  'prefix' => 'minishop',
  'type' => '',
  'auto_start' => true,
)
[ info ] [ LOG ] INIT file

---------------------------------------------------------------
[ 2018-06-05T22:05:50+08:00 ] 122.114.73.147 218.82.255.53 GET /
[ log ] zsh.ruishengkj.net/ [运行时间：0.062500s][吞吐率：16.00req/s] [内存消耗：1,790.66kb] [文件加载：54]
[ info ] [ DB ] INIT mysql
[ info ] [ LANG ] Z:\wwwroot\zsh.ruishengkj.net\core\lang\zh-cn.php
[ info ] [ ROUTE ] array (
  'type' => 'module',
  'module' => 
  array (
    0 => '',
    1 => NULL,
    2 => NULL,
  ),
)
[ info ] [ HEADER ] array (
  'accept-language' => 'zh-CN,zh;q=0.8',
  'accept-encoding' => 'gzip, deflate, sdch',
  'accept' => 'text/html,application/xhtml+xml,application/xml;q=0.9,image/webp,*/*;q=0.8',
  'user-agent' => 'Mozilla/5.0 (Windows NT 6.1; WOW64) AppleWebKit/537.36 (KHTML, like Gecko) Chrome/57.0.2987.98 Safari/537.36 LBBROWSER',
  'upgrade-insecure-requests' => '1',
  'connection' => 'close',
  'host' => 'zsh.ruishengkj.net',
)
[ info ] [ PARAM ] array (
)
[ info ] [ LANG ] Z:\wwwroot\zsh.ruishengkj.net/application/index\lang\zh-cn.php
[ info ] [ SESSION ] INIT array (
  'prefix' => 'minishop',
  'type' => '',
  'auto_start' => true,
)
[ info ] [ LOG ] INIT file

---------------------------------------------------------------
[ 2018-06-05T22:05:50+08:00 ] 122.114.73.147 218.82.255.53 GET /index/base/login.html
[ log ] zsh.ruishengkj.net/index/base/login.html [运行时间：0.062500s][吞吐率：16.00req/s] [内存消耗：1,779.99kb] [文件加载：52]
[ info ] [ DB ] INIT mysql
[ info ] [ LANG ] Z:\wwwroot\zsh.ruishengkj.net\core\lang\zh-cn.php
[ info ] [ ROUTE ] array (
  'type' => 'module',
  'module' => 
  array (
    0 => 'index',
    1 => 'base',
    2 => 'login',
  ),
)
[ info ] [ HEADER ] array (
  'cookie' => 'think_var=zh-cn; PHPSESSID=siorp1gr12gl3pvju9o8jgi7d3',
  'accept-language' => 'zh-CN,zh;q=0.8',
  'accept-encoding' => 'gzip, deflate, sdch',
  'accept' => 'text/html,application/xhtml+xml,application/xml;q=0.9,image/webp,*/*;q=0.8',
  'user-agent' => 'Mozilla/5.0 (Windows NT 6.1; WOW64) AppleWebKit/537.36 (KHTML, like Gecko) Chrome/57.0.2987.98 Safari/537.36 LBBROWSER',
  'upgrade-insecure-requests' => '1',
  'connection' => 'close',
  'host' => 'zsh.ruishengkj.net',
)
[ info ] [ PARAM ] array (
  '/index/base/login_html' => '',
)
[ info ] [ LANG ] Z:\wwwroot\zsh.ruishengkj.net/application/index\lang\zh-cn.php
[ info ] [ SESSION ] INIT array (
  'prefix' => 'minishop',
  'type' => '',
  'auto_start' => true,
)
[ info ] [ RUN ] /**
     * 用户登录方法
     * @author  矢志bu渝 <745152620@qq.com>
     */
Method [ <user> public method login ] {
  @@ Z:\wwwroot\zsh.ruishengkj.net\application\index\controller\Base.php 57 - 83
}

[ info ] [ VIEW ] ./themes/default/index/login.html [ array (
  0 => 'userinfo',
) ]
[ info ] [ LOG ] INIT file

---------------------------------------------------------------
[ 2018-06-05T22:05:51+08:00 ] 122.114.73.147 218.82.255.53 GET /favicon.ico
[ log ] zsh.ruishengkj.net/favicon.ico [运行时间：0.046875s][吞吐率：21.33req/s] [内存消耗：1,450.46kb] [文件加载：41]
[ info ] [ DB ] INIT mysql
[ info ] [ LANG ] Z:\wwwroot\zsh.ruishengkj.net\core\lang\zh-cn.php
[ info ] [ ROUTE ] array (
  'type' => 'module',
  'module' => 
  array (
    0 => 'favicon.ico',
    1 => NULL,
    2 => NULL,
  ),
)
[ info ] [ HEADER ] array (
  'cookie' => 'think_var=zh-cn; PHPSESSID=siorp1gr12gl3pvju9o8jgi7d3',
  'accept-language' => 'zh-CN,zh;q=0.8',
  'accept-encoding' => 'gzip, deflate, sdch',
  'referer' => 'http://zsh.ruishengkj.net/index/base/login.html',
  'accept' => 'image/webp,image/*,*/*;q=0.8',
  'user-agent' => 'Mozilla/5.0 (Windows NT 6.1; WOW64) AppleWebKit/537.36 (KHTML, like Gecko) Chrome/57.0.2987.98 Safari/537.36 LBBROWSER',
  'connection' => 'close',
  'host' => 'zsh.ruishengkj.net',
)
[ info ] [ PARAM ] array (
  '/favicon_ico' => '',
)
[ info ] [ LOG ] INIT file

---------------------------------------------------------------
[ 2018-06-05T22:29:20+08:00 ] 122.114.73.147 218.82.255.53 GET /
[ log ] zsh.ruishengkj.net/ [运行时间：0.046875s][吞吐率：21.33req/s] [内存消耗：1,790.18kb] [文件加载：54]
[ info ] [ DB ] INIT mysql
[ info ] [ LANG ] Z:\wwwroot\zsh.ruishengkj.net\core\lang\zh-cn.php
[ info ] [ ROUTE ] array (
  'type' => 'module',
  'module' => 
  array (
    0 => '',
    1 => NULL,
    2 => NULL,
  ),
)
[ info ] [ HEADER ] array (
  'cookie' => 'think_var=zh-cn; PHPSESSID=siorp1gr12gl3pvju9o8jgi7d3',
  'accept-language' => 'zh-CN,zh;q=0.8',
  'accept-encoding' => 'gzip, deflate, sdch',
  'accept' => 'text/html,application/xhtml+xml,application/xml;q=0.9,image/webp,*/*;q=0.8',
  'user-agent' => 'Mozilla/5.0 (Windows NT 6.1; WOW64) AppleWebKit/537.36 (KHTML, like Gecko) Chrome/57.0.2987.98 Safari/537.36 LBBROWSER',
  'upgrade-insecure-requests' => '1',
  'connection' => 'close',
  'host' => 'zsh.ruishengkj.net',
)
[ info ] [ PARAM ] array (
)
[ info ] [ LANG ] Z:\wwwroot\zsh.ruishengkj.net/application/index\lang\zh-cn.php
[ info ] [ SESSION ] INIT array (
  'prefix' => 'minishop',
  'type' => '',
  'auto_start' => true,
)
[ info ] [ LOG ] INIT file

---------------------------------------------------------------
[ 2018-06-05T22:29:20+08:00 ] 122.114.73.147 218.82.255.53 GET /index/base/login.html
[ log ] zsh.ruishengkj.net/index/base/login.html [运行时间：0.078125s][吞吐率：12.80req/s] [内存消耗：1,779.99kb] [文件加载：52]
[ info ] [ DB ] INIT mysql
[ info ] [ LANG ] Z:\wwwroot\zsh.ruishengkj.net\core\lang\zh-cn.php
[ info ] [ ROUTE ] array (
  'type' => 'module',
  'module' => 
  array (
    0 => 'index',
    1 => 'base',
    2 => 'login',
  ),
)
[ info ] [ HEADER ] array (
  'cookie' => 'think_var=zh-cn; PHPSESSID=siorp1gr12gl3pvju9o8jgi7d3',
  'accept-language' => 'zh-CN,zh;q=0.8',
  'accept-encoding' => 'gzip, deflate, sdch',
  'accept' => 'text/html,application/xhtml+xml,application/xml;q=0.9,image/webp,*/*;q=0.8',
  'user-agent' => 'Mozilla/5.0 (Windows NT 6.1; WOW64) AppleWebKit/537.36 (KHTML, like Gecko) Chrome/57.0.2987.98 Safari/537.36 LBBROWSER',
  'upgrade-insecure-requests' => '1',
  'connection' => 'close',
  'host' => 'zsh.ruishengkj.net',
)
[ info ] [ PARAM ] array (
  '/index/base/login_html' => '',
)
[ info ] [ LANG ] Z:\wwwroot\zsh.ruishengkj.net/application/index\lang\zh-cn.php
[ info ] [ SESSION ] INIT array (
  'prefix' => 'minishop',
  'type' => '',
  'auto_start' => true,
)
[ info ] [ RUN ] /**
     * 用户登录方法
     * @author  矢志bu渝 <745152620@qq.com>
     */
Method [ <user> public method login ] {
  @@ Z:\wwwroot\zsh.ruishengkj.net\application\index\controller\Base.php 57 - 83
}

[ info ] [ VIEW ] ./themes/default/index/login.html [ array (
  0 => 'userinfo',
) ]
[ info ] [ LOG ] INIT file

---------------------------------------------------------------
