[ 2018-06-08T00:00:00+08:00 ] 0.0.0.0 0.0.0.0 CLI 
[ log ] cmd:think auto [运行时间：0.187500s][吞吐率：5.33req/s] [内存消耗：1,609.95kb] [文件加载：54]
[ info ] [ DB ] INIT mysql
[ info ] [ LOG ] INIT file

---------------------------------------------------------------
[ 2018-06-08T00:00:01+08:00 ] 0.0.0.0 0.0.0.0 CLI 
[ log ] cmd:think auto [运行时间：0.140625s][吞吐率：7.11req/s] [内存消耗：1,609.95kb] [文件加载：54]
[ info ] [ DB ] INIT mysql
[ info ] [ LOG ] INIT file

---------------------------------------------------------------
[ 2018-06-08T00:00:02+08:00 ] 0.0.0.0 0.0.0.0 CLI 
[ log ] cmd:think auto [运行时间：0.093750s][吞吐率：10.67req/s] [内存消耗：1,609.95kb] [文件加载：54]
[ info ] [ DB ] INIT mysql
[ info ] [ LOG ] INIT file

---------------------------------------------------------------
[ 2018-06-08T00:00:03+08:00 ] 0.0.0.0 0.0.0.0 CLI 
[ log ] cmd:think auto [运行时间：0.109375s][吞吐率：9.14req/s] [内存消耗：1,609.95kb] [文件加载：54]
[ info ] [ DB ] INIT mysql
[ info ] [ LOG ] INIT file

---------------------------------------------------------------
[ 2018-06-08T00:00:04+08:00 ] 0.0.0.0 0.0.0.0 CLI 
[ log ] cmd:think auto [运行时间：0.125000s][吞吐率：8.00req/s] [内存消耗：1,609.95kb] [文件加载：54]
[ info ] [ DB ] INIT mysql
[ info ] [ LOG ] INIT file

---------------------------------------------------------------
[ 2018-06-08T00:00:05+08:00 ] 0.0.0.0 0.0.0.0 CLI 
[ log ] cmd:think auto [运行时间：0.078125s][吞吐率：12.80req/s] [内存消耗：1,609.95kb] [文件加载：54]
[ info ] [ DB ] INIT mysql
[ info ] [ LOG ] INIT file

---------------------------------------------------------------
[ 2018-06-08T00:00:06+08:00 ] 0.0.0.0 0.0.0.0 CLI 
[ log ] cmd:think auto [运行时间：0.078125s][吞吐率：12.80req/s] [内存消耗：1,609.95kb] [文件加载：54]
[ info ] [ DB ] INIT mysql
[ info ] [ LOG ] INIT file

---------------------------------------------------------------
[ 2018-06-08T00:00:07+08:00 ] 0.0.0.0 0.0.0.0 CLI 
[ log ] cmd:think auto [运行时间：0.078125s][吞吐率：12.80req/s] [内存消耗：1,609.95kb] [文件加载：54]
[ info ] [ DB ] INIT mysql
[ info ] [ LOG ] INIT file

---------------------------------------------------------------
[ 2018-06-08T00:00:08+08:00 ] 0.0.0.0 0.0.0.0 CLI 
[ log ] cmd:think auto [运行时间：0.125000s][吞吐率：8.00req/s] [内存消耗：1,609.95kb] [文件加载：54]
[ info ] [ DB ] INIT mysql
[ info ] [ LOG ] INIT file

---------------------------------------------------------------
[ 2018-06-08T00:00:09+08:00 ] 0.0.0.0 0.0.0.0 CLI 
[ log ] cmd:think auto [运行时间：0.093750s][吞吐率：10.67req/s] [内存消耗：1,609.95kb] [文件加载：54]
[ info ] [ DB ] INIT mysql
[ info ] [ LOG ] INIT file

---------------------------------------------------------------
[ 2018-06-08T00:00:10+08:00 ] 0.0.0.0 0.0.0.0 CLI 
[ log ] cmd:think auto [运行时间：0.062500s][吞吐率：16.00req/s] [内存消耗：1,609.95kb] [文件加载：54]
[ info ] [ DB ] INIT mysql
[ info ] [ LOG ] INIT file

---------------------------------------------------------------
[ 2018-06-08T00:00:11+08:00 ] 0.0.0.0 0.0.0.0 CLI 
[ log ] cmd:think auto [运行时间：0.093750s][吞吐率：10.67req/s] [内存消耗：1,609.95kb] [文件加载：54]
[ info ] [ DB ] INIT mysql
[ info ] [ LOG ] INIT file

---------------------------------------------------------------
[ 2018-06-08T00:00:12+08:00 ] 0.0.0.0 0.0.0.0 CLI 
[ log ] cmd:think auto [运行时间：0.093750s][吞吐率：10.67req/s] [内存消耗：1,609.95kb] [文件加载：54]
[ info ] [ DB ] INIT mysql
[ info ] [ LOG ] INIT file

---------------------------------------------------------------
[ 2018-06-08T00:00:13+08:00 ] 0.0.0.0 0.0.0.0 CLI 
[ log ] cmd:think auto [运行时间：0.125000s][吞吐率：8.00req/s] [内存消耗：1,609.95kb] [文件加载：54]
[ info ] [ DB ] INIT mysql
[ info ] [ LOG ] INIT file

---------------------------------------------------------------
[ 2018-06-08T00:00:14+08:00 ] 0.0.0.0 0.0.0.0 CLI 
[ log ] cmd:think auto [运行时间：0.093750s][吞吐率：10.67req/s] [内存消耗：1,609.95kb] [文件加载：54]
[ info ] [ DB ] INIT mysql
[ info ] [ LOG ] INIT file

---------------------------------------------------------------
[ 2018-06-08T00:00:15+08:00 ] 0.0.0.0 0.0.0.0 CLI 
[ log ] cmd:think auto [运行时间：0.125000s][吞吐率：8.00req/s] [内存消耗：1,609.95kb] [文件加载：54]
[ info ] [ DB ] INIT mysql
[ info ] [ LOG ] INIT file

---------------------------------------------------------------
[ 2018-06-08T00:00:16+08:00 ] 0.0.0.0 0.0.0.0 CLI 
[ log ] cmd:think auto [运行时间：0.109375s][吞吐率：9.14req/s] [内存消耗：1,609.95kb] [文件加载：54]
[ info ] [ DB ] INIT mysql
[ info ] [ LOG ] INIT file

---------------------------------------------------------------
[ 2018-06-08T00:00:17+08:00 ] 0.0.0.0 0.0.0.0 CLI 
[ log ] cmd:think auto [运行时间：0.078125s][吞吐率：12.80req/s] [内存消耗：1,609.95kb] [文件加载：54]
[ info ] [ DB ] INIT mysql
[ info ] [ LOG ] INIT file

---------------------------------------------------------------
[ 2018-06-08T00:00:18+08:00 ] 0.0.0.0 0.0.0.0 CLI 
[ log ] cmd:think auto [运行时间：0.125000s][吞吐率：8.00req/s] [内存消耗：1,609.95kb] [文件加载：54]
[ info ] [ DB ] INIT mysql
[ info ] [ LOG ] INIT file

---------------------------------------------------------------
[ 2018-06-08T00:00:19+08:00 ] 0.0.0.0 0.0.0.0 CLI 
[ log ] cmd:think auto [运行时间：0.078125s][吞吐率：12.80req/s] [内存消耗：1,609.95kb] [文件加载：54]
[ info ] [ DB ] INIT mysql
[ info ] [ LOG ] INIT file

---------------------------------------------------------------
[ 2018-06-08T00:00:20+08:00 ] 0.0.0.0 0.0.0.0 CLI 
[ log ] cmd:think auto [运行时间：0.078125s][吞吐率：12.80req/s] [内存消耗：1,609.95kb] [文件加载：54]
[ info ] [ DB ] INIT mysql
[ info ] [ LOG ] INIT file

---------------------------------------------------------------
[ 2018-06-08T00:00:21+08:00 ] 0.0.0.0 0.0.0.0 CLI 
[ log ] cmd:think auto [运行时间：0.109375s][吞吐率：9.14req/s] [内存消耗：1,609.95kb] [文件加载：54]
[ info ] [ DB ] INIT mysql
[ info ] [ LOG ] INIT file

---------------------------------------------------------------
[ 2018-06-08T00:00:22+08:00 ] 0.0.0.0 0.0.0.0 CLI 
[ log ] cmd:think auto [运行时间：0.062500s][吞吐率：16.00req/s] [内存消耗：1,609.95kb] [文件加载：54]
[ info ] [ DB ] INIT mysql
[ info ] [ LOG ] INIT file

---------------------------------------------------------------
[ 2018-06-08T00:00:23+08:00 ] 0.0.0.0 0.0.0.0 CLI 
[ log ] cmd:think auto [运行时间：0.078125s][吞吐率：12.80req/s] [内存消耗：1,609.95kb] [文件加载：54]
[ info ] [ DB ] INIT mysql
[ info ] [ LOG ] INIT file

---------------------------------------------------------------
[ 2018-06-08T00:00:24+08:00 ] 0.0.0.0 0.0.0.0 CLI 
[ log ] cmd:think auto [运行时间：0.109375s][吞吐率：9.14req/s] [内存消耗：1,609.95kb] [文件加载：54]
[ info ] [ DB ] INIT mysql
[ info ] [ LOG ] INIT file

---------------------------------------------------------------
[ 2018-06-08T00:00:25+08:00 ] 0.0.0.0 0.0.0.0 CLI 
[ log ] cmd:think auto [运行时间：0.062500s][吞吐率：16.00req/s] [内存消耗：1,609.95kb] [文件加载：54]
[ info ] [ DB ] INIT mysql
[ info ] [ LOG ] INIT file

---------------------------------------------------------------
[ 2018-06-08T00:00:26+08:00 ] 0.0.0.0 0.0.0.0 CLI 
[ log ] cmd:think auto [运行时间：0.093750s][吞吐率：10.67req/s] [内存消耗：1,609.95kb] [文件加载：54]
[ info ] [ DB ] INIT mysql
[ info ] [ LOG ] INIT file

---------------------------------------------------------------
[ 2018-06-08T00:00:27+08:00 ] 0.0.0.0 0.0.0.0 CLI 
[ log ] cmd:think auto [运行时间：0.093750s][吞吐率：10.67req/s] [内存消耗：1,609.95kb] [文件加载：54]
[ info ] [ DB ] INIT mysql
[ info ] [ LOG ] INIT file

---------------------------------------------------------------
[ 2018-06-08T00:00:28+08:00 ] 0.0.0.0 0.0.0.0 CLI 
[ log ] cmd:think auto [运行时间：0.078125s][吞吐率：12.80req/s] [内存消耗：1,609.95kb] [文件加载：54]
[ info ] [ DB ] INIT mysql
[ info ] [ LOG ] INIT file

---------------------------------------------------------------
[ 2018-06-08T00:00:29+08:00 ] 0.0.0.0 0.0.0.0 CLI 
[ log ] cmd:think auto [运行时间：0.078125s][吞吐率：12.80req/s] [内存消耗：1,609.95kb] [文件加载：54]
[ info ] [ DB ] INIT mysql
[ info ] [ LOG ] INIT file

---------------------------------------------------------------
[ 2018-06-08T00:00:30+08:00 ] 0.0.0.0 0.0.0.0 CLI 
[ log ] cmd:think auto [运行时间：0.109375s][吞吐率：9.14req/s] [内存消耗：1,609.95kb] [文件加载：54]
[ info ] [ DB ] INIT mysql
[ info ] [ LOG ] INIT file

---------------------------------------------------------------
[ 2018-06-08T00:00:31+08:00 ] 0.0.0.0 0.0.0.0 CLI 
[ log ] cmd:think auto [运行时间：0.078125s][吞吐率：12.80req/s] [内存消耗：1,609.95kb] [文件加载：54]
[ info ] [ DB ] INIT mysql
[ info ] [ LOG ] INIT file

---------------------------------------------------------------
[ 2018-06-08T00:00:32+08:00 ] 0.0.0.0 0.0.0.0 CLI 
[ log ] cmd:think auto [运行时间：0.125000s][吞吐率：8.00req/s] [内存消耗：1,609.95kb] [文件加载：54]
[ info ] [ DB ] INIT mysql
[ info ] [ LOG ] INIT file

---------------------------------------------------------------
[ 2018-06-08T00:00:33+08:00 ] 0.0.0.0 0.0.0.0 CLI 
[ log ] cmd:think auto [运行时间：0.109375s][吞吐率：9.14req/s] [内存消耗：1,609.95kb] [文件加载：54]
[ info ] [ DB ] INIT mysql
[ info ] [ LOG ] INIT file

---------------------------------------------------------------
[ 2018-06-08T00:00:34+08:00 ] 0.0.0.0 0.0.0.0 CLI 
[ log ] cmd:think auto [运行时间：0.125000s][吞吐率：8.00req/s] [内存消耗：1,609.95kb] [文件加载：54]
[ info ] [ DB ] INIT mysql
[ info ] [ LOG ] INIT file

---------------------------------------------------------------
[ 2018-06-08T00:00:35+08:00 ] 0.0.0.0 0.0.0.0 CLI 
[ log ] cmd:think auto [运行时间：0.109375s][吞吐率：9.14req/s] [内存消耗：1,609.95kb] [文件加载：54]
[ info ] [ DB ] INIT mysql
[ info ] [ LOG ] INIT file

---------------------------------------------------------------
[ 2018-06-08T00:00:36+08:00 ] 0.0.0.0 0.0.0.0 CLI 
[ log ] cmd:think auto [运行时间：0.140625s][吞吐率：7.11req/s] [内存消耗：1,609.95kb] [文件加载：54]
[ info ] [ DB ] INIT mysql
[ info ] [ LOG ] INIT file

---------------------------------------------------------------
[ 2018-06-08T00:00:37+08:00 ] 0.0.0.0 0.0.0.0 CLI 
[ log ] cmd:think auto [运行时间：0.140625s][吞吐率：7.11req/s] [内存消耗：1,609.95kb] [文件加载：54]
[ info ] [ DB ] INIT mysql
[ info ] [ LOG ] INIT file

---------------------------------------------------------------
[ 2018-06-08T00:00:38+08:00 ] 0.0.0.0 0.0.0.0 CLI 
[ log ] cmd:think auto [运行时间：0.203125s][吞吐率：4.92req/s] [内存消耗：1,609.95kb] [文件加载：54]
[ info ] [ DB ] INIT mysql
[ info ] [ LOG ] INIT file

---------------------------------------------------------------
[ 2018-06-08T00:00:39+08:00 ] 0.0.0.0 0.0.0.0 CLI 
[ log ] cmd:think auto [运行时间：0.093750s][吞吐率：10.67req/s] [内存消耗：1,609.95kb] [文件加载：54]
[ info ] [ DB ] INIT mysql
[ info ] [ LOG ] INIT file

---------------------------------------------------------------
[ 2018-06-08T00:00:40+08:00 ] 0.0.0.0 0.0.0.0 CLI 
[ log ] cmd:think auto [运行时间：0.109375s][吞吐率：9.14req/s] [内存消耗：1,609.95kb] [文件加载：54]
[ info ] [ DB ] INIT mysql
[ info ] [ LOG ] INIT file

---------------------------------------------------------------
[ 2018-06-08T00:00:41+08:00 ] 0.0.0.0 0.0.0.0 CLI 
[ log ] cmd:think auto [运行时间：0.093750s][吞吐率：10.67req/s] [内存消耗：1,609.95kb] [文件加载：54]
[ info ] [ DB ] INIT mysql
[ info ] [ LOG ] INIT file

---------------------------------------------------------------
[ 2018-06-08T00:00:42+08:00 ] 0.0.0.0 0.0.0.0 CLI 
[ log ] cmd:think auto [运行时间：0.093750s][吞吐率：10.67req/s] [内存消耗：1,609.95kb] [文件加载：54]
[ info ] [ DB ] INIT mysql
[ info ] [ LOG ] INIT file

---------------------------------------------------------------
[ 2018-06-08T00:00:43+08:00 ] 0.0.0.0 0.0.0.0 CLI 
[ log ] cmd:think auto [运行时间：0.109375s][吞吐率：9.14req/s] [内存消耗：1,609.95kb] [文件加载：54]
[ info ] [ DB ] INIT mysql
[ info ] [ LOG ] INIT file

---------------------------------------------------------------
[ 2018-06-08T00:00:44+08:00 ] 0.0.0.0 0.0.0.0 CLI 
[ log ] cmd:think auto [运行时间：0.140625s][吞吐率：7.11req/s] [内存消耗：1,609.95kb] [文件加载：54]
[ info ] [ DB ] INIT mysql
[ info ] [ LOG ] INIT file

---------------------------------------------------------------
[ 2018-06-08T00:00:45+08:00 ] 0.0.0.0 0.0.0.0 CLI 
[ log ] cmd:think auto [运行时间：0.078125s][吞吐率：12.80req/s] [内存消耗：1,609.95kb] [文件加载：54]
[ info ] [ DB ] INIT mysql
[ info ] [ LOG ] INIT file

---------------------------------------------------------------
[ 2018-06-08T00:00:46+08:00 ] 0.0.0.0 0.0.0.0 CLI 
[ log ] cmd:think auto [运行时间：0.093750s][吞吐率：10.67req/s] [内存消耗：1,609.95kb] [文件加载：54]
[ info ] [ DB ] INIT mysql
[ info ] [ LOG ] INIT file

---------------------------------------------------------------
[ 2018-06-08T00:00:47+08:00 ] 0.0.0.0 0.0.0.0 CLI 
[ log ] cmd:think auto [运行时间：0.078125s][吞吐率：12.80req/s] [内存消耗：1,609.95kb] [文件加载：54]
[ info ] [ DB ] INIT mysql
[ info ] [ LOG ] INIT file

---------------------------------------------------------------
[ 2018-06-08T00:00:48+08:00 ] 0.0.0.0 0.0.0.0 CLI 
[ log ] cmd:think auto [运行时间：0.109375s][吞吐率：9.14req/s] [内存消耗：1,609.95kb] [文件加载：54]
[ info ] [ DB ] INIT mysql
[ info ] [ LOG ] INIT file

---------------------------------------------------------------
[ 2018-06-08T00:00:49+08:00 ] 0.0.0.0 0.0.0.0 CLI 
[ log ] cmd:think auto [运行时间：0.078125s][吞吐率：12.80req/s] [内存消耗：1,609.95kb] [文件加载：54]
[ info ] [ DB ] INIT mysql
[ info ] [ LOG ] INIT file

---------------------------------------------------------------
[ 2018-06-08T00:00:50+08:00 ] 0.0.0.0 0.0.0.0 CLI 
[ log ] cmd:think auto [运行时间：0.078125s][吞吐率：12.80req/s] [内存消耗：1,609.95kb] [文件加载：54]
[ info ] [ DB ] INIT mysql
[ info ] [ LOG ] INIT file

---------------------------------------------------------------
[ 2018-06-08T00:00:51+08:00 ] 0.0.0.0 0.0.0.0 CLI 
[ log ] cmd:think auto [运行时间：0.093750s][吞吐率：10.67req/s] [内存消耗：1,609.95kb] [文件加载：54]
[ info ] [ DB ] INIT mysql
[ info ] [ LOG ] INIT file

---------------------------------------------------------------
[ 2018-06-08T00:00:52+08:00 ] 0.0.0.0 0.0.0.0 CLI 
[ log ] cmd:think auto [运行时间：0.156250s][吞吐率：6.40req/s] [内存消耗：1,609.95kb] [文件加载：54]
[ info ] [ DB ] INIT mysql
[ info ] [ LOG ] INIT file

---------------------------------------------------------------
[ 2018-06-08T00:00:53+08:00 ] 0.0.0.0 0.0.0.0 CLI 
[ log ] cmd:think auto [运行时间：0.093750s][吞吐率：10.67req/s] [内存消耗：1,609.95kb] [文件加载：54]
[ info ] [ DB ] INIT mysql
[ info ] [ LOG ] INIT file

---------------------------------------------------------------
[ 2018-06-08T00:00:54+08:00 ] 0.0.0.0 0.0.0.0 CLI 
[ log ] cmd:think auto [运行时间：0.078125s][吞吐率：12.80req/s] [内存消耗：1,609.95kb] [文件加载：54]
[ info ] [ DB ] INIT mysql
[ info ] [ LOG ] INIT file

---------------------------------------------------------------
[ 2018-06-08T00:00:55+08:00 ] 0.0.0.0 0.0.0.0 CLI 
[ log ] cmd:think auto [运行时间：0.109375s][吞吐率：9.14req/s] [内存消耗：1,609.95kb] [文件加载：54]
[ info ] [ DB ] INIT mysql
[ info ] [ LOG ] INIT file

---------------------------------------------------------------
[ 2018-06-08T00:00:56+08:00 ] 0.0.0.0 0.0.0.0 CLI 
[ log ] cmd:think auto [运行时间：0.140625s][吞吐率：7.11req/s] [内存消耗：1,609.95kb] [文件加载：54]
[ info ] [ DB ] INIT mysql
[ info ] [ LOG ] INIT file

---------------------------------------------------------------
[ 2018-06-08T00:00:57+08:00 ] 0.0.0.0 0.0.0.0 CLI 
[ log ] cmd:think auto [运行时间：0.109375s][吞吐率：9.14req/s] [内存消耗：1,609.95kb] [文件加载：54]
[ info ] [ DB ] INIT mysql
[ info ] [ LOG ] INIT file

---------------------------------------------------------------
[ 2018-06-08T00:00:58+08:00 ] 0.0.0.0 0.0.0.0 CLI 
[ log ] cmd:think auto [运行时间：0.093750s][吞吐率：10.67req/s] [内存消耗：1,609.95kb] [文件加载：54]
[ info ] [ DB ] INIT mysql
[ info ] [ LOG ] INIT file

---------------------------------------------------------------
[ 2018-06-08T09:07:30+08:00 ] 122.114.73.147 27.189.205.226 GET /
[ log ] zsh.ruishengkj.net/ [运行时间：0.046875s][吞吐率：21.33req/s] [内存消耗：1,790.67kb] [文件加载：54]
[ info ] [ DB ] INIT mysql
[ info ] [ LANG ] Z:\wwwroot\zsh.ruishengkj.net\core\lang\zh-cn.php
[ info ] [ ROUTE ] array (
  'type' => 'module',
  'module' => 
  array (
    0 => '',
    1 => NULL,
    2 => NULL,
  ),
)
[ info ] [ HEADER ] array (
  'accept-language' => 'zh-CN,zh;q=0.9',
  'accept-encoding' => 'gzip, deflate',
  'accept' => 'text/html,application/xhtml+xml,application/xml;q=0.9,image/webp,image/apng,*/*;q=0.8',
  'user-agent' => 'Mozilla/5.0 (Windows NT 6.1; WOW64) AppleWebKit/537.36 (KHTML, like Gecko) Chrome/63.0.3239.132 Safari/537.36',
  'upgrade-insecure-requests' => '1',
  'connection' => 'close',
  'host' => 'zsh.ruishengkj.net',
)
[ info ] [ PARAM ] array (
)
[ info ] [ LANG ] Z:\wwwroot\zsh.ruishengkj.net/application/index\lang\zh-cn.php
[ info ] [ SESSION ] INIT array (
  'prefix' => 'minishop',
  'type' => '',
  'auto_start' => true,
)
[ info ] [ LOG ] INIT file

---------------------------------------------------------------
[ 2018-06-08T09:07:30+08:00 ] 122.114.73.147 27.189.205.226 GET /index/base/login.html
[ log ] zsh.ruishengkj.net/index/base/login.html [运行时间：0.046875s][吞吐率：21.33req/s] [内存消耗：1,779.97kb] [文件加载：52]
[ info ] [ DB ] INIT mysql
[ info ] [ LANG ] Z:\wwwroot\zsh.ruishengkj.net\core\lang\zh-cn.php
[ info ] [ ROUTE ] array (
  'type' => 'module',
  'module' => 
  array (
    0 => 'index',
    1 => 'base',
    2 => 'login',
  ),
)
[ info ] [ HEADER ] array (
  'cookie' => 'think_var=zh-cn; PHPSESSID=lcasgtdhs6fqpcjmkmr1he7fn3',
  'accept-language' => 'zh-CN,zh;q=0.9',
  'accept-encoding' => 'gzip, deflate',
  'accept' => 'text/html,application/xhtml+xml,application/xml;q=0.9,image/webp,image/apng,*/*;q=0.8',
  'user-agent' => 'Mozilla/5.0 (Windows NT 6.1; WOW64) AppleWebKit/537.36 (KHTML, like Gecko) Chrome/63.0.3239.132 Safari/537.36',
  'upgrade-insecure-requests' => '1',
  'connection' => 'close',
  'host' => 'zsh.ruishengkj.net',
)
[ info ] [ PARAM ] array (
  '/index/base/login_html' => '',
)
[ info ] [ LANG ] Z:\wwwroot\zsh.ruishengkj.net/application/index\lang\zh-cn.php
[ info ] [ SESSION ] INIT array (
  'prefix' => 'minishop',
  'type' => '',
  'auto_start' => true,
)
[ info ] [ RUN ] /**
     * 用户登录方法
     * @author  矢志bu渝 <745152620@qq.com>
     */
Method [ <user> public method login ] {
  @@ Z:\wwwroot\zsh.ruishengkj.net\application\index\controller\Base.php 57 - 83
}

[ info ] [ VIEW ] ./themes/default/index/login.html [ array (
  0 => 'userinfo',
) ]
[ info ] [ LOG ] INIT file

---------------------------------------------------------------
[ 2018-06-08T09:07:31+08:00 ] 122.114.73.147 27.189.205.226 GET /favicon.ico
[ log ] zsh.ruishengkj.net/favicon.ico [运行时间：0.046875s][吞吐率：21.33req/s] [内存消耗：1,450.52kb] [文件加载：41]
[ info ] [ DB ] INIT mysql
[ info ] [ LANG ] Z:\wwwroot\zsh.ruishengkj.net\core\lang\zh-cn.php
[ info ] [ ROUTE ] array (
  'type' => 'module',
  'module' => 
  array (
    0 => 'favicon.ico',
    1 => NULL,
    2 => NULL,
  ),
)
[ info ] [ HEADER ] array (
  'cookie' => 'think_var=zh-cn; PHPSESSID=lcasgtdhs6fqpcjmkmr1he7fn3',
  'accept-language' => 'zh-CN,zh;q=0.9',
  'accept-encoding' => 'gzip, deflate',
  'referer' => 'http://zsh.ruishengkj.net/index/base/login.html',
  'accept' => 'image/webp,image/apng,image/*,*/*;q=0.8',
  'user-agent' => 'Mozilla/5.0 (Windows NT 6.1; WOW64) AppleWebKit/537.36 (KHTML, like Gecko) Chrome/63.0.3239.132 Safari/537.36',
  'connection' => 'close',
  'host' => 'zsh.ruishengkj.net',
)
[ info ] [ PARAM ] array (
  '/favicon_ico' => '',
)
[ info ] [ LOG ] INIT file

---------------------------------------------------------------
[ 2018-06-08T09:10:59+08:00 ] 122.114.73.147 27.189.205.226 GET /index/base/getpassword.html
[ log ] zsh.ruishengkj.net/index/base/getpassword.html [运行时间：0.093750s][吞吐率：10.67req/s] [内存消耗：1,780.23kb] [文件加载：52]
[ info ] [ DB ] INIT mysql
[ info ] [ LANG ] Z:\wwwroot\zsh.ruishengkj.net\core\lang\zh-cn.php
[ info ] [ ROUTE ] array (
  'type' => 'module',
  'module' => 
  array (
    0 => 'index',
    1 => 'base',
    2 => 'getpassword',
  ),
)
[ info ] [ HEADER ] array (
  'cookie' => 'think_var=zh-cn; PHPSESSID=lcasgtdhs6fqpcjmkmr1he7fn3',
  'accept-language' => 'zh-CN,zh;q=0.9',
  'accept-encoding' => 'gzip, deflate',
  'referer' => 'http://zsh.ruishengkj.net/index/base/login.html',
  'accept' => 'text/html,application/xhtml+xml,application/xml;q=0.9,image/webp,image/apng,*/*;q=0.8',
  'user-agent' => 'Mozilla/5.0 (Windows NT 6.1; WOW64) AppleWebKit/537.36 (KHTML, like Gecko) Chrome/63.0.3239.132 Safari/537.36',
  'upgrade-insecure-requests' => '1',
  'connection' => 'close',
  'host' => 'zsh.ruishengkj.net',
)
[ info ] [ PARAM ] array (
  '/index/base/getpassword_html' => '',
)
[ info ] [ LANG ] Z:\wwwroot\zsh.ruishengkj.net/application/index\lang\zh-cn.php
[ info ] [ SESSION ] INIT array (
  'prefix' => 'minishop',
  'type' => '',
  'auto_start' => true,
)
[ info ] [ RUN ] /**
     * 取回密码方法
     * @author  完美°ぜ界丶
     */
Method [ <user> public method getPassword ] {
  @@ Z:\wwwroot\zsh.ruishengkj.net\application\index\controller\Base.php 199 - 236
}

[ info ] [ VIEW ] ./themes/default/index/get_password.html [ array (
  0 => 'userinfo',
) ]
[ info ] [ LOG ] INIT file

---------------------------------------------------------------
[ 2018-06-08T09:11:05+08:00 ] 122.114.73.147 27.189.205.226 GET /index/base/login.html
[ log ] zsh.ruishengkj.net/index/base/login.html [运行时间：0.078125s][吞吐率：12.80req/s] [内存消耗：1,779.97kb] [文件加载：52]
[ info ] [ DB ] INIT mysql
[ info ] [ LANG ] Z:\wwwroot\zsh.ruishengkj.net\core\lang\zh-cn.php
[ info ] [ ROUTE ] array (
  'type' => 'module',
  'module' => 
  array (
    0 => 'index',
    1 => 'base',
    2 => 'login',
  ),
)
[ info ] [ HEADER ] array (
  'cookie' => 'think_var=zh-cn; PHPSESSID=lcasgtdhs6fqpcjmkmr1he7fn3',
  'accept-language' => 'zh-CN,zh;q=0.9',
  'accept-encoding' => 'gzip, deflate',
  'accept' => 'text/html,application/xhtml+xml,application/xml;q=0.9,image/webp,image/apng,*/*;q=0.8',
  'user-agent' => 'Mozilla/5.0 (Windows NT 6.1; WOW64) AppleWebKit/537.36 (KHTML, like Gecko) Chrome/63.0.3239.132 Safari/537.36',
  'upgrade-insecure-requests' => '1',
  'connection' => 'close',
  'host' => 'zsh.ruishengkj.net',
)
[ info ] [ PARAM ] array (
  '/index/base/login_html' => '',
)
[ info ] [ LANG ] Z:\wwwroot\zsh.ruishengkj.net/application/index\lang\zh-cn.php
[ info ] [ SESSION ] INIT array (
  'prefix' => 'minishop',
  'type' => '',
  'auto_start' => true,
)
[ info ] [ RUN ] /**
     * 用户登录方法
     * @author  矢志bu渝 <745152620@qq.com>
     */
Method [ <user> public method login ] {
  @@ Z:\wwwroot\zsh.ruishengkj.net\application\index\controller\Base.php 57 - 83
}

[ info ] [ VIEW ] ./themes/default/index/login.html [ array (
  0 => 'userinfo',
) ]
[ info ] [ LOG ] INIT file

---------------------------------------------------------------
[ 2018-06-08T09:11:13+08:00 ] 122.114.73.147 27.189.205.226 GET /index/base/login.html
[ log ] zsh.ruishengkj.net/index/base/login.html [运行时间：0.062500s][吞吐率：16.00req/s] [内存消耗：1,779.97kb] [文件加载：52]
[ info ] [ DB ] INIT mysql
[ info ] [ LANG ] Z:\wwwroot\zsh.ruishengkj.net\core\lang\zh-cn.php
[ info ] [ ROUTE ] array (
  'type' => 'module',
  'module' => 
  array (
    0 => 'index',
    1 => 'base',
    2 => 'login',
  ),
)
[ info ] [ HEADER ] array (
  'cookie' => 'think_var=zh-cn; PHPSESSID=lcasgtdhs6fqpcjmkmr1he7fn3',
  'accept-language' => 'zh-CN,zh;q=0.9',
  'accept-encoding' => 'gzip, deflate',
  'accept' => 'text/html,application/xhtml+xml,application/xml;q=0.9,image/webp,image/apng,*/*;q=0.8',
  'user-agent' => 'Mozilla/5.0 (Windows NT 6.1; WOW64) AppleWebKit/537.36 (KHTML, like Gecko) Chrome/63.0.3239.132 Safari/537.36',
  'upgrade-insecure-requests' => '1',
  'connection' => 'close',
  'host' => 'zsh.ruishengkj.net',
)
[ info ] [ PARAM ] array (
  '/index/base/login_html' => '',
)
[ info ] [ LANG ] Z:\wwwroot\zsh.ruishengkj.net/application/index\lang\zh-cn.php
[ info ] [ SESSION ] INIT array (
  'prefix' => 'minishop',
  'type' => '',
  'auto_start' => true,
)
[ info ] [ RUN ] /**
     * 用户登录方法
     * @author  矢志bu渝 <745152620@qq.com>
     */
Method [ <user> public method login ] {
  @@ Z:\wwwroot\zsh.ruishengkj.net\application\index\controller\Base.php 57 - 83
}

[ info ] [ VIEW ] ./themes/default/index/login.html [ array (
  0 => 'userinfo',
) ]
[ info ] [ LOG ] INIT file

---------------------------------------------------------------
[ 2018-06-08T09:11:25+08:00 ] 122.114.73.147 27.189.205.226 POST /index/base/login.html
[ log ] zsh.ruishengkj.net/index/base/login.html [运行时间：0.062500s][吞吐率：16.00req/s] [内存消耗：1,770.74kb] [文件加载：52]
[ info ] [ DB ] INIT mysql
[ info ] [ LANG ] Z:\wwwroot\zsh.ruishengkj.net\core\lang\zh-cn.php
[ info ] [ ROUTE ] array (
  'type' => 'module',
  'module' => 
  array (
    0 => 'index',
    1 => 'base',
    2 => 'login',
  ),
)
[ info ] [ HEADER ] array (
  'cookie' => 'think_var=zh-cn; PHPSESSID=lcasgtdhs6fqpcjmkmr1he7fn3',
  'accept-language' => 'zh-CN,zh;q=0.9',
  'accept-encoding' => 'gzip, deflate',
  'referer' => 'http://zsh.ruishengkj.net/index/base/login.html',
  'user-agent' => 'Mozilla/5.0 (Windows NT 6.1; WOW64) AppleWebKit/537.36 (KHTML, like Gecko) Chrome/63.0.3239.132 Safari/537.36',
  'x-requested-with' => 'XMLHttpRequest',
  'origin' => 'http://zsh.ruishengkj.net',
  'accept' => 'application/json, text/javascript, */*; q=0.01',
  'connection' => 'close',
  'host' => 'zsh.ruishengkj.net',
  'content-type' => 'application/x-www-form-urlencoded; charset=UTF-8',
  'content-length' => '16',
)
[ info ] [ PARAM ] array (
  '/index/base/login_html' => '',
  'key' => '1',
  'password' => '1',
)
[ info ] [ LANG ] Z:\wwwroot\zsh.ruishengkj.net/application/index\lang\zh-cn.php
[ info ] [ SESSION ] INIT array (
  'prefix' => 'minishop',
  'type' => '',
  'auto_start' => true,
)
[ info ] [ RUN ] /**
     * 用户登录方法
     * @author  矢志bu渝 <745152620@qq.com>
     */
Method [ <user> public method login ] {
  @@ Z:\wwwroot\zsh.ruishengkj.net\application\index\controller\Base.php 57 - 83
}

[ info ] [ LOG ] INIT file

---------------------------------------------------------------
[ 2018-06-08T09:12:10+08:00 ] 122.114.73.147 101.199.120.145 GET /
[ log ] zsh.ruishengkj.net/ [运行时间：0.046875s][吞吐率：21.33req/s] [内存消耗：1,790.21kb] [文件加载：54]
[ info ] [ DB ] INIT mysql
[ info ] [ LANG ] Z:\wwwroot\zsh.ruishengkj.net\core\lang\zh-cn.php
[ info ] [ ROUTE ] array (
  'type' => 'module',
  'module' => 
  array (
    0 => '',
    1 => NULL,
    2 => NULL,
  ),
)
[ info ] [ HEADER ] array (
  'accept-encoding' => 'gzip, deflate',
  'accept' => 'text/html,application/xhtml+xml,application/xml;q=0.9,image/webp,image/apng,*/*;q=0.8',
  'user-agent' => 'Mozilla/5.0 (X11; Linux x86_64) AppleWebKit/537.36 (KHTML, like Gecko) HeadlessChrome/64.0.3282.119 Safari/537.36',
  'upgrade-insecure-requests' => '1',
  'connection' => 'close',
  'host' => 'zsh.ruishengkj.net',
)
[ info ] [ PARAM ] array (
)
[ info ] [ LANG ] Z:\wwwroot\zsh.ruishengkj.net/application/index\lang\zh-cn.php
[ info ] [ SESSION ] INIT array (
  'prefix' => 'minishop',
  'type' => '',
  'auto_start' => true,
)
[ info ] [ LOG ] INIT file

---------------------------------------------------------------
[ 2018-06-08T09:12:10+08:00 ] 122.114.73.147 101.199.120.145 GET /index/base/login.html
[ log ] zsh.ruishengkj.net/index/base/login.html [运行时间：0.046875s][吞吐率：21.33req/s] [内存消耗：1,779.66kb] [文件加载：52]
[ info ] [ DB ] INIT mysql
[ info ] [ LANG ] Z:\wwwroot\zsh.ruishengkj.net\core\lang\zh-cn.php
[ info ] [ ROUTE ] array (
  'type' => 'module',
  'module' => 
  array (
    0 => 'index',
    1 => 'base',
    2 => 'login',
  ),
)
[ info ] [ HEADER ] array (
  'cookie' => 'PHPSESSID=0su57pkrdenjddb0is6m7snqg5',
  'accept-encoding' => 'gzip, deflate',
  'accept' => 'text/html,application/xhtml+xml,application/xml;q=0.9,image/webp,image/apng,*/*;q=0.8',
  'user-agent' => 'Mozilla/5.0 (X11; Linux x86_64) AppleWebKit/537.36 (KHTML, like Gecko) HeadlessChrome/64.0.3282.119 Safari/537.36',
  'upgrade-insecure-requests' => '1',
  'connection' => 'close',
  'host' => 'zsh.ruishengkj.net',
)
[ info ] [ PARAM ] array (
  '/index/base/login_html' => '',
)
[ info ] [ LANG ] Z:\wwwroot\zsh.ruishengkj.net/application/index\lang\zh-cn.php
[ info ] [ SESSION ] INIT array (
  'prefix' => 'minishop',
  'type' => '',
  'auto_start' => true,
)
[ info ] [ RUN ] /**
     * 用户登录方法
     * @author  矢志bu渝 <745152620@qq.com>
     */
Method [ <user> public method login ] {
  @@ Z:\wwwroot\zsh.ruishengkj.net\application\index\controller\Base.php 57 - 83
}

[ info ] [ VIEW ] ./themes/default/index/login.html [ array (
  0 => 'userinfo',
) ]
[ info ] [ LOG ] INIT file

---------------------------------------------------------------
[ 2018-06-08T09:12:51+08:00 ] 122.114.73.147 180.163.220.124 GET /
[ log ] zsh.ruishengkj.net/ [运行时间：0.046875s][吞吐率：21.33req/s] [内存消耗：1,784.63kb] [文件加载：52]
[ info ] [ DB ] INIT mysql
[ info ] [ ROUTE ] array (
  'type' => 'module',
  'module' => 
  array (
    0 => '',
    1 => NULL,
    2 => NULL,
  ),
)
[ info ] [ HEADER ] array (
  'host' => 'zsh.ruishengkj.net',
  'accept-language' => 'en,*',
  'accept-encoding' => 'gzip, deflate',
  'connection' => 'close',
  'user-agent' => 'Mozilla/5.0 (Windows NT 6.1; WOW64) AppleWebKit/537.36 (KHTML, like Gecko) Chrome/50.0.2661.102 Safari/537.36',
  'accept' => 'text/html,application/xhtml+xml,application/xml;q=0.9,*/*;q=0.8',
)
[ info ] [ PARAM ] array (
)
[ info ] [ SESSION ] INIT array (
  'prefix' => 'minishop',
  'type' => '',
  'auto_start' => true,
)
[ info ] [ LOG ] INIT file

---------------------------------------------------------------
[ 2018-06-08T09:12:51+08:00 ] 122.114.73.147 180.163.220.124 GET /index/base/login.html
[ log ] zsh.ruishengkj.net/index/base/login.html [运行时间：0.078125s][吞吐率：12.80req/s] [内存消耗：1,773.82kb] [文件加载：50]
[ info ] [ DB ] INIT mysql
[ info ] [ ROUTE ] array (
  'type' => 'module',
  'module' => 
  array (
    0 => 'index',
    1 => 'base',
    2 => 'login',
  ),
)
[ info ] [ HEADER ] array (
  'host' => 'zsh.ruishengkj.net',
  'accept-language' => 'en,*',
  'accept-encoding' => 'gzip, deflate',
  'connection' => 'close',
  'cookie' => 'think_var=en; PHPSESSID=pitd00k1fkqeqv1cnuh924m3g5',
  'user-agent' => 'Mozilla/5.0 (Windows NT 6.1; WOW64) AppleWebKit/537.36 (KHTML, like Gecko) Chrome/50.0.2661.102 Safari/537.36',
  'accept' => 'text/html,application/xhtml+xml,application/xml;q=0.9,*/*;q=0.8',
)
[ info ] [ PARAM ] array (
  '/index/base/login_html' => '',
)
[ info ] [ SESSION ] INIT array (
  'prefix' => 'minishop',
  'type' => '',
  'auto_start' => true,
)
[ info ] [ RUN ] /**
     * 用户登录方法
     * @author  矢志bu渝 <745152620@qq.com>
     */
Method [ <user> public method login ] {
  @@ Z:\wwwroot\zsh.ruishengkj.net\application\index\controller\Base.php 57 - 83
}

[ info ] [ VIEW ] ./themes/default/index/login.html [ array (
  0 => 'userinfo',
) ]
[ info ] [ LOG ] INIT file

---------------------------------------------------------------
[ 2018-06-08T15:02:03+08:00 ] 122.114.73.147 101.199.110.110 GET /
[ log ] zsh.ruishengkj.net/ [运行时间：0.062500s][吞吐率：16.00req/s] [内存消耗：1,790.68kb] [文件加载：54]
[ info ] [ DB ] INIT mysql
[ info ] [ LANG ] Z:\wwwroot\zsh.ruishengkj.net\core\lang\zh-cn.php
[ info ] [ ROUTE ] array (
  'type' => 'module',
  'module' => 
  array (
    0 => '',
    1 => NULL,
    2 => NULL,
  ),
)
[ info ] [ HEADER ] array (
  'accept-charset' => 'iso-8859-1,*,utf-8',
  'accept-encoding' => 'gzip,deflate',
  'accept' => 'text/html,application/xhtml+xml,application/xml;q=0.9,*/*;q=0.8',
  'user-agent' => 'Mozilla/5.0 (Linux; U; Android 5.0.2; zh-CN; Redmi Note 3 Build/LRX22G) AppleWebKit/537.36 (KHTML, like Gecko) Version/4.0 OPR/11.2.3.102637 Mobile Safari/537.36',
  'accept-language' => 'zh-CN,zh;q=0.8',
  'connection' => 'close',
  'host' => 'zsh.ruishengkj.net',
)
[ info ] [ PARAM ] array (
)
[ info ] [ LANG ] Z:\wwwroot\zsh.ruishengkj.net/application/index\lang\zh-cn.php
[ info ] [ SESSION ] INIT array (
  'prefix' => 'minishop',
  'type' => '',
  'auto_start' => true,
)
[ info ] [ LOG ] INIT file

---------------------------------------------------------------
[ 2018-06-08T15:02:03+08:00 ] 122.114.73.147 101.199.110.110 GET /index/base/login.html
[ log ] zsh.ruishengkj.net/index/base/login.html [运行时间：0.062500s][吞吐率：16.00req/s] [内存消耗：1,779.96kb] [文件加载：52]
[ info ] [ DB ] INIT mysql
[ info ] [ LANG ] Z:\wwwroot\zsh.ruishengkj.net\core\lang\zh-cn.php
[ info ] [ ROUTE ] array (
  'type' => 'module',
  'module' => 
  array (
    0 => 'index',
    1 => 'base',
    2 => 'login',
  ),
)
[ info ] [ HEADER ] array (
  'cookie' => 'think_var=zh-cn; PHPSESSID=r68mp4lhktccathcfftd7f9ph2',
  'accept-charset' => 'iso-8859-1,*,utf-8',
  'accept-encoding' => 'gzip,deflate',
  'accept' => 'text/html,application/xhtml+xml,application/xml;q=0.9,*/*;q=0.8',
  'user-agent' => 'Mozilla/5.0 (Linux; U; Android 5.0.2; zh-CN; Redmi Note 3 Build/LRX22G) AppleWebKit/537.36 (KHTML, like Gecko) Version/4.0 OPR/11.2.3.102637 Mobile Safari/537.36',
  'accept-language' => 'zh-CN,zh;q=0.8',
  'connection' => 'close',
  'host' => 'zsh.ruishengkj.net',
)
[ info ] [ PARAM ] array (
  '/index/base/login_html' => '',
)
[ info ] [ LANG ] Z:\wwwroot\zsh.ruishengkj.net/application/index\lang\zh-cn.php
[ info ] [ SESSION ] INIT array (
  'prefix' => 'minishop',
  'type' => '',
  'auto_start' => true,
)
[ info ] [ RUN ] /**
     * 用户登录方法
     * @author  矢志bu渝 <745152620@qq.com>
     */
Method [ <user> public method login ] {
  @@ Z:\wwwroot\zsh.ruishengkj.net\application\index\controller\Base.php 57 - 83
}

[ info ] [ VIEW ] ./themes/default/index/login.html [ array (
  0 => 'userinfo',
) ]
[ info ] [ LOG ] INIT file

---------------------------------------------------------------
[ 2018-06-08T17:31:05+08:00 ] 122.114.73.147 223.149.180.224 GET /
[ log ] zsh.ruishengkj.net/ [运行时间：0.062500s][吞吐率：16.00req/s] [内存消耗：1,790.58kb] [文件加载：54]
[ info ] [ DB ] INIT mysql
[ info ] [ LANG ] Z:\wwwroot\zsh.ruishengkj.net\core\lang\zh-cn.php
[ info ] [ ROUTE ] array (
  'type' => 'module',
  'module' => 
  array (
    0 => '',
    1 => NULL,
    2 => NULL,
  ),
)
[ info ] [ HEADER ] array (
  'accept-language' => 'zh-CN,zh;q=0.8',
  'accept-encoding' => 'gzip, deflate, sdch',
  'accept' => 'text/html,application/xhtml+xml,application/xml;q=0.9,image/webp,*/*;q=0.8',
  'user-agent' => 'Mozilla/5.0 (Windows NT 6.1; WOW64) AppleWebKit/537.36 (KHTML, like Gecko) Chrome/55.0.2883.87 Safari/537.36',
  'upgrade-insecure-requests' => '1',
  'connection' => 'close',
  'host' => 'zsh.ruishengkj.net',
)
[ info ] [ PARAM ] array (
)
[ info ] [ LANG ] Z:\wwwroot\zsh.ruishengkj.net/application/index\lang\zh-cn.php
[ info ] [ SESSION ] INIT array (
  'prefix' => 'minishop',
  'type' => '',
  'auto_start' => true,
)
[ info ] [ LOG ] INIT file

---------------------------------------------------------------
[ 2018-06-08T17:31:05+08:00 ] 122.114.73.147 223.149.180.224 GET /index/base/login.html
[ log ] zsh.ruishengkj.net/index/base/login.html [运行时间：0.109375s][吞吐率：9.14req/s] [内存消耗：1,779.94kb] [文件加载：52]
[ info ] [ DB ] INIT mysql
[ info ] [ LANG ] Z:\wwwroot\zsh.ruishengkj.net\core\lang\zh-cn.php
[ info ] [ ROUTE ] array (
  'type' => 'module',
  'module' => 
  array (
    0 => 'index',
    1 => 'base',
    2 => 'login',
  ),
)
[ info ] [ HEADER ] array (
  'cookie' => 'think_var=zh-cn; PHPSESSID=064q7b76v3p662f0b2f7n6k875',
  'accept-language' => 'zh-CN,zh;q=0.8',
  'accept-encoding' => 'gzip, deflate, sdch',
  'accept' => 'text/html,application/xhtml+xml,application/xml;q=0.9,image/webp,*/*;q=0.8',
  'user-agent' => 'Mozilla/5.0 (Windows NT 6.1; WOW64) AppleWebKit/537.36 (KHTML, like Gecko) Chrome/55.0.2883.87 Safari/537.36',
  'upgrade-insecure-requests' => '1',
  'connection' => 'close',
  'host' => 'zsh.ruishengkj.net',
)
[ info ] [ PARAM ] array (
  '/index/base/login_html' => '',
)
[ info ] [ LANG ] Z:\wwwroot\zsh.ruishengkj.net/application/index\lang\zh-cn.php
[ info ] [ SESSION ] INIT array (
  'prefix' => 'minishop',
  'type' => '',
  'auto_start' => true,
)
[ info ] [ RUN ] /**
     * 用户登录方法
     * @author  矢志bu渝 <745152620@qq.com>
     */
Method [ <user> public method login ] {
  @@ Z:\wwwroot\zsh.ruishengkj.net\application\index\controller\Base.php 57 - 83
}

[ info ] [ VIEW ] ./themes/default/index/login.html [ array (
  0 => 'userinfo',
) ]
[ info ] [ LOG ] INIT file

---------------------------------------------------------------
[ 2018-06-08T17:31:06+08:00 ] 122.114.73.147 223.149.180.224 GET /favicon.ico
[ log ] zsh.ruishengkj.net/favicon.ico [运行时间：0.046875s][吞吐率：21.33req/s] [内存消耗：1,450.48kb] [文件加载：41]
[ info ] [ DB ] INIT mysql
[ info ] [ LANG ] Z:\wwwroot\zsh.ruishengkj.net\core\lang\zh-cn.php
[ info ] [ ROUTE ] array (
  'type' => 'module',
  'module' => 
  array (
    0 => 'favicon.ico',
    1 => NULL,
    2 => NULL,
  ),
)
[ info ] [ HEADER ] array (
  'cookie' => 'think_var=zh-cn; PHPSESSID=064q7b76v3p662f0b2f7n6k875',
  'accept-language' => 'zh-CN,zh;q=0.8',
  'accept-encoding' => 'gzip, deflate, sdch',
  'referer' => 'http://zsh.ruishengkj.net/index/base/login.html',
  'accept' => 'image/webp,image/*,*/*;q=0.8',
  'user-agent' => 'Mozilla/5.0 (Windows NT 6.1; WOW64) AppleWebKit/537.36 (KHTML, like Gecko) Chrome/55.0.2883.87 Safari/537.36',
  'connection' => 'close',
  'host' => 'zsh.ruishengkj.net',
)
[ info ] [ PARAM ] array (
  '/favicon_ico' => '',
)
[ info ] [ LOG ] INIT file

---------------------------------------------------------------
[ 2018-06-08T20:08:21+08:00 ] 122.114.73.147 42.234.219.212 GET /
[ log ] zsh.ruishengkj.net/ [运行时间：0.093750s][吞吐率：10.67req/s] [内存消耗：1,790.89kb] [文件加载：54]
[ info ] [ DB ] INIT mysql
[ info ] [ LANG ] Z:\wwwroot\zsh.ruishengkj.net\core\lang\zh-cn.php
[ info ] [ ROUTE ] array (
  'type' => 'module',
  'module' => 
  array (
    0 => '',
    1 => NULL,
    2 => NULL,
  ),
)
[ info ] [ HEADER ] array (
  'cookie' => 'PHPSESSID=rf5m31eokshbd3mr7fst81jt82; BDTUJIAID=bbd65f7ece44310dd077488ce1c81ff6',
  'accept-language' => 'zh-CN,en-US;q=0.8',
  'accept-encoding' => 'gzip, deflate',
  'referer' => 'http://niu.ruishengkj.net/wap/',
  'accept' => 'text/html,application/xhtml+xml,application/xml;q=0.9,image/webp,image/apng,image/sharpp,image/apng,*/*;q=0.8',
  'user-agent' => 'Mozilla/5.0 (Linux; Android 8.0; Mi Note 2 Build/OPR1.170623.032; wv) AppleWebKit/537.36 (KHTML, like Gecko) Version/4.0 Chrome/57.0.2987.132 MQQBrowser/6.2 TBS/044103 Mobile Safari/537.36 V1_AND_SQ_7.6.3_852_YYB_D QQ/7.6.3.3565 NetType/WIFI WebP/0.3.0 Pixel/1080',
  'connection' => 'close',
  'host' => 'zsh.ruishengkj.net',
)
[ info ] [ PARAM ] array (
)
[ info ] [ LANG ] Z:\wwwroot\zsh.ruishengkj.net/application/index\lang\zh-cn.php
[ info ] [ SESSION ] INIT array (
  'prefix' => 'minishop',
  'type' => '',
  'auto_start' => true,
)
[ info ] [ LOG ] INIT file

---------------------------------------------------------------
[ 2018-06-08T20:08:21+08:00 ] 122.114.73.147 42.234.219.212 GET /index/base/login.html
[ log ] zsh.ruishengkj.net/index/base/login.html [运行时间：0.062500s][吞吐率：16.00req/s] [内存消耗：1,780.13kb] [文件加载：52]
[ info ] [ DB ] INIT mysql
[ info ] [ LANG ] Z:\wwwroot\zsh.ruishengkj.net\core\lang\zh-cn.php
[ info ] [ ROUTE ] array (
  'type' => 'module',
  'module' => 
  array (
    0 => 'index',
    1 => 'base',
    2 => 'login',
  ),
)
[ info ] [ HEADER ] array (
  'cookie' => 'PHPSESSID=rf5m31eokshbd3mr7fst81jt82; BDTUJIAID=bbd65f7ece44310dd077488ce1c81ff6; think_var=zh-cn',
  'accept-language' => 'zh-CN,en-US;q=0.8',
  'accept-encoding' => 'gzip, deflate',
  'referer' => 'http://niu.ruishengkj.net/wap/',
  'accept' => 'text/html,application/xhtml+xml,application/xml;q=0.9,image/webp,image/apng,image/sharpp,image/apng,*/*;q=0.8',
  'user-agent' => 'Mozilla/5.0 (Linux; Android 8.0; Mi Note 2 Build/OPR1.170623.032; wv) AppleWebKit/537.36 (KHTML, like Gecko) Version/4.0 Chrome/57.0.2987.132 MQQBrowser/6.2 TBS/044103 Mobile Safari/537.36 V1_AND_SQ_7.6.3_852_YYB_D QQ/7.6.3.3565 NetType/WIFI WebP/0.3.0 Pixel/1080',
  'connection' => 'close',
  'host' => 'zsh.ruishengkj.net',
)
[ info ] [ PARAM ] array (
  '/index/base/login_html' => '',
)
[ info ] [ LANG ] Z:\wwwroot\zsh.ruishengkj.net/application/index\lang\zh-cn.php
[ info ] [ SESSION ] INIT array (
  'prefix' => 'minishop',
  'type' => '',
  'auto_start' => true,
)
[ info ] [ RUN ] /**
     * 用户登录方法
     * @author  矢志bu渝 <745152620@qq.com>
     */
Method [ <user> public method login ] {
  @@ Z:\wwwroot\zsh.ruishengkj.net\application\index\controller\Base.php 57 - 83
}

[ info ] [ VIEW ] ./themes/default/index/login.html [ array (
  0 => 'userinfo',
) ]
[ info ] [ LOG ] INIT file

---------------------------------------------------------------
