[ 2019-12-09T18:43:19+08:00 ] 127.0.0.1 127.0.0.1 GET /
[ log ] www.wap1.com/ [运行时间：0.117466s][吞吐率：8.51req/s] [内存消耗：1,790.67kb] [文件加载：54]
[ info ] [ DB ] INIT mysql
[ info ] [ LANG ] D:\phpStudy2018\PHPTutorial\WWW\tp5\core\lang\zh-cn.php
[ info ] [ ROUTE ] array (
  'type' => 'module',
  'module' => 
  array (
    0 => '',
    1 => NULL,
    2 => NULL,
  ),
)
[ info ] [ HEADER ] array (
  'cookie' => 'qmfmlloginnum=5; qmfmllastlogintime=1575875816; PHPSESSID=c6pv3j0i08do99p2pgecavplr1',
  'accept-language' => 'zh-CN,zh;q=0.8',
  'accept-encoding' => 'gzip, deflate, sdch',
  'accept' => 'text/html,application/xhtml+xml,application/xml;q=0.9,image/webp,*/*;q=0.8',
  'user-agent' => 'Mozilla/5.0 (Windows NT 10.0; WOW64) AppleWebKit/537.36 (KHTML, like Gecko) Chrome/53.0.2785.104 Safari/537.36 Core/1.53.5155.400 QQBrowser/9.7.13161.400',
  'upgrade-insecure-requests' => '1',
  'cache-control' => 'no-cache',
  'pragma' => 'no-cache',
  'connection' => 'close',
  'host' => 'www.wap1.com',
)
[ info ] [ PARAM ] array (
)
[ info ] [ LANG ] D:\phpStudy2018\PHPTutorial\WWW\tp5/application/index\lang\zh-cn.php
[ info ] [ SESSION ] INIT array (
  'prefix' => 'minishop',
  'type' => '',
  'auto_start' => true,
)
[ info ] [ LOG ] INIT file

---------------------------------------------------------------
[ 2019-12-09T18:43:19+08:00 ] 127.0.0.1 127.0.0.1 GET /index/base/login.html
[ log ] www.wap1.com/index/base/login.html [运行时间：0.048479s][吞吐率：20.63req/s] [内存消耗：1,778.24kb] [文件加载：52]
[ info ] [ DB ] INIT mysql
[ info ] [ LANG ] D:\phpStudy2018\PHPTutorial\WWW\tp5\core\lang\zh-cn.php
[ info ] [ ROUTE ] array (
  'type' => 'module',
  'module' => 
  array (
    0 => 'index',
    1 => 'base',
    2 => 'login',
  ),
)
[ info ] [ HEADER ] array (
  'cookie' => 'qmfmlloginnum=5; qmfmllastlogintime=1575875816; PHPSESSID=c6pv3j0i08do99p2pgecavplr1; think_var=zh-cn',
  'accept-language' => 'zh-CN,zh;q=0.8',
  'accept-encoding' => 'gzip, deflate, sdch',
  'accept' => 'text/html,application/xhtml+xml,application/xml;q=0.9,image/webp,*/*;q=0.8',
  'user-agent' => 'Mozilla/5.0 (Windows NT 10.0; WOW64) AppleWebKit/537.36 (KHTML, like Gecko) Chrome/53.0.2785.104 Safari/537.36 Core/1.53.5155.400 QQBrowser/9.7.13161.400',
  'upgrade-insecure-requests' => '1',
  'cache-control' => 'no-cache',
  'pragma' => 'no-cache',
  'connection' => 'close',
  'host' => 'www.wap1.com',
)
[ info ] [ PARAM ] array (
  '/index/base/login_html' => '',
)
[ info ] [ LANG ] D:\phpStudy2018\PHPTutorial\WWW\tp5/application/index\lang\zh-cn.php
[ info ] [ SESSION ] INIT array (
  'prefix' => 'minishop',
  'type' => '',
  'auto_start' => true,
)
[ info ] [ RUN ] /**
     * 用户登录方法
     * @author  矢志bu渝 <745152620@qq.com>
     */
Method [ <user> public method login ] {
  @@ D:\phpStudy2018\PHPTutorial\WWW\tp5\application\index\controller\Base.php 57 - 83
}

[ info ] [ VIEW ] ./themes/default/index/login.html [ array (
  0 => 'userinfo',
) ]
[ info ] [ LOG ] INIT file

---------------------------------------------------------------
[ 2019-12-09T18:43:19+08:00 ] 127.0.0.1 127.0.0.1 GET /favicon.ico
[ log ] www.wap1.com/favicon.ico [运行时间：0.033907s][吞吐率：29.49req/s] [内存消耗：1,450.70kb] [文件加载：41]
[ info ] [ DB ] INIT mysql
[ info ] [ LANG ] D:\phpStudy2018\PHPTutorial\WWW\tp5\core\lang\zh-cn.php
[ info ] [ ROUTE ] array (
  'type' => 'module',
  'module' => 
  array (
    0 => 'favicon.ico',
    1 => NULL,
    2 => NULL,
  ),
)
[ info ] [ HEADER ] array (
  'cookie' => 'qmfmlloginnum=5; qmfmllastlogintime=1575875816; PHPSESSID=c6pv3j0i08do99p2pgecavplr1; think_var=zh-cn',
  'accept-language' => 'zh-CN,zh;q=0.8',
  'accept-encoding' => 'gzip, deflate, sdch',
  'referer' => 'http://www.wap1.com/index/base/login.html',
  'accept' => '*/*',
  'user-agent' => 'Mozilla/5.0 (Windows NT 10.0; WOW64) AppleWebKit/537.36 (KHTML, like Gecko) Chrome/53.0.2785.104 Safari/537.36 Core/1.53.5155.400 QQBrowser/9.7.13161.400',
  'connection' => 'close',
  'host' => 'www.wap1.com',
)
[ info ] [ PARAM ] array (
  '/favicon_ico' => '',
)
[ info ] [ LOG ] INIT file

---------------------------------------------------------------
[ 2019-12-09T18:43:24+08:00 ] 127.0.0.1 127.0.0.1 GET /admin
[ log ] www.wap1.com/admin [运行时间：0.050365s][吞吐率：19.86req/s] [内存消耗：1,770.62kb] [文件加载：53]
[ info ] [ DB ] INIT mysql
[ info ] [ LANG ] D:\phpStudy2018\PHPTutorial\WWW\tp5\core\lang\zh-cn.php
[ info ] [ ROUTE ] array (
  'type' => 'module',
  'module' => 
  array (
    0 => 'admin',
    1 => NULL,
    2 => NULL,
  ),
)
[ info ] [ HEADER ] array (
  'cookie' => 'qmfmlloginnum=5; qmfmllastlogintime=1575875816; PHPSESSID=c6pv3j0i08do99p2pgecavplr1; think_var=zh-cn',
  'accept-language' => 'zh-CN,zh;q=0.8',
  'accept-encoding' => 'gzip, deflate, sdch',
  'accept' => 'text/html,application/xhtml+xml,application/xml;q=0.9,image/webp,*/*;q=0.8',
  'user-agent' => 'Mozilla/5.0 (Windows NT 10.0; WOW64) AppleWebKit/537.36 (KHTML, like Gecko) Chrome/53.0.2785.104 Safari/537.36 Core/1.53.5155.400 QQBrowser/9.7.13161.400',
  'upgrade-insecure-requests' => '1',
  'connection' => 'close',
  'host' => 'www.wap1.com',
)
[ info ] [ PARAM ] array (
  '/admin' => '',
)
[ info ] [ LANG ] D:\phpStudy2018\PHPTutorial\WWW\tp5/application/admin\lang\zh-cn.php
[ info ] [ SESSION ] INIT array (
  'id' => '',
  'var_session_id' => 'session_id',
  'prefix' => 'minishop',
  'type' => '',
  'auto_start' => true,
)
[ info ] [ LOG ] INIT file

---------------------------------------------------------------
[ 2019-12-09T18:43:24+08:00 ] 127.0.0.1 127.0.0.1 GET /admin/base/login.html
[ log ] www.wap1.com/admin/base/login.html [运行时间：0.057731s][吞吐率：17.32req/s] [内存消耗：1,849.16kb] [文件加载：53]
[ info ] [ DB ] INIT mysql
[ info ] [ LANG ] D:\phpStudy2018\PHPTutorial\WWW\tp5\core\lang\zh-cn.php
[ info ] [ ROUTE ] array (
  'type' => 'module',
  'module' => 
  array (
    0 => 'admin',
    1 => 'base',
    2 => 'login',
  ),
)
[ info ] [ HEADER ] array (
  'cookie' => 'qmfmlloginnum=5; qmfmllastlogintime=1575875816; PHPSESSID=c6pv3j0i08do99p2pgecavplr1; think_var=zh-cn',
  'accept-language' => 'zh-CN,zh;q=0.8',
  'accept-encoding' => 'gzip, deflate, sdch',
  'accept' => 'text/html,application/xhtml+xml,application/xml;q=0.9,image/webp,*/*;q=0.8',
  'user-agent' => 'Mozilla/5.0 (Windows NT 10.0; WOW64) AppleWebKit/537.36 (KHTML, like Gecko) Chrome/53.0.2785.104 Safari/537.36 Core/1.53.5155.400 QQBrowser/9.7.13161.400',
  'upgrade-insecure-requests' => '1',
  'connection' => 'close',
  'host' => 'www.wap1.com',
)
[ info ] [ PARAM ] array (
  '/admin/base/login_html' => '',
)
[ info ] [ LANG ] D:\phpStudy2018\PHPTutorial\WWW\tp5/application/admin\lang\zh-cn.php
[ info ] [ RUN ] /**
     * 用户登录方法
     * @author  tangtanglove <dai_hang_love@126.com>
     */
Method [ <user> public method login ] {
  @@ D:\phpStudy2018\PHPTutorial\WWW\tp5\application\admin\controller\Base.php 39 - 73
}

[ info ] [ VIEW ] D:\phpStudy2018\PHPTutorial\WWW\tp5/application/admin\view\base\login.html [ array (
  0 => 'tyjfmc',
) ]
[ info ] [ LOG ] INIT file

---------------------------------------------------------------
[ 2019-12-09T18:43:24+08:00 ] 127.0.0.1 127.0.0.1 GET /static/bootstrap/css/font-awesome.min.css
[ log ] www.wap1.com/static/bootstrap/css/font-awesome.min.css [运行时间：0.043316s][吞吐率：23.09req/s] [内存消耗：1,450.97kb] [文件加载：41]
[ info ] [ DB ] INIT mysql
[ info ] [ LANG ] D:\phpStudy2018\PHPTutorial\WWW\tp5\core\lang\zh-cn.php
[ info ] [ ROUTE ] array (
  'type' => 'module',
  'module' => 
  array (
    0 => 'static',
    1 => 'bootstrap',
    2 => 'css',
  ),
)
[ info ] [ HEADER ] array (
  'cookie' => 'qmfmlloginnum=5; qmfmllastlogintime=1575875816; PHPSESSID=c6pv3j0i08do99p2pgecavplr1; think_var=zh-cn',
  'accept-language' => 'zh-CN,zh;q=0.8',
  'accept-encoding' => 'gzip, deflate, sdch',
  'referer' => 'http://www.wap1.com/admin/base/login.html',
  'accept' => 'text/css,*/*;q=0.1',
  'user-agent' => 'Mozilla/5.0 (Windows NT 10.0; WOW64) AppleWebKit/537.36 (KHTML, like Gecko) Chrome/53.0.2785.104 Safari/537.36 Core/1.53.5155.400 QQBrowser/9.7.13161.400',
  'connection' => 'close',
  'host' => 'www.wap1.com',
)
[ info ] [ PARAM ] array (
  '/static/bootstrap/css/font-awesome_min_css' => '',
)
[ info ] [ LOG ] INIT file

---------------------------------------------------------------
[ 2019-12-09T18:43:25+08:00 ] 127.0.0.1 127.0.0.1 GET /static/bootstrap/css/ionicons.min.css
[ log ] www.wap1.com/static/bootstrap/css/ionicons.min.css [运行时间：0.034020s][吞吐率：29.39req/s] [内存消耗：1,450.97kb] [文件加载：41]
[ info ] [ DB ] INIT mysql
[ info ] [ LANG ] D:\phpStudy2018\PHPTutorial\WWW\tp5\core\lang\zh-cn.php
[ info ] [ ROUTE ] array (
  'type' => 'module',
  'module' => 
  array (
    0 => 'static',
    1 => 'bootstrap',
    2 => 'css',
  ),
)
[ info ] [ HEADER ] array (
  'cookie' => 'qmfmlloginnum=5; qmfmllastlogintime=1575875816; PHPSESSID=c6pv3j0i08do99p2pgecavplr1; think_var=zh-cn',
  'accept-language' => 'zh-CN,zh;q=0.8',
  'accept-encoding' => 'gzip, deflate, sdch',
  'referer' => 'http://www.wap1.com/admin/base/login.html',
  'accept' => 'text/css,*/*;q=0.1',
  'user-agent' => 'Mozilla/5.0 (Windows NT 10.0; WOW64) AppleWebKit/537.36 (KHTML, like Gecko) Chrome/53.0.2785.104 Safari/537.36 Core/1.53.5155.400 QQBrowser/9.7.13161.400',
  'connection' => 'close',
  'host' => 'www.wap1.com',
)
[ info ] [ PARAM ] array (
  '/static/bootstrap/css/ionicons_min_css' => '',
)
[ info ] [ LOG ] INIT file

---------------------------------------------------------------
[ 2019-12-09T18:43:25+08:00 ] 127.0.0.1 127.0.0.1 GET /admin/base/captcha.html
[ log ] www.wap1.com/admin/base/captcha.html [运行时间：0.061456s][吞吐率：16.27req/s] [内存消耗：1,755.97kb] [文件加载：50]
[ info ] [ DB ] INIT mysql
[ info ] [ LANG ] D:\phpStudy2018\PHPTutorial\WWW\tp5\core\lang\zh-cn.php
[ info ] [ ROUTE ] array (
  'type' => 'module',
  'module' => 
  array (
    0 => 'admin',
    1 => 'base',
    2 => 'captcha',
  ),
)
[ info ] [ HEADER ] array (
  'cookie' => 'qmfmlloginnum=5; qmfmllastlogintime=1575875816; PHPSESSID=c6pv3j0i08do99p2pgecavplr1; think_var=zh-cn',
  'accept-language' => 'zh-CN,zh;q=0.8',
  'accept-encoding' => 'gzip, deflate, sdch',
  'referer' => 'http://www.wap1.com/admin/base/login.html',
  'accept' => 'image/webp,image/*,*/*;q=0.8',
  'user-agent' => 'Mozilla/5.0 (Windows NT 10.0; WOW64) AppleWebKit/537.36 (KHTML, like Gecko) Chrome/53.0.2785.104 Safari/537.36 Core/1.53.5155.400 QQBrowser/9.7.13161.400',
  'connection' => 'close',
  'host' => 'www.wap1.com',
)
[ info ] [ PARAM ] array (
  '/admin/base/captcha_html' => '',
)
[ info ] [ LANG ] D:\phpStudy2018\PHPTutorial\WWW\tp5/application/admin\lang\zh-cn.php
[ info ] [ RUN ] /**
     * 系统验证码方法
     * @author  tangtanglove <dai_hang_love@126.com>
     */
Method [ <user> public method captcha ] {
  @@ D:\phpStudy2018\PHPTutorial\WWW\tp5\application\admin\controller\Base.php 79 - 83
}

[ info ] [ SESSION ] INIT array (
  'id' => '',
  'var_session_id' => 'session_id',
  'prefix' => 'minishop',
  'type' => '',
  'auto_start' => true,
)
[ info ] [ LOG ] INIT file

---------------------------------------------------------------
[ 2019-12-09T18:43:27+08:00 ] 127.0.0.1 127.0.0.1 GET /static/plugins/iCheck/square/blue.css
[ log ] www.wap1.com/static/plugins/iCheck/square/blue.css [运行时间：0.077977s][吞吐率：12.82req/s] [内存消耗：1,451.16kb] [文件加载：41]
[ info ] [ DB ] INIT mysql
[ info ] [ LANG ] D:\phpStudy2018\PHPTutorial\WWW\tp5\core\lang\zh-cn.php
[ info ] [ ROUTE ] array (
  'type' => 'module',
  'module' => 
  array (
    0 => 'static',
    1 => 'plugins',
    2 => 'iCheck',
  ),
)
[ info ] [ HEADER ] array (
  'cookie' => 'qmfmlloginnum=5; qmfmllastlogintime=1575875816; PHPSESSID=c6pv3j0i08do99p2pgecavplr1; think_var=zh-cn',
  'accept-language' => 'zh-CN,zh;q=0.8',
  'accept-encoding' => 'gzip, deflate, sdch',
  'referer' => 'http://www.wap1.com/admin/base/login.html',
  'accept' => 'text/css,*/*;q=0.1',
  'user-agent' => 'Mozilla/5.0 (Windows NT 10.0; WOW64) AppleWebKit/537.36 (KHTML, like Gecko) Chrome/53.0.2785.104 Safari/537.36 Core/1.53.5155.400 QQBrowser/9.7.13161.400',
  'connection' => 'close',
  'host' => 'www.wap1.com',
)
[ info ] [ PARAM ] array (
  '/static/plugins/iCheck/square/blue_css' => '',
  'square' => 'blue.css',
)
[ info ] [ LOG ] INIT file

---------------------------------------------------------------
[ 2019-12-09T18:43:46+08:00 ] 127.0.0.1 127.0.0.1 GET /admin/base/captcha.html?rand=0.18543604569938843
[ log ] www.wap1.com/admin/base/captcha.html?rand=0.18543604569938843 [运行时间：0.056298s][吞吐率：17.76req/s] [内存消耗：1,756.05kb] [文件加载：50]
[ info ] [ DB ] INIT mysql
[ info ] [ LANG ] D:\phpStudy2018\PHPTutorial\WWW\tp5\core\lang\zh-cn.php
[ info ] [ ROUTE ] array (
  'type' => 'module',
  'module' => 
  array (
    0 => 'admin',
    1 => 'base',
    2 => 'captcha',
  ),
)
[ info ] [ HEADER ] array (
  'cookie' => 'qmfmlloginnum=5; qmfmllastlogintime=1575875816; PHPSESSID=c6pv3j0i08do99p2pgecavplr1; think_var=zh-cn',
  'accept-language' => 'zh-CN,zh;q=0.8',
  'accept-encoding' => 'gzip, deflate, sdch',
  'referer' => 'http://www.wap1.com/admin/base/login.html',
  'accept' => 'image/webp,image/*,*/*;q=0.8',
  'user-agent' => 'Mozilla/5.0 (Windows NT 10.0; WOW64) AppleWebKit/537.36 (KHTML, like Gecko) Chrome/53.0.2785.104 Safari/537.36 Core/1.53.5155.400 QQBrowser/9.7.13161.400',
  'connection' => 'close',
  'host' => 'www.wap1.com',
)
[ info ] [ PARAM ] array (
  '/admin/base/captcha_html' => '',
  'rand' => '0.18543604569938843',
)
[ info ] [ LANG ] D:\phpStudy2018\PHPTutorial\WWW\tp5/application/admin\lang\zh-cn.php
[ info ] [ RUN ] /**
     * 系统验证码方法
     * @author  tangtanglove <dai_hang_love@126.com>
     */
Method [ <user> public method captcha ] {
  @@ D:\phpStudy2018\PHPTutorial\WWW\tp5\application\admin\controller\Base.php 79 - 83
}

[ info ] [ SESSION ] INIT array (
  'id' => '',
  'var_session_id' => 'session_id',
  'prefix' => 'minishop',
  'type' => '',
  'auto_start' => true,
)
[ info ] [ LOG ] INIT file

---------------------------------------------------------------
[ 2019-12-09T18:43:52+08:00 ] 127.0.0.1 127.0.0.1 POST /admin/base/login.html
[ log ] www.wap1.com/admin/base/login.html [运行时间：0.059516s][吞吐率：16.80req/s] [内存消耗：1,961.19kb] [文件加载：55]
[ info ] [ DB ] INIT mysql
[ info ] [ LANG ] D:\phpStudy2018\PHPTutorial\WWW\tp5\core\lang\zh-cn.php
[ info ] [ ROUTE ] array (
  'type' => 'module',
  'module' => 
  array (
    0 => 'admin',
    1 => 'base',
    2 => 'login',
  ),
)
[ info ] [ HEADER ] array (
  'cookie' => 'qmfmlloginnum=5; qmfmllastlogintime=1575875816; PHPSESSID=c6pv3j0i08do99p2pgecavplr1; think_var=zh-cn',
  'accept-language' => 'zh-CN,zh;q=0.8',
  'accept-encoding' => 'gzip, deflate',
  'referer' => 'http://www.wap1.com/admin/base/login.html',
  'user-agent' => 'Mozilla/5.0 (Windows NT 10.0; WOW64) AppleWebKit/537.36 (KHTML, like Gecko) Chrome/53.0.2785.104 Safari/537.36 Core/1.53.5155.400 QQBrowser/9.7.13161.400',
  'x-requested-with' => 'XMLHttpRequest',
  'origin' => 'http://www.wap1.com',
  'accept' => '*/*',
  'connection' => 'close',
  'host' => 'www.wap1.com',
  'content-type' => 'application/x-www-form-urlencoded; charset=UTF-8',
  'content-length' => '48',
)
[ info ] [ PARAM ] array (
  '/admin/base/login_html' => '',
  'username' => 'admin',
  'password' => '15666666666',
  'captcha' => 'yrn5',
)
[ info ] [ LANG ] D:\phpStudy2018\PHPTutorial\WWW\tp5/application/admin\lang\zh-cn.php
[ info ] [ RUN ] /**
     * 用户登录方法
     * @author  tangtanglove <dai_hang_love@126.com>
     */
Method [ <user> public method login ] {
  @@ D:\phpStudy2018\PHPTutorial\WWW\tp5\application\admin\controller\Base.php 39 - 73
}

[ info ] [ SESSION ] INIT array (
  'id' => '',
  'var_session_id' => 'session_id',
  'prefix' => 'minishop',
  'type' => '',
  'auto_start' => true,
)
[ info ] [ LOG ] INIT file

---------------------------------------------------------------
[ 2019-12-09T18:43:53+08:00 ] 127.0.0.1 127.0.0.1 GET /admin/index/index.html
[ log ] www.wap1.com/admin/index/index.html [运行时间：0.124132s][吞吐率：8.06req/s] [内存消耗：2,001.45kb] [文件加载：58]
[ info ] [ DB ] INIT mysql
[ info ] [ LANG ] D:\phpStudy2018\PHPTutorial\WWW\tp5\core\lang\zh-cn.php
[ info ] [ ROUTE ] array (
  'type' => 'module',
  'module' => 
  array (
    0 => 'admin',
    1 => 'index',
    2 => 'index',
  ),
)
[ info ] [ HEADER ] array (
  'cookie' => 'qmfmlloginnum=5; qmfmllastlogintime=1575875816; PHPSESSID=c6pv3j0i08do99p2pgecavplr1; think_var=zh-cn',
  'accept-language' => 'zh-CN,zh;q=0.8',
  'accept-encoding' => 'gzip, deflate, sdch',
  'referer' => 'http://www.wap1.com/admin/base/login.html',
  'accept' => 'text/html,application/xhtml+xml,application/xml;q=0.9,image/webp,*/*;q=0.8',
  'user-agent' => 'Mozilla/5.0 (Windows NT 10.0; WOW64) AppleWebKit/537.36 (KHTML, like Gecko) Chrome/53.0.2785.104 Safari/537.36 Core/1.53.5155.400 QQBrowser/9.7.13161.400',
  'upgrade-insecure-requests' => '1',
  'connection' => 'close',
  'host' => 'www.wap1.com',
)
[ info ] [ PARAM ] array (
  '/admin/index/index_html' => '',
)
[ info ] [ LANG ] D:\phpStudy2018\PHPTutorial\WWW\tp5/application/admin\lang\zh-cn.php
[ info ] [ SESSION ] INIT array (
  'id' => '',
  'var_session_id' => 'session_id',
  'prefix' => 'minishop',
  'type' => '',
  'auto_start' => true,
)
[ info ] [ RUN ] Method [ <user> public method index ] {
  @@ D:\phpStudy2018\PHPTutorial\WWW\tp5\application\admin\controller\Index.php 21 - 40
}

[ info ] [ VIEW ] D:\phpStudy2018\PHPTutorial\WWW\tp5/application/admin\view\index\index.html [ array (
  0 => 'menuTree',
  1 => 'order_num',
  2 => 'tixian',
  3 => 'jh_num',
  4 => 'wjh_num',
  5 => 'zjf_num',
  6 => 'user_num',
) ]
[ info ] [ CACHE ] INIT File
[ info ] [ LOG ] INIT file

---------------------------------------------------------------
[ 2019-12-09T18:44:09+08:00 ] 127.0.0.1 127.0.0.1 GET /admin/member/withdrawal.html
[ log ] www.wap1.com/admin/member/withdrawal.html [运行时间：0.095326s][吞吐率：10.49req/s] [内存消耗：2,146.74kb] [文件加载：62]
[ info ] [ DB ] INIT mysql
[ info ] [ LANG ] D:\phpStudy2018\PHPTutorial\WWW\tp5\core\lang\zh-cn.php
[ info ] [ ROUTE ] array (
  'type' => 'module',
  'module' => 
  array (
    0 => 'admin',
    1 => 'member',
    2 => 'withdrawal',
  ),
)
[ info ] [ HEADER ] array (
  'cookie' => 'qmfmlloginnum=5; qmfmllastlogintime=1575875816; PHPSESSID=c6pv3j0i08do99p2pgecavplr1; think_var=zh-cn',
  'accept-language' => 'zh-CN,zh;q=0.8',
  'accept-encoding' => 'gzip, deflate, sdch',
  'referer' => 'http://www.wap1.com/admin/index/index.html',
  'accept' => 'text/html,application/xhtml+xml,application/xml;q=0.9,image/webp,*/*;q=0.8',
  'user-agent' => 'Mozilla/5.0 (Windows NT 10.0; WOW64) AppleWebKit/537.36 (KHTML, like Gecko) Chrome/53.0.2785.104 Safari/537.36 Core/1.53.5155.400 QQBrowser/9.7.13161.400',
  'upgrade-insecure-requests' => '1',
  'connection' => 'close',
  'host' => 'www.wap1.com',
)
[ info ] [ PARAM ] array (
  '/admin/member/withdrawal_html' => '',
)
[ info ] [ LANG ] D:\phpStudy2018\PHPTutorial\WWW\tp5/application/admin\lang\zh-cn.php
[ info ] [ SESSION ] INIT array (
  'id' => '',
  'var_session_id' => 'session_id',
  'prefix' => 'minishop',
  'type' => '',
  'auto_start' => true,
)
[ info ] [ RUN ] Method [ <user> public method withdrawal ] {
  @@ D:\phpStudy2018\PHPTutorial\WWW\tp5\application\admin\controller\Member.php 273 - 301
}

[ info ] [ VIEW ] D:\phpStudy2018\PHPTutorial\WWW\tp5/application/admin\view\member\withdrawal.html [ array (
  0 => 'menuTree',
  1 => 'userList',
) ]
[ info ] [ CACHE ] INIT File
[ info ] [ LOG ] INIT file

---------------------------------------------------------------
[ 2019-12-09T18:44:22+08:00 ] 127.0.0.1 127.0.0.1 GET /admin/member/gongpai_xinxi.html
[ log ] www.wap1.com/admin/member/gongpai_xinxi.html [运行时间：0.080265s][吞吐率：12.46req/s] [内存消耗：2,142.38kb] [文件加载：62]
[ info ] [ DB ] INIT mysql
[ info ] [ LANG ] D:\phpStudy2018\PHPTutorial\WWW\tp5\core\lang\zh-cn.php
[ info ] [ ROUTE ] array (
  'type' => 'module',
  'module' => 
  array (
    0 => 'admin',
    1 => 'member',
    2 => 'gongpai_xinxi',
  ),
)
[ info ] [ HEADER ] array (
  'cookie' => 'qmfmlloginnum=5; qmfmllastlogintime=1575875816; PHPSESSID=c6pv3j0i08do99p2pgecavplr1; think_var=zh-cn',
  'accept-language' => 'zh-CN,zh;q=0.8',
  'accept-encoding' => 'gzip, deflate, sdch',
  'referer' => 'http://www.wap1.com/admin/member/withdrawal.html',
  'accept' => 'text/html,application/xhtml+xml,application/xml;q=0.9,image/webp,*/*;q=0.8',
  'user-agent' => 'Mozilla/5.0 (Windows NT 10.0; WOW64) AppleWebKit/537.36 (KHTML, like Gecko) Chrome/53.0.2785.104 Safari/537.36 Core/1.53.5155.400 QQBrowser/9.7.13161.400',
  'upgrade-insecure-requests' => '1',
  'connection' => 'close',
  'host' => 'www.wap1.com',
)
[ info ] [ PARAM ] array (
  '/admin/member/gongpai_xinxi_html' => '',
)
[ info ] [ LANG ] D:\phpStudy2018\PHPTutorial\WWW\tp5/application/admin\lang\zh-cn.php
[ info ] [ SESSION ] INIT array (
  'id' => '',
  'var_session_id' => 'session_id',
  'prefix' => 'minishop',
  'type' => '',
  'auto_start' => true,
)
[ info ] [ RUN ] Method [ <user> public method gongpai_xinxi ] {
  @@ D:\phpStudy2018\PHPTutorial\WWW\tp5\application\admin\controller\Member.php 55 - 88
}

[ info ] [ VIEW ] D:\phpStudy2018\PHPTutorial\WWW\tp5/application/admin\view\member\gongpai_xinxi.html [ array (
  0 => 'menuTree',
  1 => 'userList',
) ]
[ info ] [ CACHE ] INIT File
[ info ] [ LOG ] INIT file

---------------------------------------------------------------
[ 2019-12-09T18:44:25+08:00 ] 127.0.0.1 127.0.0.1 GET /admin/apiconfig/edit.html
[ log ] www.wap1.com/admin/apiconfig/edit.html [运行时间：0.080660s][吞吐率：12.40req/s] [内存消耗：1,999.05kb] [文件加载：58]
[ info ] [ DB ] INIT mysql
[ info ] [ LANG ] D:\phpStudy2018\PHPTutorial\WWW\tp5\core\lang\zh-cn.php
[ info ] [ ROUTE ] array (
  'type' => 'module',
  'module' => 
  array (
    0 => 'admin',
    1 => 'apiconfig',
    2 => 'edit',
  ),
)
[ info ] [ HEADER ] array (
  'cookie' => 'qmfmlloginnum=5; qmfmllastlogintime=1575875816; PHPSESSID=c6pv3j0i08do99p2pgecavplr1; think_var=zh-cn',
  'accept-language' => 'zh-CN,zh;q=0.8',
  'accept-encoding' => 'gzip, deflate, sdch',
  'referer' => 'http://www.wap1.com/admin/member/gongpai_xinxi.html',
  'accept' => 'text/html,application/xhtml+xml,application/xml;q=0.9,image/webp,*/*;q=0.8',
  'user-agent' => 'Mozilla/5.0 (Windows NT 10.0; WOW64) AppleWebKit/537.36 (KHTML, like Gecko) Chrome/53.0.2785.104 Safari/537.36 Core/1.53.5155.400 QQBrowser/9.7.13161.400',
  'upgrade-insecure-requests' => '1',
  'connection' => 'close',
  'host' => 'www.wap1.com',
)
[ info ] [ PARAM ] array (
  '/admin/apiconfig/edit_html' => '',
)
[ info ] [ LANG ] D:\phpStudy2018\PHPTutorial\WWW\tp5/application/admin\lang\zh-cn.php
[ info ] [ SESSION ] INIT array (
  'id' => '',
  'var_session_id' => 'session_id',
  'prefix' => 'minishop',
  'type' => '',
  'auto_start' => true,
)
[ info ] [ RUN ] /**
     * 各个配置设置
     */
Method [ <user> public method edit ] {
  @@ D:\phpStudy2018\PHPTutorial\WWW\tp5\application\admin\controller\Apiconfig.php 25 - 45
}

[ info ] [ VIEW ] D:\phpStudy2018\PHPTutorial\WWW\tp5/application/admin\view\apiconfig\edit.html [ array (
  0 => 'menuTree',
  1 => 'list',
) ]
[ info ] [ CACHE ] INIT File
[ info ] [ LOG ] INIT file

---------------------------------------------------------------
[ 2019-12-09T18:44:26+08:00 ] 127.0.0.1 127.0.0.1 GET /admin/config/edit.html
[ log ] www.wap1.com/admin/config/edit.html [运行时间：0.088897s][吞吐率：11.25req/s] [内存消耗：2,067.43kb] [文件加载：58]
[ info ] [ DB ] INIT mysql
[ info ] [ LANG ] D:\phpStudy2018\PHPTutorial\WWW\tp5\core\lang\zh-cn.php
[ info ] [ ROUTE ] array (
  'type' => 'module',
  'module' => 
  array (
    0 => 'admin',
    1 => 'config',
    2 => 'edit',
  ),
)
[ info ] [ HEADER ] array (
  'cookie' => 'qmfmlloginnum=5; qmfmllastlogintime=1575875816; PHPSESSID=c6pv3j0i08do99p2pgecavplr1; think_var=zh-cn',
  'accept-language' => 'zh-CN,zh;q=0.8',
  'accept-encoding' => 'gzip, deflate, sdch',
  'referer' => 'http://www.wap1.com/admin/apiconfig/edit.html',
  'accept' => 'text/html,application/xhtml+xml,application/xml;q=0.9,image/webp,*/*;q=0.8',
  'user-agent' => 'Mozilla/5.0 (Windows NT 10.0; WOW64) AppleWebKit/537.36 (KHTML, like Gecko) Chrome/53.0.2785.104 Safari/537.36 Core/1.53.5155.400 QQBrowser/9.7.13161.400',
  'upgrade-insecure-requests' => '1',
  'connection' => 'close',
  'host' => 'www.wap1.com',
)
[ info ] [ PARAM ] array (
  '/admin/config/edit_html' => '',
)
[ info ] [ LANG ] D:\phpStudy2018\PHPTutorial\WWW\tp5/application/admin\lang\zh-cn.php
[ info ] [ SESSION ] INIT array (
  'id' => '',
  'var_session_id' => 'session_id',
  'prefix' => 'minishop',
  'type' => '',
  'auto_start' => true,
)
[ info ] [ RUN ] /**
     * 系统配置
     */
Method [ <user> public method edit ] {
  @@ D:\phpStudy2018\PHPTutorial\WWW\tp5\application\admin\controller\Config.php 25 - 45
}

[ info ] [ VIEW ] D:\phpStudy2018\PHPTutorial\WWW\tp5/application/admin\view\config\edit.html [ array (
  0 => 'menuTree',
  1 => 'list',
) ]
[ info ] [ CACHE ] INIT File
[ info ] [ LOG ] INIT file

---------------------------------------------------------------
[ 2019-12-09T18:44:26+08:00 ] 127.0.0.1 127.0.0.1 GET /admin/ueditor/index.html?action=config&&noCache=1575888266684
[ log ] www.wap1.com/admin/ueditor/index.html?action=config&&noCache=1575888266684 [运行时间：0.073102s][吞吐率：13.68req/s] [内存消耗：1,767.66kb] [文件加载：50]
[ info ] [ DB ] INIT mysql
[ info ] [ LANG ] D:\phpStudy2018\PHPTutorial\WWW\tp5\core\lang\zh-cn.php
[ info ] [ ROUTE ] array (
  'type' => 'module',
  'module' => 
  array (
    0 => 'admin',
    1 => 'ueditor',
    2 => 'index',
  ),
)
[ info ] [ HEADER ] array (
  'cookie' => 'qmfmlloginnum=5; qmfmllastlogintime=1575875816; PHPSESSID=c6pv3j0i08do99p2pgecavplr1; think_var=zh-cn',
  'accept-language' => 'zh-CN,zh;q=0.8',
  'accept-encoding' => 'gzip, deflate, sdch',
  'referer' => 'http://www.wap1.com/admin/config/edit.html',
  'accept' => '*/*',
  'user-agent' => 'Mozilla/5.0 (Windows NT 10.0; WOW64) AppleWebKit/537.36 (KHTML, like Gecko) Chrome/53.0.2785.104 Safari/537.36 Core/1.53.5155.400 QQBrowser/9.7.13161.400',
  'connection' => 'close',
  'host' => 'www.wap1.com',
)
[ info ] [ PARAM ] array (
  '/admin/ueditor/index_html' => '',
  'action' => 'config',
  'noCache' => '1575888266684',
)
[ info ] [ LANG ] D:\phpStudy2018\PHPTutorial\WWW\tp5/application/admin\lang\zh-cn.php
[ info ] [ SESSION ] INIT array (
  'id' => '',
  'var_session_id' => 'session_id',
  'prefix' => 'minishop',
  'type' => '',
  'auto_start' => true,
)
[ info ] [ RUN ] /**
     * 上传文件
     * @author tangtanglove <dai_hang_love@126.com>
     */
Method [ <user> public method index ] {
  @@ D:\phpStudy2018\PHPTutorial\WWW\tp5\application\admin\controller\Ueditor.php 27 - 81
}

[ info ] [ LOG ] INIT file

---------------------------------------------------------------
[ 2019-12-09T18:44:26+08:00 ] 127.0.0.1 127.0.0.1 GET /admin/ueditor/index.html?action=config&&noCache=1575888266683
[ log ] www.wap1.com/admin/ueditor/index.html?action=config&&noCache=1575888266683 [运行时间：0.100412s][吞吐率：9.96req/s] [内存消耗：1,767.66kb] [文件加载：50]
[ info ] [ DB ] INIT mysql
[ info ] [ LANG ] D:\phpStudy2018\PHPTutorial\WWW\tp5\core\lang\zh-cn.php
[ info ] [ ROUTE ] array (
  'type' => 'module',
  'module' => 
  array (
    0 => 'admin',
    1 => 'ueditor',
    2 => 'index',
  ),
)
[ info ] [ HEADER ] array (
  'cookie' => 'qmfmlloginnum=5; qmfmllastlogintime=1575875816; PHPSESSID=c6pv3j0i08do99p2pgecavplr1; think_var=zh-cn',
  'accept-language' => 'zh-CN,zh;q=0.8',
  'accept-encoding' => 'gzip, deflate, sdch',
  'referer' => 'http://www.wap1.com/admin/config/edit.html',
  'accept' => '*/*',
  'user-agent' => 'Mozilla/5.0 (Windows NT 10.0; WOW64) AppleWebKit/537.36 (KHTML, like Gecko) Chrome/53.0.2785.104 Safari/537.36 Core/1.53.5155.400 QQBrowser/9.7.13161.400',
  'connection' => 'close',
  'host' => 'www.wap1.com',
)
[ info ] [ PARAM ] array (
  '/admin/ueditor/index_html' => '',
  'action' => 'config',
  'noCache' => '1575888266683',
)
[ info ] [ LANG ] D:\phpStudy2018\PHPTutorial\WWW\tp5/application/admin\lang\zh-cn.php
[ info ] [ SESSION ] INIT array (
  'id' => '',
  'var_session_id' => 'session_id',
  'prefix' => 'minishop',
  'type' => '',
  'auto_start' => true,
)
[ info ] [ RUN ] /**
     * 上传文件
     * @author tangtanglove <dai_hang_love@126.com>
     */
Method [ <user> public method index ] {
  @@ D:\phpStudy2018\PHPTutorial\WWW\tp5\application\admin\controller\Ueditor.php 27 - 81
}

[ info ] [ LOG ] INIT file

---------------------------------------------------------------
[ 2019-12-09T21:18:14+08:00 ] 127.0.0.1 127.0.0.1 GET /favicon.ico
[ log ] www.wap1.com/favicon.ico [运行时间：0.121909s][吞吐率：8.20req/s] [内存消耗：1,811.21kb] [文件加载：41]
[ info ] [ DB ] INIT mysql
[ info ] [ LANG ] D:\phpStudy2018\PHPTutorial\WWW\tp5\core\lang\zh-cn.php
[ info ] [ ROUTE ] array (
  'type' => 'module',
  'module' => 
  array (
    0 => 'favicon.ico',
    1 => NULL,
    2 => NULL,
  ),
)
[ info ] [ HEADER ] array (
  'host' => 'www.wap1.com',
  'connection' => 'keep-alive',
  'user-agent' => 'Mozilla/5.0 (Windows NT 10.0; WOW64) AppleWebKit/537.36 (KHTML, like Gecko) Chrome/53.0.2785.104 Safari/537.36 Core/1.53.5155.400 QQBrowser/9.7.13161.400',
  'accept-encoding' => 'gzip, deflate, sdch',
  'accept-language' => 'zh-CN,zh;q=0.8',
  'cookie' => 'qmfmlloginnum=5; qmfmllastlogintime=1575875816; PHPSESSID=c6pv3j0i08do99p2pgecavplr1',
)
[ info ] [ PARAM ] array (
  '/favicon_ico' => '',
)
[ info ] [ LOG ] INIT file

---------------------------------------------------------------
[ 2019-12-09T21:18:14+08:00 ] 127.0.0.1 127.0.0.1 GET /
[ log ] www.wap1.com/ [运行时间：0.070544s][吞吐率：14.18req/s] [内存消耗：2,235.77kb] [文件加载：54]
[ info ] [ DB ] INIT mysql
[ info ] [ LANG ] D:\phpStudy2018\PHPTutorial\WWW\tp5\core\lang\zh-cn.php
[ info ] [ ROUTE ] array (
  'type' => 'module',
  'module' => 
  array (
    0 => '',
    1 => NULL,
    2 => NULL,
  ),
)
[ info ] [ HEADER ] array (
  'host' => 'www.wap1.com',
  'connection' => 'keep-alive',
  'upgrade-insecure-requests' => '1',
  'user-agent' => 'Mozilla/5.0 (Windows NT 10.0; WOW64) AppleWebKit/537.36 (KHTML, like Gecko) Chrome/53.0.2785.104 Safari/537.36 Core/1.53.5155.400 QQBrowser/9.7.13161.400',
  'accept' => 'text/html,application/xhtml+xml,application/xml;q=0.9,image/webp,*/*;q=0.8',
  'accept-encoding' => 'gzip, deflate, sdch',
  'accept-language' => 'zh-CN,zh;q=0.8',
  'cookie' => 'qmfmlloginnum=5; qmfmllastlogintime=1575875816; PHPSESSID=c6pv3j0i08do99p2pgecavplr1; think_var=zh-cn',
)
[ info ] [ PARAM ] array (
)
[ info ] [ LANG ] D:\phpStudy2018\PHPTutorial\WWW\tp5/application/index\lang\zh-cn.php
[ info ] [ SESSION ] INIT array (
  'prefix' => 'minishop',
  'type' => '',
  'auto_start' => true,
)
[ info ] [ LOG ] INIT file

---------------------------------------------------------------
[ 2019-12-09T21:18:14+08:00 ] 127.0.0.1 127.0.0.1 GET /index/base/login.html
[ log ] www.wap1.com/index/base/login.html [运行时间：0.086065s][吞吐率：11.62req/s] [内存消耗：2,221.95kb] [文件加载：52]
[ info ] [ DB ] INIT mysql
[ info ] [ LANG ] D:\phpStudy2018\PHPTutorial\WWW\tp5\core\lang\zh-cn.php
[ info ] [ ROUTE ] array (
  'type' => 'module',
  'module' => 
  array (
    0 => 'index',
    1 => 'base',
    2 => 'login',
  ),
)
[ info ] [ HEADER ] array (
  'host' => 'www.wap1.com',
  'connection' => 'keep-alive',
  'upgrade-insecure-requests' => '1',
  'user-agent' => 'Mozilla/5.0 (Windows NT 10.0; WOW64) AppleWebKit/537.36 (KHTML, like Gecko) Chrome/53.0.2785.104 Safari/537.36 Core/1.53.5155.400 QQBrowser/9.7.13161.400',
  'accept' => 'text/html,application/xhtml+xml,application/xml;q=0.9,image/webp,*/*;q=0.8',
  'accept-encoding' => 'gzip, deflate, sdch',
  'accept-language' => 'zh-CN,zh;q=0.8',
  'cookie' => 'qmfmlloginnum=5; qmfmllastlogintime=1575875816; PHPSESSID=c6pv3j0i08do99p2pgecavplr1; think_var=zh-cn',
)
[ info ] [ PARAM ] array (
  '/index/base/login_html' => '',
)
[ info ] [ LANG ] D:\phpStudy2018\PHPTutorial\WWW\tp5/application/index\lang\zh-cn.php
[ info ] [ SESSION ] INIT array (
  'prefix' => 'minishop',
  'type' => '',
  'auto_start' => true,
)
[ info ] [ RUN ] /**
     * 用户登录方法
     * @author  矢志bu渝 <745152620@qq.com>
     */
Method [ <user> public method login ] {
  @@ D:\phpStudy2018\PHPTutorial\WWW\tp5\application\index\controller\Base.php 57 - 83
}

[ info ] [ VIEW ] ./themes/default/index/login.html [ array (
  0 => 'userinfo',
) ]
[ info ] [ LOG ] INIT file

---------------------------------------------------------------
[ 2019-12-09T21:18:14+08:00 ] 127.0.0.1 127.0.0.1 GET /favicon.ico
[ log ] www.wap1.com/favicon.ico [运行时间：0.052161s][吞吐率：19.17req/s] [内存消耗：1,810.94kb] [文件加载：41]
[ info ] [ DB ] INIT mysql
[ info ] [ LANG ] D:\phpStudy2018\PHPTutorial\WWW\tp5\core\lang\zh-cn.php
[ info ] [ ROUTE ] array (
  'type' => 'module',
  'module' => 
  array (
    0 => 'favicon.ico',
    1 => NULL,
    2 => NULL,
  ),
)
[ info ] [ HEADER ] array (
  'host' => 'www.wap1.com',
  'connection' => 'keep-alive',
  'user-agent' => 'Mozilla/5.0 (Windows NT 10.0; WOW64) AppleWebKit/537.36 (KHTML, like Gecko) Chrome/53.0.2785.104 Safari/537.36 Core/1.53.5155.400 QQBrowser/9.7.13161.400',
  'accept' => '*/*',
  'referer' => 'http://www.wap1.com/index/base/login.html',
  'accept-encoding' => 'gzip, deflate, sdch',
  'accept-language' => 'zh-CN,zh;q=0.8',
  'cookie' => 'qmfmlloginnum=5; qmfmllastlogintime=1575875816; PHPSESSID=c6pv3j0i08do99p2pgecavplr1; think_var=zh-cn',
)
[ info ] [ PARAM ] array (
  '/favicon_ico' => '',
)
[ info ] [ LOG ] INIT file

---------------------------------------------------------------
[ 2019-12-09T21:18:18+08:00 ] 127.0.0.1 127.0.0.1 GET /favicon.ico
[ log ] www.wap1.com/favicon.ico [运行时间：0.065268s][吞吐率：15.32req/s] [内存消耗：1,810.65kb] [文件加载：41]
[ info ] [ DB ] INIT mysql
[ info ] [ LANG ] D:\phpStudy2018\PHPTutorial\WWW\tp5\core\lang\zh-cn.php
[ info ] [ ROUTE ] array (
  'type' => 'module',
  'module' => 
  array (
    0 => 'favicon.ico',
    1 => NULL,
    2 => NULL,
  ),
)
[ info ] [ HEADER ] array (
  'host' => 'www.wap1.com',
  'connection' => 'keep-alive',
  'user-agent' => 'Mozilla/5.0 (Windows NT 10.0; WOW64) AppleWebKit/537.36 (KHTML, like Gecko) Chrome/53.0.2785.104 Safari/537.36 Core/1.53.5155.400 QQBrowser/9.7.13161.400',
  'accept-encoding' => 'gzip, deflate, sdch',
  'accept-language' => 'zh-CN,zh;q=0.8',
  'cookie' => 'qmfmlloginnum=5; qmfmllastlogintime=1575875816; PHPSESSID=c6pv3j0i08do99p2pgecavplr1; think_var=zh-cn',
)
[ info ] [ PARAM ] array (
  '/favicon_ico' => '',
)
[ info ] [ LOG ] INIT file

---------------------------------------------------------------
[ 2019-12-09T21:18:20+08:00 ] 127.0.0.1 127.0.0.1 GET /favicon.ico
[ log ] www.wap1.com/favicon.ico [运行时间：0.069159s][吞吐率：14.46req/s] [内存消耗：1,810.65kb] [文件加载：41]
[ info ] [ DB ] INIT mysql
[ info ] [ LANG ] D:\phpStudy2018\PHPTutorial\WWW\tp5\core\lang\zh-cn.php
[ info ] [ ROUTE ] array (
  'type' => 'module',
  'module' => 
  array (
    0 => 'favicon.ico',
    1 => NULL,
    2 => NULL,
  ),
)
[ info ] [ HEADER ] array (
  'host' => 'www.wap1.com',
  'connection' => 'keep-alive',
  'user-agent' => 'Mozilla/5.0 (Windows NT 10.0; WOW64) AppleWebKit/537.36 (KHTML, like Gecko) Chrome/53.0.2785.104 Safari/537.36 Core/1.53.5155.400 QQBrowser/9.7.13161.400',
  'accept-encoding' => 'gzip, deflate, sdch',
  'accept-language' => 'zh-CN,zh;q=0.8',
  'cookie' => 'qmfmlloginnum=5; qmfmllastlogintime=1575875816; PHPSESSID=c6pv3j0i08do99p2pgecavplr1; think_var=zh-cn',
)
[ info ] [ PARAM ] array (
  '/favicon_ico' => '',
)
[ info ] [ LOG ] INIT file

---------------------------------------------------------------
[ 2019-12-09T21:18:22+08:00 ] 127.0.0.1 127.0.0.1 GET /favicon.ico
[ log ] www.wap1.com/favicon.ico [运行时间：0.147903s][吞吐率：6.76req/s] [内存消耗：1,810.65kb] [文件加载：41]
[ info ] [ DB ] INIT mysql
[ info ] [ LANG ] D:\phpStudy2018\PHPTutorial\WWW\tp5\core\lang\zh-cn.php
[ info ] [ ROUTE ] array (
  'type' => 'module',
  'module' => 
  array (
    0 => 'favicon.ico',
    1 => NULL,
    2 => NULL,
  ),
)
[ info ] [ HEADER ] array (
  'host' => 'www.wap1.com',
  'connection' => 'keep-alive',
  'user-agent' => 'Mozilla/5.0 (Windows NT 10.0; WOW64) AppleWebKit/537.36 (KHTML, like Gecko) Chrome/53.0.2785.104 Safari/537.36 Core/1.53.5155.400 QQBrowser/9.7.13161.400',
  'accept-encoding' => 'gzip, deflate, sdch',
  'accept-language' => 'zh-CN,zh;q=0.8',
  'cookie' => 'qmfmlloginnum=5; qmfmllastlogintime=1575875816; PHPSESSID=c6pv3j0i08do99p2pgecavplr1; think_var=zh-cn',
)
[ info ] [ PARAM ] array (
  '/favicon_ico' => '',
)
[ info ] [ LOG ] INIT file

---------------------------------------------------------------
[ 2019-12-09T21:18:23+08:00 ] 127.0.0.1 127.0.0.1 GET /favicon.ico
[ log ] www.wap1.com/favicon.ico [运行时间：0.161014s][吞吐率：6.21req/s] [内存消耗：1,810.66kb] [文件加载：41]
[ info ] [ DB ] INIT mysql
[ info ] [ LANG ] D:\phpStudy2018\PHPTutorial\WWW\tp5\core\lang\zh-cn.php
[ info ] [ ROUTE ] array (
  'type' => 'module',
  'module' => 
  array (
    0 => 'favicon.ico',
    1 => NULL,
    2 => NULL,
  ),
)
[ info ] [ HEADER ] array (
  'host' => 'www.wap1.com',
  'connection' => 'keep-alive',
  'user-agent' => 'Mozilla/5.0 (Windows NT 10.0; WOW64) AppleWebKit/537.36 (KHTML, like Gecko) Chrome/53.0.2785.104 Safari/537.36 Core/1.53.5155.400 QQBrowser/9.7.13161.400',
  'accept-encoding' => 'gzip, deflate, sdch',
  'accept-language' => 'zh-CN,zh;q=0.8',
  'cookie' => 'qmfmlloginnum=5; qmfmllastlogintime=1575875816; PHPSESSID=c6pv3j0i08do99p2pgecavplr1; think_var=zh-cn',
)
[ info ] [ PARAM ] array (
  '/favicon_ico' => '',
)
[ info ] [ LOG ] INIT file

---------------------------------------------------------------
[ 2019-12-09T21:18:23+08:00 ] 127.0.0.1 127.0.0.1 GET /favicon.ico
[ log ] www.wap1.com/favicon.ico [运行时间：0.050590s][吞吐率：19.77req/s] [内存消耗：1,810.65kb] [文件加载：41]
[ info ] [ DB ] INIT mysql
[ info ] [ LANG ] D:\phpStudy2018\PHPTutorial\WWW\tp5\core\lang\zh-cn.php
[ info ] [ ROUTE ] array (
  'type' => 'module',
  'module' => 
  array (
    0 => 'favicon.ico',
    1 => NULL,
    2 => NULL,
  ),
)
[ info ] [ HEADER ] array (
  'host' => 'www.wap1.com',
  'connection' => 'keep-alive',
  'user-agent' => 'Mozilla/5.0 (Windows NT 10.0; WOW64) AppleWebKit/537.36 (KHTML, like Gecko) Chrome/53.0.2785.104 Safari/537.36 Core/1.53.5155.400 QQBrowser/9.7.13161.400',
  'accept-encoding' => 'gzip, deflate, sdch',
  'accept-language' => 'zh-CN,zh;q=0.8',
  'cookie' => 'qmfmlloginnum=5; qmfmllastlogintime=1575875816; PHPSESSID=c6pv3j0i08do99p2pgecavplr1; think_var=zh-cn',
)
[ info ] [ PARAM ] array (
  '/favicon_ico' => '',
)
[ info ] [ LOG ] INIT file

---------------------------------------------------------------
[ 2019-12-09T21:18:23+08:00 ] 127.0.0.1 127.0.0.1 GET /favicon.ico
[ log ] www.wap1.com/favicon.ico [运行时间：0.116387s][吞吐率：8.59req/s] [内存消耗：1,810.66kb] [文件加载：41]
[ info ] [ DB ] INIT mysql
[ info ] [ LANG ] D:\phpStudy2018\PHPTutorial\WWW\tp5\core\lang\zh-cn.php
[ info ] [ ROUTE ] array (
  'type' => 'module',
  'module' => 
  array (
    0 => 'favicon.ico',
    1 => NULL,
    2 => NULL,
  ),
)
[ info ] [ HEADER ] array (
  'host' => 'www.wap1.com',
  'connection' => 'keep-alive',
  'user-agent' => 'Mozilla/5.0 (Windows NT 10.0; WOW64) AppleWebKit/537.36 (KHTML, like Gecko) Chrome/53.0.2785.104 Safari/537.36 Core/1.53.5155.400 QQBrowser/9.7.13161.400',
  'accept-encoding' => 'gzip, deflate, sdch',
  'accept-language' => 'zh-CN,zh;q=0.8',
  'cookie' => 'qmfmlloginnum=5; qmfmllastlogintime=1575875816; PHPSESSID=c6pv3j0i08do99p2pgecavplr1; think_var=zh-cn',
)
[ info ] [ PARAM ] array (
  '/favicon_ico' => '',
)
[ info ] [ LOG ] INIT file

---------------------------------------------------------------
[ 2019-12-09T21:18:24+08:00 ] 127.0.0.1 127.0.0.1 GET /favicon.ico
[ log ] www.wap1.com/favicon.ico [运行时间：0.056661s][吞吐率：17.65req/s] [内存消耗：1,810.66kb] [文件加载：41]
[ info ] [ DB ] INIT mysql
[ info ] [ LANG ] D:\phpStudy2018\PHPTutorial\WWW\tp5\core\lang\zh-cn.php
[ info ] [ ROUTE ] array (
  'type' => 'module',
  'module' => 
  array (
    0 => 'favicon.ico',
    1 => NULL,
    2 => NULL,
  ),
)
[ info ] [ HEADER ] array (
  'host' => 'www.wap1.com',
  'connection' => 'keep-alive',
  'user-agent' => 'Mozilla/5.0 (Windows NT 10.0; WOW64) AppleWebKit/537.36 (KHTML, like Gecko) Chrome/53.0.2785.104 Safari/537.36 Core/1.53.5155.400 QQBrowser/9.7.13161.400',
  'accept-encoding' => 'gzip, deflate, sdch',
  'accept-language' => 'zh-CN,zh;q=0.8',
  'cookie' => 'qmfmlloginnum=5; qmfmllastlogintime=1575875816; PHPSESSID=c6pv3j0i08do99p2pgecavplr1; think_var=zh-cn',
)
[ info ] [ PARAM ] array (
  '/favicon_ico' => '',
)
[ info ] [ LOG ] INIT file

---------------------------------------------------------------
[ 2019-12-09T21:18:24+08:00 ] 127.0.0.1 127.0.0.1 GET /favicon.ico
[ log ] www.wap1.com/favicon.ico [运行时间：0.066264s][吞吐率：15.09req/s] [内存消耗：1,810.65kb] [文件加载：41]
[ info ] [ DB ] INIT mysql
[ info ] [ LANG ] D:\phpStudy2018\PHPTutorial\WWW\tp5\core\lang\zh-cn.php
[ info ] [ ROUTE ] array (
  'type' => 'module',
  'module' => 
  array (
    0 => 'favicon.ico',
    1 => NULL,
    2 => NULL,
  ),
)
[ info ] [ HEADER ] array (
  'host' => 'www.wap1.com',
  'connection' => 'keep-alive',
  'user-agent' => 'Mozilla/5.0 (Windows NT 10.0; WOW64) AppleWebKit/537.36 (KHTML, like Gecko) Chrome/53.0.2785.104 Safari/537.36 Core/1.53.5155.400 QQBrowser/9.7.13161.400',
  'accept-encoding' => 'gzip, deflate, sdch',
  'accept-language' => 'zh-CN,zh;q=0.8',
  'cookie' => 'qmfmlloginnum=5; qmfmllastlogintime=1575875816; PHPSESSID=c6pv3j0i08do99p2pgecavplr1; think_var=zh-cn',
)
[ info ] [ PARAM ] array (
  '/favicon_ico' => '',
)
[ info ] [ LOG ] INIT file

---------------------------------------------------------------
[ 2019-12-09T21:18:35+08:00 ] 127.0.0.1 127.0.0.1 GET /favicon.ico
[ log ] www.wap1.com/favicon.ico [运行时间：0.043668s][吞吐率：22.90req/s] [内存消耗：1,810.65kb] [文件加载：41]
[ info ] [ DB ] INIT mysql
[ info ] [ LANG ] D:\phpStudy2018\PHPTutorial\WWW\tp5\core\lang\zh-cn.php
[ info ] [ ROUTE ] array (
  'type' => 'module',
  'module' => 
  array (
    0 => 'favicon.ico',
    1 => NULL,
    2 => NULL,
  ),
)
[ info ] [ HEADER ] array (
  'host' => 'www.wap1.com',
  'connection' => 'keep-alive',
  'user-agent' => 'Mozilla/5.0 (Windows NT 10.0; WOW64) AppleWebKit/537.36 (KHTML, like Gecko) Chrome/53.0.2785.104 Safari/537.36 Core/1.53.5155.400 QQBrowser/9.7.13161.400',
  'accept-encoding' => 'gzip, deflate, sdch',
  'accept-language' => 'zh-CN,zh;q=0.8',
  'cookie' => 'qmfmlloginnum=5; qmfmllastlogintime=1575875816; PHPSESSID=c6pv3j0i08do99p2pgecavplr1; think_var=zh-cn',
)
[ info ] [ PARAM ] array (
  '/favicon_ico' => '',
)
[ info ] [ LOG ] INIT file

---------------------------------------------------------------
[ 2019-12-09T21:39:21+08:00 ] 127.0.0.1 127.0.0.1 GET /favicon.ico
[ log ] www.wap1.com/favicon.ico [运行时间：0.063368s][吞吐率：15.78req/s] [内存消耗：1,810.66kb] [文件加载：41]
[ info ] [ DB ] INIT mysql
[ info ] [ LANG ] D:\phpStudy2018\PHPTutorial\WWW\tp5\core\lang\zh-cn.php
[ info ] [ ROUTE ] array (
  'type' => 'module',
  'module' => 
  array (
    0 => 'favicon.ico',
    1 => NULL,
    2 => NULL,
  ),
)
[ info ] [ HEADER ] array (
  'host' => 'www.wap1.com',
  'connection' => 'keep-alive',
  'user-agent' => 'Mozilla/5.0 (Windows NT 10.0; WOW64) AppleWebKit/537.36 (KHTML, like Gecko) Chrome/53.0.2785.104 Safari/537.36 Core/1.53.5155.400 QQBrowser/9.7.13161.400',
  'accept-encoding' => 'gzip, deflate, sdch',
  'accept-language' => 'zh-CN,zh;q=0.8',
  'cookie' => 'qmfmlloginnum=5; qmfmllastlogintime=1575875816; PHPSESSID=c6pv3j0i08do99p2pgecavplr1; think_var=zh-cn',
)
[ info ] [ PARAM ] array (
  '/favicon_ico' => '',
)
[ info ] [ LOG ] INIT file

---------------------------------------------------------------
[ 2019-12-09T21:45:00+08:00 ] 127.0.0.1 127.0.0.1 GET /favicon.ico
[ log ] www.wap1.com/favicon.ico [运行时间：0.066237s][吞吐率：15.10req/s] [内存消耗：1,810.66kb] [文件加载：41]
[ info ] [ DB ] INIT mysql
[ info ] [ LANG ] D:\phpStudy2018\PHPTutorial\WWW\tp5\core\lang\zh-cn.php
[ info ] [ ROUTE ] array (
  'type' => 'module',
  'module' => 
  array (
    0 => 'favicon.ico',
    1 => NULL,
    2 => NULL,
  ),
)
[ info ] [ HEADER ] array (
  'host' => 'www.wap1.com',
  'connection' => 'keep-alive',
  'user-agent' => 'Mozilla/5.0 (Windows NT 10.0; WOW64) AppleWebKit/537.36 (KHTML, like Gecko) Chrome/53.0.2785.104 Safari/537.36 Core/1.53.5155.400 QQBrowser/9.7.13161.400',
  'accept-encoding' => 'gzip, deflate, sdch',
  'accept-language' => 'zh-CN,zh;q=0.8',
  'cookie' => 'qmfmlloginnum=5; qmfmllastlogintime=1575875816; PHPSESSID=c6pv3j0i08do99p2pgecavplr1; think_var=zh-cn',
)
[ info ] [ PARAM ] array (
  '/favicon_ico' => '',
)
[ info ] [ LOG ] INIT file

---------------------------------------------------------------
[ 2019-12-09T21:45:11+08:00 ] 127.0.0.1 127.0.0.1 GET /favicon.ico
[ log ] www.wap1.com/favicon.ico [运行时间：0.059290s][吞吐率：16.87req/s] [内存消耗：1,810.66kb] [文件加载：41]
[ info ] [ DB ] INIT mysql
[ info ] [ LANG ] D:\phpStudy2018\PHPTutorial\WWW\tp5\core\lang\zh-cn.php
[ info ] [ ROUTE ] array (
  'type' => 'module',
  'module' => 
  array (
    0 => 'favicon.ico',
    1 => NULL,
    2 => NULL,
  ),
)
[ info ] [ HEADER ] array (
  'host' => 'www.wap1.com',
  'connection' => 'keep-alive',
  'user-agent' => 'Mozilla/5.0 (Windows NT 10.0; WOW64) AppleWebKit/537.36 (KHTML, like Gecko) Chrome/53.0.2785.104 Safari/537.36 Core/1.53.5155.400 QQBrowser/9.7.13161.400',
  'accept-encoding' => 'gzip, deflate, sdch',
  'accept-language' => 'zh-CN,zh;q=0.8',
  'cookie' => 'qmfmlloginnum=5; qmfmllastlogintime=1575875816; PHPSESSID=c6pv3j0i08do99p2pgecavplr1; think_var=zh-cn',
)
[ info ] [ PARAM ] array (
  '/favicon_ico' => '',
)
[ info ] [ LOG ] INIT file

---------------------------------------------------------------
[ 2019-12-09T21:45:17+08:00 ] 127.0.0.1 127.0.0.1 GET /favicon.ico
[ log ] www.wap1.com/favicon.ico [运行时间：0.043886s][吞吐率：22.79req/s] [内存消耗：1,810.65kb] [文件加载：41]
[ info ] [ DB ] INIT mysql
[ info ] [ LANG ] D:\phpStudy2018\PHPTutorial\WWW\tp5\core\lang\zh-cn.php
[ info ] [ ROUTE ] array (
  'type' => 'module',
  'module' => 
  array (
    0 => 'favicon.ico',
    1 => NULL,
    2 => NULL,
  ),
)
[ info ] [ HEADER ] array (
  'host' => 'www.wap1.com',
  'connection' => 'keep-alive',
  'user-agent' => 'Mozilla/5.0 (Windows NT 10.0; WOW64) AppleWebKit/537.36 (KHTML, like Gecko) Chrome/53.0.2785.104 Safari/537.36 Core/1.53.5155.400 QQBrowser/9.7.13161.400',
  'accept-encoding' => 'gzip, deflate, sdch',
  'accept-language' => 'zh-CN,zh;q=0.8',
  'cookie' => 'qmfmlloginnum=5; qmfmllastlogintime=1575875816; PHPSESSID=c6pv3j0i08do99p2pgecavplr1; think_var=zh-cn',
)
[ info ] [ PARAM ] array (
  '/favicon_ico' => '',
)
[ info ] [ LOG ] INIT file

---------------------------------------------------------------
[ 2019-12-09T22:27:52+08:00 ] 127.0.0.1 127.0.0.1 GET /favicon.ico
[ log ] www.wap1.com/favicon.ico [运行时间：0.089230s][吞吐率：11.21req/s] [内存消耗：1,811.21kb] [文件加载：41]
[ info ] [ DB ] INIT mysql
[ info ] [ LANG ] D:\phpStudy2018\PHPTutorial\WWW\tp5\core\lang\zh-cn.php
[ info ] [ ROUTE ] array (
  'type' => 'module',
  'module' => 
  array (
    0 => 'favicon.ico',
    1 => NULL,
    2 => NULL,
  ),
)
[ info ] [ HEADER ] array (
  'host' => 'www.wap1.com',
  'connection' => 'keep-alive',
  'user-agent' => 'Mozilla/5.0 (Windows NT 10.0; WOW64) AppleWebKit/537.36 (KHTML, like Gecko) Chrome/53.0.2785.104 Safari/537.36 Core/1.53.5155.400 QQBrowser/9.7.13161.400',
  'accept-encoding' => 'gzip, deflate, sdch',
  'accept-language' => 'zh-CN,zh;q=0.8',
  'cookie' => 'qmfmlloginnum=5; qmfmllastlogintime=1575875816; PHPSESSID=c6pv3j0i08do99p2pgecavplr1',
)
[ info ] [ PARAM ] array (
  '/favicon_ico' => '',
)
[ info ] [ LOG ] INIT file

---------------------------------------------------------------
[ 2019-12-09T22:41:34+08:00 ] 127.0.0.1 127.0.0.1 GET /favicon.ico
[ log ] www.wap1.com/favicon.ico [运行时间：0.052076s][吞吐率：19.20req/s] [内存消耗：1,810.65kb] [文件加载：41]
[ info ] [ DB ] INIT mysql
[ info ] [ LANG ] D:\phpStudy2018\PHPTutorial\WWW\tp5\core\lang\zh-cn.php
[ info ] [ ROUTE ] array (
  'type' => 'module',
  'module' => 
  array (
    0 => 'favicon.ico',
    1 => NULL,
    2 => NULL,
  ),
)
[ info ] [ HEADER ] array (
  'host' => 'www.wap1.com',
  'connection' => 'keep-alive',
  'user-agent' => 'Mozilla/5.0 (Windows NT 10.0; WOW64) AppleWebKit/537.36 (KHTML, like Gecko) Chrome/53.0.2785.104 Safari/537.36 Core/1.53.5155.400 QQBrowser/9.7.13161.400',
  'accept-encoding' => 'gzip, deflate, sdch',
  'accept-language' => 'zh-CN,zh;q=0.8',
  'cookie' => 'qmfmlloginnum=5; qmfmllastlogintime=1575875816; PHPSESSID=c6pv3j0i08do99p2pgecavplr1; think_var=zh-cn',
)
[ info ] [ PARAM ] array (
  '/favicon_ico' => '',
)
[ info ] [ LOG ] INIT file

---------------------------------------------------------------
[ 2019-12-09T22:41:35+08:00 ] 127.0.0.1 127.0.0.1 GET /favicon.ico
[ log ] www.wap1.com/favicon.ico [运行时间：0.063251s][吞吐率：15.81req/s] [内存消耗：1,810.65kb] [文件加载：41]
[ info ] [ DB ] INIT mysql
[ info ] [ LANG ] D:\phpStudy2018\PHPTutorial\WWW\tp5\core\lang\zh-cn.php
[ info ] [ ROUTE ] array (
  'type' => 'module',
  'module' => 
  array (
    0 => 'favicon.ico',
    1 => NULL,
    2 => NULL,
  ),
)
[ info ] [ HEADER ] array (
  'host' => 'www.wap1.com',
  'connection' => 'keep-alive',
  'user-agent' => 'Mozilla/5.0 (Windows NT 10.0; WOW64) AppleWebKit/537.36 (KHTML, like Gecko) Chrome/53.0.2785.104 Safari/537.36 Core/1.53.5155.400 QQBrowser/9.7.13161.400',
  'accept-encoding' => 'gzip, deflate, sdch',
  'accept-language' => 'zh-CN,zh;q=0.8',
  'cookie' => 'qmfmlloginnum=5; qmfmllastlogintime=1575875816; PHPSESSID=c6pv3j0i08do99p2pgecavplr1; think_var=zh-cn',
)
[ info ] [ PARAM ] array (
  '/favicon_ico' => '',
)
[ info ] [ LOG ] INIT file

---------------------------------------------------------------
[ 2019-12-09T22:41:35+08:00 ] 127.0.0.1 127.0.0.1 GET /favicon.ico
[ log ] www.wap1.com/favicon.ico [运行时间：0.072235s][吞吐率：13.84req/s] [内存消耗：1,810.65kb] [文件加载：41]
[ info ] [ DB ] INIT mysql
[ info ] [ LANG ] D:\phpStudy2018\PHPTutorial\WWW\tp5\core\lang\zh-cn.php
[ info ] [ ROUTE ] array (
  'type' => 'module',
  'module' => 
  array (
    0 => 'favicon.ico',
    1 => NULL,
    2 => NULL,
  ),
)
[ info ] [ HEADER ] array (
  'host' => 'www.wap1.com',
  'connection' => 'keep-alive',
  'user-agent' => 'Mozilla/5.0 (Windows NT 10.0; WOW64) AppleWebKit/537.36 (KHTML, like Gecko) Chrome/53.0.2785.104 Safari/537.36 Core/1.53.5155.400 QQBrowser/9.7.13161.400',
  'accept-encoding' => 'gzip, deflate, sdch',
  'accept-language' => 'zh-CN,zh;q=0.8',
  'cookie' => 'qmfmlloginnum=5; qmfmllastlogintime=1575875816; PHPSESSID=c6pv3j0i08do99p2pgecavplr1; think_var=zh-cn',
)
[ info ] [ PARAM ] array (
  '/favicon_ico' => '',
)
[ info ] [ LOG ] INIT file

---------------------------------------------------------------
[ 2019-12-09T22:41:35+08:00 ] 127.0.0.1 127.0.0.1 GET /
[ log ] www.wap1.com/ [运行时间：0.053187s][吞吐率：18.80req/s] [内存消耗：2,235.77kb] [文件加载：54]
[ info ] [ DB ] INIT mysql
[ info ] [ LANG ] D:\phpStudy2018\PHPTutorial\WWW\tp5\core\lang\zh-cn.php
[ info ] [ ROUTE ] array (
  'type' => 'module',
  'module' => 
  array (
    0 => '',
    1 => NULL,
    2 => NULL,
  ),
)
[ info ] [ HEADER ] array (
  'host' => 'www.wap1.com',
  'connection' => 'keep-alive',
  'upgrade-insecure-requests' => '1',
  'user-agent' => 'Mozilla/5.0 (Windows NT 10.0; WOW64) AppleWebKit/537.36 (KHTML, like Gecko) Chrome/53.0.2785.104 Safari/537.36 Core/1.53.5155.400 QQBrowser/9.7.13161.400',
  'accept' => 'text/html,application/xhtml+xml,application/xml;q=0.9,image/webp,*/*;q=0.8',
  'accept-encoding' => 'gzip, deflate, sdch',
  'accept-language' => 'zh-CN,zh;q=0.8',
  'cookie' => 'qmfmlloginnum=5; qmfmllastlogintime=1575875816; PHPSESSID=c6pv3j0i08do99p2pgecavplr1; think_var=zh-cn',
)
[ info ] [ PARAM ] array (
)
[ info ] [ LANG ] D:\phpStudy2018\PHPTutorial\WWW\tp5/application/index\lang\zh-cn.php
[ info ] [ SESSION ] INIT array (
  'prefix' => 'minishop',
  'type' => '',
  'auto_start' => true,
)
[ info ] [ LOG ] INIT file

---------------------------------------------------------------
[ 2019-12-09T22:41:35+08:00 ] 127.0.0.1 127.0.0.1 GET /index/base/login.html
[ log ] www.wap1.com/index/base/login.html [运行时间：0.066756s][吞吐率：14.98req/s] [内存消耗：2,221.95kb] [文件加载：52]
[ info ] [ DB ] INIT mysql
[ info ] [ LANG ] D:\phpStudy2018\PHPTutorial\WWW\tp5\core\lang\zh-cn.php
[ info ] [ ROUTE ] array (
  'type' => 'module',
  'module' => 
  array (
    0 => 'index',
    1 => 'base',
    2 => 'login',
  ),
)
[ info ] [ HEADER ] array (
  'host' => 'www.wap1.com',
  'connection' => 'keep-alive',
  'upgrade-insecure-requests' => '1',
  'user-agent' => 'Mozilla/5.0 (Windows NT 10.0; WOW64) AppleWebKit/537.36 (KHTML, like Gecko) Chrome/53.0.2785.104 Safari/537.36 Core/1.53.5155.400 QQBrowser/9.7.13161.400',
  'accept' => 'text/html,application/xhtml+xml,application/xml;q=0.9,image/webp,*/*;q=0.8',
  'accept-encoding' => 'gzip, deflate, sdch',
  'accept-language' => 'zh-CN,zh;q=0.8',
  'cookie' => 'qmfmlloginnum=5; qmfmllastlogintime=1575875816; PHPSESSID=c6pv3j0i08do99p2pgecavplr1; think_var=zh-cn',
)
[ info ] [ PARAM ] array (
  '/index/base/login_html' => '',
)
[ info ] [ LANG ] D:\phpStudy2018\PHPTutorial\WWW\tp5/application/index\lang\zh-cn.php
[ info ] [ SESSION ] INIT array (
  'prefix' => 'minishop',
  'type' => '',
  'auto_start' => true,
)
[ info ] [ RUN ] /**
     * 用户登录方法
     * @author  矢志bu渝 <745152620@qq.com>
     */
Method [ <user> public method login ] {
  @@ D:\phpStudy2018\PHPTutorial\WWW\tp5\application\index\controller\Base.php 57 - 83
}

[ info ] [ VIEW ] ./themes/default/index/login.html [ array (
  0 => 'userinfo',
) ]
[ info ] [ LOG ] INIT file

---------------------------------------------------------------
[ 2019-12-09T22:41:36+08:00 ] 127.0.0.1 127.0.0.1 GET /favicon.ico
[ log ] www.wap1.com/favicon.ico [运行时间：0.052927s][吞吐率：18.89req/s] [内存消耗：1,810.94kb] [文件加载：41]
[ info ] [ DB ] INIT mysql
[ info ] [ LANG ] D:\phpStudy2018\PHPTutorial\WWW\tp5\core\lang\zh-cn.php
[ info ] [ ROUTE ] array (
  'type' => 'module',
  'module' => 
  array (
    0 => 'favicon.ico',
    1 => NULL,
    2 => NULL,
  ),
)
[ info ] [ HEADER ] array (
  'host' => 'www.wap1.com',
  'connection' => 'keep-alive',
  'user-agent' => 'Mozilla/5.0 (Windows NT 10.0; WOW64) AppleWebKit/537.36 (KHTML, like Gecko) Chrome/53.0.2785.104 Safari/537.36 Core/1.53.5155.400 QQBrowser/9.7.13161.400',
  'accept' => '*/*',
  'referer' => 'http://www.wap1.com/index/base/login.html',
  'accept-encoding' => 'gzip, deflate, sdch',
  'accept-language' => 'zh-CN,zh;q=0.8',
  'cookie' => 'qmfmlloginnum=5; qmfmllastlogintime=1575875816; PHPSESSID=c6pv3j0i08do99p2pgecavplr1; think_var=zh-cn',
)
[ info ] [ PARAM ] array (
  '/favicon_ico' => '',
)
[ info ] [ LOG ] INIT file

---------------------------------------------------------------
[ 2019-12-09T22:41:38+08:00 ] 127.0.0.1 127.0.0.1 GET /favicon.ico
[ log ] www.wap1.com/favicon.ico [运行时间：0.055049s][吞吐率：18.17req/s] [内存消耗：1,810.65kb] [文件加载：41]
[ info ] [ DB ] INIT mysql
[ info ] [ LANG ] D:\phpStudy2018\PHPTutorial\WWW\tp5\core\lang\zh-cn.php
[ info ] [ ROUTE ] array (
  'type' => 'module',
  'module' => 
  array (
    0 => 'favicon.ico',
    1 => NULL,
    2 => NULL,
  ),
)
[ info ] [ HEADER ] array (
  'host' => 'www.wap1.com',
  'connection' => 'keep-alive',
  'user-agent' => 'Mozilla/5.0 (Windows NT 10.0; WOW64) AppleWebKit/537.36 (KHTML, like Gecko) Chrome/53.0.2785.104 Safari/537.36 Core/1.53.5155.400 QQBrowser/9.7.13161.400',
  'accept-encoding' => 'gzip, deflate, sdch',
  'accept-language' => 'zh-CN,zh;q=0.8',
  'cookie' => 'qmfmlloginnum=5; qmfmllastlogintime=1575875816; PHPSESSID=c6pv3j0i08do99p2pgecavplr1; think_var=zh-cn',
)
[ info ] [ PARAM ] array (
  '/favicon_ico' => '',
)
[ info ] [ LOG ] INIT file

---------------------------------------------------------------
[ 2019-12-09T22:41:38+08:00 ] 127.0.0.1 127.0.0.1 GET /favicon.ico
[ log ] www.wap1.com/favicon.ico [运行时间：0.040348s][吞吐率：24.78req/s] [内存消耗：1,810.65kb] [文件加载：41]
[ info ] [ DB ] INIT mysql
[ info ] [ LANG ] D:\phpStudy2018\PHPTutorial\WWW\tp5\core\lang\zh-cn.php
[ info ] [ ROUTE ] array (
  'type' => 'module',
  'module' => 
  array (
    0 => 'favicon.ico',
    1 => NULL,
    2 => NULL,
  ),
)
[ info ] [ HEADER ] array (
  'host' => 'www.wap1.com',
  'connection' => 'keep-alive',
  'user-agent' => 'Mozilla/5.0 (Windows NT 10.0; WOW64) AppleWebKit/537.36 (KHTML, like Gecko) Chrome/53.0.2785.104 Safari/537.36 Core/1.53.5155.400 QQBrowser/9.7.13161.400',
  'accept-encoding' => 'gzip, deflate, sdch',
  'accept-language' => 'zh-CN,zh;q=0.8',
  'cookie' => 'qmfmlloginnum=5; qmfmllastlogintime=1575875816; PHPSESSID=c6pv3j0i08do99p2pgecavplr1; think_var=zh-cn',
)
[ info ] [ PARAM ] array (
  '/favicon_ico' => '',
)
[ info ] [ LOG ] INIT file

---------------------------------------------------------------
[ 2019-12-09T22:41:38+08:00 ] 127.0.0.1 127.0.0.1 GET /favicon.ico
[ log ] www.wap1.com/favicon.ico [运行时间：0.041010s][吞吐率：24.38req/s] [内存消耗：1,810.65kb] [文件加载：41]
[ info ] [ DB ] INIT mysql
[ info ] [ LANG ] D:\phpStudy2018\PHPTutorial\WWW\tp5\core\lang\zh-cn.php
[ info ] [ ROUTE ] array (
  'type' => 'module',
  'module' => 
  array (
    0 => 'favicon.ico',
    1 => NULL,
    2 => NULL,
  ),
)
[ info ] [ HEADER ] array (
  'host' => 'www.wap1.com',
  'connection' => 'keep-alive',
  'user-agent' => 'Mozilla/5.0 (Windows NT 10.0; WOW64) AppleWebKit/537.36 (KHTML, like Gecko) Chrome/53.0.2785.104 Safari/537.36 Core/1.53.5155.400 QQBrowser/9.7.13161.400',
  'accept-encoding' => 'gzip, deflate, sdch',
  'accept-language' => 'zh-CN,zh;q=0.8',
  'cookie' => 'qmfmlloginnum=5; qmfmllastlogintime=1575875816; PHPSESSID=c6pv3j0i08do99p2pgecavplr1; think_var=zh-cn',
)
[ info ] [ PARAM ] array (
  '/favicon_ico' => '',
)
[ info ] [ LOG ] INIT file

---------------------------------------------------------------
[ 2019-12-09T22:41:39+08:00 ] 127.0.0.1 127.0.0.1 GET /favicon.ico
[ log ] www.wap1.com/favicon.ico [运行时间：0.047092s][吞吐率：21.24req/s] [内存消耗：1,810.65kb] [文件加载：41]
[ info ] [ DB ] INIT mysql
[ info ] [ LANG ] D:\phpStudy2018\PHPTutorial\WWW\tp5\core\lang\zh-cn.php
[ info ] [ ROUTE ] array (
  'type' => 'module',
  'module' => 
  array (
    0 => 'favicon.ico',
    1 => NULL,
    2 => NULL,
  ),
)
[ info ] [ HEADER ] array (
  'host' => 'www.wap1.com',
  'connection' => 'keep-alive',
  'user-agent' => 'Mozilla/5.0 (Windows NT 10.0; WOW64) AppleWebKit/537.36 (KHTML, like Gecko) Chrome/53.0.2785.104 Safari/537.36 Core/1.53.5155.400 QQBrowser/9.7.13161.400',
  'accept-encoding' => 'gzip, deflate, sdch',
  'accept-language' => 'zh-CN,zh;q=0.8',
  'cookie' => 'qmfmlloginnum=5; qmfmllastlogintime=1575875816; PHPSESSID=c6pv3j0i08do99p2pgecavplr1; think_var=zh-cn',
)
[ info ] [ PARAM ] array (
  '/favicon_ico' => '',
)
[ info ] [ LOG ] INIT file

---------------------------------------------------------------
[ 2019-12-09T22:41:39+08:00 ] 127.0.0.1 127.0.0.1 GET /favicon.ico
[ log ] www.wap1.com/favicon.ico [运行时间：0.049118s][吞吐率：20.36req/s] [内存消耗：1,810.65kb] [文件加载：41]
[ info ] [ DB ] INIT mysql
[ info ] [ LANG ] D:\phpStudy2018\PHPTutorial\WWW\tp5\core\lang\zh-cn.php
[ info ] [ ROUTE ] array (
  'type' => 'module',
  'module' => 
  array (
    0 => 'favicon.ico',
    1 => NULL,
    2 => NULL,
  ),
)
[ info ] [ HEADER ] array (
  'host' => 'www.wap1.com',
  'connection' => 'keep-alive',
  'user-agent' => 'Mozilla/5.0 (Windows NT 10.0; WOW64) AppleWebKit/537.36 (KHTML, like Gecko) Chrome/53.0.2785.104 Safari/537.36 Core/1.53.5155.400 QQBrowser/9.7.13161.400',
  'accept-encoding' => 'gzip, deflate, sdch',
  'accept-language' => 'zh-CN,zh;q=0.8',
  'cookie' => 'qmfmlloginnum=5; qmfmllastlogintime=1575875816; PHPSESSID=c6pv3j0i08do99p2pgecavplr1; think_var=zh-cn',
)
[ info ] [ PARAM ] array (
  '/favicon_ico' => '',
)
[ info ] [ LOG ] INIT file

---------------------------------------------------------------
[ 2019-12-09T22:41:39+08:00 ] 127.0.0.1 127.0.0.1 GET /favicon.ico
[ log ] www.wap1.com/favicon.ico [运行时间：0.048400s][吞吐率：20.66req/s] [内存消耗：1,810.65kb] [文件加载：41]
[ info ] [ DB ] INIT mysql
[ info ] [ LANG ] D:\phpStudy2018\PHPTutorial\WWW\tp5\core\lang\zh-cn.php
[ info ] [ ROUTE ] array (
  'type' => 'module',
  'module' => 
  array (
    0 => 'favicon.ico',
    1 => NULL,
    2 => NULL,
  ),
)
[ info ] [ HEADER ] array (
  'host' => 'www.wap1.com',
  'connection' => 'keep-alive',
  'user-agent' => 'Mozilla/5.0 (Windows NT 10.0; WOW64) AppleWebKit/537.36 (KHTML, like Gecko) Chrome/53.0.2785.104 Safari/537.36 Core/1.53.5155.400 QQBrowser/9.7.13161.400',
  'accept-encoding' => 'gzip, deflate, sdch',
  'accept-language' => 'zh-CN,zh;q=0.8',
  'cookie' => 'qmfmlloginnum=5; qmfmllastlogintime=1575875816; PHPSESSID=c6pv3j0i08do99p2pgecavplr1; think_var=zh-cn',
)
[ info ] [ PARAM ] array (
  '/favicon_ico' => '',
)
[ info ] [ LOG ] INIT file

---------------------------------------------------------------
[ 2019-12-09T22:41:39+08:00 ] 127.0.0.1 127.0.0.1 GET /favicon.ico
[ log ] www.wap1.com/favicon.ico [运行时间：0.038729s][吞吐率：25.82req/s] [内存消耗：1,810.65kb] [文件加载：41]
[ info ] [ DB ] INIT mysql
[ info ] [ LANG ] D:\phpStudy2018\PHPTutorial\WWW\tp5\core\lang\zh-cn.php
[ info ] [ ROUTE ] array (
  'type' => 'module',
  'module' => 
  array (
    0 => 'favicon.ico',
    1 => NULL,
    2 => NULL,
  ),
)
[ info ] [ HEADER ] array (
  'host' => 'www.wap1.com',
  'connection' => 'keep-alive',
  'user-agent' => 'Mozilla/5.0 (Windows NT 10.0; WOW64) AppleWebKit/537.36 (KHTML, like Gecko) Chrome/53.0.2785.104 Safari/537.36 Core/1.53.5155.400 QQBrowser/9.7.13161.400',
  'accept-encoding' => 'gzip, deflate, sdch',
  'accept-language' => 'zh-CN,zh;q=0.8',
  'cookie' => 'qmfmlloginnum=5; qmfmllastlogintime=1575875816; PHPSESSID=c6pv3j0i08do99p2pgecavplr1; think_var=zh-cn',
)
[ info ] [ PARAM ] array (
  '/favicon_ico' => '',
)
[ info ] [ LOG ] INIT file

---------------------------------------------------------------
[ 2019-12-09T22:41:39+08:00 ] 127.0.0.1 127.0.0.1 GET /favicon.ico
[ log ] www.wap1.com/favicon.ico [运行时间：0.044508s][吞吐率：22.47req/s] [内存消耗：1,810.65kb] [文件加载：41]
[ info ] [ DB ] INIT mysql
[ info ] [ LANG ] D:\phpStudy2018\PHPTutorial\WWW\tp5\core\lang\zh-cn.php
[ info ] [ ROUTE ] array (
  'type' => 'module',
  'module' => 
  array (
    0 => 'favicon.ico',
    1 => NULL,
    2 => NULL,
  ),
)
[ info ] [ HEADER ] array (
  'host' => 'www.wap1.com',
  'connection' => 'keep-alive',
  'user-agent' => 'Mozilla/5.0 (Windows NT 10.0; WOW64) AppleWebKit/537.36 (KHTML, like Gecko) Chrome/53.0.2785.104 Safari/537.36 Core/1.53.5155.400 QQBrowser/9.7.13161.400',
  'accept-encoding' => 'gzip, deflate, sdch',
  'accept-language' => 'zh-CN,zh;q=0.8',
  'cookie' => 'qmfmlloginnum=5; qmfmllastlogintime=1575875816; PHPSESSID=c6pv3j0i08do99p2pgecavplr1; think_var=zh-cn',
)
[ info ] [ PARAM ] array (
  '/favicon_ico' => '',
)
[ info ] [ LOG ] INIT file

---------------------------------------------------------------
[ 2019-12-09T22:41:39+08:00 ] 127.0.0.1 127.0.0.1 GET /favicon.ico
[ log ] www.wap1.com/favicon.ico [运行时间：0.039914s][吞吐率：25.05req/s] [内存消耗：1,810.65kb] [文件加载：41]
[ info ] [ DB ] INIT mysql
[ info ] [ LANG ] D:\phpStudy2018\PHPTutorial\WWW\tp5\core\lang\zh-cn.php
[ info ] [ ROUTE ] array (
  'type' => 'module',
  'module' => 
  array (
    0 => 'favicon.ico',
    1 => NULL,
    2 => NULL,
  ),
)
[ info ] [ HEADER ] array (
  'host' => 'www.wap1.com',
  'connection' => 'keep-alive',
  'user-agent' => 'Mozilla/5.0 (Windows NT 10.0; WOW64) AppleWebKit/537.36 (KHTML, like Gecko) Chrome/53.0.2785.104 Safari/537.36 Core/1.53.5155.400 QQBrowser/9.7.13161.400',
  'accept-encoding' => 'gzip, deflate, sdch',
  'accept-language' => 'zh-CN,zh;q=0.8',
  'cookie' => 'qmfmlloginnum=5; qmfmllastlogintime=1575875816; PHPSESSID=c6pv3j0i08do99p2pgecavplr1; think_var=zh-cn',
)
[ info ] [ PARAM ] array (
  '/favicon_ico' => '',
)
[ info ] [ LOG ] INIT file

---------------------------------------------------------------
[ 2019-12-09T22:41:39+08:00 ] 127.0.0.1 127.0.0.1 GET /favicon.ico
[ log ] www.wap1.com/favicon.ico [运行时间：0.046205s][吞吐率：21.64req/s] [内存消耗：1,810.65kb] [文件加载：41]
[ info ] [ DB ] INIT mysql
[ info ] [ LANG ] D:\phpStudy2018\PHPTutorial\WWW\tp5\core\lang\zh-cn.php
[ info ] [ ROUTE ] array (
  'type' => 'module',
  'module' => 
  array (
    0 => 'favicon.ico',
    1 => NULL,
    2 => NULL,
  ),
)
[ info ] [ HEADER ] array (
  'host' => 'www.wap1.com',
  'connection' => 'keep-alive',
  'user-agent' => 'Mozilla/5.0 (Windows NT 10.0; WOW64) AppleWebKit/537.36 (KHTML, like Gecko) Chrome/53.0.2785.104 Safari/537.36 Core/1.53.5155.400 QQBrowser/9.7.13161.400',
  'accept-encoding' => 'gzip, deflate, sdch',
  'accept-language' => 'zh-CN,zh;q=0.8',
  'cookie' => 'qmfmlloginnum=5; qmfmllastlogintime=1575875816; PHPSESSID=c6pv3j0i08do99p2pgecavplr1; think_var=zh-cn',
)
[ info ] [ PARAM ] array (
  '/favicon_ico' => '',
)
[ info ] [ LOG ] INIT file

---------------------------------------------------------------
[ 2019-12-09T22:41:40+08:00 ] 127.0.0.1 127.0.0.1 GET /favicon.ico
[ log ] www.wap1.com/favicon.ico [运行时间：0.058082s][吞吐率：17.22req/s] [内存消耗：1,810.65kb] [文件加载：41]
[ info ] [ DB ] INIT mysql
[ info ] [ LANG ] D:\phpStudy2018\PHPTutorial\WWW\tp5\core\lang\zh-cn.php
[ info ] [ ROUTE ] array (
  'type' => 'module',
  'module' => 
  array (
    0 => 'favicon.ico',
    1 => NULL,
    2 => NULL,
  ),
)
[ info ] [ HEADER ] array (
  'host' => 'www.wap1.com',
  'connection' => 'keep-alive',
  'user-agent' => 'Mozilla/5.0 (Windows NT 10.0; WOW64) AppleWebKit/537.36 (KHTML, like Gecko) Chrome/53.0.2785.104 Safari/537.36 Core/1.53.5155.400 QQBrowser/9.7.13161.400',
  'accept-encoding' => 'gzip, deflate, sdch',
  'accept-language' => 'zh-CN,zh;q=0.8',
  'cookie' => 'qmfmlloginnum=5; qmfmllastlogintime=1575875816; PHPSESSID=c6pv3j0i08do99p2pgecavplr1; think_var=zh-cn',
)
[ info ] [ PARAM ] array (
  '/favicon_ico' => '',
)
[ info ] [ LOG ] INIT file

---------------------------------------------------------------
[ 2019-12-09T22:41:40+08:00 ] 127.0.0.1 127.0.0.1 GET /favicon.ico
[ log ] www.wap1.com/favicon.ico [运行时间：0.048603s][吞吐率：20.57req/s] [内存消耗：1,810.66kb] [文件加载：41]
[ info ] [ DB ] INIT mysql
[ info ] [ LANG ] D:\phpStudy2018\PHPTutorial\WWW\tp5\core\lang\zh-cn.php
[ info ] [ ROUTE ] array (
  'type' => 'module',
  'module' => 
  array (
    0 => 'favicon.ico',
    1 => NULL,
    2 => NULL,
  ),
)
[ info ] [ HEADER ] array (
  'host' => 'www.wap1.com',
  'connection' => 'keep-alive',
  'user-agent' => 'Mozilla/5.0 (Windows NT 10.0; WOW64) AppleWebKit/537.36 (KHTML, like Gecko) Chrome/53.0.2785.104 Safari/537.36 Core/1.53.5155.400 QQBrowser/9.7.13161.400',
  'accept-encoding' => 'gzip, deflate, sdch',
  'accept-language' => 'zh-CN,zh;q=0.8',
  'cookie' => 'qmfmlloginnum=5; qmfmllastlogintime=1575875816; PHPSESSID=c6pv3j0i08do99p2pgecavplr1; think_var=zh-cn',
)
[ info ] [ PARAM ] array (
  '/favicon_ico' => '',
)
[ info ] [ LOG ] INIT file

---------------------------------------------------------------
[ 2019-12-09T22:41:40+08:00 ] 127.0.0.1 127.0.0.1 GET /favicon.ico
[ log ] www.wap1.com/favicon.ico [运行时间：0.040789s][吞吐率：24.52req/s] [内存消耗：1,810.65kb] [文件加载：41]
[ info ] [ DB ] INIT mysql
[ info ] [ LANG ] D:\phpStudy2018\PHPTutorial\WWW\tp5\core\lang\zh-cn.php
[ info ] [ ROUTE ] array (
  'type' => 'module',
  'module' => 
  array (
    0 => 'favicon.ico',
    1 => NULL,
    2 => NULL,
  ),
)
[ info ] [ HEADER ] array (
  'host' => 'www.wap1.com',
  'connection' => 'keep-alive',
  'user-agent' => 'Mozilla/5.0 (Windows NT 10.0; WOW64) AppleWebKit/537.36 (KHTML, like Gecko) Chrome/53.0.2785.104 Safari/537.36 Core/1.53.5155.400 QQBrowser/9.7.13161.400',
  'accept-encoding' => 'gzip, deflate, sdch',
  'accept-language' => 'zh-CN,zh;q=0.8',
  'cookie' => 'qmfmlloginnum=5; qmfmllastlogintime=1575875816; PHPSESSID=c6pv3j0i08do99p2pgecavplr1; think_var=zh-cn',
)
[ info ] [ PARAM ] array (
  '/favicon_ico' => '',
)
[ info ] [ LOG ] INIT file

---------------------------------------------------------------
[ 2019-12-09T22:41:40+08:00 ] 127.0.0.1 127.0.0.1 GET /favicon.ico
[ log ] www.wap1.com/favicon.ico [运行时间：0.048763s][吞吐率：20.51req/s] [内存消耗：1,810.65kb] [文件加载：41]
[ info ] [ DB ] INIT mysql
[ info ] [ LANG ] D:\phpStudy2018\PHPTutorial\WWW\tp5\core\lang\zh-cn.php
[ info ] [ ROUTE ] array (
  'type' => 'module',
  'module' => 
  array (
    0 => 'favicon.ico',
    1 => NULL,
    2 => NULL,
  ),
)
[ info ] [ HEADER ] array (
  'host' => 'www.wap1.com',
  'connection' => 'keep-alive',
  'user-agent' => 'Mozilla/5.0 (Windows NT 10.0; WOW64) AppleWebKit/537.36 (KHTML, like Gecko) Chrome/53.0.2785.104 Safari/537.36 Core/1.53.5155.400 QQBrowser/9.7.13161.400',
  'accept-encoding' => 'gzip, deflate, sdch',
  'accept-language' => 'zh-CN,zh;q=0.8',
  'cookie' => 'qmfmlloginnum=5; qmfmllastlogintime=1575875816; PHPSESSID=c6pv3j0i08do99p2pgecavplr1; think_var=zh-cn',
)
[ info ] [ PARAM ] array (
  '/favicon_ico' => '',
)
[ info ] [ LOG ] INIT file

---------------------------------------------------------------
[ 2019-12-09T22:41:40+08:00 ] 127.0.0.1 127.0.0.1 GET /favicon.ico
[ log ] www.wap1.com/favicon.ico [运行时间：0.043504s][吞吐率：22.99req/s] [内存消耗：1,810.65kb] [文件加载：41]
[ info ] [ DB ] INIT mysql
[ info ] [ LANG ] D:\phpStudy2018\PHPTutorial\WWW\tp5\core\lang\zh-cn.php
[ info ] [ ROUTE ] array (
  'type' => 'module',
  'module' => 
  array (
    0 => 'favicon.ico',
    1 => NULL,
    2 => NULL,
  ),
)
[ info ] [ HEADER ] array (
  'host' => 'www.wap1.com',
  'connection' => 'keep-alive',
  'user-agent' => 'Mozilla/5.0 (Windows NT 10.0; WOW64) AppleWebKit/537.36 (KHTML, like Gecko) Chrome/53.0.2785.104 Safari/537.36 Core/1.53.5155.400 QQBrowser/9.7.13161.400',
  'accept-encoding' => 'gzip, deflate, sdch',
  'accept-language' => 'zh-CN,zh;q=0.8',
  'cookie' => 'qmfmlloginnum=5; qmfmllastlogintime=1575875816; PHPSESSID=c6pv3j0i08do99p2pgecavplr1; think_var=zh-cn',
)
[ info ] [ PARAM ] array (
  '/favicon_ico' => '',
)
[ info ] [ LOG ] INIT file

---------------------------------------------------------------
[ 2019-12-09T22:41:40+08:00 ] 127.0.0.1 127.0.0.1 GET /favicon.ico
[ log ] www.wap1.com/favicon.ico [运行时间：0.039918s][吞吐率：25.05req/s] [内存消耗：1,810.65kb] [文件加载：41]
[ info ] [ DB ] INIT mysql
[ info ] [ LANG ] D:\phpStudy2018\PHPTutorial\WWW\tp5\core\lang\zh-cn.php
[ info ] [ ROUTE ] array (
  'type' => 'module',
  'module' => 
  array (
    0 => 'favicon.ico',
    1 => NULL,
    2 => NULL,
  ),
)
[ info ] [ HEADER ] array (
  'host' => 'www.wap1.com',
  'connection' => 'keep-alive',
  'user-agent' => 'Mozilla/5.0 (Windows NT 10.0; WOW64) AppleWebKit/537.36 (KHTML, like Gecko) Chrome/53.0.2785.104 Safari/537.36 Core/1.53.5155.400 QQBrowser/9.7.13161.400',
  'accept-encoding' => 'gzip, deflate, sdch',
  'accept-language' => 'zh-CN,zh;q=0.8',
  'cookie' => 'qmfmlloginnum=5; qmfmllastlogintime=1575875816; PHPSESSID=c6pv3j0i08do99p2pgecavplr1; think_var=zh-cn',
)
[ info ] [ PARAM ] array (
  '/favicon_ico' => '',
)
[ info ] [ LOG ] INIT file

---------------------------------------------------------------
[ 2019-12-09T22:41:40+08:00 ] 127.0.0.1 127.0.0.1 GET /favicon.ico
[ log ] www.wap1.com/favicon.ico [运行时间：0.044997s][吞吐率：22.22req/s] [内存消耗：1,810.65kb] [文件加载：41]
[ info ] [ DB ] INIT mysql
[ info ] [ LANG ] D:\phpStudy2018\PHPTutorial\WWW\tp5\core\lang\zh-cn.php
[ info ] [ ROUTE ] array (
  'type' => 'module',
  'module' => 
  array (
    0 => 'favicon.ico',
    1 => NULL,
    2 => NULL,
  ),
)
[ info ] [ HEADER ] array (
  'host' => 'www.wap1.com',
  'connection' => 'keep-alive',
  'user-agent' => 'Mozilla/5.0 (Windows NT 10.0; WOW64) AppleWebKit/537.36 (KHTML, like Gecko) Chrome/53.0.2785.104 Safari/537.36 Core/1.53.5155.400 QQBrowser/9.7.13161.400',
  'accept-encoding' => 'gzip, deflate, sdch',
  'accept-language' => 'zh-CN,zh;q=0.8',
  'cookie' => 'qmfmlloginnum=5; qmfmllastlogintime=1575875816; PHPSESSID=c6pv3j0i08do99p2pgecavplr1; think_var=zh-cn',
)
[ info ] [ PARAM ] array (
  '/favicon_ico' => '',
)
[ info ] [ LOG ] INIT file

---------------------------------------------------------------
[ 2019-12-09T22:41:40+08:00 ] 127.0.0.1 127.0.0.1 GET /favicon.ico
[ log ] www.wap1.com/favicon.ico [运行时间：0.049629s][吞吐率：20.15req/s] [内存消耗：1,810.65kb] [文件加载：41]
[ info ] [ DB ] INIT mysql
[ info ] [ LANG ] D:\phpStudy2018\PHPTutorial\WWW\tp5\core\lang\zh-cn.php
[ info ] [ ROUTE ] array (
  'type' => 'module',
  'module' => 
  array (
    0 => 'favicon.ico',
    1 => NULL,
    2 => NULL,
  ),
)
[ info ] [ HEADER ] array (
  'host' => 'www.wap1.com',
  'connection' => 'keep-alive',
  'user-agent' => 'Mozilla/5.0 (Windows NT 10.0; WOW64) AppleWebKit/537.36 (KHTML, like Gecko) Chrome/53.0.2785.104 Safari/537.36 Core/1.53.5155.400 QQBrowser/9.7.13161.400',
  'accept-encoding' => 'gzip, deflate, sdch',
  'accept-language' => 'zh-CN,zh;q=0.8',
  'cookie' => 'qmfmlloginnum=5; qmfmllastlogintime=1575875816; PHPSESSID=c6pv3j0i08do99p2pgecavplr1; think_var=zh-cn',
)
[ info ] [ PARAM ] array (
  '/favicon_ico' => '',
)
[ info ] [ LOG ] INIT file

---------------------------------------------------------------
[ 2019-12-09T22:41:41+08:00 ] 127.0.0.1 127.0.0.1 GET /favicon.ico
[ log ] www.wap1.com/favicon.ico [运行时间：0.060094s][吞吐率：16.64req/s] [内存消耗：1,810.65kb] [文件加载：41]
[ info ] [ DB ] INIT mysql
[ info ] [ LANG ] D:\phpStudy2018\PHPTutorial\WWW\tp5\core\lang\zh-cn.php
[ info ] [ ROUTE ] array (
  'type' => 'module',
  'module' => 
  array (
    0 => 'favicon.ico',
    1 => NULL,
    2 => NULL,
  ),
)
[ info ] [ HEADER ] array (
  'host' => 'www.wap1.com',
  'connection' => 'keep-alive',
  'user-agent' => 'Mozilla/5.0 (Windows NT 10.0; WOW64) AppleWebKit/537.36 (KHTML, like Gecko) Chrome/53.0.2785.104 Safari/537.36 Core/1.53.5155.400 QQBrowser/9.7.13161.400',
  'accept-encoding' => 'gzip, deflate, sdch',
  'accept-language' => 'zh-CN,zh;q=0.8',
  'cookie' => 'qmfmlloginnum=5; qmfmllastlogintime=1575875816; PHPSESSID=c6pv3j0i08do99p2pgecavplr1; think_var=zh-cn',
)
[ info ] [ PARAM ] array (
  '/favicon_ico' => '',
)
[ info ] [ LOG ] INIT file

---------------------------------------------------------------
[ 2019-12-09T22:41:41+08:00 ] 127.0.0.1 127.0.0.1 GET /favicon.ico
[ log ] www.wap1.com/favicon.ico [运行时间：0.047905s][吞吐率：20.87req/s] [内存消耗：1,810.65kb] [文件加载：41]
[ info ] [ DB ] INIT mysql
[ info ] [ LANG ] D:\phpStudy2018\PHPTutorial\WWW\tp5\core\lang\zh-cn.php
[ info ] [ ROUTE ] array (
  'type' => 'module',
  'module' => 
  array (
    0 => 'favicon.ico',
    1 => NULL,
    2 => NULL,
  ),
)
[ info ] [ HEADER ] array (
  'host' => 'www.wap1.com',
  'connection' => 'keep-alive',
  'user-agent' => 'Mozilla/5.0 (Windows NT 10.0; WOW64) AppleWebKit/537.36 (KHTML, like Gecko) Chrome/53.0.2785.104 Safari/537.36 Core/1.53.5155.400 QQBrowser/9.7.13161.400',
  'accept-encoding' => 'gzip, deflate, sdch',
  'accept-language' => 'zh-CN,zh;q=0.8',
  'cookie' => 'qmfmlloginnum=5; qmfmllastlogintime=1575875816; PHPSESSID=c6pv3j0i08do99p2pgecavplr1; think_var=zh-cn',
)
[ info ] [ PARAM ] array (
  '/favicon_ico' => '',
)
[ info ] [ LOG ] INIT file

---------------------------------------------------------------
[ 2019-12-09T22:41:41+08:00 ] 127.0.0.1 127.0.0.1 GET /favicon.ico
[ log ] www.wap1.com/favicon.ico [运行时间：0.070834s][吞吐率：14.12req/s] [内存消耗：1,810.66kb] [文件加载：41]
[ info ] [ DB ] INIT mysql
[ info ] [ LANG ] D:\phpStudy2018\PHPTutorial\WWW\tp5\core\lang\zh-cn.php
[ info ] [ ROUTE ] array (
  'type' => 'module',
  'module' => 
  array (
    0 => 'favicon.ico',
    1 => NULL,
    2 => NULL,
  ),
)
[ info ] [ HEADER ] array (
  'host' => 'www.wap1.com',
  'connection' => 'keep-alive',
  'user-agent' => 'Mozilla/5.0 (Windows NT 10.0; WOW64) AppleWebKit/537.36 (KHTML, like Gecko) Chrome/53.0.2785.104 Safari/537.36 Core/1.53.5155.400 QQBrowser/9.7.13161.400',
  'accept-encoding' => 'gzip, deflate, sdch',
  'accept-language' => 'zh-CN,zh;q=0.8',
  'cookie' => 'qmfmlloginnum=5; qmfmllastlogintime=1575875816; PHPSESSID=c6pv3j0i08do99p2pgecavplr1; think_var=zh-cn',
)
[ info ] [ PARAM ] array (
  '/favicon_ico' => '',
)
[ info ] [ LOG ] INIT file

---------------------------------------------------------------
[ 2019-12-09T22:41:41+08:00 ] 127.0.0.1 127.0.0.1 GET /admin.php
[ log ] www.wap1.com/admin.php [运行时间：0.089700s][吞吐率：11.15req/s] [内存消耗：2,226.09kb] [文件加载：52]
[ info ] [ DB ] INIT mysql
[ info ] [ LANG ] D:\phpStudy2018\PHPTutorial\WWW\tp5\core\lang\zh-cn.php
[ info ] [ ROUTE ] array (
  'type' => 'module',
  'module' => 
  array (
    0 => 'admin',
    1 => NULL,
    2 => NULL,
  ),
)
[ info ] [ HEADER ] array (
  'host' => 'www.wap1.com',
  'connection' => 'keep-alive',
  'upgrade-insecure-requests' => '1',
  'user-agent' => 'Mozilla/5.0 (Windows NT 10.0; WOW64) AppleWebKit/537.36 (KHTML, like Gecko) Chrome/53.0.2785.104 Safari/537.36 Core/1.53.5155.400 QQBrowser/9.7.13161.400',
  'accept' => 'text/html,application/xhtml+xml,application/xml;q=0.9,image/webp,*/*;q=0.8',
  'accept-encoding' => 'gzip, deflate, sdch',
  'accept-language' => 'zh-CN,zh;q=0.8',
  'cookie' => 'qmfmlloginnum=5; qmfmllastlogintime=1575875816; PHPSESSID=c6pv3j0i08do99p2pgecavplr1; think_var=zh-cn',
)
[ info ] [ PARAM ] array (
)
[ info ] [ LANG ] D:\phpStudy2018\PHPTutorial\WWW\tp5/application/admin\lang\zh-cn.php
[ info ] [ SESSION ] INIT array (
  'id' => '',
  'var_session_id' => 'session_id',
  'prefix' => 'minishop',
  'type' => '',
  'auto_start' => true,
)
[ info ] [ RUN ] Method [ <user> public method index ] {
  @@ D:\phpStudy2018\PHPTutorial\WWW\tp5\application\admin\controller\Index.php 21 - 40
}

[ info ] [ LOG ] INIT file
[ error ] [1]Undefined class constant 'VERSION'[D:\phpStudy2018\PHPTutorial\WWW\tp5\application\admin\controller\Index.php:23]

---------------------------------------------------------------
[ 2019-12-09T22:43:16+08:00 ] 127.0.0.1 127.0.0.1 GET /admin.php
[ log ] www.wap1.com/admin.php [运行时间：0.187160s][吞吐率：5.34req/s] [内存消耗：2,226.24kb] [文件加载：52]
[ info ] [ DB ] INIT mysql
[ info ] [ LANG ] D:\phpStudy2018\PHPTutorial\WWW\tp5\core\lang\zh-cn.php
[ info ] [ ROUTE ] array (
  'type' => 'module',
  'module' => 
  array (
    0 => 'admin',
    1 => NULL,
    2 => NULL,
  ),
)
[ info ] [ HEADER ] array (
  'host' => 'www.wap1.com',
  'connection' => 'keep-alive',
  'cache-control' => 'max-age=0',
  'upgrade-insecure-requests' => '1',
  'user-agent' => 'Mozilla/5.0 (Windows NT 10.0; WOW64) AppleWebKit/537.36 (KHTML, like Gecko) Chrome/53.0.2785.104 Safari/537.36 Core/1.53.5155.400 QQBrowser/9.7.13161.400',
  'accept' => 'text/html,application/xhtml+xml,application/xml;q=0.9,image/webp,*/*;q=0.8',
  'accept-encoding' => 'gzip, deflate, sdch',
  'accept-language' => 'zh-CN,zh;q=0.8',
  'cookie' => 'qmfmlloginnum=5; qmfmllastlogintime=1575875816; PHPSESSID=c6pv3j0i08do99p2pgecavplr1; think_var=zh-cn',
)
[ info ] [ PARAM ] array (
)
[ info ] [ LANG ] D:\phpStudy2018\PHPTutorial\WWW\tp5/application/admin\lang\zh-cn.php
[ info ] [ SESSION ] INIT array (
  'id' => '',
  'var_session_id' => 'session_id',
  'prefix' => 'minishop',
  'type' => '',
  'auto_start' => true,
)
[ info ] [ RUN ] Method [ <user> public method index ] {
  @@ D:\phpStudy2018\PHPTutorial\WWW\tp5\application\admin\controller\Index.php 21 - 41
}

[ info ] [ LOG ] INIT file
[ error ] [1]Undefined class constant 'THINK_VERSION'[D:\phpStudy2018\PHPTutorial\WWW\tp5\application\admin\controller\Index.php:23]

---------------------------------------------------------------
[ 2019-12-09T22:43:17+08:00 ] 127.0.0.1 127.0.0.1 GET /admin.php
[ log ] www.wap1.com/admin.php [运行时间：0.172067s][吞吐率：5.81req/s] [内存消耗：2,226.24kb] [文件加载：52]
[ info ] [ DB ] INIT mysql
[ info ] [ LANG ] D:\phpStudy2018\PHPTutorial\WWW\tp5\core\lang\zh-cn.php
[ info ] [ ROUTE ] array (
  'type' => 'module',
  'module' => 
  array (
    0 => 'admin',
    1 => NULL,
    2 => NULL,
  ),
)
[ info ] [ HEADER ] array (
  'host' => 'www.wap1.com',
  'connection' => 'keep-alive',
  'cache-control' => 'max-age=0',
  'upgrade-insecure-requests' => '1',
  'user-agent' => 'Mozilla/5.0 (Windows NT 10.0; WOW64) AppleWebKit/537.36 (KHTML, like Gecko) Chrome/53.0.2785.104 Safari/537.36 Core/1.53.5155.400 QQBrowser/9.7.13161.400',
  'accept' => 'text/html,application/xhtml+xml,application/xml;q=0.9,image/webp,*/*;q=0.8',
  'accept-encoding' => 'gzip, deflate, sdch',
  'accept-language' => 'zh-CN,zh;q=0.8',
  'cookie' => 'qmfmlloginnum=5; qmfmllastlogintime=1575875816; PHPSESSID=c6pv3j0i08do99p2pgecavplr1; think_var=zh-cn',
)
[ info ] [ PARAM ] array (
)
[ info ] [ LANG ] D:\phpStudy2018\PHPTutorial\WWW\tp5/application/admin\lang\zh-cn.php
[ info ] [ SESSION ] INIT array (
  'id' => '',
  'var_session_id' => 'session_id',
  'prefix' => 'minishop',
  'type' => '',
  'auto_start' => true,
)
[ info ] [ RUN ] Method [ <user> public method index ] {
  @@ D:\phpStudy2018\PHPTutorial\WWW\tp5\application\admin\controller\Index.php 21 - 41
}

[ info ] [ LOG ] INIT file
[ error ] [1]Undefined class constant 'THINK_VERSION'[D:\phpStudy2018\PHPTutorial\WWW\tp5\application\admin\controller\Index.php:23]

---------------------------------------------------------------
[ 2019-12-09T22:43:44+08:00 ] 127.0.0.1 127.0.0.1 GET /admin.php
[ log ] www.wap1.com/admin.php [运行时间：0.138646s][吞吐率：7.21req/s] [内存消耗：2,305.98kb] [文件加载：53]
[ info ] [ DB ] INIT mysql
[ info ] [ LANG ] D:\phpStudy2018\PHPTutorial\WWW\tp5\core\lang\zh-cn.php
[ info ] [ ROUTE ] array (
  'type' => 'module',
  'module' => 
  array (
    0 => 'admin',
    1 => NULL,
    2 => NULL,
  ),
)
[ info ] [ HEADER ] array (
  'host' => 'www.wap1.com',
  'connection' => 'keep-alive',
  'cache-control' => 'max-age=0',
  'upgrade-insecure-requests' => '1',
  'user-agent' => 'Mozilla/5.0 (Windows NT 10.0; WOW64) AppleWebKit/537.36 (KHTML, like Gecko) Chrome/53.0.2785.104 Safari/537.36 Core/1.53.5155.400 QQBrowser/9.7.13161.400',
  'accept' => 'text/html,application/xhtml+xml,application/xml;q=0.9,image/webp,*/*;q=0.8',
  'accept-encoding' => 'gzip, deflate, sdch',
  'accept-language' => 'zh-CN,zh;q=0.8',
  'cookie' => 'qmfmlloginnum=5; qmfmllastlogintime=1575875816; PHPSESSID=c6pv3j0i08do99p2pgecavplr1; think_var=zh-cn',
)
[ info ] [ PARAM ] array (
)
[ info ] [ LANG ] D:\phpStudy2018\PHPTutorial\WWW\tp5/application/admin\lang\zh-cn.php
[ info ] [ SESSION ] INIT array (
  'id' => '',
  'var_session_id' => 'session_id',
  'prefix' => 'minishop',
  'type' => '',
  'auto_start' => true,
)
[ info ] [ RUN ] Method [ <user> public method index ] {
  @@ D:\phpStudy2018\PHPTutorial\WWW\tp5\application\admin\controller\Index.php 21 - 41
}

[ info ] [ VIEW ] D:\phpStudy2018\PHPTutorial\WWW\tp5/application/admin\view\index\index.html [ array (
  0 => 'menuTree',
  1 => 'order_num',
  2 => 'tixian',
  3 => 'jh_num',
  4 => 'wjh_num',
  5 => 'zjf_num',
  6 => 'user_num',
) ]
[ info ] [ CACHE ] INIT File
[ info ] [ LOG ] INIT file

---------------------------------------------------------------
