[ 2018-05-07T11:04:34+08:00 ] 172.17.146.225 123.151.76.158 GET /
[ log ] gp.nmd8.cn/ [运行时间：0.025622s][吞吐率：39.03req/s] [内存消耗：2,941.94kb] [文件加载：54]
[ info ] [ DB ] INIT mysql
[ info ] [ LANG ] /www/wwwroot/gongpai/core/lang/zh-cn.php
[ info ] [ ROUTE ] array (
  'type' => 'module',
  'module' => 
  array (
    0 => '',
    1 => NULL,
    2 => NULL,
  ),
)
[ info ] [ HEADER ] array (
  'accept' => 'text/html,application/xhtml+xml,application/xml;q=0.9,image/webp,image/apng,image/wxpic,image/sharpp,image/apng,*/*;q=0.8',
  'accept-encoding' => 'gzip',
  'accept-language' => 'zh-CN,en-US;q=0.8',
  'connection' => 'close',
  'cookie' => 'PHPSESSID=o3og4uka3m3uk55nejc40d29j7',
  'host' => 'gp.nmd8.cn',
  'user-agent' => 'Mozilla/5.0 (Linux; Android 5.1.1; vivo X7Plus Build/LMY47V; wv) AppleWebKit/537.36 (KHTML, like Gecko) Version/4.0 Chrome/57.0.2987.132 MQQBrowser/6.2 TBS/044030 Mobile Safari/537.36 MicroMessenger/6.6.6.1300(0x26060636) NetType/WIFI Language/zh_CN',
  'x-forwarded-for' => '117.13.223.217',
  'x-forwarded-for-pound' => '117.13.223.217',
)
[ info ] [ PARAM ] array (
)
[ info ] [ LANG ] /www/wwwroot/gongpai/application/index/lang/zh-cn.php
[ info ] [ SESSION ] INIT array (
  'prefix' => 'minishop',
  'type' => '',
  'auto_start' => true,
)
[ info ] [ LOG ] INIT file

---------------------------------------------------------------
[ 2018-05-07T11:04:34+08:00 ] 172.17.146.225 123.151.76.158 GET /index/base/login.html
[ log ] gp.nmd8.cn/index/base/login.html [运行时间：0.027425s][吞吐率：36.46req/s] [内存消耗：2,923.71kb] [文件加载：52]
[ info ] [ DB ] INIT mysql
[ info ] [ LANG ] /www/wwwroot/gongpai/core/lang/zh-cn.php
[ info ] [ ROUTE ] array (
  'type' => 'module',
  'module' => 
  array (
    0 => 'index',
    1 => 'base',
    2 => 'login',
  ),
)
[ info ] [ HEADER ] array (
  'accept' => 'text/html,application/xhtml+xml,application/xml;q=0.9,image/webp,image/apng,image/wxpic,image/sharpp,image/apng,*/*;q=0.8',
  'accept-encoding' => 'gzip',
  'accept-language' => 'zh-CN,en-US;q=0.8',
  'connection' => 'close',
  'cookie' => 'PHPSESSID=o3og4uka3m3uk55nejc40d29j7; think_var=zh-cn',
  'host' => 'gp.nmd8.cn',
  'user-agent' => 'Mozilla/5.0 (Linux; Android 5.1.1; vivo X7Plus Build/LMY47V; wv) AppleWebKit/537.36 (KHTML, like Gecko) Version/4.0 Chrome/57.0.2987.132 MQQBrowser/6.2 TBS/044030 Mobile Safari/537.36 MicroMessenger/6.6.6.1300(0x26060636) NetType/WIFI Language/zh_CN',
  'x-forwarded-for' => '117.13.223.217',
  'x-forwarded-for-pound' => '117.13.223.217',
)
[ info ] [ PARAM ] array (
  'index/base/login_html' => '',
)
[ info ] [ LANG ] /www/wwwroot/gongpai/application/index/lang/zh-cn.php
[ info ] [ SESSION ] INIT array (
  'prefix' => 'minishop',
  'type' => '',
  'auto_start' => true,
)
[ info ] [ RUN ] /**
     * 用户登录方法
     * @author  矢志bu渝 <745152620@qq.com>
     */
Method [ <user> public method login ] {
  @@ /www/wwwroot/gongpai/application/index/controller/Base.php 57 - 83
}

[ info ] [ VIEW ] ./themes/default/index/login.html [ array (
  0 => 'userinfo',
) ]
[ info ] [ LOG ] INIT file

---------------------------------------------------------------
[ 2018-05-07T11:04:34+08:00 ] 172.17.146.225 117.13.223.217 GET /favicon.ico
[ log ] gp.nmd8.cn/favicon.ico [运行时间：0.022252s][吞吐率：44.94req/s] [内存消耗：2,401.79kb] [文件加载：41]
[ info ] [ DB ] INIT mysql
[ info ] [ LANG ] /www/wwwroot/gongpai/core/lang/zh-cn.php
[ info ] [ ROUTE ] array (
  'type' => 'module',
  'module' => 
  array (
    0 => 'favicon.ico',
    1 => NULL,
    2 => NULL,
  ),
)
[ info ] [ HEADER ] array (
  'host' => 'gp.nmd8.cn',
  'connection' => 'keep-alive',
  'user-agent' => 'Mozilla/5.0 (Linux; Android 5.1.1; vivo X7Plus Build/LMY47V; wv) AppleWebKit/537.36 (KHTML, like Gecko) Version/4.0 Chrome/57.0.2987.132 MQQBrowser/6.2 TBS/044030 Mobile Safari/537.36 MicroMessenger/6.6.6.1300(0x26060636) NetType/WIFI Language/zh_CN',
  'accept' => 'image/webp,image/wxpic,image/sharpp,image/apng,image/*,*/*;q=0.8',
  'referer' => 'http://gp.nmd8.cn/index/base/login.html',
  'accept-encoding' => 'gzip, deflate',
  'accept-language' => 'zh-CN,en-US;q=0.8',
  'cookie' => 'PHPSESSID=o3og4uka3m3uk55nejc40d29j7; think_var=zh-cn',
)
[ info ] [ PARAM ] array (
  'favicon_ico' => '',
)
[ info ] [ LOG ] INIT file

---------------------------------------------------------------
[ 2018-05-07T11:04:36+08:00 ] 172.17.146.225 123.151.76.158 POST /index/base/login.html
[ log ] gp.nmd8.cn/index/base/login.html [运行时间：0.032652s][吞吐率：30.63req/s] [内存消耗：2,955.58kb] [文件加载：53]
[ info ] [ DB ] INIT mysql
[ info ] [ LANG ] /www/wwwroot/gongpai/core/lang/zh-cn.php
[ info ] [ ROUTE ] array (
  'type' => 'module',
  'module' => 
  array (
    0 => 'index',
    1 => 'base',
    2 => 'login',
  ),
)
[ info ] [ HEADER ] array (
  'accept' => 'application/json, text/javascript, */*; q=0.01',
  'accept-encoding' => 'gzip',
  'accept-language' => 'zh-CN,en-US;q=0.8',
  'connection' => 'close',
  'cookie' => 'PHPSESSID=o3og4uka3m3uk55nejc40d29j7; think_var=zh-cn',
  'host' => 'gp.nmd8.cn',
  'origin' => 'http://gp.nmd8.cn',
  'referer' => 'http://gp.nmd8.cn/index/base/login.html',
  'user-agent' => 'Mozilla/5.0 (Linux; Android 5.1.1; vivo X7Plus Build/LMY47V; wv) AppleWebKit/537.36 (KHTML, like Gecko) Version/4.0 Chrome/57.0.2987.132 MQQBrowser/6.2 TBS/044030 Mobile Safari/537.36 MicroMessenger/6.6.6.1300(0x26060636) NetType/WIFI Language/zh_CN',
  'x-forwarded-for' => '117.13.223.217',
  'x-forwarded-for-pound' => '117.13.223.217',
  'x-requested-with' => 'XMLHttpRequest',
  'content-type' => 'application/x-www-form-urlencoded; charset=UTF-8',
  'content-length' => '31',
)
[ info ] [ PARAM ] array (
  'index/base/login_html' => '',
  'key' => '15666666666',
  'password' => '123456',
)
[ info ] [ LANG ] /www/wwwroot/gongpai/application/index/lang/zh-cn.php
[ info ] [ SESSION ] INIT array (
  'prefix' => 'minishop',
  'type' => '',
  'auto_start' => true,
)
[ info ] [ RUN ] /**
     * 用户登录方法
     * @author  矢志bu渝 <745152620@qq.com>
     */
Method [ <user> public method login ] {
  @@ /www/wwwroot/gongpai/application/index/controller/Base.php 57 - 83
}

[ info ] [ LOG ] INIT file

---------------------------------------------------------------
[ 2018-05-07T11:04:36+08:00 ] 172.17.146.225 123.151.76.158 GET /index/user/usercenter.html
[ log ] gp.nmd8.cn/index/user/usercenter.html [运行时间：0.036395s][吞吐率：27.48req/s] [内存消耗：3,113.31kb] [文件加载：53]
[ info ] [ DB ] INIT mysql
[ info ] [ LANG ] /www/wwwroot/gongpai/core/lang/zh-cn.php
[ info ] [ ROUTE ] array (
  'type' => 'module',
  'module' => 
  array (
    0 => 'index',
    1 => 'user',
    2 => 'usercenter',
  ),
)
[ info ] [ HEADER ] array (
  'accept' => 'text/html,application/xhtml+xml,application/xml;q=0.9,image/webp,image/apng,image/wxpic,image/sharpp,image/apng,*/*;q=0.8',
  'accept-encoding' => 'gzip',
  'accept-language' => 'zh-CN,en-US;q=0.8',
  'connection' => 'close',
  'cookie' => 'PHPSESSID=o3og4uka3m3uk55nejc40d29j7; think_var=zh-cn',
  'host' => 'gp.nmd8.cn',
  'referer' => 'http://gp.nmd8.cn/index/base/login.html',
  'user-agent' => 'Mozilla/5.0 (Linux; Android 5.1.1; vivo X7Plus Build/LMY47V; wv) AppleWebKit/537.36 (KHTML, like Gecko) Version/4.0 Chrome/57.0.2987.132 MQQBrowser/6.2 TBS/044030 Mobile Safari/537.36 MicroMessenger/6.6.6.1300(0x26060636) NetType/WIFI Language/zh_CN',
  'x-forwarded-for' => '117.13.223.217',
  'x-forwarded-for-pound' => '117.13.223.217',
)
[ info ] [ PARAM ] array (
  'index/user/usercenter_html' => '',
)
[ info ] [ LANG ] /www/wwwroot/gongpai/application/index/lang/zh-cn.php
[ info ] [ SESSION ] INIT array (
  'prefix' => 'minishop',
  'type' => '',
  'auto_start' => true,
)
[ info ] [ RUN ] /**
     * 个人中心
     * @author  ILsunshine
     */
Method [ <user> public method userCenter ] {
  @@ /www/wwwroot/gongpai/application/index/controller/User.php 39 - 72
}

[ info ] [ VIEW ] ./themes/default/index/user_center.html [ array (
  0 => 'userinfo',
  1 => 'tyjfmc',
  2 => 'is_gongpai',
  3 => 'gp_user',
  4 => 'ytixian',
  5 => 'tuijianren',
  6 => 'userInfo',
  7 => 'hys',
  8 => 'zt_count',
  9 => 'scoreorder',
) ]
[ info ] [ LOG ] INIT file

---------------------------------------------------------------
[ 2018-05-07T11:04:40+08:00 ] 172.17.146.225 123.151.76.158 GET /index/base/login.html
[ log ] gp.nmd8.cn/index/base/login.html [运行时间：0.028123s][吞吐率：35.56req/s] [内存消耗：2,925.02kb] [文件加载：52]
[ info ] [ DB ] INIT mysql
[ info ] [ LANG ] /www/wwwroot/gongpai/core/lang/zh-cn.php
[ info ] [ ROUTE ] array (
  'type' => 'module',
  'module' => 
  array (
    0 => 'index',
    1 => 'base',
    2 => 'login',
  ),
)
[ info ] [ HEADER ] array (
  'accept' => 'text/html,application/xhtml+xml,application/xml;q=0.9,image/webp,image/apng,image/wxpic,image/sharpp,image/apng,*/*;q=0.8',
  'accept-encoding' => 'gzip',
  'accept-language' => 'zh-CN,en-US;q=0.8',
  'connection' => 'close',
  'cookie' => 'PHPSESSID=o3og4uka3m3uk55nejc40d29j7; think_var=zh-cn',
  'host' => 'gp.nmd8.cn',
  'user-agent' => 'Mozilla/5.0 (Linux; Android 5.1.1; vivo X7Plus Build/LMY47V; wv) AppleWebKit/537.36 (KHTML, like Gecko) Version/4.0 Chrome/57.0.2987.132 MQQBrowser/6.2 TBS/044030 Mobile Safari/537.36 MicroMessenger/6.6.6.1300(0x26060636) NetType/WIFI Language/zh_CN',
  'x-forwarded-for' => '117.13.223.217',
  'x-forwarded-for-pound' => '117.13.223.217',
)
[ info ] [ PARAM ] array (
  'index/base/login_html' => '',
)
[ info ] [ LANG ] /www/wwwroot/gongpai/application/index/lang/zh-cn.php
[ info ] [ SESSION ] INIT array (
  'prefix' => 'minishop',
  'type' => '',
  'auto_start' => true,
)
[ info ] [ RUN ] /**
     * 用户登录方法
     * @author  矢志bu渝 <745152620@qq.com>
     */
Method [ <user> public method login ] {
  @@ /www/wwwroot/gongpai/application/index/controller/Base.php 57 - 83
}

[ info ] [ VIEW ] ./themes/default/index/login.html [ array (
  0 => 'userinfo',
) ]
[ info ] [ LOG ] INIT file

---------------------------------------------------------------
[ 2018-05-07T11:05:45+08:00 ] 172.17.146.225 117.135.173.78 GET /index/user/usercenter.html
[ log ] gp.nmd8.cn/index/user/usercenter.html [运行时间：0.025999s][吞吐率：38.46req/s] [内存消耗：3,073.66kb] [文件加载：54]
[ info ] [ DB ] INIT mysql
[ info ] [ LANG ] /www/wwwroot/gongpai/core/lang/zh-cn.php
[ info ] [ ROUTE ] array (
  'type' => 'module',
  'module' => 
  array (
    0 => 'index',
    1 => 'user',
    2 => 'usercenter',
  ),
)
[ info ] [ HEADER ] array (
  'user-agent' => 'Mozilla/5.0 (Windows NT 6.1; WOW64) AppleWebKit/537.36 (KHTML, like Gecko) Chrome/39.0.2171.95 Safari/537.36 MicroMessenger/6.5.2.501 NetType/WIFI WindowsWechat QBCore/3.43.27.400 QQBrowser/9.0.2524.400',
  'accept' => '*/*',
  'accept-language' => 'zh-CN,zh;q=0.8,en-US;q=0.6,en;q=0.4',
  'host' => 'gp.nmd8.cn',
  'connection' => 'keep-alive',
)
[ info ] [ PARAM ] array (
  'index/user/usercenter_html' => '',
)
[ info ] [ LANG ] /www/wwwroot/gongpai/application/index/lang/zh-cn.php
[ info ] [ SESSION ] INIT array (
  'prefix' => 'minishop',
  'type' => '',
  'auto_start' => true,
)
[ info ] [ LOG ] INIT file

---------------------------------------------------------------
[ 2018-05-07T11:05:50+08:00 ] 172.17.146.225 117.135.173.78 GET /index/base/login.html
[ log ] gp.nmd8.cn/index/base/login.html [运行时间：0.029168s][吞吐率：34.28req/s] [内存消耗：2,922.98kb] [文件加载：52]
[ info ] [ DB ] INIT mysql
[ info ] [ LANG ] /www/wwwroot/gongpai/core/lang/zh-cn.php
[ info ] [ ROUTE ] array (
  'type' => 'module',
  'module' => 
  array (
    0 => 'index',
    1 => 'base',
    2 => 'login',
  ),
)
[ info ] [ HEADER ] array (
  'user-agent' => 'Mozilla/5.0 (Windows NT 6.1; WOW64) AppleWebKit/537.36 (KHTML, like Gecko) Chrome/39.0.2171.95 Safari/537.36 MicroMessenger/6.5.2.501 NetType/WIFI WindowsWechat QBCore/3.43.27.400 QQBrowser/9.0.2524.400',
  'accept' => '*/*',
  'referer' => 'http://gp.nmd8.cn/index/user/usercenter.html',
  'cookie' => 'PHPSESSID=h2q4d8rpdp8v38runp4uhgihq4; think_var=zh-cn',
  'accept-language' => 'zh-CN,zh;q=0.8,en-US;q=0.6,en;q=0.4',
  'host' => 'gp.nmd8.cn',
  'connection' => 'keep-alive',
)
[ info ] [ PARAM ] array (
  'index/base/login_html' => '',
)
[ info ] [ LANG ] /www/wwwroot/gongpai/application/index/lang/zh-cn.php
[ info ] [ SESSION ] INIT array (
  'prefix' => 'minishop',
  'type' => '',
  'auto_start' => true,
)
[ info ] [ RUN ] /**
     * 用户登录方法
     * @author  矢志bu渝 <745152620@qq.com>
     */
Method [ <user> public method login ] {
  @@ /www/wwwroot/gongpai/application/index/controller/Base.php 57 - 83
}

[ info ] [ VIEW ] ./themes/default/index/login.html [ array (
  0 => 'userinfo',
) ]
[ info ] [ LOG ] INIT file

---------------------------------------------------------------
[ 2018-05-07T12:28:17+08:00 ] 172.17.146.225 183.136.190.62 GET /
[ log ] gp.nmd8.cn/ [运行时间：0.026280s][吞吐率：38.05req/s] [内存消耗：2,941.61kb] [文件加载：54]
[ info ] [ DB ] INIT mysql
[ info ] [ LANG ] /www/wwwroot/gongpai/core/lang/zh-cn.php
[ info ] [ ROUTE ] array (
  'type' => 'module',
  'module' => 
  array (
    0 => '',
    1 => NULL,
    2 => NULL,
  ),
)
[ info ] [ HEADER ] array (
  'host' => 'gp.nmd8.cn',
  'user-agent' => 'Mozilla/5.0 (Windows NT 6.1) AppleWebKit/537.36 (KHTML, like Gecko) Chrome/35.0.1916.153 Safari/537.36',
  'accept' => 'text/html,application/xhtml+xml,application/xml;q=0.9,image/webp,*/*;q=0.8',
  'accept-encoding' => '',
  'accept-language' => 'zh-CN,zh;q=0.8',
  'cache-control' => 'max-age=0',
  'connection' => 'close',
)
[ info ] [ PARAM ] array (
)
[ info ] [ LANG ] /www/wwwroot/gongpai/application/index/lang/zh-cn.php
[ info ] [ SESSION ] INIT array (
  'prefix' => 'minishop',
  'type' => '',
  'auto_start' => true,
)
[ info ] [ LOG ] INIT file

---------------------------------------------------------------
[ 2018-05-07T14:10:52+08:00 ] 172.17.146.225 106.14.168.238 GET /
[ log ] gp.nmd8.cn/ [运行时间：0.024982s][吞吐率：40.03req/s] [内存消耗：2,940.39kb] [文件加载：54]
[ info ] [ DB ] INIT mysql
[ info ] [ LANG ] /www/wwwroot/gongpai/core/lang/zh-cn.php
[ info ] [ ROUTE ] array (
  'type' => 'module',
  'module' => 
  array (
    0 => '',
    1 => NULL,
    2 => NULL,
  ),
)
[ info ] [ HEADER ] array (
  'user-agent' => 'Mozilla/5.0 (X11; Ubuntu; Linux x86_64; rv:36.0) Gecko/20100101 Firefox/36.0',
  'host' => 'gp.nmd8.cn',
  'accept' => 'text/html, image/gif, image/jpeg, *; q=.2, */*; q=.2',
  'connection' => 'keep-alive',
)
[ info ] [ PARAM ] array (
)
[ info ] [ LANG ] /www/wwwroot/gongpai/application/index/lang/zh-cn.php
[ info ] [ SESSION ] INIT array (
  'prefix' => 'minishop',
  'type' => '',
  'auto_start' => true,
)
[ info ] [ LOG ] INIT file

---------------------------------------------------------------
[ 2018-05-07T14:10:52+08:00 ] 172.17.146.225 106.14.168.238 GET /index/base/login.html
[ log ] gp.nmd8.cn/index/base/login.html [运行时间：0.028836s][吞吐率：34.68req/s] [内存消耗：2,922.35kb] [文件加载：52]
[ info ] [ DB ] INIT mysql
[ info ] [ LANG ] /www/wwwroot/gongpai/core/lang/zh-cn.php
[ info ] [ ROUTE ] array (
  'type' => 'module',
  'module' => 
  array (
    0 => 'index',
    1 => 'base',
    2 => 'login',
  ),
)
[ info ] [ HEADER ] array (
  'user-agent' => 'Mozilla/5.0 (X11; Ubuntu; Linux x86_64; rv:36.0) Gecko/20100101 Firefox/36.0',
  'host' => 'gp.nmd8.cn',
  'accept' => 'text/html, image/gif, image/jpeg, *; q=.2, */*; q=.2',
  'connection' => 'keep-alive',
)
[ info ] [ PARAM ] array (
  'index/base/login_html' => '',
)
[ info ] [ LANG ] /www/wwwroot/gongpai/application/index/lang/zh-cn.php
[ info ] [ SESSION ] INIT array (
  'prefix' => 'minishop',
  'type' => '',
  'auto_start' => true,
)
[ info ] [ RUN ] /**
     * 用户登录方法
     * @author  矢志bu渝 <745152620@qq.com>
     */
Method [ <user> public method login ] {
  @@ /www/wwwroot/gongpai/application/index/controller/Base.php 57 - 83
}

[ info ] [ VIEW ] ./themes/default/index/login.html [ array (
  0 => 'userinfo',
) ]
[ info ] [ LOG ] INIT file

---------------------------------------------------------------
[ 2018-05-07T15:05:59+08:00 ] 172.17.146.225 47.98.34.250 GET /
[ log ] gp.nmd8.cn/ [运行时间：0.025880s][吞吐率：38.64req/s] [内存消耗：2,940.39kb] [文件加载：54]
[ info ] [ DB ] INIT mysql
[ info ] [ LANG ] /www/wwwroot/gongpai/core/lang/zh-cn.php
[ info ] [ ROUTE ] array (
  'type' => 'module',
  'module' => 
  array (
    0 => '',
    1 => NULL,
    2 => NULL,
  ),
)
[ info ] [ HEADER ] array (
  'user-agent' => 'Mozilla/5.0 (X11; Ubuntu; Linux x86_64; rv:36.0) Gecko/20100101 Firefox/36.0',
  'host' => 'gp.nmd8.cn',
  'accept' => 'text/html, image/gif, image/jpeg, *; q=.2, */*; q=.2',
  'connection' => 'keep-alive',
)
[ info ] [ PARAM ] array (
)
[ info ] [ LANG ] /www/wwwroot/gongpai/application/index/lang/zh-cn.php
[ info ] [ SESSION ] INIT array (
  'prefix' => 'minishop',
  'type' => '',
  'auto_start' => true,
)
[ info ] [ LOG ] INIT file

---------------------------------------------------------------
[ 2018-05-07T15:05:59+08:00 ] 172.17.146.225 47.98.34.250 GET /index/base/login.html
[ log ] gp.nmd8.cn/index/base/login.html [运行时间：0.026751s][吞吐率：37.38req/s] [内存消耗：2,922.35kb] [文件加载：52]
[ info ] [ DB ] INIT mysql
[ info ] [ LANG ] /www/wwwroot/gongpai/core/lang/zh-cn.php
[ info ] [ ROUTE ] array (
  'type' => 'module',
  'module' => 
  array (
    0 => 'index',
    1 => 'base',
    2 => 'login',
  ),
)
[ info ] [ HEADER ] array (
  'user-agent' => 'Mozilla/5.0 (X11; Ubuntu; Linux x86_64; rv:36.0) Gecko/20100101 Firefox/36.0',
  'host' => 'gp.nmd8.cn',
  'accept' => 'text/html, image/gif, image/jpeg, *; q=.2, */*; q=.2',
  'connection' => 'keep-alive',
)
[ info ] [ PARAM ] array (
  'index/base/login_html' => '',
)
[ info ] [ LANG ] /www/wwwroot/gongpai/application/index/lang/zh-cn.php
[ info ] [ SESSION ] INIT array (
  'prefix' => 'minishop',
  'type' => '',
  'auto_start' => true,
)
[ info ] [ RUN ] /**
     * 用户登录方法
     * @author  矢志bu渝 <745152620@qq.com>
     */
Method [ <user> public method login ] {
  @@ /www/wwwroot/gongpai/application/index/controller/Base.php 57 - 83
}

[ info ] [ VIEW ] ./themes/default/index/login.html [ array (
  0 => 'userinfo',
) ]
[ info ] [ LOG ] INIT file

---------------------------------------------------------------
[ 2018-05-07T16:19:39+08:00 ] 172.17.146.225 61.54.233.181 GET /
[ log ] gp.nmd8.cn/ [运行时间：0.025745s][吞吐率：38.84req/s] [内存消耗：2,941.63kb] [文件加载：54]
[ info ] [ DB ] INIT mysql
[ info ] [ LANG ] /www/wwwroot/gongpai/core/lang/zh-cn.php
[ info ] [ ROUTE ] array (
  'type' => 'module',
  'module' => 
  array (
    0 => '',
    1 => NULL,
    2 => NULL,
  ),
)
[ info ] [ HEADER ] array (
  'host' => 'gp.nmd8.cn',
  'connection' => 'keep-alive',
  'user-agent' => 'Mozilla/5.0 (Linux; Android 7.0; Mi Note 2 Build/NRD90M; wv) AppleWebKit/537.36 (KHTML, like Gecko) Version/4.0 Chrome/57.0.2987.132 MQQBrowser/6.2 TBS/044029 Mobile Safari/537.36 V1_AND_SQ_7.5.8_818_YYB_D QQ/7.5.8.3490 NetType/WIFI WebP/0.3.0 Pixel/1080',
  'accept' => 'text/html,application/xhtml+xml,application/xml;q=0.9,image/webp,image/apng,image/sharpp,image/apng,*/*;q=0.8',
  'accept-encoding' => 'gzip, deflate',
  'accept-language' => 'zh-CN,en-US;q=0.8',
  'cookie' => 'PHPSESSID=9abu6ciov6p7fphjdt5ffumu24',
)
[ info ] [ PARAM ] array (
)
[ info ] [ LANG ] /www/wwwroot/gongpai/application/index/lang/zh-cn.php
[ info ] [ SESSION ] INIT array (
  'prefix' => 'minishop',
  'type' => '',
  'auto_start' => true,
)
[ info ] [ LOG ] INIT file

---------------------------------------------------------------
[ 2018-05-07T16:19:39+08:00 ] 172.17.146.225 61.54.233.181 GET /index/base/login.html
[ log ] gp.nmd8.cn/index/base/login.html [运行时间：0.028712s][吞吐率：34.83req/s] [内存消耗：2,923.19kb] [文件加载：52]
[ info ] [ DB ] INIT mysql
[ info ] [ LANG ] /www/wwwroot/gongpai/core/lang/zh-cn.php
[ info ] [ ROUTE ] array (
  'type' => 'module',
  'module' => 
  array (
    0 => 'index',
    1 => 'base',
    2 => 'login',
  ),
)
[ info ] [ HEADER ] array (
  'host' => 'gp.nmd8.cn',
  'connection' => 'keep-alive',
  'user-agent' => 'Mozilla/5.0 (Linux; Android 7.0; Mi Note 2 Build/NRD90M; wv) AppleWebKit/537.36 (KHTML, like Gecko) Version/4.0 Chrome/57.0.2987.132 MQQBrowser/6.2 TBS/044029 Mobile Safari/537.36 V1_AND_SQ_7.5.8_818_YYB_D QQ/7.5.8.3490 NetType/WIFI WebP/0.3.0 Pixel/1080',
  'accept' => 'text/html,application/xhtml+xml,application/xml;q=0.9,image/webp,image/apng,image/sharpp,image/apng,*/*;q=0.8',
  'accept-encoding' => 'gzip, deflate',
  'accept-language' => 'zh-CN,en-US;q=0.8',
  'cookie' => 'PHPSESSID=9abu6ciov6p7fphjdt5ffumu24; think_var=zh-cn',
)
[ info ] [ PARAM ] array (
  'index/base/login_html' => '',
)
[ info ] [ LANG ] /www/wwwroot/gongpai/application/index/lang/zh-cn.php
[ info ] [ SESSION ] INIT array (
  'prefix' => 'minishop',
  'type' => '',
  'auto_start' => true,
)
[ info ] [ RUN ] /**
     * 用户登录方法
     * @author  矢志bu渝 <745152620@qq.com>
     */
Method [ <user> public method login ] {
  @@ /www/wwwroot/gongpai/application/index/controller/Base.php 57 - 83
}

[ info ] [ VIEW ] ./themes/default/index/login.html [ array (
  0 => 'userinfo',
) ]
[ info ] [ LOG ] INIT file

---------------------------------------------------------------
[ 2018-05-07T16:20:39+08:00 ] 172.17.146.225 140.207.54.197 GET /index/base/login.html
[ log ] gp.nmd8.cn/index/base/login.html [运行时间：0.028704s][吞吐率：34.84req/s] [内存消耗：2,923.45kb] [文件加载：52]
[ info ] [ DB ] INIT mysql
[ info ] [ LANG ] /www/wwwroot/gongpai/core/lang/zh-cn.php
[ info ] [ ROUTE ] array (
  'type' => 'module',
  'module' => 
  array (
    0 => 'index',
    1 => 'base',
    2 => 'login',
  ),
)
[ info ] [ HEADER ] array (
  'user-agent' => 'Mozilla/5.0 (Windows NT 6.1; WOW64) AppleWebKit/537.36 (KHTML, like Gecko) Chrome/45.0.2454.101 Safari/537.36',
  'accept' => '*/*',
  'accept-language' => 'zh-CN,zh;q=0.8,en-US;q=0.6,en;q=0.4',
  'host' => 'gp.nmd8.cn',
  'connection' => 'keep-alive',
)
[ info ] [ PARAM ] array (
  'index/base/login_html' => '',
)
[ info ] [ LANG ] /www/wwwroot/gongpai/application/index/lang/zh-cn.php
[ info ] [ SESSION ] INIT array (
  'prefix' => 'minishop',
  'type' => '',
  'auto_start' => true,
)
[ info ] [ RUN ] /**
     * 用户登录方法
     * @author  矢志bu渝 <745152620@qq.com>
     */
Method [ <user> public method login ] {
  @@ /www/wwwroot/gongpai/application/index/controller/Base.php 57 - 83
}

[ info ] [ VIEW ] ./themes/default/index/login.html [ array (
  0 => 'userinfo',
) ]
[ info ] [ LOG ] INIT file

---------------------------------------------------------------
