[ 2018-05-13T00:00:02+08:00 ] 0.0.0.0 0.0.0.0 CLI 
[ log ] cmd:think auto [运行时间：0.375000s][吞吐率：2.67req/s] [内存消耗：1,609.95kb] [文件加载：54]
[ info ] [ DB ] INIT mysql
[ info ] [ LOG ] INIT file

---------------------------------------------------------------
[ 2018-05-13T00:00:05+08:00 ] 0.0.0.0 0.0.0.0 CLI 
[ log ] cmd:think auto [运行时间：0.281250s][吞吐率：3.56req/s] [内存消耗：1,609.95kb] [文件加载：54]
[ info ] [ DB ] INIT mysql
[ info ] [ LOG ] INIT file

---------------------------------------------------------------
[ 2018-05-13T00:00:07+08:00 ] 0.0.0.0 0.0.0.0 CLI 
[ log ] cmd:think auto [运行时间：0.250000s][吞吐率：4.00req/s] [内存消耗：1,609.95kb] [文件加载：54]
[ info ] [ DB ] INIT mysql
[ info ] [ LOG ] INIT file

---------------------------------------------------------------
[ 2018-05-13T00:00:09+08:00 ] 0.0.0.0 0.0.0.0 CLI 
[ log ] cmd:think auto [运行时间：0.328125s][吞吐率：3.05req/s] [内存消耗：1,609.95kb] [文件加载：54]
[ info ] [ DB ] INIT mysql
[ info ] [ LOG ] INIT file

---------------------------------------------------------------
[ 2018-05-13T00:00:11+08:00 ] 0.0.0.0 0.0.0.0 CLI 
[ log ] cmd:think auto [运行时间：0.218750s][吞吐率：4.57req/s] [内存消耗：1,609.95kb] [文件加载：54]
[ info ] [ DB ] INIT mysql
[ info ] [ LOG ] INIT file

---------------------------------------------------------------
[ 2018-05-13T00:00:14+08:00 ] 0.0.0.0 0.0.0.0 CLI 
[ log ] cmd:think auto [运行时间：0.453125s][吞吐率：2.21req/s] [内存消耗：1,609.95kb] [文件加载：54]
[ info ] [ DB ] INIT mysql
[ info ] [ LOG ] INIT file

---------------------------------------------------------------
[ 2018-05-13T00:00:17+08:00 ] 0.0.0.0 0.0.0.0 CLI 
[ log ] cmd:think auto [运行时间：0.171875s][吞吐率：5.82req/s] [内存消耗：1,609.95kb] [文件加载：54]
[ info ] [ DB ] INIT mysql
[ info ] [ LOG ] INIT file

---------------------------------------------------------------
[ 2018-05-13T00:00:19+08:00 ] 0.0.0.0 0.0.0.0 CLI 
[ log ] cmd:think auto [运行时间：0.203125s][吞吐率：4.92req/s] [内存消耗：1,609.95kb] [文件加载：54]
[ info ] [ DB ] INIT mysql
[ info ] [ LOG ] INIT file

---------------------------------------------------------------
[ 2018-05-13T00:00:21+08:00 ] 0.0.0.0 0.0.0.0 CLI 
[ log ] cmd:think auto [运行时间：0.218750s][吞吐率：4.57req/s] [内存消耗：1,609.95kb] [文件加载：54]
[ info ] [ DB ] INIT mysql
[ info ] [ LOG ] INIT file

---------------------------------------------------------------
[ 2018-05-13T00:00:24+08:00 ] 0.0.0.0 0.0.0.0 CLI 
[ log ] cmd:think auto [运行时间：0.218750s][吞吐率：4.57req/s] [内存消耗：1,609.95kb] [文件加载：54]
[ info ] [ DB ] INIT mysql
[ info ] [ LOG ] INIT file

---------------------------------------------------------------
[ 2018-05-13T00:00:26+08:00 ] 0.0.0.0 0.0.0.0 CLI 
[ log ] cmd:think auto [运行时间：0.265625s][吞吐率：3.76req/s] [内存消耗：1,609.95kb] [文件加载：54]
[ info ] [ DB ] INIT mysql
[ info ] [ LOG ] INIT file

---------------------------------------------------------------
[ 2018-05-13T00:00:29+08:00 ] 0.0.0.0 0.0.0.0 CLI 
[ log ] cmd:think auto [运行时间：0.515625s][吞吐率：1.94req/s] [内存消耗：1,609.95kb] [文件加载：54]
[ info ] [ DB ] INIT mysql
[ info ] [ LOG ] INIT file

---------------------------------------------------------------
[ 2018-05-13T00:00:32+08:00 ] 0.0.0.0 0.0.0.0 CLI 
[ log ] cmd:think auto [运行时间：0.359375s][吞吐率：2.78req/s] [内存消耗：1,609.95kb] [文件加载：54]
[ info ] [ DB ] INIT mysql
[ info ] [ LOG ] INIT file

---------------------------------------------------------------
[ 2018-05-13T00:00:35+08:00 ] 0.0.0.0 0.0.0.0 CLI 
[ log ] cmd:think auto [运行时间：0.484375s][吞吐率：2.06req/s] [内存消耗：1,609.95kb] [文件加载：54]
[ info ] [ DB ] INIT mysql
[ info ] [ LOG ] INIT file

---------------------------------------------------------------
[ 2018-05-13T00:00:37+08:00 ] 0.0.0.0 0.0.0.0 CLI 
[ log ] cmd:think auto [运行时间：0.468750s][吞吐率：2.13req/s] [内存消耗：1,609.95kb] [文件加载：54]
[ info ] [ DB ] INIT mysql
[ info ] [ LOG ] INIT file

---------------------------------------------------------------
[ 2018-05-13T00:00:40+08:00 ] 0.0.0.0 0.0.0.0 CLI 
[ log ] cmd:think auto [运行时间：0.359375s][吞吐率：2.78req/s] [内存消耗：1,609.95kb] [文件加载：54]
[ info ] [ DB ] INIT mysql
[ info ] [ LOG ] INIT file

---------------------------------------------------------------
[ 2018-05-13T00:00:42+08:00 ] 0.0.0.0 0.0.0.0 CLI 
[ log ] cmd:think auto [运行时间：0.203125s][吞吐率：4.92req/s] [内存消耗：1,609.95kb] [文件加载：54]
[ info ] [ DB ] INIT mysql
[ info ] [ LOG ] INIT file

---------------------------------------------------------------
[ 2018-05-13T00:00:44+08:00 ] 0.0.0.0 0.0.0.0 CLI 
[ log ] cmd:think auto [运行时间：0.281250s][吞吐率：3.56req/s] [内存消耗：1,609.95kb] [文件加载：54]
[ info ] [ DB ] INIT mysql
[ info ] [ LOG ] INIT file

---------------------------------------------------------------
[ 2018-05-13T00:00:46+08:00 ] 0.0.0.0 0.0.0.0 CLI 
[ log ] cmd:think auto [运行时间：0.250000s][吞吐率：4.00req/s] [内存消耗：1,609.95kb] [文件加载：54]
[ info ] [ DB ] INIT mysql
[ info ] [ LOG ] INIT file

---------------------------------------------------------------
[ 2018-05-13T00:00:48+08:00 ] 0.0.0.0 0.0.0.0 CLI 
[ log ] cmd:think auto [运行时间：0.171875s][吞吐率：5.82req/s] [内存消耗：1,609.95kb] [文件加载：54]
[ info ] [ DB ] INIT mysql
[ info ] [ LOG ] INIT file

---------------------------------------------------------------
[ 2018-05-13T00:00:50+08:00 ] 0.0.0.0 0.0.0.0 CLI 
[ log ] cmd:think auto [运行时间：0.218750s][吞吐率：4.57req/s] [内存消耗：1,609.95kb] [文件加载：54]
[ info ] [ DB ] INIT mysql
[ info ] [ LOG ] INIT file

---------------------------------------------------------------
[ 2018-05-13T00:00:52+08:00 ] 0.0.0.0 0.0.0.0 CLI 
[ log ] cmd:think auto [运行时间：0.187500s][吞吐率：5.33req/s] [内存消耗：1,609.95kb] [文件加载：54]
[ info ] [ DB ] INIT mysql
[ info ] [ LOG ] INIT file

---------------------------------------------------------------
[ 2018-05-13T00:00:54+08:00 ] 0.0.0.0 0.0.0.0 CLI 
[ log ] cmd:think auto [运行时间：0.328125s][吞吐率：3.05req/s] [内存消耗：1,609.95kb] [文件加载：54]
[ info ] [ DB ] INIT mysql
[ info ] [ LOG ] INIT file

---------------------------------------------------------------
[ 2018-05-13T00:00:56+08:00 ] 0.0.0.0 0.0.0.0 CLI 
[ log ] cmd:think auto [运行时间：0.234375s][吞吐率：4.27req/s] [内存消耗：1,609.95kb] [文件加载：54]
[ info ] [ DB ] INIT mysql
[ info ] [ LOG ] INIT file

---------------------------------------------------------------
[ 2018-05-13T00:00:59+08:00 ] 0.0.0.0 0.0.0.0 CLI 
[ log ] cmd:think auto [运行时间：0.453125s][吞吐率：2.21req/s] [内存消耗：1,609.95kb] [文件加载：54]
[ info ] [ DB ] INIT mysql
[ info ] [ LOG ] INIT file

---------------------------------------------------------------
[ 2018-05-13T00:01:01+08:00 ] 0.0.0.0 0.0.0.0 CLI 
[ log ] cmd:think auto [运行时间：0.562500s][吞吐率：1.78req/s] [内存消耗：1,609.95kb] [文件加载：54]
[ info ] [ DB ] INIT mysql
[ info ] [ LOG ] INIT file

---------------------------------------------------------------
[ 2018-05-13T00:01:06+08:00 ] 0.0.0.0 0.0.0.0 CLI 
[ log ] cmd:think auto [运行时间：0.687500s][吞吐率：1.45req/s] [内存消耗：1,609.95kb] [文件加载：54]
[ info ] [ DB ] INIT mysql
[ info ] [ LOG ] INIT file

---------------------------------------------------------------
[ 2018-05-13T00:01:09+08:00 ] 0.0.0.0 0.0.0.0 CLI 
[ log ] cmd:think auto [运行时间：0.187500s][吞吐率：5.33req/s] [内存消耗：1,609.95kb] [文件加载：54]
[ info ] [ DB ] INIT mysql
[ info ] [ LOG ] INIT file

---------------------------------------------------------------
[ 2018-05-13T00:01:11+08:00 ] 0.0.0.0 0.0.0.0 CLI 
[ log ] cmd:think auto [运行时间：0.250000s][吞吐率：4.00req/s] [内存消耗：1,609.95kb] [文件加载：54]
[ info ] [ DB ] INIT mysql
[ info ] [ LOG ] INIT file

---------------------------------------------------------------
[ 2018-05-13T00:01:14+08:00 ] 0.0.0.0 0.0.0.0 CLI 
[ log ] cmd:think auto [运行时间：0.328125s][吞吐率：3.05req/s] [内存消耗：1,609.95kb] [文件加载：54]
[ info ] [ DB ] INIT mysql
[ info ] [ LOG ] INIT file

---------------------------------------------------------------
[ 2018-05-13T00:01:16+08:00 ] 0.0.0.0 0.0.0.0 CLI 
[ log ] cmd:think auto [运行时间：0.296875s][吞吐率：3.37req/s] [内存消耗：1,609.95kb] [文件加载：54]
[ info ] [ DB ] INIT mysql
[ info ] [ LOG ] INIT file

---------------------------------------------------------------
[ 2018-05-13T00:01:18+08:00 ] 0.0.0.0 0.0.0.0 CLI 
[ log ] cmd:think auto [运行时间：0.187500s][吞吐率：5.33req/s] [内存消耗：1,609.95kb] [文件加载：54]
[ info ] [ DB ] INIT mysql
[ info ] [ LOG ] INIT file

---------------------------------------------------------------
[ 2018-05-13T00:01:20+08:00 ] 0.0.0.0 0.0.0.0 CLI 
[ log ] cmd:think auto [运行时间：0.171875s][吞吐率：5.82req/s] [内存消耗：1,609.95kb] [文件加载：54]
[ info ] [ DB ] INIT mysql
[ info ] [ LOG ] INIT file

---------------------------------------------------------------
[ 2018-05-13T00:01:22+08:00 ] 0.0.0.0 0.0.0.0 CLI 
[ log ] cmd:think auto [运行时间：0.187500s][吞吐率：5.33req/s] [内存消耗：1,609.95kb] [文件加载：54]
[ info ] [ DB ] INIT mysql
[ info ] [ LOG ] INIT file

---------------------------------------------------------------
[ 2018-05-13T00:01:25+08:00 ] 0.0.0.0 0.0.0.0 CLI 
[ log ] cmd:think auto [运行时间：0.281250s][吞吐率：3.56req/s] [内存消耗：1,609.95kb] [文件加载：54]
[ info ] [ DB ] INIT mysql
[ info ] [ LOG ] INIT file

---------------------------------------------------------------
[ 2018-05-13T00:01:27+08:00 ] 0.0.0.0 0.0.0.0 CLI 
[ log ] cmd:think auto [运行时间：0.343750s][吞吐率：2.91req/s] [内存消耗：1,609.95kb] [文件加载：54]
[ info ] [ DB ] INIT mysql
[ info ] [ LOG ] INIT file

---------------------------------------------------------------
[ 2018-05-13T00:01:29+08:00 ] 0.0.0.0 0.0.0.0 CLI 
[ log ] cmd:think auto [运行时间：0.171875s][吞吐率：5.82req/s] [内存消耗：1,609.95kb] [文件加载：54]
[ info ] [ DB ] INIT mysql
[ info ] [ LOG ] INIT file

---------------------------------------------------------------
[ 2018-05-13T00:01:31+08:00 ] 0.0.0.0 0.0.0.0 CLI 
[ log ] cmd:think auto [运行时间：0.250000s][吞吐率：4.00req/s] [内存消耗：1,609.95kb] [文件加载：54]
[ info ] [ DB ] INIT mysql
[ info ] [ LOG ] INIT file

---------------------------------------------------------------
[ 2018-05-13T00:01:33+08:00 ] 0.0.0.0 0.0.0.0 CLI 
[ log ] cmd:think auto [运行时间：0.250000s][吞吐率：4.00req/s] [内存消耗：1,609.95kb] [文件加载：54]
[ info ] [ DB ] INIT mysql
[ info ] [ LOG ] INIT file

---------------------------------------------------------------
[ 2018-05-13T00:01:35+08:00 ] 0.0.0.0 0.0.0.0 CLI 
[ log ] cmd:think auto [运行时间：0.203125s][吞吐率：4.92req/s] [内存消耗：1,609.95kb] [文件加载：54]
[ info ] [ DB ] INIT mysql
[ info ] [ LOG ] INIT file

---------------------------------------------------------------
[ 2018-05-13T00:01:37+08:00 ] 0.0.0.0 0.0.0.0 CLI 
[ log ] cmd:think auto [运行时间：0.296875s][吞吐率：3.37req/s] [内存消耗：1,609.95kb] [文件加载：54]
[ info ] [ DB ] INIT mysql
[ info ] [ LOG ] INIT file

---------------------------------------------------------------
[ 2018-05-13T00:01:39+08:00 ] 0.0.0.0 0.0.0.0 CLI 
[ log ] cmd:think auto [运行时间：0.328125s][吞吐率：3.05req/s] [内存消耗：1,609.95kb] [文件加载：54]
[ info ] [ DB ] INIT mysql
[ info ] [ LOG ] INIT file

---------------------------------------------------------------
[ 2018-05-13T00:01:41+08:00 ] 0.0.0.0 0.0.0.0 CLI 
[ log ] cmd:think auto [运行时间：0.328125s][吞吐率：3.05req/s] [内存消耗：1,609.95kb] [文件加载：54]
[ info ] [ DB ] INIT mysql
[ info ] [ LOG ] INIT file

---------------------------------------------------------------
[ 2018-05-13T00:01:43+08:00 ] 0.0.0.0 0.0.0.0 CLI 
[ log ] cmd:think auto [运行时间：0.234375s][吞吐率：4.27req/s] [内存消耗：1,609.95kb] [文件加载：54]
[ info ] [ DB ] INIT mysql
[ info ] [ LOG ] INIT file

---------------------------------------------------------------
[ 2018-05-13T00:01:45+08:00 ] 0.0.0.0 0.0.0.0 CLI 
[ log ] cmd:think auto [运行时间：0.250000s][吞吐率：4.00req/s] [内存消耗：1,609.95kb] [文件加载：54]
[ info ] [ DB ] INIT mysql
[ info ] [ LOG ] INIT file

---------------------------------------------------------------
[ 2018-05-13T00:01:47+08:00 ] 0.0.0.0 0.0.0.0 CLI 
[ log ] cmd:think auto [运行时间：0.250000s][吞吐率：4.00req/s] [内存消耗：1,609.95kb] [文件加载：54]
[ info ] [ DB ] INIT mysql
[ info ] [ LOG ] INIT file

---------------------------------------------------------------
[ 2018-05-13T00:01:49+08:00 ] 0.0.0.0 0.0.0.0 CLI 
[ log ] cmd:think auto [运行时间：0.187500s][吞吐率：5.33req/s] [内存消耗：1,609.95kb] [文件加载：54]
[ info ] [ DB ] INIT mysql
[ info ] [ LOG ] INIT file

---------------------------------------------------------------
[ 2018-05-13T00:01:51+08:00 ] 0.0.0.0 0.0.0.0 CLI 
[ log ] cmd:think auto [运行时间：0.281250s][吞吐率：3.56req/s] [内存消耗：1,609.95kb] [文件加载：54]
[ info ] [ DB ] INIT mysql
[ info ] [ LOG ] INIT file

---------------------------------------------------------------
[ 2018-05-13T00:01:53+08:00 ] 0.0.0.0 0.0.0.0 CLI 
[ log ] cmd:think auto [运行时间：0.265625s][吞吐率：3.76req/s] [内存消耗：1,609.95kb] [文件加载：54]
[ info ] [ DB ] INIT mysql
[ info ] [ LOG ] INIT file

---------------------------------------------------------------
[ 2018-05-13T00:01:55+08:00 ] 0.0.0.0 0.0.0.0 CLI 
[ log ] cmd:think auto [运行时间：0.250000s][吞吐率：4.00req/s] [内存消耗：1,609.95kb] [文件加载：54]
[ info ] [ DB ] INIT mysql
[ info ] [ LOG ] INIT file

---------------------------------------------------------------
[ 2018-05-13T00:01:57+08:00 ] 0.0.0.0 0.0.0.0 CLI 
[ log ] cmd:think auto [运行时间：0.203125s][吞吐率：4.92req/s] [内存消耗：1,609.95kb] [文件加载：54]
[ info ] [ DB ] INIT mysql
[ info ] [ LOG ] INIT file

---------------------------------------------------------------
[ 2018-05-13T00:01:59+08:00 ] 0.0.0.0 0.0.0.0 CLI 
[ log ] cmd:think auto [运行时间：0.406250s][吞吐率：2.46req/s] [内存消耗：1,609.95kb] [文件加载：54]
[ info ] [ DB ] INIT mysql
[ info ] [ LOG ] INIT file

---------------------------------------------------------------
[ 2018-05-13T00:02:02+08:00 ] 0.0.0.0 0.0.0.0 CLI 
[ log ] cmd:think auto [运行时间：0.203125s][吞吐率：4.92req/s] [内存消耗：1,609.95kb] [文件加载：54]
[ info ] [ DB ] INIT mysql
[ info ] [ LOG ] INIT file

---------------------------------------------------------------
[ 2018-05-13T00:02:04+08:00 ] 0.0.0.0 0.0.0.0 CLI 
[ log ] cmd:think auto [运行时间：0.296875s][吞吐率：3.37req/s] [内存消耗：1,609.95kb] [文件加载：54]
[ info ] [ DB ] INIT mysql
[ info ] [ LOG ] INIT file

---------------------------------------------------------------
[ 2018-05-13T00:02:06+08:00 ] 0.0.0.0 0.0.0.0 CLI 
[ log ] cmd:think auto [运行时间：0.218750s][吞吐率：4.57req/s] [内存消耗：1,609.95kb] [文件加载：54]
[ info ] [ DB ] INIT mysql
[ info ] [ LOG ] INIT file

---------------------------------------------------------------
[ 2018-05-13T00:02:09+08:00 ] 0.0.0.0 0.0.0.0 CLI 
[ log ] cmd:think auto [运行时间：0.359375s][吞吐率：2.78req/s] [内存消耗：1,609.95kb] [文件加载：54]
[ info ] [ DB ] INIT mysql
[ info ] [ LOG ] INIT file

---------------------------------------------------------------
[ 2018-05-13T00:02:11+08:00 ] 0.0.0.0 0.0.0.0 CLI 
[ log ] cmd:think auto [运行时间：0.203125s][吞吐率：4.92req/s] [内存消耗：1,609.95kb] [文件加载：54]
[ info ] [ DB ] INIT mysql
[ info ] [ LOG ] INIT file

---------------------------------------------------------------
[ 2018-05-13T00:02:15+08:00 ] 0.0.0.0 0.0.0.0 CLI 
[ log ] cmd:think auto [运行时间：0.171875s][吞吐率：5.82req/s] [内存消耗：1,609.95kb] [文件加载：54]
[ info ] [ DB ] INIT mysql
[ info ] [ LOG ] INIT file

---------------------------------------------------------------
[ 2018-05-13T00:02:17+08:00 ] 0.0.0.0 0.0.0.0 CLI 
[ log ] cmd:think auto [运行时间：0.187500s][吞吐率：5.33req/s] [内存消耗：1,609.95kb] [文件加载：54]
[ info ] [ DB ] INIT mysql
[ info ] [ LOG ] INIT file

---------------------------------------------------------------
[ 2018-05-13T03:52:03+08:00 ] 122.114.73.147 220.181.158.71 GET /
[ log ] zsh.ruishengkj.net/ [运行时间：0.140625s][吞吐率：7.11req/s] [内存消耗：1,789.71kb] [文件加载：54]
[ info ] [ DB ] INIT mysql
[ info ] [ LANG ] Z:\wwwroot\zsh.ruishengkj.net\core\lang\zh-cn.php
[ info ] [ ROUTE ] array (
  'type' => 'module',
  'module' => 
  array (
    0 => '',
    1 => NULL,
    2 => NULL,
  ),
)
[ info ] [ HEADER ] array (
  'connection' => 'close',
  'accept' => '*/*',
  'host' => 'zsh.ruishengkj.net',
)
[ info ] [ PARAM ] array (
)
[ info ] [ LANG ] Z:\wwwroot\zsh.ruishengkj.net/application/index\lang\zh-cn.php
[ info ] [ SESSION ] INIT array (
  'prefix' => 'minishop',
  'type' => '',
  'auto_start' => true,
)
[ info ] [ LOG ] INIT file

---------------------------------------------------------------
[ 2018-05-13T03:52:03+08:00 ] 122.114.73.147 220.181.158.71 GET /
[ log ] zsh.ruishengkj.net/ [运行时间：0.281250s][吞吐率：3.56req/s] [内存消耗：1,789.71kb] [文件加载：54]
[ info ] [ DB ] INIT mysql
[ info ] [ LANG ] Z:\wwwroot\zsh.ruishengkj.net\core\lang\zh-cn.php
[ info ] [ ROUTE ] array (
  'type' => 'module',
  'module' => 
  array (
    0 => '',
    1 => NULL,
    2 => NULL,
  ),
)
[ info ] [ HEADER ] array (
  'connection' => 'close',
  'accept' => '*/*',
  'host' => 'zsh.ruishengkj.net',
)
[ info ] [ PARAM ] array (
)
[ info ] [ LANG ] Z:\wwwroot\zsh.ruishengkj.net/application/index\lang\zh-cn.php
[ info ] [ SESSION ] INIT array (
  'prefix' => 'minishop',
  'type' => '',
  'auto_start' => true,
)
[ info ] [ LOG ] INIT file

---------------------------------------------------------------
[ 2018-05-13T08:52:07+08:00 ] 122.114.73.147 217.182.205.145 GET /robots.txt
[ log ] zsh.ruishengkj.net/robots.txt [运行时间：0.171875s][吞吐率：5.82req/s] [内存消耗：1,449.70kb] [文件加载：41]
[ info ] [ DB ] INIT mysql
[ info ] [ LANG ] Z:\wwwroot\zsh.ruishengkj.net\core\lang\zh-cn.php
[ info ] [ ROUTE ] array (
  'type' => 'module',
  'module' => 
  array (
    0 => 'robots.txt',
    1 => NULL,
    2 => NULL,
  ),
)
[ info ] [ HEADER ] array (
  'host' => 'zsh.ruishengkj.net',
  'connection' => 'close',
  'user-agent' => 'Mozilla/5.0 (compatible; MJ12bot/v1.4.8; http://mj12bot.com/)',
  'accept' => '*/*',
)
[ info ] [ PARAM ] array (
  '/robots_txt' => '',
)
[ info ] [ LOG ] INIT file

---------------------------------------------------------------
[ 2018-05-13T08:52:11+08:00 ] 122.114.73.147 217.182.205.145 GET /
[ log ] zsh.ruishengkj.net/ [运行时间：0.234375s][吞吐率：4.27req/s] [内存消耗：1,784.64kb] [文件加载：52]
[ info ] [ DB ] INIT mysql
[ info ] [ ROUTE ] array (
  'type' => 'module',
  'module' => 
  array (
    0 => '',
    1 => NULL,
    2 => NULL,
  ),
)
[ info ] [ HEADER ] array (
  'connection' => 'close',
  'host' => 'zsh.ruishengkj.net',
  'accept-language' => 'en',
  'user-agent' => 'Mozilla/5.0 (compatible; MJ12bot/v1.4.8; http://mj12bot.com/)',
  'accept' => 'text/html,text/plain,text/xml,text/*,application/xml,application/xhtml+xml,application/rss+xml,application/atom+xml,application/rdf+xml,application/php,application/x-php,application/x-httpd-php',
)
[ info ] [ PARAM ] array (
)
[ info ] [ SESSION ] INIT array (
  'prefix' => 'minishop',
  'type' => '',
  'auto_start' => true,
)
[ info ] [ LOG ] INIT file

---------------------------------------------------------------
[ 2018-05-13T08:52:15+08:00 ] 122.114.73.147 217.182.205.145 GET /index/base/login.html
[ log ] zsh.ruishengkj.net/index/base/login.html [运行时间：0.312500s][吞吐率：3.20req/s] [内存消耗：1,774.09kb] [文件加载：50]
[ info ] [ DB ] INIT mysql
[ info ] [ ROUTE ] array (
  'type' => 'module',
  'module' => 
  array (
    0 => 'index',
    1 => 'base',
    2 => 'login',
  ),
)
[ info ] [ HEADER ] array (
  'connection' => 'close',
  'host' => 'zsh.ruishengkj.net',
  'accept-language' => 'en',
  'user-agent' => 'Mozilla/5.0 (compatible; MJ12bot/v1.4.8; http://mj12bot.com/)',
  'accept' => 'text/html,text/plain,text/xml,text/*,application/xml,application/xhtml+xml,application/rss+xml,application/atom+xml,application/rdf+xml,application/php,application/x-php,application/x-httpd-php',
)
[ info ] [ PARAM ] array (
  '/index/base/login_html' => '',
)
[ info ] [ SESSION ] INIT array (
  'prefix' => 'minishop',
  'type' => '',
  'auto_start' => true,
)
[ info ] [ RUN ] /**
     * 用户登录方法
     * @author  矢志bu渝 <745152620@qq.com>
     */
Method [ <user> public method login ] {
  @@ Z:\wwwroot\zsh.ruishengkj.net\application\index\controller\Base.php 57 - 83
}

[ info ] [ VIEW ] ./themes/default/index/login.html [ array (
  0 => 'userinfo',
) ]
[ info ] [ LOG ] INIT file

---------------------------------------------------------------
[ 2018-05-13T09:59:43+08:00 ] 122.114.73.147 61.158.149.226 GET /
[ log ] zsh.ruishengkj.net/ [运行时间：0.125000s][吞吐率：8.00req/s] [内存消耗：1,790.76kb] [文件加载：54]
[ info ] [ DB ] INIT mysql
[ info ] [ LANG ] Z:\wwwroot\zsh.ruishengkj.net\core\lang\zh-cn.php
[ info ] [ ROUTE ] array (
  'type' => 'module',
  'module' => 
  array (
    0 => '',
    1 => NULL,
    2 => NULL,
  ),
)
[ info ] [ HEADER ] array (
  'accept-language' => 'zh-CN,en-US;q=0.8',
  'accept-encoding' => 'gzip, deflate',
  'accept' => 'text/html,application/xhtml+xml,application/xml;q=0.9,image/webp,image/apng,image/sharpp,image/apng,*/*;q=0.8',
  'user-agent' => 'Mozilla/5.0 (Linux; Android 8.0; Mi Note 2 Build/OPR1.170623.032; wv) AppleWebKit/537.36 (KHTML, like Gecko) Version/4.0 Chrome/57.0.2987.132 MQQBrowser/6.2 TBS/044032 Mobile Safari/537.36 V1_AND_SQ_7.6.0_832_YYB_D QQ/7.6.0.3525 NetType/4G WebP/0.3.0 Pixel/1080',
  'connection' => 'close',
  'host' => 'zsh.ruishengkj.net',
)
[ info ] [ PARAM ] array (
)
[ info ] [ LANG ] Z:\wwwroot\zsh.ruishengkj.net/application/index\lang\zh-cn.php
[ info ] [ SESSION ] INIT array (
  'prefix' => 'minishop',
  'type' => '',
  'auto_start' => true,
)
[ info ] [ LOG ] INIT file

---------------------------------------------------------------
[ 2018-05-13T09:59:43+08:00 ] 122.114.73.147 61.158.149.226 GET /index/base/login.html
[ log ] zsh.ruishengkj.net/index/base/login.html [运行时间：0.140625s][吞吐率：7.11req/s] [内存消耗：1,779.98kb] [文件加载：52]
[ info ] [ DB ] INIT mysql
[ info ] [ LANG ] Z:\wwwroot\zsh.ruishengkj.net\core\lang\zh-cn.php
[ info ] [ ROUTE ] array (
  'type' => 'module',
  'module' => 
  array (
    0 => 'index',
    1 => 'base',
    2 => 'login',
  ),
)
[ info ] [ HEADER ] array (
  'cookie' => 'think_var=zh-cn; PHPSESSID=rf5m31eokshbd3mr7fst81jt82',
  'accept-language' => 'zh-CN,en-US;q=0.8',
  'accept-encoding' => 'gzip, deflate',
  'accept' => 'text/html,application/xhtml+xml,application/xml;q=0.9,image/webp,image/apng,image/sharpp,image/apng,*/*;q=0.8',
  'user-agent' => 'Mozilla/5.0 (Linux; Android 8.0; Mi Note 2 Build/OPR1.170623.032; wv) AppleWebKit/537.36 (KHTML, like Gecko) Version/4.0 Chrome/57.0.2987.132 MQQBrowser/6.2 TBS/044032 Mobile Safari/537.36 V1_AND_SQ_7.6.0_832_YYB_D QQ/7.6.0.3525 NetType/4G WebP/0.3.0 Pixel/1080',
  'connection' => 'close',
  'host' => 'zsh.ruishengkj.net',
)
[ info ] [ PARAM ] array (
  '/index/base/login_html' => '',
)
[ info ] [ LANG ] Z:\wwwroot\zsh.ruishengkj.net/application/index\lang\zh-cn.php
[ info ] [ SESSION ] INIT array (
  'prefix' => 'minishop',
  'type' => '',
  'auto_start' => true,
)
[ info ] [ RUN ] /**
     * 用户登录方法
     * @author  矢志bu渝 <745152620@qq.com>
     */
Method [ <user> public method login ] {
  @@ Z:\wwwroot\zsh.ruishengkj.net\application\index\controller\Base.php 57 - 83
}

[ info ] [ VIEW ] ./themes/default/index/login.html [ array (
  0 => 'userinfo',
) ]
[ info ] [ LOG ] INIT file

---------------------------------------------------------------
[ 2018-05-13T09:59:44+08:00 ] 122.114.73.147 112.90.82.218 GET /
[ log ] zsh.ruishengkj.net/ [运行时间：0.218750s][吞吐率：4.57req/s] [内存消耗：1,790.67kb] [文件加载：54]
[ info ] [ DB ] INIT mysql
[ info ] [ LANG ] Z:\wwwroot\zsh.ruishengkj.net\core\lang\zh-cn.php
[ info ] [ ROUTE ] array (
  'type' => 'module',
  'module' => 
  array (
    0 => '',
    1 => NULL,
    2 => NULL,
  ),
)
[ info ] [ HEADER ] array (
  'connection' => 'close',
  'user-agent' => 'Mozilla/5.0 (iPhone; CPU iPhone OS 9_3_4 like Mac OS X) AppleWebKit/601.1.46 (KHTML, like Gecko) Mobile/13G35 QQ/6.5.3.410 V1_IPH_SQ_6.5.3_1_APP_A Pixel/750 Core/UIWebView NetType/2G Mem/117',
  'accept-language' => 'zh-cn',
  'accept' => '*/*',
  'accept-encoding' => 'deflate, gzip',
  'host' => 'zsh.ruishengkj.net',
)
[ info ] [ PARAM ] array (
)
[ info ] [ LANG ] Z:\wwwroot\zsh.ruishengkj.net/application/index\lang\zh-cn.php
[ info ] [ SESSION ] INIT array (
  'prefix' => 'minishop',
  'type' => '',
  'auto_start' => true,
)
[ info ] [ LOG ] INIT file

---------------------------------------------------------------
[ 2018-05-13T09:59:44+08:00 ] 122.114.73.147 112.90.82.218 GET /index/base/login.html
[ log ] zsh.ruishengkj.net/index/base/login.html [运行时间：0.234375s][吞吐率：4.27req/s] [内存消耗：1,780.34kb] [文件加载：52]
[ info ] [ DB ] INIT mysql
[ info ] [ LANG ] Z:\wwwroot\zsh.ruishengkj.net\core\lang\zh-cn.php
[ info ] [ ROUTE ] array (
  'type' => 'module',
  'module' => 
  array (
    0 => 'index',
    1 => 'base',
    2 => 'login',
  ),
)
[ info ] [ HEADER ] array (
  'connection' => 'close',
  'user-agent' => 'Mozilla/5.0 (iPhone; CPU iPhone OS 9_3_4 like Mac OS X) AppleWebKit/601.1.46 (KHTML, like Gecko) Mobile/13G35 QQ/6.5.3.410 V1_IPH_SQ_6.5.3_1_APP_A Pixel/750 Core/UIWebView NetType/2G Mem/117',
  'accept-language' => 'zh-cn',
  'accept' => '*/*',
  'referer' => 'http://zsh.ruishengkj.net/',
  'accept-encoding' => 'deflate, gzip',
  'host' => 'zsh.ruishengkj.net',
)
[ info ] [ PARAM ] array (
  '/index/base/login_html' => '',
)
[ info ] [ LANG ] Z:\wwwroot\zsh.ruishengkj.net/application/index\lang\zh-cn.php
[ info ] [ SESSION ] INIT array (
  'prefix' => 'minishop',
  'type' => '',
  'auto_start' => true,
)
[ info ] [ RUN ] /**
     * 用户登录方法
     * @author  矢志bu渝 <745152620@qq.com>
     */
Method [ <user> public method login ] {
  @@ Z:\wwwroot\zsh.ruishengkj.net\application\index\controller\Base.php 57 - 83
}

[ info ] [ VIEW ] ./themes/default/index/login.html [ array (
  0 => 'userinfo',
) ]
[ info ] [ LOG ] INIT file

---------------------------------------------------------------
[ 2018-05-13T10:00:41+08:00 ] 122.114.73.147 140.207.128.158 GET /
[ log ] zsh.ruishengkj.net/ [运行时间：0.140625s][吞吐率：7.11req/s] [内存消耗：1,790.32kb] [文件加载：54]
[ info ] [ DB ] INIT mysql
[ info ] [ LANG ] Z:\wwwroot\zsh.ruishengkj.net\core\lang\zh-cn.php
[ info ] [ ROUTE ] array (
  'type' => 'module',
  'module' => 
  array (
    0 => '',
    1 => NULL,
    2 => NULL,
  ),
)
[ info ] [ HEADER ] array (
  'connection' => 'close',
  'host' => 'zsh.ruishengkj.net',
  'accept-language' => 'zh-CN,zh;q=0.8,en-US;q=0.6,en;q=0.4',
  'accept' => '*/*',
  'user-agent' => 'Mozilla/5.0 (Windows NT 6.1; WOW64) AppleWebKit/537.36 (KHTML, like Gecko) Chrome/43.0.2357.124 Safari/537.36',
)
[ info ] [ PARAM ] array (
)
[ info ] [ LANG ] Z:\wwwroot\zsh.ruishengkj.net/application/index\lang\zh-cn.php
[ info ] [ SESSION ] INIT array (
  'prefix' => 'minishop',
  'type' => '',
  'auto_start' => true,
)
[ info ] [ LOG ] INIT file

---------------------------------------------------------------
[ 2018-05-13T10:00:45+08:00 ] 122.114.73.147 140.207.54.140 GET /index/base/login.html
[ log ] zsh.ruishengkj.net/index/base/login.html [运行时间：0.156250s][吞吐率：6.40req/s] [内存消耗：1,779.90kb] [文件加载：52]
[ info ] [ DB ] INIT mysql
[ info ] [ LANG ] Z:\wwwroot\zsh.ruishengkj.net\core\lang\zh-cn.php
[ info ] [ ROUTE ] array (
  'type' => 'module',
  'module' => 
  array (
    0 => 'index',
    1 => 'base',
    2 => 'login',
  ),
)
[ info ] [ HEADER ] array (
  'connection' => 'close',
  'host' => 'zsh.ruishengkj.net',
  'accept-language' => 'zh-CN,zh;q=0.8,en-US;q=0.6,en;q=0.4',
  'accept' => '*/*',
  'user-agent' => 'Mozilla/5.0 (Windows NT 6.1; WOW64) AppleWebKit/537.36 (KHTML, like Gecko) Chrome/43.0.2357.124 Safari/537.36',
)
[ info ] [ PARAM ] array (
  '/index/base/login_html' => '',
)
[ info ] [ LANG ] Z:\wwwroot\zsh.ruishengkj.net/application/index\lang\zh-cn.php
[ info ] [ SESSION ] INIT array (
  'prefix' => 'minishop',
  'type' => '',
  'auto_start' => true,
)
[ info ] [ RUN ] /**
     * 用户登录方法
     * @author  矢志bu渝 <745152620@qq.com>
     */
Method [ <user> public method login ] {
  @@ Z:\wwwroot\zsh.ruishengkj.net\application\index\controller\Base.php 57 - 83
}

[ info ] [ VIEW ] ./themes/default/index/login.html [ array (
  0 => 'userinfo',
) ]
[ info ] [ LOG ] INIT file

---------------------------------------------------------------
[ 2018-05-13T16:11:28+08:00 ] 122.114.73.147 79.211.77.197 GET /robots.txt
[ log ] zsh.ruishengkj.net/robots.txt [运行时间：8.234375s][吞吐率：0.12req/s] [内存消耗：1,449.73kb] [文件加载：41]
[ info ] [ DB ] INIT mysql
[ info ] [ LANG ] Z:\wwwroot\zsh.ruishengkj.net\core\lang\zh-cn.php
[ info ] [ ROUTE ] array (
  'type' => 'module',
  'module' => 
  array (
    0 => 'robots.txt',
    1 => NULL,
    2 => NULL,
  ),
)
[ info ] [ HEADER ] array (
  'accept' => '*/*',
  'user-agent' => 'Mozilla/5.0 (compatible; MJ12bot/v1.4.8; http://mj12bot.com/)',
  'host' => 'zsh.ruishengkj.net',
  'connection' => 'close',
)
[ info ] [ PARAM ] array (
  '/robots_txt' => '',
)
[ info ] [ LOG ] INIT file

---------------------------------------------------------------
[ 2018-05-13T16:12:26+08:00 ] 122.114.73.147 79.211.77.197 GET /index/base/getpassword.html
[ log ] zsh.ruishengkj.net/index/base/getpassword.html [运行时间：51.281250s][吞吐率：0.02req/s] [内存消耗：1,792.77kb] [文件加载：52]
[ info ] [ DB ] INIT mysql
[ info ] [ ROUTE ] array (
  'type' => 'module',
  'module' => 
  array (
    0 => 'index',
    1 => 'base',
    2 => 'getpassword',
  ),
)
[ info ] [ HEADER ] array (
  'host' => 'zsh.ruishengkj.net',
  'connection' => 'close',
  'accept-language' => 'en',
  'user-agent' => 'Mozilla/5.0 (compatible; MJ12bot/v1.4.8; http://mj12bot.com/)',
  'accept' => 'text/html,text/plain,text/xml,text/*,application/xml,application/xhtml+xml,application/rss+xml,application/atom+xml,application/rdf+xml,application/php,application/x-php,application/x-httpd-php',
)
[ info ] [ PARAM ] array (
  '/index/base/getpassword_html' => '',
)
[ info ] [ SESSION ] INIT array (
  'prefix' => 'minishop',
  'type' => '',
  'auto_start' => true,
)
[ info ] [ LOG ] INIT file
[ error ] [1]Maximum execution time of 30 seconds exceeded[Z:\wwwroot\zsh.ruishengkj.net\core\library\think\db\connector\Mysql.php:60]

---------------------------------------------------------------
[ 2018-05-13T16:14:18+08:00 ] 122.114.73.147 79.211.77.197 GET /index/user/usercenter.html
[ log ] zsh.ruishengkj.net/index/user/usercenter.html [运行时间：20.500000s][吞吐率：0.05req/s] [内存消耗：1,865.03kb] [文件加载：52]
[ info ] [ DB ] INIT mysql
[ info ] [ ROUTE ] array (
  'type' => 'module',
  'module' => 
  array (
    0 => 'index',
    1 => 'user',
    2 => 'usercenter',
  ),
)
[ info ] [ HEADER ] array (
  'host' => 'zsh.ruishengkj.net',
  'connection' => 'close',
  'accept-language' => 'en',
  'accept-encoding' => 'gzip',
  'user-agent' => 'Mozilla/5.0 (compatible; MJ12bot/v1.4.8; http://mj12bot.com/)',
  'accept' => 'text/html,text/plain,text/xml,text/*,application/xml,application/xhtml+xml,application/rss+xml,application/atom+xml,application/rdf+xml,application/php,application/x-php,application/x-httpd-php',
)
[ info ] [ PARAM ] array (
  '/index/user/usercenter_html' => '',
)
[ info ] [ SESSION ] INIT array (
  'prefix' => 'minishop',
  'type' => '',
  'auto_start' => true,
)
[ info ] [ LOG ] INIT file

---------------------------------------------------------------
