[ 2018-05-26T00:00:00+08:00 ] 0.0.0.0 0.0.0.0 CLI 
[ log ] cmd:think auto [运行时间：0.218750s][吞吐率：4.57req/s] [内存消耗：1,609.95kb] [文件加载：54]
[ info ] [ DB ] INIT mysql
[ info ] [ LOG ] INIT file

---------------------------------------------------------------
[ 2018-05-26T00:00:01+08:00 ] 0.0.0.0 0.0.0.0 CLI 
[ log ] cmd:think auto [运行时间：0.218750s][吞吐率：4.57req/s] [内存消耗：1,609.95kb] [文件加载：54]
[ info ] [ DB ] INIT mysql
[ info ] [ LOG ] INIT file

---------------------------------------------------------------
[ 2018-05-26T00:00:02+08:00 ] 0.0.0.0 0.0.0.0 CLI 
[ log ] cmd:think auto [运行时间：0.140625s][吞吐率：7.11req/s] [内存消耗：1,609.95kb] [文件加载：54]
[ info ] [ DB ] INIT mysql
[ info ] [ LOG ] INIT file

---------------------------------------------------------------
[ 2018-05-26T00:00:03+08:00 ] 0.0.0.0 0.0.0.0 CLI 
[ log ] cmd:think auto [运行时间：0.109375s][吞吐率：9.14req/s] [内存消耗：1,609.95kb] [文件加载：54]
[ info ] [ DB ] INIT mysql
[ info ] [ LOG ] INIT file

---------------------------------------------------------------
[ 2018-05-26T00:00:04+08:00 ] 0.0.0.0 0.0.0.0 CLI 
[ log ] cmd:think auto [运行时间：0.171875s][吞吐率：5.82req/s] [内存消耗：1,609.95kb] [文件加载：54]
[ info ] [ DB ] INIT mysql
[ info ] [ LOG ] INIT file

---------------------------------------------------------------
[ 2018-05-26T00:00:05+08:00 ] 0.0.0.0 0.0.0.0 CLI 
[ log ] cmd:think auto [运行时间：0.093750s][吞吐率：10.67req/s] [内存消耗：1,609.95kb] [文件加载：54]
[ info ] [ DB ] INIT mysql
[ info ] [ LOG ] INIT file

---------------------------------------------------------------
[ 2018-05-26T00:00:06+08:00 ] 0.0.0.0 0.0.0.0 CLI 
[ log ] cmd:think auto [运行时间：0.156250s][吞吐率：6.40req/s] [内存消耗：1,609.95kb] [文件加载：54]
[ info ] [ DB ] INIT mysql
[ info ] [ LOG ] INIT file

---------------------------------------------------------------
[ 2018-05-26T00:00:07+08:00 ] 0.0.0.0 0.0.0.0 CLI 
[ log ] cmd:think auto [运行时间：0.187500s][吞吐率：5.33req/s] [内存消耗：1,609.95kb] [文件加载：54]
[ info ] [ DB ] INIT mysql
[ info ] [ LOG ] INIT file

---------------------------------------------------------------
[ 2018-05-26T00:00:08+08:00 ] 0.0.0.0 0.0.0.0 CLI 
[ log ] cmd:think auto [运行时间：0.125000s][吞吐率：8.00req/s] [内存消耗：1,609.95kb] [文件加载：54]
[ info ] [ DB ] INIT mysql
[ info ] [ LOG ] INIT file

---------------------------------------------------------------
[ 2018-05-26T00:00:09+08:00 ] 0.0.0.0 0.0.0.0 CLI 
[ log ] cmd:think auto [运行时间：0.140625s][吞吐率：7.11req/s] [内存消耗：1,609.95kb] [文件加载：54]
[ info ] [ DB ] INIT mysql
[ info ] [ LOG ] INIT file

---------------------------------------------------------------
[ 2018-05-26T00:00:10+08:00 ] 0.0.0.0 0.0.0.0 CLI 
[ log ] cmd:think auto [运行时间：0.156250s][吞吐率：6.40req/s] [内存消耗：1,609.95kb] [文件加载：54]
[ info ] [ DB ] INIT mysql
[ info ] [ LOG ] INIT file

---------------------------------------------------------------
[ 2018-05-26T00:00:11+08:00 ] 0.0.0.0 0.0.0.0 CLI 
[ log ] cmd:think auto [运行时间：0.109375s][吞吐率：9.14req/s] [内存消耗：1,609.95kb] [文件加载：54]
[ info ] [ DB ] INIT mysql
[ info ] [ LOG ] INIT file

---------------------------------------------------------------
[ 2018-05-26T00:00:12+08:00 ] 0.0.0.0 0.0.0.0 CLI 
[ log ] cmd:think auto [运行时间：0.125000s][吞吐率：8.00req/s] [内存消耗：1,609.95kb] [文件加载：54]
[ info ] [ DB ] INIT mysql
[ info ] [ LOG ] INIT file

---------------------------------------------------------------
[ 2018-05-26T00:00:13+08:00 ] 0.0.0.0 0.0.0.0 CLI 
[ log ] cmd:think auto [运行时间：0.109375s][吞吐率：9.14req/s] [内存消耗：1,609.95kb] [文件加载：54]
[ info ] [ DB ] INIT mysql
[ info ] [ LOG ] INIT file

---------------------------------------------------------------
[ 2018-05-26T00:00:14+08:00 ] 0.0.0.0 0.0.0.0 CLI 
[ log ] cmd:think auto [运行时间：0.203125s][吞吐率：4.92req/s] [内存消耗：1,609.95kb] [文件加载：54]
[ info ] [ DB ] INIT mysql
[ info ] [ LOG ] INIT file

---------------------------------------------------------------
[ 2018-05-26T00:00:15+08:00 ] 0.0.0.0 0.0.0.0 CLI 
[ log ] cmd:think auto [运行时间：0.125000s][吞吐率：8.00req/s] [内存消耗：1,609.95kb] [文件加载：54]
[ info ] [ DB ] INIT mysql
[ info ] [ LOG ] INIT file

---------------------------------------------------------------
[ 2018-05-26T00:00:16+08:00 ] 0.0.0.0 0.0.0.0 CLI 
[ log ] cmd:think auto [运行时间：0.156250s][吞吐率：6.40req/s] [内存消耗：1,609.95kb] [文件加载：54]
[ info ] [ DB ] INIT mysql
[ info ] [ LOG ] INIT file

---------------------------------------------------------------
[ 2018-05-26T00:00:17+08:00 ] 0.0.0.0 0.0.0.0 CLI 
[ log ] cmd:think auto [运行时间：0.093750s][吞吐率：10.67req/s] [内存消耗：1,609.95kb] [文件加载：54]
[ info ] [ DB ] INIT mysql
[ info ] [ LOG ] INIT file

---------------------------------------------------------------
[ 2018-05-26T00:00:18+08:00 ] 0.0.0.0 0.0.0.0 CLI 
[ log ] cmd:think auto [运行时间：0.109375s][吞吐率：9.14req/s] [内存消耗：1,609.95kb] [文件加载：54]
[ info ] [ DB ] INIT mysql
[ info ] [ LOG ] INIT file

---------------------------------------------------------------
[ 2018-05-26T00:00:19+08:00 ] 0.0.0.0 0.0.0.0 CLI 
[ log ] cmd:think auto [运行时间：0.125000s][吞吐率：8.00req/s] [内存消耗：1,609.95kb] [文件加载：54]
[ info ] [ DB ] INIT mysql
[ info ] [ LOG ] INIT file

---------------------------------------------------------------
[ 2018-05-26T00:00:20+08:00 ] 0.0.0.0 0.0.0.0 CLI 
[ log ] cmd:think auto [运行时间：0.218750s][吞吐率：4.57req/s] [内存消耗：1,609.95kb] [文件加载：54]
[ info ] [ DB ] INIT mysql
[ info ] [ LOG ] INIT file

---------------------------------------------------------------
[ 2018-05-26T00:00:21+08:00 ] 0.0.0.0 0.0.0.0 CLI 
[ log ] cmd:think auto [运行时间：0.140625s][吞吐率：7.11req/s] [内存消耗：1,609.95kb] [文件加载：54]
[ info ] [ DB ] INIT mysql
[ info ] [ LOG ] INIT file

---------------------------------------------------------------
[ 2018-05-26T00:00:22+08:00 ] 0.0.0.0 0.0.0.0 CLI 
[ log ] cmd:think auto [运行时间：0.265625s][吞吐率：3.76req/s] [内存消耗：1,609.95kb] [文件加载：54]
[ info ] [ DB ] INIT mysql
[ info ] [ LOG ] INIT file

---------------------------------------------------------------
[ 2018-05-26T00:00:23+08:00 ] 0.0.0.0 0.0.0.0 CLI 
[ log ] cmd:think auto [运行时间：0.109375s][吞吐率：9.14req/s] [内存消耗：1,609.95kb] [文件加载：54]
[ info ] [ DB ] INIT mysql
[ info ] [ LOG ] INIT file

---------------------------------------------------------------
[ 2018-05-26T00:00:24+08:00 ] 0.0.0.0 0.0.0.0 CLI 
[ log ] cmd:think auto [运行时间：0.156250s][吞吐率：6.40req/s] [内存消耗：1,609.95kb] [文件加载：54]
[ info ] [ DB ] INIT mysql
[ info ] [ LOG ] INIT file

---------------------------------------------------------------
[ 2018-05-26T00:00:25+08:00 ] 0.0.0.0 0.0.0.0 CLI 
[ log ] cmd:think auto [运行时间：0.156250s][吞吐率：6.40req/s] [内存消耗：1,609.95kb] [文件加载：54]
[ info ] [ DB ] INIT mysql
[ info ] [ LOG ] INIT file

---------------------------------------------------------------
[ 2018-05-26T00:00:26+08:00 ] 0.0.0.0 0.0.0.0 CLI 
[ log ] cmd:think auto [运行时间：0.109375s][吞吐率：9.14req/s] [内存消耗：1,609.95kb] [文件加载：54]
[ info ] [ DB ] INIT mysql
[ info ] [ LOG ] INIT file

---------------------------------------------------------------
[ 2018-05-26T00:00:27+08:00 ] 0.0.0.0 0.0.0.0 CLI 
[ log ] cmd:think auto [运行时间：0.109375s][吞吐率：9.14req/s] [内存消耗：1,609.95kb] [文件加载：54]
[ info ] [ DB ] INIT mysql
[ info ] [ LOG ] INIT file

---------------------------------------------------------------
[ 2018-05-26T00:00:28+08:00 ] 0.0.0.0 0.0.0.0 CLI 
[ log ] cmd:think auto [运行时间：0.140625s][吞吐率：7.11req/s] [内存消耗：1,609.95kb] [文件加载：54]
[ info ] [ DB ] INIT mysql
[ info ] [ LOG ] INIT file

---------------------------------------------------------------
[ 2018-05-26T00:00:29+08:00 ] 0.0.0.0 0.0.0.0 CLI 
[ log ] cmd:think auto [运行时间：0.156250s][吞吐率：6.40req/s] [内存消耗：1,609.95kb] [文件加载：54]
[ info ] [ DB ] INIT mysql
[ info ] [ LOG ] INIT file

---------------------------------------------------------------
[ 2018-05-26T00:00:30+08:00 ] 0.0.0.0 0.0.0.0 CLI 
[ log ] cmd:think auto [运行时间：0.109375s][吞吐率：9.14req/s] [内存消耗：1,609.95kb] [文件加载：54]
[ info ] [ DB ] INIT mysql
[ info ] [ LOG ] INIT file

---------------------------------------------------------------
[ 2018-05-26T00:00:31+08:00 ] 0.0.0.0 0.0.0.0 CLI 
[ log ] cmd:think auto [运行时间：0.125000s][吞吐率：8.00req/s] [内存消耗：1,609.95kb] [文件加载：54]
[ info ] [ DB ] INIT mysql
[ info ] [ LOG ] INIT file

---------------------------------------------------------------
[ 2018-05-26T00:00:32+08:00 ] 0.0.0.0 0.0.0.0 CLI 
[ log ] cmd:think auto [运行时间：0.078125s][吞吐率：12.80req/s] [内存消耗：1,609.95kb] [文件加载：54]
[ info ] [ DB ] INIT mysql
[ info ] [ LOG ] INIT file

---------------------------------------------------------------
[ 2018-05-26T00:00:33+08:00 ] 0.0.0.0 0.0.0.0 CLI 
[ log ] cmd:think auto [运行时间：0.078125s][吞吐率：12.80req/s] [内存消耗：1,609.95kb] [文件加载：54]
[ info ] [ DB ] INIT mysql
[ info ] [ LOG ] INIT file

---------------------------------------------------------------
[ 2018-05-26T00:00:34+08:00 ] 0.0.0.0 0.0.0.0 CLI 
[ log ] cmd:think auto [运行时间：0.171875s][吞吐率：5.82req/s] [内存消耗：1,609.95kb] [文件加载：54]
[ info ] [ DB ] INIT mysql
[ info ] [ LOG ] INIT file

---------------------------------------------------------------
[ 2018-05-26T00:00:35+08:00 ] 0.0.0.0 0.0.0.0 CLI 
[ log ] cmd:think auto [运行时间：0.140625s][吞吐率：7.11req/s] [内存消耗：1,609.95kb] [文件加载：54]
[ info ] [ DB ] INIT mysql
[ info ] [ LOG ] INIT file

---------------------------------------------------------------
[ 2018-05-26T00:00:36+08:00 ] 0.0.0.0 0.0.0.0 CLI 
[ log ] cmd:think auto [运行时间：0.093750s][吞吐率：10.67req/s] [内存消耗：1,609.95kb] [文件加载：54]
[ info ] [ DB ] INIT mysql
[ info ] [ LOG ] INIT file

---------------------------------------------------------------
[ 2018-05-26T00:00:37+08:00 ] 0.0.0.0 0.0.0.0 CLI 
[ log ] cmd:think auto [运行时间：0.156250s][吞吐率：6.40req/s] [内存消耗：1,609.95kb] [文件加载：54]
[ info ] [ DB ] INIT mysql
[ info ] [ LOG ] INIT file

---------------------------------------------------------------
[ 2018-05-26T00:00:38+08:00 ] 0.0.0.0 0.0.0.0 CLI 
[ log ] cmd:think auto [运行时间：0.109375s][吞吐率：9.14req/s] [内存消耗：1,609.95kb] [文件加载：54]
[ info ] [ DB ] INIT mysql
[ info ] [ LOG ] INIT file

---------------------------------------------------------------
[ 2018-05-26T00:00:39+08:00 ] 0.0.0.0 0.0.0.0 CLI 
[ log ] cmd:think auto [运行时间：0.109375s][吞吐率：9.14req/s] [内存消耗：1,609.95kb] [文件加载：54]
[ info ] [ DB ] INIT mysql
[ info ] [ LOG ] INIT file

---------------------------------------------------------------
[ 2018-05-26T00:00:40+08:00 ] 0.0.0.0 0.0.0.0 CLI 
[ log ] cmd:think auto [运行时间：0.109375s][吞吐率：9.14req/s] [内存消耗：1,609.95kb] [文件加载：54]
[ info ] [ DB ] INIT mysql
[ info ] [ LOG ] INIT file

---------------------------------------------------------------
[ 2018-05-26T00:00:41+08:00 ] 0.0.0.0 0.0.0.0 CLI 
[ log ] cmd:think auto [运行时间：0.187500s][吞吐率：5.33req/s] [内存消耗：1,609.95kb] [文件加载：54]
[ info ] [ DB ] INIT mysql
[ info ] [ LOG ] INIT file

---------------------------------------------------------------
[ 2018-05-26T00:00:42+08:00 ] 0.0.0.0 0.0.0.0 CLI 
[ log ] cmd:think auto [运行时间：0.078125s][吞吐率：12.80req/s] [内存消耗：1,609.95kb] [文件加载：54]
[ info ] [ DB ] INIT mysql
[ info ] [ LOG ] INIT file

---------------------------------------------------------------
[ 2018-05-26T00:00:43+08:00 ] 0.0.0.0 0.0.0.0 CLI 
[ log ] cmd:think auto [运行时间：0.109375s][吞吐率：9.14req/s] [内存消耗：1,609.95kb] [文件加载：54]
[ info ] [ DB ] INIT mysql
[ info ] [ LOG ] INIT file

---------------------------------------------------------------
[ 2018-05-26T00:00:44+08:00 ] 0.0.0.0 0.0.0.0 CLI 
[ log ] cmd:think auto [运行时间：0.109375s][吞吐率：9.14req/s] [内存消耗：1,609.95kb] [文件加载：54]
[ info ] [ DB ] INIT mysql
[ info ] [ LOG ] INIT file

---------------------------------------------------------------
[ 2018-05-26T00:00:45+08:00 ] 0.0.0.0 0.0.0.0 CLI 
[ log ] cmd:think auto [运行时间：0.125000s][吞吐率：8.00req/s] [内存消耗：1,609.95kb] [文件加载：54]
[ info ] [ DB ] INIT mysql
[ info ] [ LOG ] INIT file

---------------------------------------------------------------
[ 2018-05-26T00:00:46+08:00 ] 0.0.0.0 0.0.0.0 CLI 
[ log ] cmd:think auto [运行时间：0.125000s][吞吐率：8.00req/s] [内存消耗：1,609.95kb] [文件加载：54]
[ info ] [ DB ] INIT mysql
[ info ] [ LOG ] INIT file

---------------------------------------------------------------
[ 2018-05-26T00:00:47+08:00 ] 0.0.0.0 0.0.0.0 CLI 
[ log ] cmd:think auto [运行时间：0.140625s][吞吐率：7.11req/s] [内存消耗：1,609.95kb] [文件加载：54]
[ info ] [ DB ] INIT mysql
[ info ] [ LOG ] INIT file

---------------------------------------------------------------
[ 2018-05-26T00:00:48+08:00 ] 0.0.0.0 0.0.0.0 CLI 
[ log ] cmd:think auto [运行时间：0.093750s][吞吐率：10.67req/s] [内存消耗：1,609.95kb] [文件加载：54]
[ info ] [ DB ] INIT mysql
[ info ] [ LOG ] INIT file

---------------------------------------------------------------
[ 2018-05-26T00:00:49+08:00 ] 0.0.0.0 0.0.0.0 CLI 
[ log ] cmd:think auto [运行时间：0.093750s][吞吐率：10.67req/s] [内存消耗：1,609.95kb] [文件加载：54]
[ info ] [ DB ] INIT mysql
[ info ] [ LOG ] INIT file

---------------------------------------------------------------
[ 2018-05-26T00:00:50+08:00 ] 0.0.0.0 0.0.0.0 CLI 
[ log ] cmd:think auto [运行时间：0.187500s][吞吐率：5.33req/s] [内存消耗：1,609.95kb] [文件加载：54]
[ info ] [ DB ] INIT mysql
[ info ] [ LOG ] INIT file

---------------------------------------------------------------
[ 2018-05-26T00:00:51+08:00 ] 0.0.0.0 0.0.0.0 CLI 
[ log ] cmd:think auto [运行时间：0.140625s][吞吐率：7.11req/s] [内存消耗：1,609.95kb] [文件加载：54]
[ info ] [ DB ] INIT mysql
[ info ] [ LOG ] INIT file

---------------------------------------------------------------
[ 2018-05-26T00:00:52+08:00 ] 0.0.0.0 0.0.0.0 CLI 
[ log ] cmd:think auto [运行时间：0.140625s][吞吐率：7.11req/s] [内存消耗：1,609.95kb] [文件加载：54]
[ info ] [ DB ] INIT mysql
[ info ] [ LOG ] INIT file

---------------------------------------------------------------
[ 2018-05-26T00:00:53+08:00 ] 0.0.0.0 0.0.0.0 CLI 
[ log ] cmd:think auto [运行时间：0.093750s][吞吐率：10.67req/s] [内存消耗：1,609.95kb] [文件加载：54]
[ info ] [ DB ] INIT mysql
[ info ] [ LOG ] INIT file

---------------------------------------------------------------
[ 2018-05-26T00:00:54+08:00 ] 0.0.0.0 0.0.0.0 CLI 
[ log ] cmd:think auto [运行时间：0.187500s][吞吐率：5.33req/s] [内存消耗：1,609.95kb] [文件加载：54]
[ info ] [ DB ] INIT mysql
[ info ] [ LOG ] INIT file

---------------------------------------------------------------
[ 2018-05-26T00:00:55+08:00 ] 0.0.0.0 0.0.0.0 CLI 
[ log ] cmd:think auto [运行时间：0.078125s][吞吐率：12.80req/s] [内存消耗：1,609.95kb] [文件加载：54]
[ info ] [ DB ] INIT mysql
[ info ] [ LOG ] INIT file

---------------------------------------------------------------
[ 2018-05-26T00:00:56+08:00 ] 0.0.0.0 0.0.0.0 CLI 
[ log ] cmd:think auto [运行时间：0.140625s][吞吐率：7.11req/s] [内存消耗：1,609.95kb] [文件加载：54]
[ info ] [ DB ] INIT mysql
[ info ] [ LOG ] INIT file

---------------------------------------------------------------
[ 2018-05-26T00:00:57+08:00 ] 0.0.0.0 0.0.0.0 CLI 
[ log ] cmd:think auto [运行时间：0.156250s][吞吐率：6.40req/s] [内存消耗：1,609.95kb] [文件加载：54]
[ info ] [ DB ] INIT mysql
[ info ] [ LOG ] INIT file

---------------------------------------------------------------
[ 2018-05-26T00:00:58+08:00 ] 0.0.0.0 0.0.0.0 CLI 
[ log ] cmd:think auto [运行时间：0.156250s][吞吐率：6.40req/s] [内存消耗：1,609.95kb] [文件加载：54]
[ info ] [ DB ] INIT mysql
[ info ] [ LOG ] INIT file

---------------------------------------------------------------
[ 2018-05-26T14:39:39+08:00 ] 122.114.73.147 101.199.112.45 GET /
[ log ] zsh.ruishengkj.net/ [运行时间：0.093750s][吞吐率：10.67req/s] [内存消耗：1,790.68kb] [文件加载：54]
[ info ] [ DB ] INIT mysql
[ info ] [ LANG ] Z:\wwwroot\zsh.ruishengkj.net\core\lang\zh-cn.php
[ info ] [ ROUTE ] array (
  'type' => 'module',
  'module' => 
  array (
    0 => '',
    1 => NULL,
    2 => NULL,
  ),
)
[ info ] [ HEADER ] array (
  'accept-charset' => 'iso-8859-1,*,utf-8',
  'accept-encoding' => 'gzip,deflate',
  'accept' => 'text/html,application/xhtml+xml,application/xml;q=0.9,*/*;q=0.8',
  'user-agent' => 'Mozilla/5.0 (Linux; U; Android 5.0.2; zh-CN; Redmi Note 3 Build/LRX22G) AppleWebKit/537.36 (KHTML, like Gecko) Version/4.0 OPR/11.2.3.102637 Mobile Safari/537.36',
  'accept-language' => 'zh-CN,zh;q=0.8',
  'connection' => 'close',
  'host' => 'zsh.ruishengkj.net',
)
[ info ] [ PARAM ] array (
)
[ info ] [ LANG ] Z:\wwwroot\zsh.ruishengkj.net/application/index\lang\zh-cn.php
[ info ] [ SESSION ] INIT array (
  'prefix' => 'minishop',
  'type' => '',
  'auto_start' => true,
)
[ info ] [ LOG ] INIT file

---------------------------------------------------------------
[ 2018-05-26T14:39:39+08:00 ] 122.114.73.147 101.199.112.45 GET /index/base/login.html
[ log ] zsh.ruishengkj.net/index/base/login.html [运行时间：0.078125s][吞吐率：12.80req/s] [内存消耗：1,779.96kb] [文件加载：52]
[ info ] [ DB ] INIT mysql
[ info ] [ LANG ] Z:\wwwroot\zsh.ruishengkj.net\core\lang\zh-cn.php
[ info ] [ ROUTE ] array (
  'type' => 'module',
  'module' => 
  array (
    0 => 'index',
    1 => 'base',
    2 => 'login',
  ),
)
[ info ] [ HEADER ] array (
  'cookie' => 'think_var=zh-cn; PHPSESSID=keop8nhucp6n3l878fck5jrcj5',
  'accept-charset' => 'iso-8859-1,*,utf-8',
  'accept-encoding' => 'gzip,deflate',
  'accept' => 'text/html,application/xhtml+xml,application/xml;q=0.9,*/*;q=0.8',
  'user-agent' => 'Mozilla/5.0 (Linux; U; Android 5.0.2; zh-CN; Redmi Note 3 Build/LRX22G) AppleWebKit/537.36 (KHTML, like Gecko) Version/4.0 OPR/11.2.3.102637 Mobile Safari/537.36',
  'accept-language' => 'zh-CN,zh;q=0.8',
  'connection' => 'close',
  'host' => 'zsh.ruishengkj.net',
)
[ info ] [ PARAM ] array (
  '/index/base/login_html' => '',
)
[ info ] [ LANG ] Z:\wwwroot\zsh.ruishengkj.net/application/index\lang\zh-cn.php
[ info ] [ SESSION ] INIT array (
  'prefix' => 'minishop',
  'type' => '',
  'auto_start' => true,
)
[ info ] [ RUN ] /**
     * 用户登录方法
     * @author  矢志bu渝 <745152620@qq.com>
     */
Method [ <user> public method login ] {
  @@ Z:\wwwroot\zsh.ruishengkj.net\application\index\controller\Base.php 57 - 83
}

[ info ] [ VIEW ] ./themes/default/index/login.html [ array (
  0 => 'userinfo',
) ]
[ info ] [ LOG ] INIT file

---------------------------------------------------------------
[ 2018-05-26T22:04:38+08:00 ] 122.114.73.147 39.64.139.129 GET /
[ log ] zsh.ruishengkj.net/ [运行时间：0.140625s][吞吐率：7.11req/s] [内存消耗：1,790.73kb] [文件加载：54]
[ info ] [ DB ] INIT mysql
[ info ] [ LANG ] Z:\wwwroot\zsh.ruishengkj.net\core\lang\zh-cn.php
[ info ] [ ROUTE ] array (
  'type' => 'module',
  'module' => 
  array (
    0 => '',
    1 => NULL,
    2 => NULL,
  ),
)
[ info ] [ HEADER ] array (
  'accept-language' => 'zh-CN,en-US;q=0.8',
  'accept-encoding' => 'gzip, deflate',
  'accept' => 'text/html,application/xhtml+xml,application/xml;q=0.9,image/webp,image/apng,image/sharpp,image/apng,*/*;q=0.8',
  'user-agent' => 'Mozilla/5.0 (Linux; Android 8.1; PACT00 Build/O11019; wv) AppleWebKit/537.36 (KHTML, like Gecko) Version/4.0 Chrome/57.0.2987.132 MQQBrowser/6.2 TBS/044033 Mobile Safari/537.36 V1_AND_SQ_7.6.3_850_YYB_D QQ/7.6.3.3560 NetType/WIFI WebP/0.3.0 Pixel/1080',
  'connection' => 'close',
  'host' => 'zsh.ruishengkj.net',
)
[ info ] [ PARAM ] array (
)
[ info ] [ LANG ] Z:\wwwroot\zsh.ruishengkj.net/application/index\lang\zh-cn.php
[ info ] [ SESSION ] INIT array (
  'prefix' => 'minishop',
  'type' => '',
  'auto_start' => true,
)
[ info ] [ LOG ] INIT file

---------------------------------------------------------------
[ 2018-05-26T22:04:38+08:00 ] 122.114.73.147 39.64.139.129 GET /index/base/login.html
[ log ] zsh.ruishengkj.net/index/base/login.html [运行时间：0.109375s][吞吐率：9.14req/s] [内存消耗：1,779.85kb] [文件加载：52]
[ info ] [ DB ] INIT mysql
[ info ] [ LANG ] Z:\wwwroot\zsh.ruishengkj.net\core\lang\zh-cn.php
[ info ] [ ROUTE ] array (
  'type' => 'module',
  'module' => 
  array (
    0 => 'index',
    1 => 'base',
    2 => 'login',
  ),
)
[ info ] [ HEADER ] array (
  'cookie' => 'think_var=zh-cn; PHPSESSID=md75oj0g5bjc7ijje55rul4dq6',
  'accept-language' => 'zh-CN,en-US;q=0.8',
  'accept-encoding' => 'gzip, deflate',
  'accept' => 'text/html,application/xhtml+xml,application/xml;q=0.9,image/webp,image/apng,image/sharpp,image/apng,*/*;q=0.8',
  'user-agent' => 'Mozilla/5.0 (Linux; Android 8.1; PACT00 Build/O11019; wv) AppleWebKit/537.36 (KHTML, like Gecko) Version/4.0 Chrome/57.0.2987.132 MQQBrowser/6.2 TBS/044033 Mobile Safari/537.36 V1_AND_SQ_7.6.3_850_YYB_D QQ/7.6.3.3560 NetType/WIFI WebP/0.3.0 Pixel/1080',
  'connection' => 'close',
  'host' => 'zsh.ruishengkj.net',
)
[ info ] [ PARAM ] array (
  '/index/base/login_html' => '',
)
[ info ] [ LANG ] Z:\wwwroot\zsh.ruishengkj.net/application/index\lang\zh-cn.php
[ info ] [ SESSION ] INIT array (
  'prefix' => 'minishop',
  'type' => '',
  'auto_start' => true,
)
[ info ] [ RUN ] /**
     * 用户登录方法
     * @author  矢志bu渝 <745152620@qq.com>
     */
Method [ <user> public method login ] {
  @@ Z:\wwwroot\zsh.ruishengkj.net\application\index\controller\Base.php 57 - 83
}

[ info ] [ VIEW ] ./themes/default/index/login.html [ array (
  0 => 'userinfo',
) ]
[ info ] [ LOG ] INIT file

---------------------------------------------------------------
[ 2018-05-26T22:04:56+08:00 ] 122.114.73.147 39.64.139.129 POST /index/base/login.html
[ log ] zsh.ruishengkj.net/index/base/login.html [运行时间：0.093750s][吞吐率：10.67req/s] [内存消耗：1,770.84kb] [文件加载：52]
[ info ] [ DB ] INIT mysql
[ info ] [ LANG ] Z:\wwwroot\zsh.ruishengkj.net\core\lang\zh-cn.php
[ info ] [ ROUTE ] array (
  'type' => 'module',
  'module' => 
  array (
    0 => 'index',
    1 => 'base',
    2 => 'login',
  ),
)
[ info ] [ HEADER ] array (
  'cookie' => 'think_var=zh-cn; PHPSESSID=md75oj0g5bjc7ijje55rul4dq6',
  'accept-language' => 'zh-CN,en-US;q=0.8',
  'accept-encoding' => 'gzip, deflate',
  'referer' => 'http://zsh.ruishengkj.net/index/base/login.html',
  'user-agent' => 'Mozilla/5.0 (Linux; Android 8.1; PACT00 Build/O11019; wv) AppleWebKit/537.36 (KHTML, like Gecko) Version/4.0 Chrome/57.0.2987.132 MQQBrowser/6.2 TBS/044033 Mobile Safari/537.36 V1_AND_SQ_7.6.3_850_YYB_D QQ/7.6.3.3560 NetType/WIFI WebP/0.3.0 Pixel/1080',
  'x-requested-with' => 'XMLHttpRequest',
  'origin' => 'http://zsh.ruishengkj.net',
  'accept' => 'application/json, text/javascript, */*; q=0.01',
  'connection' => 'close',
  'host' => 'zsh.ruishengkj.net',
  'content-type' => 'application/x-www-form-urlencoded; charset=UTF-8',
  'content-length' => '33',
)
[ info ] [ PARAM ] array (
  '/index/base/login_html' => '',
  'key' => '13127100520',
  'password' => '12345678',
)
[ info ] [ LANG ] Z:\wwwroot\zsh.ruishengkj.net/application/index\lang\zh-cn.php
[ info ] [ SESSION ] INIT array (
  'prefix' => 'minishop',
  'type' => '',
  'auto_start' => true,
)
[ info ] [ RUN ] /**
     * 用户登录方法
     * @author  矢志bu渝 <745152620@qq.com>
     */
Method [ <user> public method login ] {
  @@ Z:\wwwroot\zsh.ruishengkj.net\application\index\controller\Base.php 57 - 83
}

[ info ] [ LOG ] INIT file

---------------------------------------------------------------
[ 2018-05-26T22:05:33+08:00 ] 122.114.73.147 39.64.139.129 GET /
[ log ] zsh.ruishengkj.net/ [运行时间：0.078125s][吞吐率：12.80req/s] [内存消耗：1,790.27kb] [文件加载：54]
[ info ] [ DB ] INIT mysql
[ info ] [ LANG ] Z:\wwwroot\zsh.ruishengkj.net\core\lang\zh-cn.php
[ info ] [ ROUTE ] array (
  'type' => 'module',
  'module' => 
  array (
    0 => '',
    1 => NULL,
    2 => NULL,
  ),
)
[ info ] [ HEADER ] array (
  'cookie' => 'think_var=zh-cn; PHPSESSID=md75oj0g5bjc7ijje55rul4dq6',
  'accept-language' => 'zh-CN,en-US;q=0.8',
  'accept-encoding' => 'gzip, deflate',
  'accept' => 'text/html,application/xhtml+xml,application/xml;q=0.9,image/webp,image/apng,image/sharpp,image/apng,*/*;q=0.8',
  'user-agent' => 'Mozilla/5.0 (Linux; Android 8.1; PACT00 Build/O11019; wv) AppleWebKit/537.36 (KHTML, like Gecko) Version/4.0 Chrome/57.0.2987.132 MQQBrowser/6.2 TBS/044033 Mobile Safari/537.36 V1_AND_SQ_7.6.3_850_YYB_D QQ/7.6.3.3560 NetType/WIFI WebP/0.3.0 Pixel/1080',
  'connection' => 'close',
  'host' => 'zsh.ruishengkj.net',
)
[ info ] [ PARAM ] array (
)
[ info ] [ LANG ] Z:\wwwroot\zsh.ruishengkj.net/application/index\lang\zh-cn.php
[ info ] [ SESSION ] INIT array (
  'prefix' => 'minishop',
  'type' => '',
  'auto_start' => true,
)
[ info ] [ LOG ] INIT file

---------------------------------------------------------------
[ 2018-05-26T22:05:33+08:00 ] 122.114.73.147 39.64.139.129 GET /index/base/login.html
[ log ] zsh.ruishengkj.net/index/base/login.html [运行时间：0.078125s][吞吐率：12.80req/s] [内存消耗：1,779.85kb] [文件加载：52]
[ info ] [ DB ] INIT mysql
[ info ] [ LANG ] Z:\wwwroot\zsh.ruishengkj.net\core\lang\zh-cn.php
[ info ] [ ROUTE ] array (
  'type' => 'module',
  'module' => 
  array (
    0 => 'index',
    1 => 'base',
    2 => 'login',
  ),
)
[ info ] [ HEADER ] array (
  'cookie' => 'think_var=zh-cn; PHPSESSID=md75oj0g5bjc7ijje55rul4dq6',
  'accept-language' => 'zh-CN,en-US;q=0.8',
  'accept-encoding' => 'gzip, deflate',
  'accept' => 'text/html,application/xhtml+xml,application/xml;q=0.9,image/webp,image/apng,image/sharpp,image/apng,*/*;q=0.8',
  'user-agent' => 'Mozilla/5.0 (Linux; Android 8.1; PACT00 Build/O11019; wv) AppleWebKit/537.36 (KHTML, like Gecko) Version/4.0 Chrome/57.0.2987.132 MQQBrowser/6.2 TBS/044033 Mobile Safari/537.36 V1_AND_SQ_7.6.3_850_YYB_D QQ/7.6.3.3560 NetType/WIFI WebP/0.3.0 Pixel/1080',
  'connection' => 'close',
  'host' => 'zsh.ruishengkj.net',
)
[ info ] [ PARAM ] array (
  '/index/base/login_html' => '',
)
[ info ] [ LANG ] Z:\wwwroot\zsh.ruishengkj.net/application/index\lang\zh-cn.php
[ info ] [ SESSION ] INIT array (
  'prefix' => 'minishop',
  'type' => '',
  'auto_start' => true,
)
[ info ] [ RUN ] /**
     * 用户登录方法
     * @author  矢志bu渝 <745152620@qq.com>
     */
Method [ <user> public method login ] {
  @@ Z:\wwwroot\zsh.ruishengkj.net\application\index\controller\Base.php 57 - 83
}

[ info ] [ VIEW ] ./themes/default/index/login.html [ array (
  0 => 'userinfo',
) ]
[ info ] [ LOG ] INIT file

---------------------------------------------------------------
[ 2018-05-26T22:05:54+08:00 ] 122.114.73.147 39.64.139.129 GET /
[ log ] zsh.ruishengkj.net/ [运行时间：0.062500s][吞吐率：16.00req/s] [内存消耗：1,790.27kb] [文件加载：54]
[ info ] [ DB ] INIT mysql
[ info ] [ LANG ] Z:\wwwroot\zsh.ruishengkj.net\core\lang\zh-cn.php
[ info ] [ ROUTE ] array (
  'type' => 'module',
  'module' => 
  array (
    0 => '',
    1 => NULL,
    2 => NULL,
  ),
)
[ info ] [ HEADER ] array (
  'cookie' => 'think_var=zh-cn; PHPSESSID=md75oj0g5bjc7ijje55rul4dq6',
  'accept-language' => 'zh-CN,en-US;q=0.8',
  'accept-encoding' => 'gzip, deflate',
  'accept' => 'text/html,application/xhtml+xml,application/xml;q=0.9,image/webp,image/apng,image/sharpp,image/apng,*/*;q=0.8',
  'user-agent' => 'Mozilla/5.0 (Linux; Android 8.1; PACT00 Build/O11019; wv) AppleWebKit/537.36 (KHTML, like Gecko) Version/4.0 Chrome/57.0.2987.132 MQQBrowser/6.2 TBS/044033 Mobile Safari/537.36 V1_AND_SQ_7.6.3_850_YYB_D QQ/7.6.3.3560 NetType/WIFI WebP/0.3.0 Pixel/1080',
  'connection' => 'close',
  'host' => 'zsh.ruishengkj.net',
)
[ info ] [ PARAM ] array (
)
[ info ] [ LANG ] Z:\wwwroot\zsh.ruishengkj.net/application/index\lang\zh-cn.php
[ info ] [ SESSION ] INIT array (
  'prefix' => 'minishop',
  'type' => '',
  'auto_start' => true,
)
[ info ] [ LOG ] INIT file

---------------------------------------------------------------
[ 2018-05-26T22:05:54+08:00 ] 122.114.73.147 39.64.139.129 GET /index/base/login.html
[ log ] zsh.ruishengkj.net/index/base/login.html [运行时间：0.078125s][吞吐率：12.80req/s] [内存消耗：1,779.85kb] [文件加载：52]
[ info ] [ DB ] INIT mysql
[ info ] [ LANG ] Z:\wwwroot\zsh.ruishengkj.net\core\lang\zh-cn.php
[ info ] [ ROUTE ] array (
  'type' => 'module',
  'module' => 
  array (
    0 => 'index',
    1 => 'base',
    2 => 'login',
  ),
)
[ info ] [ HEADER ] array (
  'cookie' => 'think_var=zh-cn; PHPSESSID=md75oj0g5bjc7ijje55rul4dq6',
  'accept-language' => 'zh-CN,en-US;q=0.8',
  'accept-encoding' => 'gzip, deflate',
  'accept' => 'text/html,application/xhtml+xml,application/xml;q=0.9,image/webp,image/apng,image/sharpp,image/apng,*/*;q=0.8',
  'user-agent' => 'Mozilla/5.0 (Linux; Android 8.1; PACT00 Build/O11019; wv) AppleWebKit/537.36 (KHTML, like Gecko) Version/4.0 Chrome/57.0.2987.132 MQQBrowser/6.2 TBS/044033 Mobile Safari/537.36 V1_AND_SQ_7.6.3_850_YYB_D QQ/7.6.3.3560 NetType/WIFI WebP/0.3.0 Pixel/1080',
  'connection' => 'close',
  'host' => 'zsh.ruishengkj.net',
)
[ info ] [ PARAM ] array (
  '/index/base/login_html' => '',
)
[ info ] [ LANG ] Z:\wwwroot\zsh.ruishengkj.net/application/index\lang\zh-cn.php
[ info ] [ SESSION ] INIT array (
  'prefix' => 'minishop',
  'type' => '',
  'auto_start' => true,
)
[ info ] [ RUN ] /**
     * 用户登录方法
     * @author  矢志bu渝 <745152620@qq.com>
     */
Method [ <user> public method login ] {
  @@ Z:\wwwroot\zsh.ruishengkj.net\application\index\controller\Base.php 57 - 83
}

[ info ] [ VIEW ] ./themes/default/index/login.html [ array (
  0 => 'userinfo',
) ]
[ info ] [ LOG ] INIT file

---------------------------------------------------------------
[ 2018-05-26T22:06:42+08:00 ] 122.114.73.147 39.64.139.129 GET /
[ log ] zsh.ruishengkj.net/ [运行时间：0.062500s][吞吐率：16.00req/s] [内存消耗：1,790.27kb] [文件加载：54]
[ info ] [ DB ] INIT mysql
[ info ] [ LANG ] Z:\wwwroot\zsh.ruishengkj.net\core\lang\zh-cn.php
[ info ] [ ROUTE ] array (
  'type' => 'module',
  'module' => 
  array (
    0 => '',
    1 => NULL,
    2 => NULL,
  ),
)
[ info ] [ HEADER ] array (
  'cookie' => 'think_var=zh-cn; PHPSESSID=md75oj0g5bjc7ijje55rul4dq6',
  'accept-language' => 'zh-CN,en-US;q=0.8',
  'accept-encoding' => 'gzip, deflate',
  'accept' => 'text/html,application/xhtml+xml,application/xml;q=0.9,image/webp,image/apng,image/sharpp,image/apng,*/*;q=0.8',
  'user-agent' => 'Mozilla/5.0 (Linux; Android 8.1; PACT00 Build/O11019; wv) AppleWebKit/537.36 (KHTML, like Gecko) Version/4.0 Chrome/57.0.2987.132 MQQBrowser/6.2 TBS/044033 Mobile Safari/537.36 V1_AND_SQ_7.6.3_850_YYB_D QQ/7.6.3.3560 NetType/WIFI WebP/0.3.0 Pixel/1080',
  'connection' => 'close',
  'host' => 'zsh.ruishengkj.net',
)
[ info ] [ PARAM ] array (
)
[ info ] [ LANG ] Z:\wwwroot\zsh.ruishengkj.net/application/index\lang\zh-cn.php
[ info ] [ SESSION ] INIT array (
  'prefix' => 'minishop',
  'type' => '',
  'auto_start' => true,
)
[ info ] [ LOG ] INIT file

---------------------------------------------------------------
[ 2018-05-26T22:06:43+08:00 ] 122.114.73.147 39.64.139.129 GET /index/base/login.html
[ log ] zsh.ruishengkj.net/index/base/login.html [运行时间：0.078125s][吞吐率：12.80req/s] [内存消耗：1,779.85kb] [文件加载：52]
[ info ] [ DB ] INIT mysql
[ info ] [ LANG ] Z:\wwwroot\zsh.ruishengkj.net\core\lang\zh-cn.php
[ info ] [ ROUTE ] array (
  'type' => 'module',
  'module' => 
  array (
    0 => 'index',
    1 => 'base',
    2 => 'login',
  ),
)
[ info ] [ HEADER ] array (
  'cookie' => 'think_var=zh-cn; PHPSESSID=md75oj0g5bjc7ijje55rul4dq6',
  'accept-language' => 'zh-CN,en-US;q=0.8',
  'accept-encoding' => 'gzip, deflate',
  'accept' => 'text/html,application/xhtml+xml,application/xml;q=0.9,image/webp,image/apng,image/sharpp,image/apng,*/*;q=0.8',
  'user-agent' => 'Mozilla/5.0 (Linux; Android 8.1; PACT00 Build/O11019; wv) AppleWebKit/537.36 (KHTML, like Gecko) Version/4.0 Chrome/57.0.2987.132 MQQBrowser/6.2 TBS/044033 Mobile Safari/537.36 V1_AND_SQ_7.6.3_850_YYB_D QQ/7.6.3.3560 NetType/WIFI WebP/0.3.0 Pixel/1080',
  'connection' => 'close',
  'host' => 'zsh.ruishengkj.net',
)
[ info ] [ PARAM ] array (
  '/index/base/login_html' => '',
)
[ info ] [ LANG ] Z:\wwwroot\zsh.ruishengkj.net/application/index\lang\zh-cn.php
[ info ] [ SESSION ] INIT array (
  'prefix' => 'minishop',
  'type' => '',
  'auto_start' => true,
)
[ info ] [ RUN ] /**
     * 用户登录方法
     * @author  矢志bu渝 <745152620@qq.com>
     */
Method [ <user> public method login ] {
  @@ Z:\wwwroot\zsh.ruishengkj.net\application\index\controller\Base.php 57 - 83
}

[ info ] [ VIEW ] ./themes/default/index/login.html [ array (
  0 => 'userinfo',
) ]
[ info ] [ LOG ] INIT file

---------------------------------------------------------------
[ 2018-05-26T22:07:04+08:00 ] 122.114.73.147 39.64.139.129 POST /index/base/login.html
[ log ] zsh.ruishengkj.net/index/base/login.html [运行时间：0.046875s][吞吐率：21.33req/s] [内存消耗：1,770.85kb] [文件加载：52]
[ info ] [ DB ] INIT mysql
[ info ] [ LANG ] Z:\wwwroot\zsh.ruishengkj.net\core\lang\zh-cn.php
[ info ] [ ROUTE ] array (
  'type' => 'module',
  'module' => 
  array (
    0 => 'index',
    1 => 'base',
    2 => 'login',
  ),
)
[ info ] [ HEADER ] array (
  'cookie' => 'think_var=zh-cn; PHPSESSID=md75oj0g5bjc7ijje55rul4dq6',
  'accept-language' => 'zh-CN,en-US;q=0.8',
  'accept-encoding' => 'gzip, deflate',
  'referer' => 'http://zsh.ruishengkj.net/index/base/login.html',
  'user-agent' => 'Mozilla/5.0 (Linux; Android 8.1; PACT00 Build/O11019; wv) AppleWebKit/537.36 (KHTML, like Gecko) Version/4.0 Chrome/57.0.2987.132 MQQBrowser/6.2 TBS/044033 Mobile Safari/537.36 V1_AND_SQ_7.6.3_850_YYB_D QQ/7.6.3.3560 NetType/WIFI WebP/0.3.0 Pixel/1080',
  'x-requested-with' => 'XMLHttpRequest',
  'origin' => 'http://zsh.ruishengkj.net',
  'accept' => 'application/json, text/javascript, */*; q=0.01',
  'connection' => 'close',
  'host' => 'zsh.ruishengkj.net',
  'content-type' => 'application/x-www-form-urlencoded; charset=UTF-8',
  'content-length' => '31',
)
[ info ] [ PARAM ] array (
  '/index/base/login_html' => '',
  'key' => '13127100520',
  'password' => '147802',
)
[ info ] [ LANG ] Z:\wwwroot\zsh.ruishengkj.net/application/index\lang\zh-cn.php
[ info ] [ SESSION ] INIT array (
  'prefix' => 'minishop',
  'type' => '',
  'auto_start' => true,
)
[ info ] [ RUN ] /**
     * 用户登录方法
     * @author  矢志bu渝 <745152620@qq.com>
     */
Method [ <user> public method login ] {
  @@ Z:\wwwroot\zsh.ruishengkj.net\application\index\controller\Base.php 57 - 83
}

[ info ] [ LOG ] INIT file

---------------------------------------------------------------
