[ 2018-07-02T00:00:01+08:00 ] 0.0.0.0 0.0.0.0 CLI 
[ log ] cmd:think auto [运行时间：0.312500s][吞吐率：3.20req/s] [内存消耗：1,609.95kb] [文件加载：54]
[ info ] [ DB ] INIT mysql
[ info ] [ LOG ] INIT file

---------------------------------------------------------------
[ 2018-07-02T00:00:02+08:00 ] 0.0.0.0 0.0.0.0 CLI 
[ log ] cmd:think auto [运行时间：0.078125s][吞吐率：12.80req/s] [内存消耗：1,609.95kb] [文件加载：54]
[ info ] [ DB ] INIT mysql
[ info ] [ LOG ] INIT file

---------------------------------------------------------------
[ 2018-07-02T00:00:03+08:00 ] 0.0.0.0 0.0.0.0 CLI 
[ log ] cmd:think auto [运行时间：0.093750s][吞吐率：10.67req/s] [内存消耗：1,609.95kb] [文件加载：54]
[ info ] [ DB ] INIT mysql
[ info ] [ LOG ] INIT file

---------------------------------------------------------------
[ 2018-07-02T00:00:04+08:00 ] 0.0.0.0 0.0.0.0 CLI 
[ log ] cmd:think auto [运行时间：0.187500s][吞吐率：5.33req/s] [内存消耗：1,609.95kb] [文件加载：54]
[ info ] [ DB ] INIT mysql
[ info ] [ LOG ] INIT file

---------------------------------------------------------------
[ 2018-07-02T00:00:05+08:00 ] 0.0.0.0 0.0.0.0 CLI 
[ log ] cmd:think auto [运行时间：0.125000s][吞吐率：8.00req/s] [内存消耗：1,609.95kb] [文件加载：54]
[ info ] [ DB ] INIT mysql
[ info ] [ LOG ] INIT file

---------------------------------------------------------------
[ 2018-07-02T00:00:06+08:00 ] 0.0.0.0 0.0.0.0 CLI 
[ log ] cmd:think auto [运行时间：0.093750s][吞吐率：10.67req/s] [内存消耗：1,609.95kb] [文件加载：54]
[ info ] [ DB ] INIT mysql
[ info ] [ LOG ] INIT file

---------------------------------------------------------------
[ 2018-07-02T00:00:07+08:00 ] 0.0.0.0 0.0.0.0 CLI 
[ log ] cmd:think auto [运行时间：0.140625s][吞吐率：7.11req/s] [内存消耗：1,609.95kb] [文件加载：54]
[ info ] [ DB ] INIT mysql
[ info ] [ LOG ] INIT file

---------------------------------------------------------------
[ 2018-07-02T00:00:08+08:00 ] 0.0.0.0 0.0.0.0 CLI 
[ log ] cmd:think auto [运行时间：0.093750s][吞吐率：10.67req/s] [内存消耗：1,609.95kb] [文件加载：54]
[ info ] [ DB ] INIT mysql
[ info ] [ LOG ] INIT file

---------------------------------------------------------------
[ 2018-07-02T00:00:09+08:00 ] 0.0.0.0 0.0.0.0 CLI 
[ log ] cmd:think auto [运行时间：0.218750s][吞吐率：4.57req/s] [内存消耗：1,609.95kb] [文件加载：54]
[ info ] [ DB ] INIT mysql
[ info ] [ LOG ] INIT file

---------------------------------------------------------------
[ 2018-07-02T00:00:10+08:00 ] 0.0.0.0 0.0.0.0 CLI 
[ log ] cmd:think auto [运行时间：0.140625s][吞吐率：7.11req/s] [内存消耗：1,609.95kb] [文件加载：54]
[ info ] [ DB ] INIT mysql
[ info ] [ LOG ] INIT file

---------------------------------------------------------------
[ 2018-07-02T00:00:11+08:00 ] 0.0.0.0 0.0.0.0 CLI 
[ log ] cmd:think auto [运行时间：0.093750s][吞吐率：10.67req/s] [内存消耗：1,609.95kb] [文件加载：54]
[ info ] [ DB ] INIT mysql
[ info ] [ LOG ] INIT file

---------------------------------------------------------------
[ 2018-07-02T00:00:12+08:00 ] 0.0.0.0 0.0.0.0 CLI 
[ log ] cmd:think auto [运行时间：0.125000s][吞吐率：8.00req/s] [内存消耗：1,609.95kb] [文件加载：54]
[ info ] [ DB ] INIT mysql
[ info ] [ LOG ] INIT file

---------------------------------------------------------------
[ 2018-07-02T00:00:13+08:00 ] 0.0.0.0 0.0.0.0 CLI 
[ log ] cmd:think auto [运行时间：0.125000s][吞吐率：8.00req/s] [内存消耗：1,609.95kb] [文件加载：54]
[ info ] [ DB ] INIT mysql
[ info ] [ LOG ] INIT file

---------------------------------------------------------------
[ 2018-07-02T00:00:14+08:00 ] 0.0.0.0 0.0.0.0 CLI 
[ log ] cmd:think auto [运行时间：0.109375s][吞吐率：9.14req/s] [内存消耗：1,609.95kb] [文件加载：54]
[ info ] [ DB ] INIT mysql
[ info ] [ LOG ] INIT file

---------------------------------------------------------------
[ 2018-07-02T00:00:15+08:00 ] 0.0.0.0 0.0.0.0 CLI 
[ log ] cmd:think auto [运行时间：0.125000s][吞吐率：8.00req/s] [内存消耗：1,609.95kb] [文件加载：54]
[ info ] [ DB ] INIT mysql
[ info ] [ LOG ] INIT file

---------------------------------------------------------------
[ 2018-07-02T00:00:16+08:00 ] 0.0.0.0 0.0.0.0 CLI 
[ log ] cmd:think auto [运行时间：0.109375s][吞吐率：9.14req/s] [内存消耗：1,609.95kb] [文件加载：54]
[ info ] [ DB ] INIT mysql
[ info ] [ LOG ] INIT file

---------------------------------------------------------------
[ 2018-07-02T00:00:17+08:00 ] 0.0.0.0 0.0.0.0 CLI 
[ log ] cmd:think auto [运行时间：0.093750s][吞吐率：10.67req/s] [内存消耗：1,609.95kb] [文件加载：54]
[ info ] [ DB ] INIT mysql
[ info ] [ LOG ] INIT file

---------------------------------------------------------------
[ 2018-07-02T00:00:18+08:00 ] 0.0.0.0 0.0.0.0 CLI 
[ log ] cmd:think auto [运行时间：0.093750s][吞吐率：10.67req/s] [内存消耗：1,609.95kb] [文件加载：54]
[ info ] [ DB ] INIT mysql
[ info ] [ LOG ] INIT file

---------------------------------------------------------------
[ 2018-07-02T00:00:19+08:00 ] 0.0.0.0 0.0.0.0 CLI 
[ log ] cmd:think auto [运行时间：0.234375s][吞吐率：4.27req/s] [内存消耗：1,609.95kb] [文件加载：54]
[ info ] [ DB ] INIT mysql
[ info ] [ LOG ] INIT file

---------------------------------------------------------------
[ 2018-07-02T00:00:20+08:00 ] 0.0.0.0 0.0.0.0 CLI 
[ log ] cmd:think auto [运行时间：0.156250s][吞吐率：6.40req/s] [内存消耗：1,609.95kb] [文件加载：54]
[ info ] [ DB ] INIT mysql
[ info ] [ LOG ] INIT file

---------------------------------------------------------------
[ 2018-07-02T00:00:21+08:00 ] 0.0.0.0 0.0.0.0 CLI 
[ log ] cmd:think auto [运行时间：0.125000s][吞吐率：8.00req/s] [内存消耗：1,609.95kb] [文件加载：54]
[ info ] [ DB ] INIT mysql
[ info ] [ LOG ] INIT file

---------------------------------------------------------------
[ 2018-07-02T00:00:22+08:00 ] 0.0.0.0 0.0.0.0 CLI 
[ log ] cmd:think auto [运行时间：0.140625s][吞吐率：7.11req/s] [内存消耗：1,609.95kb] [文件加载：54]
[ info ] [ DB ] INIT mysql
[ info ] [ LOG ] INIT file

---------------------------------------------------------------
[ 2018-07-02T00:00:23+08:00 ] 0.0.0.0 0.0.0.0 CLI 
[ log ] cmd:think auto [运行时间：0.093750s][吞吐率：10.67req/s] [内存消耗：1,609.95kb] [文件加载：54]
[ info ] [ DB ] INIT mysql
[ info ] [ LOG ] INIT file

---------------------------------------------------------------
[ 2018-07-02T00:00:24+08:00 ] 0.0.0.0 0.0.0.0 CLI 
[ log ] cmd:think auto [运行时间：0.187500s][吞吐率：5.33req/s] [内存消耗：1,609.95kb] [文件加载：54]
[ info ] [ DB ] INIT mysql
[ info ] [ LOG ] INIT file

---------------------------------------------------------------
[ 2018-07-02T00:00:25+08:00 ] 0.0.0.0 0.0.0.0 CLI 
[ log ] cmd:think auto [运行时间：0.140625s][吞吐率：7.11req/s] [内存消耗：1,609.95kb] [文件加载：54]
[ info ] [ DB ] INIT mysql
[ info ] [ LOG ] INIT file

---------------------------------------------------------------
[ 2018-07-02T00:00:26+08:00 ] 0.0.0.0 0.0.0.0 CLI 
[ log ] cmd:think auto [运行时间：0.093750s][吞吐率：10.67req/s] [内存消耗：1,609.95kb] [文件加载：54]
[ info ] [ DB ] INIT mysql
[ info ] [ LOG ] INIT file

---------------------------------------------------------------
[ 2018-07-02T00:00:27+08:00 ] 0.0.0.0 0.0.0.0 CLI 
[ log ] cmd:think auto [运行时间：0.109375s][吞吐率：9.14req/s] [内存消耗：1,609.95kb] [文件加载：54]
[ info ] [ DB ] INIT mysql
[ info ] [ LOG ] INIT file

---------------------------------------------------------------
[ 2018-07-02T00:00:28+08:00 ] 0.0.0.0 0.0.0.0 CLI 
[ log ] cmd:think auto [运行时间：0.109375s][吞吐率：9.14req/s] [内存消耗：1,609.95kb] [文件加载：54]
[ info ] [ DB ] INIT mysql
[ info ] [ LOG ] INIT file

---------------------------------------------------------------
[ 2018-07-02T00:00:29+08:00 ] 0.0.0.0 0.0.0.0 CLI 
[ log ] cmd:think auto [运行时间：0.140625s][吞吐率：7.11req/s] [内存消耗：1,609.95kb] [文件加载：54]
[ info ] [ DB ] INIT mysql
[ info ] [ LOG ] INIT file

---------------------------------------------------------------
[ 2018-07-02T00:00:30+08:00 ] 0.0.0.0 0.0.0.0 CLI 
[ log ] cmd:think auto [运行时间：0.140625s][吞吐率：7.11req/s] [内存消耗：1,609.95kb] [文件加载：54]
[ info ] [ DB ] INIT mysql
[ info ] [ LOG ] INIT file

---------------------------------------------------------------
[ 2018-07-02T00:00:31+08:00 ] 0.0.0.0 0.0.0.0 CLI 
[ log ] cmd:think auto [运行时间：0.171875s][吞吐率：5.82req/s] [内存消耗：1,609.95kb] [文件加载：54]
[ info ] [ DB ] INIT mysql
[ info ] [ LOG ] INIT file

---------------------------------------------------------------
[ 2018-07-02T00:00:32+08:00 ] 0.0.0.0 0.0.0.0 CLI 
[ log ] cmd:think auto [运行时间：0.156250s][吞吐率：6.40req/s] [内存消耗：1,609.95kb] [文件加载：54]
[ info ] [ DB ] INIT mysql
[ info ] [ LOG ] INIT file

---------------------------------------------------------------
[ 2018-07-02T00:00:33+08:00 ] 0.0.0.0 0.0.0.0 CLI 
[ log ] cmd:think auto [运行时间：0.109375s][吞吐率：9.14req/s] [内存消耗：1,609.95kb] [文件加载：54]
[ info ] [ DB ] INIT mysql
[ info ] [ LOG ] INIT file

---------------------------------------------------------------
[ 2018-07-02T00:00:34+08:00 ] 0.0.0.0 0.0.0.0 CLI 
[ log ] cmd:think auto [运行时间：0.109375s][吞吐率：9.14req/s] [内存消耗：1,609.95kb] [文件加载：54]
[ info ] [ DB ] INIT mysql
[ info ] [ LOG ] INIT file

---------------------------------------------------------------
[ 2018-07-02T00:00:35+08:00 ] 0.0.0.0 0.0.0.0 CLI 
[ log ] cmd:think auto [运行时间：0.109375s][吞吐率：9.14req/s] [内存消耗：1,609.95kb] [文件加载：54]
[ info ] [ DB ] INIT mysql
[ info ] [ LOG ] INIT file

---------------------------------------------------------------
[ 2018-07-02T00:00:36+08:00 ] 0.0.0.0 0.0.0.0 CLI 
[ log ] cmd:think auto [运行时间：0.140625s][吞吐率：7.11req/s] [内存消耗：1,609.95kb] [文件加载：54]
[ info ] [ DB ] INIT mysql
[ info ] [ LOG ] INIT file

---------------------------------------------------------------
[ 2018-07-02T00:00:37+08:00 ] 0.0.0.0 0.0.0.0 CLI 
[ log ] cmd:think auto [运行时间：0.109375s][吞吐率：9.14req/s] [内存消耗：1,609.95kb] [文件加载：54]
[ info ] [ DB ] INIT mysql
[ info ] [ LOG ] INIT file

---------------------------------------------------------------
[ 2018-07-02T00:00:38+08:00 ] 0.0.0.0 0.0.0.0 CLI 
[ log ] cmd:think auto [运行时间：0.156250s][吞吐率：6.40req/s] [内存消耗：1,609.95kb] [文件加载：54]
[ info ] [ DB ] INIT mysql
[ info ] [ LOG ] INIT file

---------------------------------------------------------------
[ 2018-07-02T00:00:39+08:00 ] 0.0.0.0 0.0.0.0 CLI 
[ log ] cmd:think auto [运行时间：0.093750s][吞吐率：10.67req/s] [内存消耗：1,609.95kb] [文件加载：54]
[ info ] [ DB ] INIT mysql
[ info ] [ LOG ] INIT file

---------------------------------------------------------------
[ 2018-07-02T00:00:40+08:00 ] 0.0.0.0 0.0.0.0 CLI 
[ log ] cmd:think auto [运行时间：0.109375s][吞吐率：9.14req/s] [内存消耗：1,609.95kb] [文件加载：54]
[ info ] [ DB ] INIT mysql
[ info ] [ LOG ] INIT file

---------------------------------------------------------------
[ 2018-07-02T00:00:41+08:00 ] 0.0.0.0 0.0.0.0 CLI 
[ log ] cmd:think auto [运行时间：0.078125s][吞吐率：12.80req/s] [内存消耗：1,609.95kb] [文件加载：54]
[ info ] [ DB ] INIT mysql
[ info ] [ LOG ] INIT file

---------------------------------------------------------------
[ 2018-07-02T00:00:42+08:00 ] 0.0.0.0 0.0.0.0 CLI 
[ log ] cmd:think auto [运行时间：0.140625s][吞吐率：7.11req/s] [内存消耗：1,609.95kb] [文件加载：54]
[ info ] [ DB ] INIT mysql
[ info ] [ LOG ] INIT file

---------------------------------------------------------------
[ 2018-07-02T00:00:43+08:00 ] 0.0.0.0 0.0.0.0 CLI 
[ log ] cmd:think auto [运行时间：0.125000s][吞吐率：8.00req/s] [内存消耗：1,609.95kb] [文件加载：54]
[ info ] [ DB ] INIT mysql
[ info ] [ LOG ] INIT file

---------------------------------------------------------------
[ 2018-07-02T00:00:44+08:00 ] 0.0.0.0 0.0.0.0 CLI 
[ log ] cmd:think auto [运行时间：0.078125s][吞吐率：12.80req/s] [内存消耗：1,609.95kb] [文件加载：54]
[ info ] [ DB ] INIT mysql
[ info ] [ LOG ] INIT file

---------------------------------------------------------------
[ 2018-07-02T00:00:45+08:00 ] 0.0.0.0 0.0.0.0 CLI 
[ log ] cmd:think auto [运行时间：0.093750s][吞吐率：10.67req/s] [内存消耗：1,609.95kb] [文件加载：54]
[ info ] [ DB ] INIT mysql
[ info ] [ LOG ] INIT file

---------------------------------------------------------------
[ 2018-07-02T00:00:46+08:00 ] 0.0.0.0 0.0.0.0 CLI 
[ log ] cmd:think auto [运行时间：0.109375s][吞吐率：9.14req/s] [内存消耗：1,609.95kb] [文件加载：54]
[ info ] [ DB ] INIT mysql
[ info ] [ LOG ] INIT file

---------------------------------------------------------------
[ 2018-07-02T00:00:47+08:00 ] 0.0.0.0 0.0.0.0 CLI 
[ log ] cmd:think auto [运行时间：0.234375s][吞吐率：4.27req/s] [内存消耗：1,609.95kb] [文件加载：54]
[ info ] [ DB ] INIT mysql
[ info ] [ LOG ] INIT file

---------------------------------------------------------------
[ 2018-07-02T00:00:48+08:00 ] 0.0.0.0 0.0.0.0 CLI 
[ log ] cmd:think auto [运行时间：0.171875s][吞吐率：5.82req/s] [内存消耗：1,609.95kb] [文件加载：54]
[ info ] [ DB ] INIT mysql
[ info ] [ LOG ] INIT file

---------------------------------------------------------------
[ 2018-07-02T00:00:49+08:00 ] 0.0.0.0 0.0.0.0 CLI 
[ log ] cmd:think auto [运行时间：0.109375s][吞吐率：9.14req/s] [内存消耗：1,609.95kb] [文件加载：54]
[ info ] [ DB ] INIT mysql
[ info ] [ LOG ] INIT file

---------------------------------------------------------------
[ 2018-07-02T00:00:50+08:00 ] 0.0.0.0 0.0.0.0 CLI 
[ log ] cmd:think auto [运行时间：0.109375s][吞吐率：9.14req/s] [内存消耗：1,609.95kb] [文件加载：54]
[ info ] [ DB ] INIT mysql
[ info ] [ LOG ] INIT file

---------------------------------------------------------------
[ 2018-07-02T00:00:51+08:00 ] 0.0.0.0 0.0.0.0 CLI 
[ log ] cmd:think auto [运行时间：0.109375s][吞吐率：9.14req/s] [内存消耗：1,609.95kb] [文件加载：54]
[ info ] [ DB ] INIT mysql
[ info ] [ LOG ] INIT file

---------------------------------------------------------------
[ 2018-07-02T00:00:52+08:00 ] 0.0.0.0 0.0.0.0 CLI 
[ log ] cmd:think auto [运行时间：0.093750s][吞吐率：10.67req/s] [内存消耗：1,609.95kb] [文件加载：54]
[ info ] [ DB ] INIT mysql
[ info ] [ LOG ] INIT file

---------------------------------------------------------------
[ 2018-07-02T00:00:53+08:00 ] 0.0.0.0 0.0.0.0 CLI 
[ log ] cmd:think auto [运行时间：0.125000s][吞吐率：8.00req/s] [内存消耗：1,609.95kb] [文件加载：54]
[ info ] [ DB ] INIT mysql
[ info ] [ LOG ] INIT file

---------------------------------------------------------------
[ 2018-07-02T00:00:54+08:00 ] 0.0.0.0 0.0.0.0 CLI 
[ log ] cmd:think auto [运行时间：0.109375s][吞吐率：9.14req/s] [内存消耗：1,609.95kb] [文件加载：54]
[ info ] [ DB ] INIT mysql
[ info ] [ LOG ] INIT file

---------------------------------------------------------------
[ 2018-07-02T00:00:55+08:00 ] 0.0.0.0 0.0.0.0 CLI 
[ log ] cmd:think auto [运行时间：0.140625s][吞吐率：7.11req/s] [内存消耗：1,609.95kb] [文件加载：54]
[ info ] [ DB ] INIT mysql
[ info ] [ LOG ] INIT file

---------------------------------------------------------------
[ 2018-07-02T00:00:56+08:00 ] 0.0.0.0 0.0.0.0 CLI 
[ log ] cmd:think auto [运行时间：0.125000s][吞吐率：8.00req/s] [内存消耗：1,609.95kb] [文件加载：54]
[ info ] [ DB ] INIT mysql
[ info ] [ LOG ] INIT file

---------------------------------------------------------------
[ 2018-07-02T00:00:57+08:00 ] 0.0.0.0 0.0.0.0 CLI 
[ log ] cmd:think auto [运行时间：0.078125s][吞吐率：12.80req/s] [内存消耗：1,609.95kb] [文件加载：54]
[ info ] [ DB ] INIT mysql
[ info ] [ LOG ] INIT file

---------------------------------------------------------------
[ 2018-07-02T00:00:58+08:00 ] 0.0.0.0 0.0.0.0 CLI 
[ log ] cmd:think auto [运行时间：0.156250s][吞吐率：6.40req/s] [内存消耗：1,609.95kb] [文件加载：54]
[ info ] [ DB ] INIT mysql
[ info ] [ LOG ] INIT file

---------------------------------------------------------------
[ 2018-07-02T00:00:59+08:00 ] 0.0.0.0 0.0.0.0 CLI 
[ log ] cmd:think auto [运行时间：0.187500s][吞吐率：5.33req/s] [内存消耗：1,609.95kb] [文件加载：54]
[ info ] [ DB ] INIT mysql
[ info ] [ LOG ] INIT file

---------------------------------------------------------------
[ 2018-07-02T10:51:54+08:00 ] 122.114.73.147 61.54.232.187 GET /
[ log ] zsh.ruishengkj.net/ [运行时间：0.125000s][吞吐率：8.00req/s] [内存消耗：1,790.63kb] [文件加载：54]
[ info ] [ DB ] INIT mysql
[ info ] [ LANG ] Z:\wwwroot\zsh.ruishengkj.net\core\lang\zh-cn.php
[ info ] [ ROUTE ] array (
  'type' => 'module',
  'module' => 
  array (
    0 => '',
    1 => NULL,
    2 => NULL,
  ),
)
[ info ] [ HEADER ] array (
  'accept-language' => 'zh-CN,zh;q=0.8',
  'accept-encoding' => 'gzip, deflate',
  'accept' => 'text/html,application/xhtml+xml,application/xml;q=0.9,image/webp,*/*;q=0.8',
  'user-agent' => 'Mozilla/5.0 (Windows NT 6.1; WOW64) AppleWebKit/537.36 (KHTML, like Gecko) Chrome/55.0.2883.87 UBrowser/6.2.3964.2 Safari/537.36',
  'upgrade-insecure-requests' => '1',
  'connection' => 'close',
  'host' => 'zsh.ruishengkj.net',
)
[ info ] [ PARAM ] array (
)
[ info ] [ LANG ] Z:\wwwroot\zsh.ruishengkj.net/application/index\lang\zh-cn.php
[ info ] [ SESSION ] INIT array (
  'prefix' => 'minishop',
  'type' => '',
  'auto_start' => true,
)
[ info ] [ LOG ] INIT file

---------------------------------------------------------------
[ 2018-07-02T10:51:54+08:00 ] 122.114.73.147 61.54.232.187 GET /index/base/login.html
[ log ] zsh.ruishengkj.net/index/base/login.html [运行时间：0.078125s][吞吐率：12.80req/s] [内存消耗：1,780.07kb] [文件加载：52]
[ info ] [ DB ] INIT mysql
[ info ] [ LANG ] Z:\wwwroot\zsh.ruishengkj.net\core\lang\zh-cn.php
[ info ] [ ROUTE ] array (
  'type' => 'module',
  'module' => 
  array (
    0 => 'index',
    1 => 'base',
    2 => 'login',
  ),
)
[ info ] [ HEADER ] array (
  'cookie' => 'think_var=zh-cn; PHPSESSID=tk37fm786o57g2la9o7cjff9q1',
  'accept-language' => 'zh-CN,zh;q=0.8',
  'accept-encoding' => 'gzip, deflate',
  'accept' => 'text/html,application/xhtml+xml,application/xml;q=0.9,image/webp,*/*;q=0.8',
  'user-agent' => 'Mozilla/5.0 (Windows NT 6.1; WOW64) AppleWebKit/537.36 (KHTML, like Gecko) Chrome/55.0.2883.87 UBrowser/6.2.3964.2 Safari/537.36',
  'upgrade-insecure-requests' => '1',
  'connection' => 'close',
  'host' => 'zsh.ruishengkj.net',
)
[ info ] [ PARAM ] array (
  '/index/base/login_html' => '',
)
[ info ] [ LANG ] Z:\wwwroot\zsh.ruishengkj.net/application/index\lang\zh-cn.php
[ info ] [ SESSION ] INIT array (
  'prefix' => 'minishop',
  'type' => '',
  'auto_start' => true,
)
[ info ] [ RUN ] /**
     * 用户登录方法
     * @author  矢志bu渝 <745152620@qq.com>
     */
Method [ <user> public method login ] {
  @@ Z:\wwwroot\zsh.ruishengkj.net\application\index\controller\Base.php 57 - 83
}

[ info ] [ VIEW ] ./themes/default/index/login.html [ array (
  0 => 'userinfo',
) ]
[ info ] [ LOG ] INIT file

---------------------------------------------------------------
[ 2018-07-02T10:51:55+08:00 ] 122.114.73.147 61.54.232.187 GET /favicon.ico
[ log ] zsh.ruishengkj.net/favicon.ico [运行时间：0.062500s][吞吐率：16.00req/s] [内存消耗：1,450.47kb] [文件加载：41]
[ info ] [ DB ] INIT mysql
[ info ] [ LANG ] Z:\wwwroot\zsh.ruishengkj.net\core\lang\zh-cn.php
[ info ] [ ROUTE ] array (
  'type' => 'module',
  'module' => 
  array (
    0 => 'favicon.ico',
    1 => NULL,
    2 => NULL,
  ),
)
[ info ] [ HEADER ] array (
  'cookie' => 'think_var=zh-cn; PHPSESSID=tk37fm786o57g2la9o7cjff9q1',
  'accept-language' => 'zh-CN,zh;q=0.8',
  'accept-encoding' => 'gzip, deflate',
  'referer' => 'http://zsh.ruishengkj.net/index/base/login.html',
  'accept' => 'image/webp,image/*,*/*;q=0.8',
  'user-agent' => 'Mozilla/5.0 (Windows NT 6.1; WOW64) AppleWebKit/537.36 (KHTML, like Gecko) Chrome/55.0.2883.87 UBrowser/6.2.3964.2 Safari/537.36',
  'connection' => 'close',
  'host' => 'zsh.ruishengkj.net',
)
[ info ] [ PARAM ] array (
  '/favicon_ico' => '',
)
[ info ] [ LOG ] INIT file

---------------------------------------------------------------
[ 2018-07-02T10:52:03+08:00 ] 122.114.73.147 61.54.232.187 POST /index/base/login.html
[ log ] zsh.ruishengkj.net/index/base/login.html [运行时间：0.062500s][吞吐率：16.00req/s] [内存消耗：1,772.36kb] [文件加载：52]
[ info ] [ DB ] INIT mysql
[ info ] [ LANG ] Z:\wwwroot\zsh.ruishengkj.net\core\lang\zh-cn.php
[ info ] [ ROUTE ] array (
  'type' => 'module',
  'module' => 
  array (
    0 => 'index',
    1 => 'base',
    2 => 'login',
  ),
)
[ info ] [ HEADER ] array (
  'cookie' => 'think_var=zh-cn; PHPSESSID=tk37fm786o57g2la9o7cjff9q1',
  'accept-language' => 'zh-CN,zh;q=0.8',
  'accept-encoding' => 'gzip, deflate',
  'referer' => 'http://zsh.ruishengkj.net/index/base/login.html',
  'user-agent' => 'Mozilla/5.0 (Windows NT 6.1; WOW64) AppleWebKit/537.36 (KHTML, like Gecko) Chrome/55.0.2883.87 UBrowser/6.2.3964.2 Safari/537.36',
  'x-requested-with' => 'XMLHttpRequest',
  'origin' => 'http://zsh.ruishengkj.net',
  'accept' => 'application/json, text/javascript, */*; q=0.01',
  'connection' => 'close',
  'host' => 'zsh.ruishengkj.net',
  'content-type' => 'application/x-www-form-urlencoded; charset=UTF-8',
  'content-length' => '31',
)
[ info ] [ PARAM ] array (
  '/index/base/login_html' => '',
  'key' => '15666666666',
  'password' => '123123',
)
[ info ] [ LANG ] Z:\wwwroot\zsh.ruishengkj.net/application/index\lang\zh-cn.php
[ info ] [ SESSION ] INIT array (
  'prefix' => 'minishop',
  'type' => '',
  'auto_start' => true,
)
[ info ] [ RUN ] /**
     * 用户登录方法
     * @author  矢志bu渝 <745152620@qq.com>
     */
Method [ <user> public method login ] {
  @@ Z:\wwwroot\zsh.ruishengkj.net\application\index\controller\Base.php 57 - 83
}

[ info ] [ LOG ] INIT file

---------------------------------------------------------------
[ 2018-07-02T10:52:07+08:00 ] 122.114.73.147 61.54.232.187 POST /index/base/login.html
[ log ] zsh.ruishengkj.net/index/base/login.html [运行时间：0.078125s][吞吐率：12.80req/s] [内存消耗：1,798.23kb] [文件加载：53]
[ info ] [ DB ] INIT mysql
[ info ] [ LANG ] Z:\wwwroot\zsh.ruishengkj.net\core\lang\zh-cn.php
[ info ] [ ROUTE ] array (
  'type' => 'module',
  'module' => 
  array (
    0 => 'index',
    1 => 'base',
    2 => 'login',
  ),
)
[ info ] [ HEADER ] array (
  'cookie' => 'think_var=zh-cn; PHPSESSID=tk37fm786o57g2la9o7cjff9q1',
  'accept-language' => 'zh-CN,zh;q=0.8',
  'accept-encoding' => 'gzip, deflate',
  'referer' => 'http://zsh.ruishengkj.net/index/base/login.html',
  'user-agent' => 'Mozilla/5.0 (Windows NT 6.1; WOW64) AppleWebKit/537.36 (KHTML, like Gecko) Chrome/55.0.2883.87 UBrowser/6.2.3964.2 Safari/537.36',
  'x-requested-with' => 'XMLHttpRequest',
  'origin' => 'http://zsh.ruishengkj.net',
  'accept' => 'application/json, text/javascript, */*; q=0.01',
  'connection' => 'close',
  'host' => 'zsh.ruishengkj.net',
  'content-type' => 'application/x-www-form-urlencoded; charset=UTF-8',
  'content-length' => '31',
)
[ info ] [ PARAM ] array (
  '/index/base/login_html' => '',
  'key' => '15666666666',
  'password' => '123456',
)
[ info ] [ LANG ] Z:\wwwroot\zsh.ruishengkj.net/application/index\lang\zh-cn.php
[ info ] [ SESSION ] INIT array (
  'prefix' => 'minishop',
  'type' => '',
  'auto_start' => true,
)
[ info ] [ RUN ] /**
     * 用户登录方法
     * @author  矢志bu渝 <745152620@qq.com>
     */
Method [ <user> public method login ] {
  @@ Z:\wwwroot\zsh.ruishengkj.net\application\index\controller\Base.php 57 - 83
}

[ info ] [ LOG ] INIT file

---------------------------------------------------------------
[ 2018-07-02T10:52:08+08:00 ] 122.114.73.147 61.54.232.187 GET /index/user/usercenter.html
[ log ] zsh.ruishengkj.net/index/user/usercenter.html [运行时间：0.140625s][吞吐率：7.11req/s] [内存消耗：1,894.24kb] [文件加载：53]
[ info ] [ DB ] INIT mysql
[ info ] [ LANG ] Z:\wwwroot\zsh.ruishengkj.net\core\lang\zh-cn.php
[ info ] [ ROUTE ] array (
  'type' => 'module',
  'module' => 
  array (
    0 => 'index',
    1 => 'user',
    2 => 'usercenter',
  ),
)
[ info ] [ HEADER ] array (
  'cookie' => 'think_var=zh-cn; PHPSESSID=tk37fm786o57g2la9o7cjff9q1',
  'accept-language' => 'zh-CN,zh;q=0.8',
  'accept-encoding' => 'gzip, deflate',
  'referer' => 'http://zsh.ruishengkj.net/index/base/login.html',
  'accept' => 'text/html,application/xhtml+xml,application/xml;q=0.9,image/webp,*/*;q=0.8',
  'user-agent' => 'Mozilla/5.0 (Windows NT 6.1; WOW64) AppleWebKit/537.36 (KHTML, like Gecko) Chrome/55.0.2883.87 UBrowser/6.2.3964.2 Safari/537.36',
  'upgrade-insecure-requests' => '1',
  'connection' => 'close',
  'host' => 'zsh.ruishengkj.net',
)
[ info ] [ PARAM ] array (
  '/index/user/usercenter_html' => '',
)
[ info ] [ LANG ] Z:\wwwroot\zsh.ruishengkj.net/application/index\lang\zh-cn.php
[ info ] [ SESSION ] INIT array (
  'prefix' => 'minishop',
  'type' => '',
  'auto_start' => true,
)
[ info ] [ RUN ] /**
     * 个人中心
     * @author  ILsunshine
     */
Method [ <user> public method userCenter ] {
  @@ Z:\wwwroot\zsh.ruishengkj.net\application\index\controller\User.php 39 - 72
}

[ info ] [ VIEW ] ./themes/default/index/user_center.html [ array (
  0 => 'userinfo',
  1 => 'tyjfmc',
  2 => 'is_gongpai',
  3 => 'gp_user',
  4 => 'ytixian',
  5 => 'tuijianren',
  6 => 'userInfo',
  7 => 'hys',
  8 => 'zt_count',
  9 => 'scoreorder',
) ]
[ info ] [ LOG ] INIT file

---------------------------------------------------------------
[ 2018-07-02T10:52:35+08:00 ] 122.114.73.147 106.11.222.120 GET /
[ log ] zsh.ruishengkj.net/ [运行时间：0.078125s][吞吐率：12.80req/s] [内存消耗：1,791.18kb] [文件加载：54]
[ info ] [ DB ] INIT mysql
[ info ] [ LANG ] Z:\wwwroot\zsh.ruishengkj.net\core\lang\zh-cn.php
[ info ] [ ROUTE ] array (
  'type' => 'module',
  'module' => 
  array (
    0 => '',
    1 => NULL,
    2 => NULL,
  ),
)
[ info ] [ HEADER ] array (
  'host' => 'zsh.ruishengkj.net',
  'accept-language' => 'zh-CN,zh;q=0.8,en;q=0.6',
  'cookie' => '__cfduid=df7cc9756264dff32a40346a7cba263c21530500001; expires=Tue, 02-Jul-19 02:53:21 GMT; path=/; domain=.8102g.com; HttpOnly',
  'accept-encoding' => 'gzip, deflate',
  'user-agent' => 'Mozilla/5.0 (Linux; Android 5.0.2; SM-A5000 Build/LRX22C  ) AppleWebKit/602.2.14 (KHTML, like Gecko) Mobile/14B72 Tx(Tx/6.6.0) WindVane/8.2.0 750x1334',
  'accept' => 'text/html,application/xhtml+xml,application/xml;q=0.9,image/webp,*/*;q=0.8',
  'connection' => 'close',
)
[ info ] [ PARAM ] array (
)
[ info ] [ LANG ] Z:\wwwroot\zsh.ruishengkj.net/application/index\lang\zh-cn.php
[ info ] [ SESSION ] INIT array (
  'prefix' => 'minishop',
  'type' => '',
  'auto_start' => true,
)
[ info ] [ LOG ] INIT file

---------------------------------------------------------------
[ 2018-07-02T10:52:35+08:00 ] 122.114.73.147 106.11.223.24 GET /index/base/login.html
[ log ] zsh.ruishengkj.net/index/base/login.html [运行时间：0.078125s][吞吐率：12.80req/s] [内存消耗：1,780.11kb] [文件加载：52]
[ info ] [ DB ] INIT mysql
[ info ] [ LANG ] Z:\wwwroot\zsh.ruishengkj.net\core\lang\zh-cn.php
[ info ] [ ROUTE ] array (
  'type' => 'module',
  'module' => 
  array (
    0 => 'index',
    1 => 'base',
    2 => 'login',
  ),
)
[ info ] [ HEADER ] array (
  'host' => 'zsh.ruishengkj.net',
  'accept-language' => 'zh-CN,zh;q=0.8,en;q=0.6',
  'cookie' => 'think_var=zh-cn; expires=Mon, 02-Jul-2018 03:52:35 GMT; Max-Age=3600; path=/, PHPSESSID=k8n6j8nben364b0qae9v6lal07; think_var=zh-cn',
  'accept-encoding' => 'gzip, deflate',
  'user-agent' => 'Mozilla/5.0 (Linux; U; Android 4.4.2; zh-cn; HUAWEI C199 Build/HuaweiC199) AppleWebKit/537.36 (KHTML, like Gecko)Version/4.0 Chrome/37.0.0.0 MQQBrowser/7.2 Mobile Safari/537.36',
  'accept' => 'text/html,application/xhtml+xml,application/xml;q=0.9,image/webp,*/*;q=0.8',
  'connection' => 'close',
)
[ info ] [ PARAM ] array (
  '/index/base/login_html' => '',
)
[ info ] [ LANG ] Z:\wwwroot\zsh.ruishengkj.net/application/index\lang\zh-cn.php
[ info ] [ SESSION ] INIT array (
  'prefix' => 'minishop',
  'type' => '',
  'auto_start' => true,
)
[ info ] [ RUN ] /**
     * 用户登录方法
     * @author  矢志bu渝 <745152620@qq.com>
     */
Method [ <user> public method login ] {
  @@ Z:\wwwroot\zsh.ruishengkj.net\application\index\controller\Base.php 57 - 83
}

[ info ] [ VIEW ] ./themes/default/index/login.html [ array (
  0 => 'userinfo',
) ]
[ info ] [ LOG ] INIT file

---------------------------------------------------------------
[ 2018-07-02T10:52:44+08:00 ] 122.114.73.147 106.11.222.154 GET /
[ log ] zsh.ruishengkj.net/ [运行时间：0.062500s][吞吐率：16.00req/s] [内存消耗：1,790.48kb] [文件加载：54]
[ info ] [ DB ] INIT mysql
[ info ] [ LANG ] Z:\wwwroot\zsh.ruishengkj.net\core\lang\zh-cn.php
[ info ] [ ROUTE ] array (
  'type' => 'module',
  'module' => 
  array (
    0 => '',
    1 => NULL,
    2 => NULL,
  ),
)
[ info ] [ HEADER ] array (
  'host' => 'zsh.ruishengkj.net',
  'accept-language' => 'zh-CN,en,*',
  'accept-encoding' => 'gzip, deflate',
  'connection' => 'close',
  'user-agent' => 'Mozilla/5.0 (Linux; Android 5.0.2; SM-A5000 Build/LRX22C  ) AppleWebKit/602.2.14 (KHTML, like Gecko) Mobile/14B72 Tx(Tx/6.6.0) WindVane/8.2.0 750x1334',
  'accept' => 'text/html,application/xhtml+xml,application/xml;q=0.9,*/*;q=0.8',
)
[ info ] [ PARAM ] array (
)
[ info ] [ LANG ] Z:\wwwroot\zsh.ruishengkj.net/application/index\lang\zh-cn.php
[ info ] [ SESSION ] INIT array (
  'prefix' => 'minishop',
  'type' => '',
  'auto_start' => true,
)
[ info ] [ LOG ] INIT file

---------------------------------------------------------------
[ 2018-07-02T10:52:44+08:00 ] 122.114.73.147 106.11.222.154 GET /index/base/login.html
[ log ] zsh.ruishengkj.net/index/base/login.html [运行时间：0.078125s][吞吐率：12.80req/s] [内存消耗：1,779.85kb] [文件加载：52]
[ info ] [ DB ] INIT mysql
[ info ] [ LANG ] Z:\wwwroot\zsh.ruishengkj.net\core\lang\zh-cn.php
[ info ] [ ROUTE ] array (
  'type' => 'module',
  'module' => 
  array (
    0 => 'index',
    1 => 'base',
    2 => 'login',
  ),
)
[ info ] [ HEADER ] array (
  'host' => 'zsh.ruishengkj.net',
  'accept-language' => 'zh-CN,en,*',
  'accept-encoding' => 'gzip, deflate',
  'connection' => 'close',
  'cookie' => 'think_var=zh-cn; PHPSESSID=52poqin8340mg38iv4c4hs7340',
  'user-agent' => 'Mozilla/5.0 (Linux; Android 5.0.2; SM-A5000 Build/LRX22C  ) AppleWebKit/602.2.14 (KHTML, like Gecko) Mobile/14B72 Tx(Tx/6.6.0) WindVane/8.2.0 750x1334',
  'accept' => 'text/html,application/xhtml+xml,application/xml;q=0.9,*/*;q=0.8',
)
[ info ] [ PARAM ] array (
  '/index/base/login_html' => '',
)
[ info ] [ LANG ] Z:\wwwroot\zsh.ruishengkj.net/application/index\lang\zh-cn.php
[ info ] [ SESSION ] INIT array (
  'prefix' => 'minishop',
  'type' => '',
  'auto_start' => true,
)
[ info ] [ RUN ] /**
     * 用户登录方法
     * @author  矢志bu渝 <745152620@qq.com>
     */
Method [ <user> public method login ] {
  @@ Z:\wwwroot\zsh.ruishengkj.net\application\index\controller\Base.php 57 - 83
}

[ info ] [ VIEW ] ./themes/default/index/login.html [ array (
  0 => 'userinfo',
) ]
[ info ] [ LOG ] INIT file

---------------------------------------------------------------
[ 2018-07-02T10:55:08+08:00 ] 122.114.73.147 61.54.232.187 GET /admin
[ log ] zsh.ruishengkj.net/admin [运行时间：0.140625s][吞吐率：7.11req/s] [内存消耗：1,771.42kb] [文件加载：53]
[ info ] [ DB ] INIT mysql
[ info ] [ LANG ] Z:\wwwroot\zsh.ruishengkj.net\core\lang\zh-cn.php
[ info ] [ ROUTE ] array (
  'type' => 'module',
  'module' => 
  array (
    0 => 'admin',
    1 => NULL,
    2 => NULL,
  ),
)
[ info ] [ HEADER ] array (
  'cookie' => 'think_var=zh-cn; PHPSESSID=tk37fm786o57g2la9o7cjff9q1',
  'accept-language' => 'zh-CN,zh;q=0.8',
  'accept-encoding' => 'gzip, deflate',
  'accept' => 'text/html,application/xhtml+xml,application/xml;q=0.9,image/webp,*/*;q=0.8',
  'user-agent' => 'Mozilla/5.0 (Windows NT 6.1; WOW64) AppleWebKit/537.36 (KHTML, like Gecko) Chrome/55.0.2883.87 UBrowser/6.2.3964.2 Safari/537.36',
  'upgrade-insecure-requests' => '1',
  'connection' => 'close',
  'host' => 'zsh.ruishengkj.net',
)
[ info ] [ PARAM ] array (
  '/admin' => '',
)
[ info ] [ LANG ] Z:\wwwroot\zsh.ruishengkj.net/application/admin\lang\zh-cn.php
[ info ] [ SESSION ] INIT array (
  'id' => '',
  'var_session_id' => 'session_id',
  'prefix' => 'minishop',
  'type' => '',
  'auto_start' => true,
)
[ info ] [ LOG ] INIT file

---------------------------------------------------------------
[ 2018-07-02T10:55:08+08:00 ] 122.114.73.147 61.54.232.187 GET /admin/base/login.html
[ log ] zsh.ruishengkj.net/admin/base/login.html [运行时间：0.125000s][吞吐率：8.00req/s] [内存消耗：1,718.05kb] [文件加载：50]
[ info ] [ DB ] INIT mysql
[ info ] [ LANG ] Z:\wwwroot\zsh.ruishengkj.net\core\lang\zh-cn.php
[ info ] [ ROUTE ] array (
  'type' => 'module',
  'module' => 
  array (
    0 => 'admin',
    1 => 'base',
    2 => 'login',
  ),
)
[ info ] [ HEADER ] array (
  'cookie' => 'think_var=zh-cn; PHPSESSID=tk37fm786o57g2la9o7cjff9q1',
  'accept-language' => 'zh-CN,zh;q=0.8',
  'accept-encoding' => 'gzip, deflate',
  'accept' => 'text/html,application/xhtml+xml,application/xml;q=0.9,image/webp,*/*;q=0.8',
  'user-agent' => 'Mozilla/5.0 (Windows NT 6.1; WOW64) AppleWebKit/537.36 (KHTML, like Gecko) Chrome/55.0.2883.87 UBrowser/6.2.3964.2 Safari/537.36',
  'upgrade-insecure-requests' => '1',
  'connection' => 'close',
  'host' => 'zsh.ruishengkj.net',
)
[ info ] [ PARAM ] array (
  '/admin/base/login_html' => '',
)
[ info ] [ LANG ] Z:\wwwroot\zsh.ruishengkj.net/application/admin\lang\zh-cn.php
[ info ] [ RUN ] /**
     * 用户登录方法
     * @author  tangtanglove <dai_hang_love@126.com>
     */
Method [ <user> public method login ] {
  @@ Z:\wwwroot\zsh.ruishengkj.net\application\admin\controller\Base.php 39 - 73
}

[ info ] [ VIEW ] Z:\wwwroot\zsh.ruishengkj.net/application/admin\view\base\login.html [ array (
  0 => 'tyjfmc',
) ]
[ info ] [ LOG ] INIT file

---------------------------------------------------------------
[ 2018-07-02T10:55:08+08:00 ] 122.114.73.147 61.54.232.187 GET /static/bootstrap/css/font-awesome.min.css
[ log ] zsh.ruishengkj.net/static/bootstrap/css/font-awesome.min.css [运行时间：0.062500s][吞吐率：16.00req/s] [内存消耗：1,450.73kb] [文件加载：41]
[ info ] [ DB ] INIT mysql
[ info ] [ LANG ] Z:\wwwroot\zsh.ruishengkj.net\core\lang\zh-cn.php
[ info ] [ ROUTE ] array (
  'type' => 'module',
  'module' => 
  array (
    0 => 'static',
    1 => 'bootstrap',
    2 => 'css',
  ),
)
[ info ] [ HEADER ] array (
  'cookie' => 'think_var=zh-cn; PHPSESSID=tk37fm786o57g2la9o7cjff9q1',
  'accept-language' => 'zh-CN,zh;q=0.8',
  'accept-encoding' => 'gzip, deflate',
  'referer' => 'http://zsh.ruishengkj.net/admin/base/login.html',
  'accept' => 'text/css,*/*;q=0.1',
  'user-agent' => 'Mozilla/5.0 (Windows NT 6.1; WOW64) AppleWebKit/537.36 (KHTML, like Gecko) Chrome/55.0.2883.87 UBrowser/6.2.3964.2 Safari/537.36',
  'connection' => 'close',
  'host' => 'zsh.ruishengkj.net',
)
[ info ] [ PARAM ] array (
  '/static/bootstrap/css/font-awesome_min_css' => '',
)
[ info ] [ LOG ] INIT file

---------------------------------------------------------------
[ 2018-07-02T10:55:09+08:00 ] 122.114.73.147 61.54.232.187 GET /static/bootstrap/css/ionicons.min.css
[ log ] zsh.ruishengkj.net/static/bootstrap/css/ionicons.min.css [运行时间：0.062500s][吞吐率：16.00req/s] [内存消耗：1,450.66kb] [文件加载：41]
[ info ] [ DB ] INIT mysql
[ info ] [ LANG ] Z:\wwwroot\zsh.ruishengkj.net\core\lang\zh-cn.php
[ info ] [ ROUTE ] array (
  'type' => 'module',
  'module' => 
  array (
    0 => 'static',
    1 => 'bootstrap',
    2 => 'css',
  ),
)
[ info ] [ HEADER ] array (
  'cookie' => 'think_var=zh-cn; PHPSESSID=tk37fm786o57g2la9o7cjff9q1',
  'accept-language' => 'zh-CN,zh;q=0.8',
  'accept-encoding' => 'gzip, deflate',
  'referer' => 'http://zsh.ruishengkj.net/admin/base/login.html',
  'accept' => 'text/css,*/*;q=0.1',
  'user-agent' => 'Mozilla/5.0 (Windows NT 6.1; WOW64) AppleWebKit/537.36 (KHTML, like Gecko) Chrome/55.0.2883.87 UBrowser/6.2.3964.2 Safari/537.36',
  'connection' => 'close',
  'host' => 'zsh.ruishengkj.net',
)
[ info ] [ PARAM ] array (
  '/static/bootstrap/css/ionicons_min_css' => '',
)
[ info ] [ LOG ] INIT file

---------------------------------------------------------------
[ 2018-07-02T10:55:09+08:00 ] 122.114.73.147 61.54.232.187 GET /admin/base/captcha.html
[ log ] zsh.ruishengkj.net/admin/base/captcha.html [运行时间：0.140625s][吞吐率：7.11req/s] [内存消耗：1,758.49kb] [文件加载：50]
[ info ] [ DB ] INIT mysql
[ info ] [ LANG ] Z:\wwwroot\zsh.ruishengkj.net\core\lang\zh-cn.php
[ info ] [ ROUTE ] array (
  'type' => 'module',
  'module' => 
  array (
    0 => 'admin',
    1 => 'base',
    2 => 'captcha',
  ),
)
[ info ] [ HEADER ] array (
  'cookie' => 'think_var=zh-cn; PHPSESSID=tk37fm786o57g2la9o7cjff9q1',
  'accept-language' => 'zh-CN,zh;q=0.8',
  'accept-encoding' => 'gzip, deflate',
  'referer' => 'http://zsh.ruishengkj.net/admin/base/login.html',
  'accept' => 'image/webp,image/*,*/*;q=0.8',
  'user-agent' => 'Mozilla/5.0 (Windows NT 6.1; WOW64) AppleWebKit/537.36 (KHTML, like Gecko) Chrome/55.0.2883.87 UBrowser/6.2.3964.2 Safari/537.36',
  'connection' => 'close',
  'host' => 'zsh.ruishengkj.net',
)
[ info ] [ PARAM ] array (
  '/admin/base/captcha_html' => '',
)
[ info ] [ LANG ] Z:\wwwroot\zsh.ruishengkj.net/application/admin\lang\zh-cn.php
[ info ] [ RUN ] /**
     * 系统验证码方法
     * @author  tangtanglove <dai_hang_love@126.com>
     */
Method [ <user> public method captcha ] {
  @@ Z:\wwwroot\zsh.ruishengkj.net\application\admin\controller\Base.php 79 - 83
}

[ info ] [ SESSION ] INIT array (
  'id' => '',
  'var_session_id' => 'session_id',
  'prefix' => 'minishop',
  'type' => '',
  'auto_start' => true,
)
[ info ] [ LOG ] INIT file

---------------------------------------------------------------
[ 2018-07-02T10:55:10+08:00 ] 122.114.73.147 61.54.232.187 GET /static/plugins/iCheck/square/blue.css
[ log ] zsh.ruishengkj.net/static/plugins/iCheck/square/blue.css [运行时间：0.031250s][吞吐率：32.00req/s] [内存消耗：1,450.86kb] [文件加载：41]
[ info ] [ DB ] INIT mysql
[ info ] [ LANG ] Z:\wwwroot\zsh.ruishengkj.net\core\lang\zh-cn.php
[ info ] [ ROUTE ] array (
  'type' => 'module',
  'module' => 
  array (
    0 => 'static',
    1 => 'plugins',
    2 => 'iCheck',
  ),
)
[ info ] [ HEADER ] array (
  'cookie' => 'think_var=zh-cn; PHPSESSID=tk37fm786o57g2la9o7cjff9q1',
  'accept-language' => 'zh-CN,zh;q=0.8',
  'accept-encoding' => 'gzip, deflate',
  'referer' => 'http://zsh.ruishengkj.net/admin/base/login.html',
  'accept' => 'text/css,*/*;q=0.1',
  'user-agent' => 'Mozilla/5.0 (Windows NT 6.1; WOW64) AppleWebKit/537.36 (KHTML, like Gecko) Chrome/55.0.2883.87 UBrowser/6.2.3964.2 Safari/537.36',
  'connection' => 'close',
  'host' => 'zsh.ruishengkj.net',
)
[ info ] [ PARAM ] array (
  '/static/plugins/iCheck/square/blue_css' => '',
  'square' => 'blue.css',
)
[ info ] [ LOG ] INIT file

---------------------------------------------------------------
[ 2018-07-02T10:55:21+08:00 ] 122.114.73.147 61.54.232.187 GET /admin/base/captcha.html?rand=0.8387163931344734
[ log ] zsh.ruishengkj.net/admin/base/captcha.html?rand=0.8387163931344734 [运行时间：0.062500s][吞吐率：16.00req/s] [内存消耗：1,758.67kb] [文件加载：50]
[ info ] [ DB ] INIT mysql
[ info ] [ LANG ] Z:\wwwroot\zsh.ruishengkj.net\core\lang\zh-cn.php
[ info ] [ ROUTE ] array (
  'type' => 'module',
  'module' => 
  array (
    0 => 'admin',
    1 => 'base',
    2 => 'captcha',
  ),
)
[ info ] [ HEADER ] array (
  'cookie' => 'think_var=zh-cn; PHPSESSID=tk37fm786o57g2la9o7cjff9q1',
  'accept-language' => 'zh-CN,zh;q=0.8',
  'accept-encoding' => 'gzip, deflate',
  'referer' => 'http://zsh.ruishengkj.net/admin/base/login.html',
  'accept' => 'image/webp,image/*,*/*;q=0.8',
  'user-agent' => 'Mozilla/5.0 (Windows NT 6.1; WOW64) AppleWebKit/537.36 (KHTML, like Gecko) Chrome/55.0.2883.87 UBrowser/6.2.3964.2 Safari/537.36',
  'connection' => 'close',
  'host' => 'zsh.ruishengkj.net',
)
[ info ] [ PARAM ] array (
  '/admin/base/captcha_html' => '',
  'rand' => '0.8387163931344734',
)
[ info ] [ LANG ] Z:\wwwroot\zsh.ruishengkj.net/application/admin\lang\zh-cn.php
[ info ] [ RUN ] /**
     * 系统验证码方法
     * @author  tangtanglove <dai_hang_love@126.com>
     */
Method [ <user> public method captcha ] {
  @@ Z:\wwwroot\zsh.ruishengkj.net\application\admin\controller\Base.php 79 - 83
}

[ info ] [ SESSION ] INIT array (
  'id' => '',
  'var_session_id' => 'session_id',
  'prefix' => 'minishop',
  'type' => '',
  'auto_start' => true,
)
[ info ] [ LOG ] INIT file

---------------------------------------------------------------
[ 2018-07-02T10:55:25+08:00 ] 122.114.73.147 61.54.232.187 POST /admin/base/login.html
[ log ] zsh.ruishengkj.net/admin/base/login.html [运行时间：0.109375s][吞吐率：9.14req/s] [内存消耗：1,902.34kb] [文件加载：54]
[ info ] [ DB ] INIT mysql
[ info ] [ LANG ] Z:\wwwroot\zsh.ruishengkj.net\core\lang\zh-cn.php
[ info ] [ ROUTE ] array (
  'type' => 'module',
  'module' => 
  array (
    0 => 'admin',
    1 => 'base',
    2 => 'login',
  ),
)
[ info ] [ HEADER ] array (
  'cookie' => 'think_var=zh-cn; PHPSESSID=tk37fm786o57g2la9o7cjff9q1',
  'accept-language' => 'zh-CN,zh;q=0.8',
  'accept-encoding' => 'gzip, deflate',
  'referer' => 'http://zsh.ruishengkj.net/admin/base/login.html',
  'user-agent' => 'Mozilla/5.0 (Windows NT 6.1; WOW64) AppleWebKit/537.36 (KHTML, like Gecko) Chrome/55.0.2883.87 UBrowser/6.2.3964.2 Safari/537.36',
  'x-requested-with' => 'XMLHttpRequest',
  'origin' => 'http://zsh.ruishengkj.net',
  'accept' => '*/*',
  'connection' => 'close',
  'host' => 'zsh.ruishengkj.net',
  'content-type' => 'application/x-www-form-urlencoded; charset=UTF-8',
  'content-length' => '43',
)
[ info ] [ PARAM ] array (
  '/admin/base/login_html' => '',
  'username' => 'admin',
  'password' => '123456',
  'captcha' => 'zzb7',
)
[ info ] [ LANG ] Z:\wwwroot\zsh.ruishengkj.net/application/admin\lang\zh-cn.php
[ info ] [ RUN ] /**
     * 用户登录方法
     * @author  tangtanglove <dai_hang_love@126.com>
     */
Method [ <user> public method login ] {
  @@ Z:\wwwroot\zsh.ruishengkj.net\application\admin\controller\Base.php 39 - 73
}

[ info ] [ SESSION ] INIT array (
  'id' => '',
  'var_session_id' => 'session_id',
  'prefix' => 'minishop',
  'type' => '',
  'auto_start' => true,
)
[ info ] [ LOG ] INIT file

---------------------------------------------------------------
[ 2018-07-02T10:55:25+08:00 ] 122.114.73.147 61.54.232.187 GET /admin/base/captcha.html?rand=0.9306594091691263
[ log ] zsh.ruishengkj.net/admin/base/captcha.html?rand=0.9306594091691263 [运行时间：0.093750s][吞吐率：10.67req/s] [内存消耗：1,758.67kb] [文件加载：50]
[ info ] [ DB ] INIT mysql
[ info ] [ LANG ] Z:\wwwroot\zsh.ruishengkj.net\core\lang\zh-cn.php
[ info ] [ ROUTE ] array (
  'type' => 'module',
  'module' => 
  array (
    0 => 'admin',
    1 => 'base',
    2 => 'captcha',
  ),
)
[ info ] [ HEADER ] array (
  'cookie' => 'think_var=zh-cn; PHPSESSID=tk37fm786o57g2la9o7cjff9q1',
  'accept-language' => 'zh-CN,zh;q=0.8',
  'accept-encoding' => 'gzip, deflate',
  'referer' => 'http://zsh.ruishengkj.net/admin/base/login.html',
  'accept' => 'image/webp,image/*,*/*;q=0.8',
  'user-agent' => 'Mozilla/5.0 (Windows NT 6.1; WOW64) AppleWebKit/537.36 (KHTML, like Gecko) Chrome/55.0.2883.87 UBrowser/6.2.3964.2 Safari/537.36',
  'connection' => 'close',
  'host' => 'zsh.ruishengkj.net',
)
[ info ] [ PARAM ] array (
  '/admin/base/captcha_html' => '',
  'rand' => '0.9306594091691263',
)
[ info ] [ LANG ] Z:\wwwroot\zsh.ruishengkj.net/application/admin\lang\zh-cn.php
[ info ] [ RUN ] /**
     * 系统验证码方法
     * @author  tangtanglove <dai_hang_love@126.com>
     */
Method [ <user> public method captcha ] {
  @@ Z:\wwwroot\zsh.ruishengkj.net\application\admin\controller\Base.php 79 - 83
}

[ info ] [ SESSION ] INIT array (
  'id' => '',
  'var_session_id' => 'session_id',
  'prefix' => 'minishop',
  'type' => '',
  'auto_start' => true,
)
[ info ] [ LOG ] INIT file

---------------------------------------------------------------
[ 2018-07-02T10:55:30+08:00 ] 122.114.73.147 61.54.232.187 POST /admin/base/login.html
[ log ] zsh.ruishengkj.net/admin/base/login.html [运行时间：0.125000s][吞吐率：8.00req/s] [内存消耗：1,961.59kb] [文件加载：55]
[ info ] [ DB ] INIT mysql
[ info ] [ LANG ] Z:\wwwroot\zsh.ruishengkj.net\core\lang\zh-cn.php
[ info ] [ ROUTE ] array (
  'type' => 'module',
  'module' => 
  array (
    0 => 'admin',
    1 => 'base',
    2 => 'login',
  ),
)
[ info ] [ HEADER ] array (
  'cookie' => 'think_var=zh-cn; PHPSESSID=tk37fm786o57g2la9o7cjff9q1',
  'accept-language' => 'zh-CN,zh;q=0.8',
  'accept-encoding' => 'gzip, deflate',
  'referer' => 'http://zsh.ruishengkj.net/admin/base/login.html',
  'user-agent' => 'Mozilla/5.0 (Windows NT 6.1; WOW64) AppleWebKit/537.36 (KHTML, like Gecko) Chrome/55.0.2883.87 UBrowser/6.2.3964.2 Safari/537.36',
  'x-requested-with' => 'XMLHttpRequest',
  'origin' => 'http://zsh.ruishengkj.net',
  'accept' => '*/*',
  'connection' => 'close',
  'host' => 'zsh.ruishengkj.net',
  'content-type' => 'application/x-www-form-urlencoded; charset=UTF-8',
  'content-length' => '43',
)
[ info ] [ PARAM ] array (
  '/admin/base/login_html' => '',
  'username' => 'admin',
  'password' => '123456',
  'captcha' => '7lm8',
)
[ info ] [ LANG ] Z:\wwwroot\zsh.ruishengkj.net/application/admin\lang\zh-cn.php
[ info ] [ RUN ] /**
     * 用户登录方法
     * @author  tangtanglove <dai_hang_love@126.com>
     */
Method [ <user> public method login ] {
  @@ Z:\wwwroot\zsh.ruishengkj.net\application\admin\controller\Base.php 39 - 73
}

[ info ] [ SESSION ] INIT array (
  'id' => '',
  'var_session_id' => 'session_id',
  'prefix' => 'minishop',
  'type' => '',
  'auto_start' => true,
)
[ info ] [ LOG ] INIT file

---------------------------------------------------------------
[ 2018-07-02T10:55:31+08:00 ] 122.114.73.147 61.54.232.187 GET /admin/index/index.html
[ log ] zsh.ruishengkj.net/admin/index/index.html [运行时间：0.281250s][吞吐率：3.56req/s] [内存消耗：1,861.97kb] [文件加载：55]
[ info ] [ DB ] INIT mysql
[ info ] [ LANG ] Z:\wwwroot\zsh.ruishengkj.net\core\lang\zh-cn.php
[ info ] [ ROUTE ] array (
  'type' => 'module',
  'module' => 
  array (
    0 => 'admin',
    1 => 'index',
    2 => 'index',
  ),
)
[ info ] [ HEADER ] array (
  'cookie' => 'think_var=zh-cn; PHPSESSID=tk37fm786o57g2la9o7cjff9q1',
  'accept-language' => 'zh-CN,zh;q=0.8',
  'accept-encoding' => 'gzip, deflate',
  'referer' => 'http://zsh.ruishengkj.net/admin/base/login.html',
  'accept' => 'text/html,application/xhtml+xml,application/xml;q=0.9,image/webp,*/*;q=0.8',
  'user-agent' => 'Mozilla/5.0 (Windows NT 6.1; WOW64) AppleWebKit/537.36 (KHTML, like Gecko) Chrome/55.0.2883.87 UBrowser/6.2.3964.2 Safari/537.36',
  'upgrade-insecure-requests' => '1',
  'connection' => 'close',
  'host' => 'zsh.ruishengkj.net',
)
[ info ] [ PARAM ] array (
  '/admin/index/index_html' => '',
)
[ info ] [ LANG ] Z:\wwwroot\zsh.ruishengkj.net/application/admin\lang\zh-cn.php
[ info ] [ SESSION ] INIT array (
  'id' => '',
  'var_session_id' => 'session_id',
  'prefix' => 'minishop',
  'type' => '',
  'auto_start' => true,
)
[ info ] [ RUN ] Method [ <user> public method index ] {
  @@ Z:\wwwroot\zsh.ruishengkj.net\application\admin\controller\Index.php 21 - 40
}

[ info ] [ VIEW ] Z:\wwwroot\zsh.ruishengkj.net/application/admin\view\index\index.html [ array (
  0 => 'menuTree',
  1 => 'order_num',
  2 => 'tixian',
  3 => 'jh_num',
  4 => 'wjh_num',
  5 => 'zjf_num',
  6 => 'user_num',
) ]
[ info ] [ CACHE ] INIT File
[ info ] [ LOG ] INIT file

---------------------------------------------------------------
[ 2018-07-02T10:55:34+08:00 ] 122.114.73.147 61.54.232.187 GET /admin/apiconfig/edit.html
[ log ] zsh.ruishengkj.net/admin/apiconfig/edit.html [运行时间：0.140625s][吞吐率：7.11req/s] [内存消耗：1,855.70kb] [文件加载：55]
[ info ] [ DB ] INIT mysql
[ info ] [ LANG ] Z:\wwwroot\zsh.ruishengkj.net\core\lang\zh-cn.php
[ info ] [ ROUTE ] array (
  'type' => 'module',
  'module' => 
  array (
    0 => 'admin',
    1 => 'apiconfig',
    2 => 'edit',
  ),
)
[ info ] [ HEADER ] array (
  'cookie' => 'think_var=zh-cn; PHPSESSID=tk37fm786o57g2la9o7cjff9q1',
  'accept-language' => 'zh-CN,zh;q=0.8',
  'accept-encoding' => 'gzip, deflate',
  'referer' => 'http://zsh.ruishengkj.net/admin/index/index.html',
  'accept' => 'text/html,application/xhtml+xml,application/xml;q=0.9,image/webp,*/*;q=0.8',
  'user-agent' => 'Mozilla/5.0 (Windows NT 6.1; WOW64) AppleWebKit/537.36 (KHTML, like Gecko) Chrome/55.0.2883.87 UBrowser/6.2.3964.2 Safari/537.36',
  'upgrade-insecure-requests' => '1',
  'connection' => 'close',
  'host' => 'zsh.ruishengkj.net',
)
[ info ] [ PARAM ] array (
  '/admin/apiconfig/edit_html' => '',
)
[ info ] [ LANG ] Z:\wwwroot\zsh.ruishengkj.net/application/admin\lang\zh-cn.php
[ info ] [ SESSION ] INIT array (
  'id' => '',
  'var_session_id' => 'session_id',
  'prefix' => 'minishop',
  'type' => '',
  'auto_start' => true,
)
[ info ] [ RUN ] /**
     * 各个配置设置
     */
Method [ <user> public method edit ] {
  @@ Z:\wwwroot\zsh.ruishengkj.net\application\admin\controller\Apiconfig.php 25 - 45
}

[ info ] [ VIEW ] Z:\wwwroot\zsh.ruishengkj.net/application/admin\view\apiconfig\edit.html [ array (
  0 => 'menuTree',
  1 => 'list',
) ]
[ info ] [ CACHE ] INIT File
[ info ] [ LOG ] INIT file

---------------------------------------------------------------
[ 2018-07-02T10:55:35+08:00 ] 122.114.73.147 61.54.232.187 GET /admin/config/edit.html
[ log ] zsh.ruishengkj.net/admin/config/edit.html [运行时间：0.171875s][吞吐率：5.82req/s] [内存消耗：1,900.29kb] [文件加载：55]
[ info ] [ DB ] INIT mysql
[ info ] [ LANG ] Z:\wwwroot\zsh.ruishengkj.net\core\lang\zh-cn.php
[ info ] [ ROUTE ] array (
  'type' => 'module',
  'module' => 
  array (
    0 => 'admin',
    1 => 'config',
    2 => 'edit',
  ),
)
[ info ] [ HEADER ] array (
  'cookie' => 'think_var=zh-cn; PHPSESSID=tk37fm786o57g2la9o7cjff9q1',
  'accept-language' => 'zh-CN,zh;q=0.8',
  'accept-encoding' => 'gzip, deflate',
  'referer' => 'http://zsh.ruishengkj.net/admin/apiconfig/edit.html',
  'accept' => 'text/html,application/xhtml+xml,application/xml;q=0.9,image/webp,*/*;q=0.8',
  'user-agent' => 'Mozilla/5.0 (Windows NT 6.1; WOW64) AppleWebKit/537.36 (KHTML, like Gecko) Chrome/55.0.2883.87 UBrowser/6.2.3964.2 Safari/537.36',
  'upgrade-insecure-requests' => '1',
  'connection' => 'close',
  'host' => 'zsh.ruishengkj.net',
)
[ info ] [ PARAM ] array (
  '/admin/config/edit_html' => '',
)
[ info ] [ LANG ] Z:\wwwroot\zsh.ruishengkj.net/application/admin\lang\zh-cn.php
[ info ] [ SESSION ] INIT array (
  'id' => '',
  'var_session_id' => 'session_id',
  'prefix' => 'minishop',
  'type' => '',
  'auto_start' => true,
)
[ info ] [ RUN ] /**
     * 系统配置
     */
Method [ <user> public method edit ] {
  @@ Z:\wwwroot\zsh.ruishengkj.net\application\admin\controller\Config.php 25 - 45
}

[ info ] [ VIEW ] Z:\wwwroot\zsh.ruishengkj.net/application/admin\view\config\edit.html [ array (
  0 => 'menuTree',
  1 => 'list',
) ]
[ info ] [ CACHE ] INIT File
[ info ] [ LOG ] INIT file

---------------------------------------------------------------
[ 2018-07-02T10:55:37+08:00 ] 122.114.73.147 61.54.232.187 GET /admin/ueditor/index.html?action=config&&noCache=1530500182945
[ log ] zsh.ruishengkj.net/admin/ueditor/index.html?action=config&&noCache=1530500182945 [运行时间：0.093750s][吞吐率：10.67req/s] [内存消耗：1,770.09kb] [文件加载：50]
[ info ] [ DB ] INIT mysql
[ info ] [ LANG ] Z:\wwwroot\zsh.ruishengkj.net\core\lang\zh-cn.php
[ info ] [ ROUTE ] array (
  'type' => 'module',
  'module' => 
  array (
    0 => 'admin',
    1 => 'ueditor',
    2 => 'index',
  ),
)
[ info ] [ HEADER ] array (
  'cookie' => 'think_var=zh-cn; PHPSESSID=tk37fm786o57g2la9o7cjff9q1',
  'accept-language' => 'zh-CN,zh;q=0.8',
  'accept-encoding' => 'gzip, deflate',
  'referer' => 'http://zsh.ruishengkj.net/admin/config/edit.html',
  'accept' => '*/*',
  'user-agent' => 'Mozilla/5.0 (Windows NT 6.1; WOW64) AppleWebKit/537.36 (KHTML, like Gecko) Chrome/55.0.2883.87 UBrowser/6.2.3964.2 Safari/537.36',
  'connection' => 'close',
  'host' => 'zsh.ruishengkj.net',
)
[ info ] [ PARAM ] array (
  '/admin/ueditor/index_html' => '',
  'action' => 'config',
  'noCache' => '1530500182945',
)
[ info ] [ LANG ] Z:\wwwroot\zsh.ruishengkj.net/application/admin\lang\zh-cn.php
[ info ] [ SESSION ] INIT array (
  'id' => '',
  'var_session_id' => 'session_id',
  'prefix' => 'minishop',
  'type' => '',
  'auto_start' => true,
)
[ info ] [ RUN ] /**
     * 上传文件
     * @author tangtanglove <dai_hang_love@126.com>
     */
Method [ <user> public method index ] {
  @@ Z:\wwwroot\zsh.ruishengkj.net\application\admin\controller\Ueditor.php 27 - 81
}

[ info ] [ LOG ] INIT file

---------------------------------------------------------------
[ 2018-07-02T10:55:37+08:00 ] 122.114.73.147 61.54.232.187 GET /admin/ueditor/index.html?action=config&&noCache=1530500182946
[ log ] zsh.ruishengkj.net/admin/ueditor/index.html?action=config&&noCache=1530500182946 [运行时间：0.125000s][吞吐率：8.00req/s] [内存消耗：1,770.09kb] [文件加载：50]
[ info ] [ DB ] INIT mysql
[ info ] [ LANG ] Z:\wwwroot\zsh.ruishengkj.net\core\lang\zh-cn.php
[ info ] [ ROUTE ] array (
  'type' => 'module',
  'module' => 
  array (
    0 => 'admin',
    1 => 'ueditor',
    2 => 'index',
  ),
)
[ info ] [ HEADER ] array (
  'cookie' => 'think_var=zh-cn; PHPSESSID=tk37fm786o57g2la9o7cjff9q1',
  'accept-language' => 'zh-CN,zh;q=0.8',
  'accept-encoding' => 'gzip, deflate',
  'referer' => 'http://zsh.ruishengkj.net/admin/config/edit.html',
  'accept' => '*/*',
  'user-agent' => 'Mozilla/5.0 (Windows NT 6.1; WOW64) AppleWebKit/537.36 (KHTML, like Gecko) Chrome/55.0.2883.87 UBrowser/6.2.3964.2 Safari/537.36',
  'connection' => 'close',
  'host' => 'zsh.ruishengkj.net',
)
[ info ] [ PARAM ] array (
  '/admin/ueditor/index_html' => '',
  'action' => 'config',
  'noCache' => '1530500182946',
)
[ info ] [ LANG ] Z:\wwwroot\zsh.ruishengkj.net/application/admin\lang\zh-cn.php
[ info ] [ SESSION ] INIT array (
  'id' => '',
  'var_session_id' => 'session_id',
  'prefix' => 'minishop',
  'type' => '',
  'auto_start' => true,
)
[ info ] [ RUN ] /**
     * 上传文件
     * @author tangtanglove <dai_hang_love@126.com>
     */
Method [ <user> public method index ] {
  @@ Z:\wwwroot\zsh.ruishengkj.net\application\admin\controller\Ueditor.php 27 - 81
}

[ info ] [ LOG ] INIT file

---------------------------------------------------------------
[ 2018-07-02T12:11:45+08:00 ] 122.114.73.147 61.54.232.187 GET /admin/config/edit.html
[ log ] zsh.ruishengkj.net/admin/config/edit.html [运行时间：0.093750s][吞吐率：10.67req/s] [内存消耗：1,900.75kb] [文件加载：55]
[ info ] [ DB ] INIT mysql
[ info ] [ LANG ] Z:\wwwroot\zsh.ruishengkj.net\core\lang\zh-cn.php
[ info ] [ ROUTE ] array (
  'type' => 'module',
  'module' => 
  array (
    0 => 'admin',
    1 => 'config',
    2 => 'edit',
  ),
)
[ info ] [ HEADER ] array (
  'cookie' => 'PHPSESSID=tk37fm786o57g2la9o7cjff9q1',
  'accept-language' => 'zh-CN,zh;q=0.8',
  'accept-encoding' => 'gzip, deflate',
  'referer' => 'http://zsh.ruishengkj.net/admin/apiconfig/edit.html',
  'accept' => 'text/html,application/xhtml+xml,application/xml;q=0.9,image/webp,*/*;q=0.8',
  'user-agent' => 'Mozilla/5.0 (Windows NT 6.1; WOW64) AppleWebKit/537.36 (KHTML, like Gecko) Chrome/55.0.2883.87 UBrowser/6.2.3964.2 Safari/537.36',
  'upgrade-insecure-requests' => '1',
  'connection' => 'close',
  'host' => 'zsh.ruishengkj.net',
)
[ info ] [ PARAM ] array (
  '/admin/config/edit_html' => '',
)
[ info ] [ LANG ] Z:\wwwroot\zsh.ruishengkj.net/application/admin\lang\zh-cn.php
[ info ] [ SESSION ] INIT array (
  'id' => '',
  'var_session_id' => 'session_id',
  'prefix' => 'minishop',
  'type' => '',
  'auto_start' => true,
)
[ info ] [ RUN ] /**
     * 系统配置
     */
Method [ <user> public method edit ] {
  @@ Z:\wwwroot\zsh.ruishengkj.net\application\admin\controller\Config.php 25 - 45
}

[ info ] [ VIEW ] Z:\wwwroot\zsh.ruishengkj.net/application/admin\view\config\edit.html [ array (
  0 => 'menuTree',
  1 => 'list',
) ]
[ info ] [ CACHE ] INIT File
[ info ] [ LOG ] INIT file

---------------------------------------------------------------
[ 2018-07-02T12:11:46+08:00 ] 122.114.73.147 61.54.232.187 GET /admin/ueditor/index.html?action=config&&noCache=1530504767168
[ log ] zsh.ruishengkj.net/admin/ueditor/index.html?action=config&&noCache=1530504767168 [运行时间：0.078125s][吞吐率：12.80req/s] [内存消耗：1,770.09kb] [文件加载：50]
[ info ] [ DB ] INIT mysql
[ info ] [ LANG ] Z:\wwwroot\zsh.ruishengkj.net\core\lang\zh-cn.php
[ info ] [ ROUTE ] array (
  'type' => 'module',
  'module' => 
  array (
    0 => 'admin',
    1 => 'ueditor',
    2 => 'index',
  ),
)
[ info ] [ HEADER ] array (
  'cookie' => 'PHPSESSID=tk37fm786o57g2la9o7cjff9q1; think_var=zh-cn',
  'accept-language' => 'zh-CN,zh;q=0.8',
  'accept-encoding' => 'gzip, deflate',
  'referer' => 'http://zsh.ruishengkj.net/admin/config/edit.html',
  'accept' => '*/*',
  'user-agent' => 'Mozilla/5.0 (Windows NT 6.1; WOW64) AppleWebKit/537.36 (KHTML, like Gecko) Chrome/55.0.2883.87 UBrowser/6.2.3964.2 Safari/537.36',
  'connection' => 'close',
  'host' => 'zsh.ruishengkj.net',
)
[ info ] [ PARAM ] array (
  '/admin/ueditor/index_html' => '',
  'action' => 'config',
  'noCache' => '1530504767168',
)
[ info ] [ LANG ] Z:\wwwroot\zsh.ruishengkj.net/application/admin\lang\zh-cn.php
[ info ] [ SESSION ] INIT array (
  'id' => '',
  'var_session_id' => 'session_id',
  'prefix' => 'minishop',
  'type' => '',
  'auto_start' => true,
)
[ info ] [ RUN ] /**
     * 上传文件
     * @author tangtanglove <dai_hang_love@126.com>
     */
Method [ <user> public method index ] {
  @@ Z:\wwwroot\zsh.ruishengkj.net\application\admin\controller\Ueditor.php 27 - 81
}

[ info ] [ LOG ] INIT file

---------------------------------------------------------------
[ 2018-07-02T12:11:46+08:00 ] 122.114.73.147 61.54.232.187 GET /admin/ueditor/index.html?action=config&&noCache=1530504767169
[ log ] zsh.ruishengkj.net/admin/ueditor/index.html?action=config&&noCache=1530504767169 [运行时间：0.109375s][吞吐率：9.14req/s] [内存消耗：1,770.09kb] [文件加载：50]
[ info ] [ DB ] INIT mysql
[ info ] [ LANG ] Z:\wwwroot\zsh.ruishengkj.net\core\lang\zh-cn.php
[ info ] [ ROUTE ] array (
  'type' => 'module',
  'module' => 
  array (
    0 => 'admin',
    1 => 'ueditor',
    2 => 'index',
  ),
)
[ info ] [ HEADER ] array (
  'cookie' => 'PHPSESSID=tk37fm786o57g2la9o7cjff9q1; think_var=zh-cn',
  'accept-language' => 'zh-CN,zh;q=0.8',
  'accept-encoding' => 'gzip, deflate',
  'referer' => 'http://zsh.ruishengkj.net/admin/config/edit.html',
  'accept' => '*/*',
  'user-agent' => 'Mozilla/5.0 (Windows NT 6.1; WOW64) AppleWebKit/537.36 (KHTML, like Gecko) Chrome/55.0.2883.87 UBrowser/6.2.3964.2 Safari/537.36',
  'connection' => 'close',
  'host' => 'zsh.ruishengkj.net',
)
[ info ] [ PARAM ] array (
  '/admin/ueditor/index_html' => '',
  'action' => 'config',
  'noCache' => '1530504767169',
)
[ info ] [ LANG ] Z:\wwwroot\zsh.ruishengkj.net/application/admin\lang\zh-cn.php
[ info ] [ SESSION ] INIT array (
  'id' => '',
  'var_session_id' => 'session_id',
  'prefix' => 'minishop',
  'type' => '',
  'auto_start' => true,
)
[ info ] [ RUN ] /**
     * 上传文件
     * @author tangtanglove <dai_hang_love@126.com>
     */
Method [ <user> public method index ] {
  @@ Z:\wwwroot\zsh.ruishengkj.net\application\admin\controller\Ueditor.php 27 - 81
}

[ info ] [ LOG ] INIT file

---------------------------------------------------------------
[ 2018-07-02T12:11:48+08:00 ] 122.114.73.147 106.11.222.242 GET /
[ log ] zsh.ruishengkj.net/ [运行时间：0.062500s][吞吐率：16.00req/s] [内存消耗：1,791.20kb] [文件加载：54]
[ info ] [ DB ] INIT mysql
[ info ] [ LANG ] Z:\wwwroot\zsh.ruishengkj.net\core\lang\zh-cn.php
[ info ] [ ROUTE ] array (
  'type' => 'module',
  'module' => 
  array (
    0 => '',
    1 => NULL,
    2 => NULL,
  ),
)
[ info ] [ HEADER ] array (
  'host' => 'zsh.ruishengkj.net',
  'accept-language' => 'zh-CN,zh;q=0.8,en;q=0.6',
  'cookie' => '__cfduid=daf0002ef9c235071ef6d81688b155a511530504766; expires=Tue, 02-Jul-19 04:12:46 GMT; path=/; domain=.xn--av-ip5d.com; HttpOnly; Secure',
  'accept-encoding' => 'gzip, deflate',
  'user-agent' => 'Mozilla/5.0 (Linux; U; Android 4.4.4; zh-cn; MI NOTE LTE Build/KTU84P) AppleWebKit/534.30 (KHTML, like Gecko) Version/4.0 UCBrowser/1.0.0.100 U3/0.8.0 Mobile Safari/534.30 AliApp(TB/6.6.4) WindVane/8.0.0 1080X1920 GCanvas/1.4.2.21',
  'accept' => 'text/html,application/xhtml+xml,application/xml;q=0.9,image/webp,*/*;q=0.8',
  'connection' => 'close',
)
[ info ] [ PARAM ] array (
)
[ info ] [ LANG ] Z:\wwwroot\zsh.ruishengkj.net/application/index\lang\zh-cn.php
[ info ] [ SESSION ] INIT array (
  'prefix' => 'minishop',
  'type' => '',
  'auto_start' => true,
)
[ info ] [ LOG ] INIT file

---------------------------------------------------------------
[ 2018-07-02T12:11:48+08:00 ] 122.114.73.147 106.11.222.197 GET /index/base/login.html
[ log ] zsh.ruishengkj.net/index/base/login.html [运行时间：0.062500s][吞吐率：16.00req/s] [内存消耗：1,780.24kb] [文件加载：52]
[ info ] [ DB ] INIT mysql
[ info ] [ LANG ] Z:\wwwroot\zsh.ruishengkj.net\core\lang\zh-cn.php
[ info ] [ ROUTE ] array (
  'type' => 'module',
  'module' => 
  array (
    0 => 'index',
    1 => 'base',
    2 => 'login',
  ),
)
[ info ] [ HEADER ] array (
  'host' => 'zsh.ruishengkj.net',
  'accept-language' => 'zh-CN,zh;q=0.8,en;q=0.6',
  'cookie' => 'think_var=zh-cn; expires=Mon, 02-Jul-2018 05:11:48 GMT; Max-Age=3600; path=/, PHPSESSID=ajo81bt9e0p8qs67dngbg5qpf0; think_var=zh-cn',
  'accept-encoding' => 'gzip, deflate',
  'user-agent' => 'Mozilla/5.0 (Linux; U; Android 4.4.4; zh-cn; MI NOTE LTE Build/KTU84P) AppleWebKit/534.30 (KHTML, like Gecko) Version/4.0 UCBrowser/1.0.0.100 U3/0.8.0 Mobile Safari/534.30 AliApp(TB/6.6.4) WindVane/8.0.0 1080X1920 GCanvas/1.4.2.21',
  'accept' => 'text/html,application/xhtml+xml,application/xml;q=0.9,image/webp,*/*;q=0.8',
  'connection' => 'close',
)
[ info ] [ PARAM ] array (
  '/index/base/login_html' => '',
)
[ info ] [ LANG ] Z:\wwwroot\zsh.ruishengkj.net/application/index\lang\zh-cn.php
[ info ] [ SESSION ] INIT array (
  'prefix' => 'minishop',
  'type' => '',
  'auto_start' => true,
)
[ info ] [ RUN ] /**
     * 用户登录方法
     * @author  矢志bu渝 <745152620@qq.com>
     */
Method [ <user> public method login ] {
  @@ Z:\wwwroot\zsh.ruishengkj.net\application\index\controller\Base.php 57 - 83
}

[ info ] [ VIEW ] ./themes/default/index/login.html [ array (
  0 => 'userinfo',
) ]
[ info ] [ LOG ] INIT file

---------------------------------------------------------------
[ 2018-07-02T12:11:48+08:00 ] 122.114.73.147 106.11.222.188 GET /
[ log ] zsh.ruishengkj.net/ [运行时间：0.062500s][吞吐率：16.00req/s] [内存消耗：1,790.62kb] [文件加载：54]
[ info ] [ DB ] INIT mysql
[ info ] [ LANG ] Z:\wwwroot\zsh.ruishengkj.net\core\lang\zh-cn.php
[ info ] [ ROUTE ] array (
  'type' => 'module',
  'module' => 
  array (
    0 => '',
    1 => NULL,
    2 => NULL,
  ),
)
[ info ] [ HEADER ] array (
  'host' => 'zsh.ruishengkj.net',
  'accept-language' => 'zh-CN,en,*',
  'accept-encoding' => 'gzip, deflate',
  'connection' => 'close',
  'user-agent' => 'Mozilla/5.0 (Linux; U; Android 4.4.4; zh-cn; MI NOTE LTE Build/KTU84P) AppleWebKit/534.30 (KHTML, like Gecko) Version/4.0 UCBrowser/1.0.0.100 U3/0.8.0 Mobile Safari/534.30 AliApp(TB/6.6.4) WindVane/8.0.0 1080X1920 GCanvas/1.4.2.21',
  'accept' => 'text/html,application/xhtml+xml,application/xml;q=0.9,*/*;q=0.8',
)
[ info ] [ PARAM ] array (
)
[ info ] [ LANG ] Z:\wwwroot\zsh.ruishengkj.net/application/index\lang\zh-cn.php
[ info ] [ SESSION ] INIT array (
  'prefix' => 'minishop',
  'type' => '',
  'auto_start' => true,
)
[ info ] [ LOG ] INIT file

---------------------------------------------------------------
[ 2018-07-02T12:11:48+08:00 ] 122.114.73.147 106.11.222.188 GET /index/base/login.html
[ log ] zsh.ruishengkj.net/index/base/login.html [运行时间：0.062500s][吞吐率：16.00req/s] [内存消耗：1,779.92kb] [文件加载：52]
[ info ] [ DB ] INIT mysql
[ info ] [ LANG ] Z:\wwwroot\zsh.ruishengkj.net\core\lang\zh-cn.php
[ info ] [ ROUTE ] array (
  'type' => 'module',
  'module' => 
  array (
    0 => 'index',
    1 => 'base',
    2 => 'login',
  ),
)
[ info ] [ HEADER ] array (
  'host' => 'zsh.ruishengkj.net',
  'accept-language' => 'zh-CN,en,*',
  'accept-encoding' => 'gzip, deflate',
  'connection' => 'close',
  'cookie' => 'think_var=zh-cn; PHPSESSID=be7q67ipmd2clbaf5becrsn8j2',
  'user-agent' => 'Mozilla/5.0 (Linux; U; Android 4.4.4; zh-cn; MI NOTE LTE Build/KTU84P) AppleWebKit/534.30 (KHTML, like Gecko) Version/4.0 UCBrowser/1.0.0.100 U3/0.8.0 Mobile Safari/534.30 AliApp(TB/6.6.4) WindVane/8.0.0 1080X1920 GCanvas/1.4.2.21',
  'accept' => 'text/html,application/xhtml+xml,application/xml;q=0.9,*/*;q=0.8',
)
[ info ] [ PARAM ] array (
  '/index/base/login_html' => '',
)
[ info ] [ LANG ] Z:\wwwroot\zsh.ruishengkj.net/application/index\lang\zh-cn.php
[ info ] [ SESSION ] INIT array (
  'prefix' => 'minishop',
  'type' => '',
  'auto_start' => true,
)
[ info ] [ RUN ] /**
     * 用户登录方法
     * @author  矢志bu渝 <745152620@qq.com>
     */
Method [ <user> public method login ] {
  @@ Z:\wwwroot\zsh.ruishengkj.net\application\index\controller\Base.php 57 - 83
}

[ info ] [ VIEW ] ./themes/default/index/login.html [ array (
  0 => 'userinfo',
) ]
[ info ] [ LOG ] INIT file

---------------------------------------------------------------
[ 2018-07-02T12:41:38+08:00 ] 122.114.73.147 118.190.215.68 GET /
[ log ] zsh.ruishengkj.net/ [运行时间：0.078125s][吞吐率：12.80req/s] [内存消耗：1,790.98kb] [文件加载：54]
[ info ] [ DB ] INIT mysql
[ info ] [ LANG ] Z:\wwwroot\zsh.ruishengkj.net\core\lang\zh-cn.php
[ info ] [ ROUTE ] array (
  'type' => 'module',
  'module' => 
  array (
    0 => '',
    1 => NULL,
    2 => NULL,
  ),
)
[ info ] [ HEADER ] array (
  'host' => 'zsh.ruishengkj.net',
  'connection' => 'close',
  'accept-encoding' => '*',
  'x-forwarded-for' => '153.119.236.95',
  'accept-language' => 'zh-CN,en-US;q=0.9',
  'accept' => 'text/html,application/xhtml+xml,application/xml;q=0.9,image/webp,image/apng,*/*;q=0.8',
  'starttime' => '1530506567964',
  'user-agent' => 'Mozilla/5.0 (Linux; Android 7.1.1; vivo Xplay6 Build/NMF26F; wv) AppleWebKit/537.36 (KHTML, like Gecko) Version/4.0 Chrome/62.0.3202.84 Mobile Safari/537.36 VivoBrowser/5.5.2.1',
  'upgrade-insecure-requests' => '1',
)
[ info ] [ PARAM ] array (
)
[ info ] [ LANG ] Z:\wwwroot\zsh.ruishengkj.net/application/index\lang\zh-cn.php
[ info ] [ SESSION ] INIT array (
  'prefix' => 'minishop',
  'type' => '',
  'auto_start' => true,
)
[ info ] [ LOG ] INIT file

---------------------------------------------------------------
[ 2018-07-02T12:41:38+08:00 ] 122.114.73.147 118.190.215.68 GET /index/base/login.html
[ log ] zsh.ruishengkj.net/index/base/login.html [运行时间：0.062500s][吞吐率：16.00req/s] [内存消耗：1,780.35kb] [文件加载：52]
[ info ] [ DB ] INIT mysql
[ info ] [ LANG ] Z:\wwwroot\zsh.ruishengkj.net\core\lang\zh-cn.php
[ info ] [ ROUTE ] array (
  'type' => 'module',
  'module' => 
  array (
    0 => 'index',
    1 => 'base',
    2 => 'login',
  ),
)
[ info ] [ HEADER ] array (
  'host' => 'zsh.ruishengkj.net',
  'connection' => 'close',
  'accept-encoding' => '*',
  'x-forwarded-for' => '153.119.236.95',
  'cookie' => 'think_var=zh-cn; PHPSESSID=3bl02reishmgrq6tsi34o16bk4',
  'accept-language' => 'zh-CN,en-US;q=0.9',
  'accept' => 'text/html,application/xhtml+xml,application/xml;q=0.9,image/webp,image/apng,*/*;q=0.8',
  'starttime' => '1530506567964',
  'user-agent' => 'Mozilla/5.0 (Linux; Android 7.1.1; vivo Xplay6 Build/NMF26F; wv) AppleWebKit/537.36 (KHTML, like Gecko) Version/4.0 Chrome/62.0.3202.84 Mobile Safari/537.36 VivoBrowser/5.5.2.1',
  'upgrade-insecure-requests' => '1',
)
[ info ] [ PARAM ] array (
  '/index/base/login_html' => '',
)
[ info ] [ LANG ] Z:\wwwroot\zsh.ruishengkj.net/application/index\lang\zh-cn.php
[ info ] [ SESSION ] INIT array (
  'prefix' => 'minishop',
  'type' => '',
  'auto_start' => true,
)
[ info ] [ RUN ] /**
     * 用户登录方法
     * @author  矢志bu渝 <745152620@qq.com>
     */
Method [ <user> public method login ] {
  @@ Z:\wwwroot\zsh.ruishengkj.net\application\index\controller\Base.php 57 - 83
}

[ info ] [ VIEW ] ./themes/default/index/login.html [ array (
  0 => 'userinfo',
) ]
[ info ] [ LOG ] INIT file

---------------------------------------------------------------
[ 2018-07-02T12:41:39+08:00 ] 122.114.73.147 153.119.236.95 GET /favicon.ico
[ log ] zsh.ruishengkj.net/favicon.ico [运行时间：0.062500s][吞吐率：16.00req/s] [内存消耗：1,450.53kb] [文件加载：41]
[ info ] [ DB ] INIT mysql
[ info ] [ LANG ] Z:\wwwroot\zsh.ruishengkj.net\core\lang\zh-cn.php
[ info ] [ ROUTE ] array (
  'type' => 'module',
  'module' => 
  array (
    0 => 'favicon.ico',
    1 => NULL,
    2 => NULL,
  ),
)
[ info ] [ HEADER ] array (
  'cookie' => 'think_var=zh-cn; PHPSESSID=3bl02reishmgrq6tsi34o16bk4',
  'accept-language' => 'zh-CN,en-US;q=0.9',
  'accept-encoding' => 'gzip, deflate',
  'referer' => 'http://zsh.ruishengkj.net/index/base/login.html',
  'accept' => 'image/webp,image/apng,image/*,*/*;q=0.8',
  'user-agent' => 'Mozilla/5.0 (Linux; Android 7.1.1; vivo Xplay6 Build/NMF26F; wv) AppleWebKit/537.36 (KHTML, like Gecko) Version/4.0 Chrome/62.0.3202.84 Mobile Safari/537.36 VivoBrowser/5.5.2.1',
  'connection' => 'close',
  'host' => 'zsh.ruishengkj.net',
)
[ info ] [ PARAM ] array (
  '/favicon_ico' => '',
)
[ info ] [ LOG ] INIT file

---------------------------------------------------------------
[ 2018-07-02T12:41:47+08:00 ] 122.114.73.147 118.190.215.68 GET /index/base/getpassword.html
[ log ] zsh.ruishengkj.net/index/base/getpassword.html [运行时间：0.093750s][吞吐率：10.67req/s] [内存消耗：1,780.66kb] [文件加载：52]
[ info ] [ DB ] INIT mysql
[ info ] [ LANG ] Z:\wwwroot\zsh.ruishengkj.net\core\lang\zh-cn.php
[ info ] [ ROUTE ] array (
  'type' => 'module',
  'module' => 
  array (
    0 => 'index',
    1 => 'base',
    2 => 'getpassword',
  ),
)
[ info ] [ HEADER ] array (
  'host' => 'zsh.ruishengkj.net',
  'connection' => 'close',
  'accept-encoding' => '*',
  'x-forwarded-for' => '153.119.236.95',
  'cookie' => 'think_var=zh-cn; PHPSESSID=3bl02reishmgrq6tsi34o16bk4',
  'accept-language' => 'zh-CN,en-US;q=0.9',
  'referer' => 'http://zsh.ruishengkj.net/index/base/login.html',
  'accept' => 'text/html,application/xhtml+xml,application/xml;q=0.9,image/webp,image/apng,*/*;q=0.8',
  'starttime' => '1530506577933',
  'user-agent' => 'Mozilla/5.0 (Linux; Android 7.1.1; vivo Xplay6 Build/NMF26F; wv) AppleWebKit/537.36 (KHTML, like Gecko) Version/4.0 Chrome/62.0.3202.84 Mobile Safari/537.36 VivoBrowser/5.5.2.1',
  'upgrade-insecure-requests' => '1',
)
[ info ] [ PARAM ] array (
  '/index/base/getpassword_html' => '',
)
[ info ] [ LANG ] Z:\wwwroot\zsh.ruishengkj.net/application/index\lang\zh-cn.php
[ info ] [ SESSION ] INIT array (
  'prefix' => 'minishop',
  'type' => '',
  'auto_start' => true,
)
[ info ] [ RUN ] /**
     * 取回密码方法
     * @author  完美°ぜ界丶
     */
Method [ <user> public method getPassword ] {
  @@ Z:\wwwroot\zsh.ruishengkj.net\application\index\controller\Base.php 199 - 236
}

[ info ] [ VIEW ] ./themes/default/index/get_password.html [ array (
  0 => 'userinfo',
) ]
[ info ] [ LOG ] INIT file

---------------------------------------------------------------
[ 2018-07-02T12:41:48+08:00 ] 122.114.73.147 153.119.236.95 GET /favicon.ico
[ log ] zsh.ruishengkj.net/favicon.ico [运行时间：0.062500s][吞吐率：16.00req/s] [内存消耗：1,450.59kb] [文件加载：41]
[ info ] [ DB ] INIT mysql
[ info ] [ LANG ] Z:\wwwroot\zsh.ruishengkj.net\core\lang\zh-cn.php
[ info ] [ ROUTE ] array (
  'type' => 'module',
  'module' => 
  array (
    0 => 'favicon.ico',
    1 => NULL,
    2 => NULL,
  ),
)
[ info ] [ HEADER ] array (
  'cookie' => 'think_var=zh-cn; PHPSESSID=3bl02reishmgrq6tsi34o16bk4',
  'accept-language' => 'zh-CN,en-US;q=0.9',
  'accept-encoding' => 'gzip, deflate',
  'referer' => 'http://zsh.ruishengkj.net/index/base/getpassword.html',
  'accept' => 'image/webp,image/apng,image/*,*/*;q=0.8',
  'user-agent' => 'Mozilla/5.0 (Linux; Android 7.1.1; vivo Xplay6 Build/NMF26F; wv) AppleWebKit/537.36 (KHTML, like Gecko) Version/4.0 Chrome/62.0.3202.84 Mobile Safari/537.36 VivoBrowser/5.5.2.1',
  'connection' => 'close',
  'host' => 'zsh.ruishengkj.net',
)
[ info ] [ PARAM ] array (
  '/favicon_ico' => '',
)
[ info ] [ LOG ] INIT file

---------------------------------------------------------------
[ 2018-07-02T12:42:38+08:00 ] 122.114.73.147 61.151.225.191 GET /
[ log ] zsh.ruishengkj.net/ [运行时间：0.109375s][吞吐率：9.14req/s] [内存消耗：1,790.48kb] [文件加载：54]
[ info ] [ DB ] INIT mysql
[ info ] [ LANG ] Z:\wwwroot\zsh.ruishengkj.net\core\lang\zh-cn.php
[ info ] [ ROUTE ] array (
  'type' => 'module',
  'module' => 
  array (
    0 => '',
    1 => NULL,
    2 => NULL,
  ),
)
[ info ] [ HEADER ] array (
  'connection' => 'close',
  'host' => 'zsh.ruishengkj.net',
  'accept-language' => 'zh-CN,zh;q=0.8,en-US;q=0.6,en;q=0.4',
  'accept' => '*/*',
  'user-agent' => 'Mozilla/5.0 (Linux; Android 5.1.1; SM801 Build/LMY47V) AppleWebKit/537.36 (KHTML, like Gecko)     		Chrome/46.0.2490.11 Mobile Safari/537.36',
)
[ info ] [ PARAM ] array (
)
[ info ] [ LANG ] Z:\wwwroot\zsh.ruishengkj.net/application/index\lang\zh-cn.php
[ info ] [ SESSION ] INIT array (
  'prefix' => 'minishop',
  'type' => '',
  'auto_start' => true,
)
[ info ] [ LOG ] INIT file

---------------------------------------------------------------
[ 2018-07-02T12:42:38+08:00 ] 122.114.73.147 61.151.225.179 GET /index/base/login.html
[ log ] zsh.ruishengkj.net/index/base/login.html [运行时间：0.078125s][吞吐率：12.80req/s] [内存消耗：1,779.92kb] [文件加载：52]
[ info ] [ DB ] INIT mysql
[ info ] [ LANG ] Z:\wwwroot\zsh.ruishengkj.net\core\lang\zh-cn.php
[ info ] [ ROUTE ] array (
  'type' => 'module',
  'module' => 
  array (
    0 => 'index',
    1 => 'base',
    2 => 'login',
  ),
)
[ info ] [ HEADER ] array (
  'connection' => 'close',
  'host' => 'zsh.ruishengkj.net',
  'accept-language' => 'zh-CN,zh;q=0.8,en-US;q=0.6,en;q=0.4',
  'accept' => '*/*',
  'user-agent' => 'Mozilla/5.0 (Linux; U; Android 6.0.1; zh-cn; OPPO R9s Build/MMB29M) AppleWebKit/537.36 (KHTML, like Gecko)Version/4.0 Chrome/37.0.0.0 MQQBrowser/7.2 Mobile Safari/537.36',
)
[ info ] [ PARAM ] array (
  '/index/base/login_html' => '',
)
[ info ] [ LANG ] Z:\wwwroot\zsh.ruishengkj.net/application/index\lang\zh-cn.php
[ info ] [ SESSION ] INIT array (
  'prefix' => 'minishop',
  'type' => '',
  'auto_start' => true,
)
[ info ] [ RUN ] /**
     * 用户登录方法
     * @author  矢志bu渝 <745152620@qq.com>
     */
Method [ <user> public method login ] {
  @@ Z:\wwwroot\zsh.ruishengkj.net\application\index\controller\Base.php 57 - 83
}

[ info ] [ VIEW ] ./themes/default/index/login.html [ array (
  0 => 'userinfo',
) ]
[ info ] [ LOG ] INIT file

---------------------------------------------------------------
[ 2018-07-02T12:42:47+08:00 ] 122.114.73.147 101.226.113.48 GET /index/base/getpassword.html
[ log ] zsh.ruishengkj.net/index/base/getpassword.html [运行时间：0.171875s][吞吐率：5.82req/s] [内存消耗：1,780.10kb] [文件加载：52]
[ info ] [ DB ] INIT mysql
[ info ] [ LANG ] Z:\wwwroot\zsh.ruishengkj.net\core\lang\zh-cn.php
[ info ] [ ROUTE ] array (
  'type' => 'module',
  'module' => 
  array (
    0 => 'index',
    1 => 'base',
    2 => 'getpassword',
  ),
)
[ info ] [ HEADER ] array (
  'connection' => 'close',
  'host' => 'zsh.ruishengkj.net',
  'accept-language' => 'zh-CN,zh;q=0.8,en-US;q=0.6,en;q=0.4',
  'accept' => '*/*',
  'user-agent' => 'Mozilla/5.0 (Linux; Android 5.1.1; SM801 Build/LMY47V) AppleWebKit/537.36 (KHTML, like Gecko)     		Chrome/46.0.2490.11 Mobile Safari/537.36',
)
[ info ] [ PARAM ] array (
  '/index/base/getpassword_html' => '',
)
[ info ] [ LANG ] Z:\wwwroot\zsh.ruishengkj.net/application/index\lang\zh-cn.php
[ info ] [ SESSION ] INIT array (
  'prefix' => 'minishop',
  'type' => '',
  'auto_start' => true,
)
[ info ] [ RUN ] /**
     * 取回密码方法
     * @author  完美°ぜ界丶
     */
Method [ <user> public method getPassword ] {
  @@ Z:\wwwroot\zsh.ruishengkj.net\application\index\controller\Base.php 199 - 236
}

[ info ] [ VIEW ] ./themes/default/index/get_password.html [ array (
  0 => 'userinfo',
) ]
[ info ] [ LOG ] INIT file

---------------------------------------------------------------
[ 2018-07-02T13:09:27+08:00 ] 122.114.73.147 120.92.11.126 GET /
[ log ] zsh.ruishengkj.net/ [运行时间：0.093750s][吞吐率：10.67req/s] [内存消耗：1,790.02kb] [文件加载：54]
[ info ] [ DB ] INIT mysql
[ info ] [ LANG ] Z:\wwwroot\zsh.ruishengkj.net\core\lang\zh-cn.php
[ info ] [ ROUTE ] array (
  'type' => 'module',
  'module' => 
  array (
    0 => '',
    1 => NULL,
    2 => NULL,
  ),
)
[ info ] [ HEADER ] array (
  'cookie' => '',
  'connection' => 'close',
  'accept' => '*/*',
  'accept-encoding' => 'gzip, deflate',
  'user-agent' => 'Mozilla/5.0 (Windows NT 10.0; Win64; x64) AppleWebKit/537.36 (KHTML, like Gecko) Chrome/59.0.3071.115 Safari/537.36',
  'host' => 'zsh.ruishengkj.net',
)
[ info ] [ PARAM ] array (
)
[ info ] [ LANG ] Z:\wwwroot\zsh.ruishengkj.net/application/index\lang\zh-cn.php
[ info ] [ SESSION ] INIT array (
  'prefix' => 'minishop',
  'type' => '',
  'auto_start' => true,
)
[ info ] [ LOG ] INIT file

---------------------------------------------------------------
[ 2018-07-02T13:09:27+08:00 ] 122.114.73.147 120.92.11.126 GET /index/base/login.html
[ log ] zsh.ruishengkj.net/index/base/login.html [运行时间：0.078125s][吞吐率：12.80req/s] [内存消耗：1,779.56kb] [文件加载：52]
[ info ] [ DB ] INIT mysql
[ info ] [ LANG ] Z:\wwwroot\zsh.ruishengkj.net\core\lang\zh-cn.php
[ info ] [ ROUTE ] array (
  'type' => 'module',
  'module' => 
  array (
    0 => 'index',
    1 => 'base',
    2 => 'login',
  ),
)
[ info ] [ HEADER ] array (
  'cookie' => 'PHPSESSID=u682ch3tqvd2dc0ea8ukn8f812',
  'connection' => 'close',
  'accept' => '*/*',
  'accept-encoding' => 'gzip, deflate',
  'user-agent' => 'Mozilla/5.0 (Windows NT 10.0; Win64; x64) AppleWebKit/537.36 (KHTML, like Gecko) Chrome/59.0.3071.115 Safari/537.36',
  'host' => 'zsh.ruishengkj.net',
)
[ info ] [ PARAM ] array (
  '/index/base/login_html' => '',
)
[ info ] [ LANG ] Z:\wwwroot\zsh.ruishengkj.net/application/index\lang\zh-cn.php
[ info ] [ SESSION ] INIT array (
  'prefix' => 'minishop',
  'type' => '',
  'auto_start' => true,
)
[ info ] [ RUN ] /**
     * 用户登录方法
     * @author  矢志bu渝 <745152620@qq.com>
     */
Method [ <user> public method login ] {
  @@ Z:\wwwroot\zsh.ruishengkj.net\application\index\controller\Base.php 57 - 83
}

[ info ] [ VIEW ] ./themes/default/index/login.html [ array (
  0 => 'userinfo',
) ]
[ info ] [ LOG ] INIT file

---------------------------------------------------------------
[ 2018-07-02T13:09:27+08:00 ] 122.114.73.147 120.92.11.56 GET /
[ log ] zsh.ruishengkj.net/ [运行时间：0.062500s][吞吐率：16.00req/s] [内存消耗：1,790.05kb] [文件加载：54]
[ info ] [ DB ] INIT mysql
[ info ] [ LANG ] Z:\wwwroot\zsh.ruishengkj.net\core\lang\zh-cn.php
[ info ] [ ROUTE ] array (
  'type' => 'module',
  'module' => 
  array (
    0 => '',
    1 => NULL,
    2 => NULL,
  ),
)
[ info ] [ HEADER ] array (
  'cookie' => '',
  'referer' => 'http://zsh.ruishengkj.net/index/base/login.html',
  'connection' => 'close',
  'accept' => '*/*',
  'accept-encoding' => 'gzip, deflate',
  'user-agent' => 'Mozilla/5.0 (Windows NT 10.0; Win64; x64) AppleWebKit/537.36 (KHTML, like Gecko) Chrome/59.0.3071.115 Safari/537.36',
  'host' => 'zsh.ruishengkj.net',
)
[ info ] [ PARAM ] array (
)
[ info ] [ LANG ] Z:\wwwroot\zsh.ruishengkj.net/application/index\lang\zh-cn.php
[ info ] [ SESSION ] INIT array (
  'prefix' => 'minishop',
  'type' => '',
  'auto_start' => true,
)
[ info ] [ LOG ] INIT file

---------------------------------------------------------------
[ 2018-07-02T13:09:28+08:00 ] 122.114.73.147 120.92.11.56 GET /index/base/login.html
[ log ] zsh.ruishengkj.net/index/base/login.html [运行时间：0.093750s][吞吐率：10.67req/s] [内存消耗：1,779.66kb] [文件加载：52]
[ info ] [ DB ] INIT mysql
[ info ] [ LANG ] Z:\wwwroot\zsh.ruishengkj.net\core\lang\zh-cn.php
[ info ] [ ROUTE ] array (
  'type' => 'module',
  'module' => 
  array (
    0 => 'index',
    1 => 'base',
    2 => 'login',
  ),
)
[ info ] [ HEADER ] array (
  'cookie' => 'PHPSESSID=hukft5b4as0posg0o8lb5vhhv1',
  'referer' => 'http://zsh.ruishengkj.net/index/base/login.html',
  'connection' => 'close',
  'accept' => '*/*',
  'accept-encoding' => 'gzip, deflate',
  'user-agent' => 'Mozilla/5.0 (Windows NT 10.0; Win64; x64) AppleWebKit/537.36 (KHTML, like Gecko) Chrome/59.0.3071.115 Safari/537.36',
  'host' => 'zsh.ruishengkj.net',
)
[ info ] [ PARAM ] array (
  '/index/base/login_html' => '',
)
[ info ] [ LANG ] Z:\wwwroot\zsh.ruishengkj.net/application/index\lang\zh-cn.php
[ info ] [ SESSION ] INIT array (
  'prefix' => 'minishop',
  'type' => '',
  'auto_start' => true,
)
[ info ] [ RUN ] /**
     * 用户登录方法
     * @author  矢志bu渝 <745152620@qq.com>
     */
Method [ <user> public method login ] {
  @@ Z:\wwwroot\zsh.ruishengkj.net\application\index\controller\Base.php 57 - 83
}

[ info ] [ VIEW ] ./themes/default/index/login.html [ array (
  0 => 'userinfo',
) ]
[ info ] [ LOG ] INIT file

---------------------------------------------------------------
